[2025-03-30 22:41:10,372] {taskinstance.py:1032} INFO - Dependencies all met for <TaskInstance: natality_web_data_to_gcs.download_race_lookup manual__2025-03-30T22:41:06.032297+00:00 [queued]>
[2025-03-30 22:41:10,391] {taskinstance.py:1032} INFO - Dependencies all met for <TaskInstance: natality_web_data_to_gcs.download_race_lookup manual__2025-03-30T22:41:06.032297+00:00 [queued]>
[2025-03-30 22:41:10,392] {taskinstance.py:1238} INFO - 
--------------------------------------------------------------------------------
[2025-03-30 22:41:10,392] {taskinstance.py:1239} INFO - Starting attempt 1 of 1
[2025-03-30 22:41:10,392] {taskinstance.py:1240} INFO - 
--------------------------------------------------------------------------------
[2025-03-30 22:41:10,409] {taskinstance.py:1259} INFO - Executing <Task(BashOperator): download_race_lookup> on 2025-03-30 22:41:06.032297+00:00
[2025-03-30 22:41:10,425] {standard_task_runner.py:76} INFO - Running: ['***', 'tasks', 'run', 'natality_web_data_to_gcs', 'download_race_lookup', 'manual__2025-03-30T22:41:06.032297+00:00', '--job-id', '146', '--raw', '--subdir', 'DAGS_FOLDER/bigquery_to_gcs.py', '--cfg-path', '/tmp/tmpguuyye7_', '--error-file', '/tmp/tmpif0cp649']
[2025-03-30 22:41:10,420] {standard_task_runner.py:52} INFO - Started process 2553 to run task
[2025-03-30 22:41:10,437] {standard_task_runner.py:77} INFO - Job 146: Subtask download_race_lookup
[2025-03-30 22:41:10,583] {logging_mixin.py:109} INFO - Running <TaskInstance: natality_web_data_to_gcs.download_race_lookup manual__2025-03-30T22:41:06.032297+00:00 [running]> on host 6e74f7e5ce4c
[2025-03-30 22:41:10,697] {taskinstance.py:1426} INFO - Exporting the following env vars:
AIRFLOW_CTX_DAG_OWNER=***
AIRFLOW_CTX_DAG_ID=natality_web_data_to_gcs
AIRFLOW_CTX_TASK_ID=download_race_lookup
AIRFLOW_CTX_EXECUTION_DATE=2025-03-30T22:41:06.032297+00:00
AIRFLOW_CTX_DAG_RUN_ID=manual__2025-03-30T22:41:06.032297+00:00
[2025-03-30 22:41:10,702] {subprocess.py:62} INFO - Tmp dir root location: 
 /tmp
[2025-03-30 22:41:10,704] {subprocess.py:74} INFO - Running command: ['bash', '-c', 'wget --no-check-certificate "https://docs.google.com/uc?export=download&id=17o8e1eh7XkHk61P5JuBAi2JhFvnUt4tJ" -O /tmp/race_lookup.csv']
[2025-03-30 22:41:10,731] {subprocess.py:85} INFO - Output:
[2025-03-30 22:41:10,739] {subprocess.py:89} INFO - --2025-03-30 22:41:10--  https://docs.google.com/uc?export=download&id=17o8e1eh7XkHk61P5JuBAi2JhFvnUt4tJ
[2025-03-30 22:41:10,749] {subprocess.py:89} INFO - Resolving docs.google.com (docs.google.com)... 64.233.181.138, 64.233.181.101, 64.233.181.139, ...
[2025-03-30 22:41:10,751] {subprocess.py:89} INFO - Connecting to docs.google.com (docs.google.com)|64.233.181.138|:443... connected.
[2025-03-30 22:41:10,846] {subprocess.py:89} INFO - HTTP request sent, awaiting response... 303 See Other
[2025-03-30 22:41:10,847] {subprocess.py:89} INFO - Location: https://drive.usercontent.google.com/download?id=17o8e1eh7XkHk61P5JuBAi2JhFvnUt4tJ&export=download [following]
[2025-03-30 22:41:10,847] {subprocess.py:89} INFO - --2025-03-30 22:41:10--  https://drive.usercontent.google.com/download?id=17o8e1eh7XkHk61P5JuBAi2JhFvnUt4tJ&export=download
[2025-03-30 22:41:10,849] {subprocess.py:89} INFO - Resolving drive.usercontent.google.com (drive.usercontent.google.com)... 209.85.200.132, 2607:f8b0:4001:c16::84
[2025-03-30 22:41:10,851] {subprocess.py:89} INFO - Connecting to drive.usercontent.google.com (drive.usercontent.google.com)|209.85.200.132|:443... connected.
[2025-03-30 22:41:13,709] {subprocess.py:89} INFO - HTTP request sent, awaiting response... 200 OK
[2025-03-30 22:41:13,709] {subprocess.py:89} INFO - Length: 173 [application/octet-stream]
[2025-03-30 22:41:13,710] {subprocess.py:89} INFO - Saving to: ‘/tmp/race_lookup.csv’
[2025-03-30 22:41:13,710] {subprocess.py:89} INFO - 
[2025-03-30 22:41:13,710] {subprocess.py:89} INFO -      0K                                                       100% 6.96M=0s
[2025-03-30 22:41:13,710] {subprocess.py:89} INFO - 
[2025-03-30 22:41:13,710] {subprocess.py:89} INFO - 2025-03-30 22:41:13 (6.96 MB/s) - ‘/tmp/race_lookup.csv’ saved [173/173]
[2025-03-30 22:41:13,710] {subprocess.py:89} INFO - 
[2025-03-30 22:41:13,713] {subprocess.py:93} INFO - Command exited with return code 0
[2025-03-30 22:41:13,773] {taskinstance.py:1277} INFO - Marking task as SUCCESS. dag_id=natality_web_data_to_gcs, task_id=download_race_lookup, execution_date=20250330T224106, start_date=20250330T224110, end_date=20250330T224113
[2025-03-30 22:41:13,834] {local_task_job.py:154} INFO - Task exited with return code 0
[2025-03-30 22:41:13,903] {local_task_job.py:264} INFO - 1 downstream tasks scheduled from follow-on schedule check
