[2025-03-30 22:39:50,082] {taskinstance.py:1032} INFO - Dependencies all met for <TaskInstance: natality_web_data_to_gcs.end manual__2025-03-30T22:34:39.104526+00:00 [queued]>
[2025-03-30 22:39:50,108] {taskinstance.py:1032} INFO - Dependencies all met for <TaskInstance: natality_web_data_to_gcs.end manual__2025-03-30T22:34:39.104526+00:00 [queued]>
[2025-03-30 22:39:50,109] {taskinstance.py:1238} INFO - 
--------------------------------------------------------------------------------
[2025-03-30 22:39:50,109] {taskinstance.py:1239} INFO - Starting attempt 1 of 1
[2025-03-30 22:39:50,109] {taskinstance.py:1240} INFO - 
--------------------------------------------------------------------------------
[2025-03-30 22:39:50,132] {taskinstance.py:1259} INFO - Executing <Task(BashOperator): end> on 2025-03-30 22:34:39.104526+00:00
[2025-03-30 22:39:50,147] {standard_task_runner.py:52} INFO - Started process 2486 to run task
[2025-03-30 22:39:50,151] {standard_task_runner.py:76} INFO - Running: ['***', 'tasks', 'run', 'natality_web_data_to_gcs', 'end', 'manual__2025-03-30T22:34:39.104526+00:00', '--job-id', '143', '--raw', '--subdir', 'DAGS_FOLDER/bigquery_to_gcs.py', '--cfg-path', '/tmp/tmpvzq6km5l', '--error-file', '/tmp/tmpsuzc9zb_']
[2025-03-30 22:39:50,156] {standard_task_runner.py:77} INFO - Job 143: Subtask end
[2025-03-30 22:39:50,243] {logging_mixin.py:109} INFO - Running <TaskInstance: natality_web_data_to_gcs.end manual__2025-03-30T22:34:39.104526+00:00 [running]> on host 6e74f7e5ce4c
[2025-03-30 22:39:50,341] {taskinstance.py:1426} INFO - Exporting the following env vars:
AIRFLOW_CTX_DAG_OWNER=***
AIRFLOW_CTX_DAG_ID=natality_web_data_to_gcs
AIRFLOW_CTX_TASK_ID=end
AIRFLOW_CTX_EXECUTION_DATE=2025-03-30T22:34:39.104526+00:00
AIRFLOW_CTX_DAG_RUN_ID=manual__2025-03-30T22:34:39.104526+00:00
[2025-03-30 22:39:50,345] {subprocess.py:62} INFO - Tmp dir root location: 
 /tmp
[2025-03-30 22:39:50,346] {subprocess.py:74} INFO - Running command: ['bash', '-c', 'echo "End!"']
[2025-03-30 22:39:50,369] {subprocess.py:85} INFO - Output:
[2025-03-30 22:39:50,372] {subprocess.py:89} INFO - End!
[2025-03-30 22:39:50,372] {subprocess.py:93} INFO - Command exited with return code 0
[2025-03-30 22:39:50,423] {taskinstance.py:1277} INFO - Marking task as SUCCESS. dag_id=natality_web_data_to_gcs, task_id=end, execution_date=20250330T223439, start_date=20250330T223950, end_date=20250330T223950
[2025-03-30 22:39:50,492] {local_task_job.py:154} INFO - Task exited with return code 0
[2025-03-30 22:39:50,550] {local_task_job.py:264} INFO - 0 downstream tasks scheduled from follow-on schedule check
