[2025-03-31 00:11:23,559] {taskinstance.py:1032} INFO - Dependencies all met for <TaskInstance: natality_web_data_to_gcs.joint3 manual__2025-03-31T00:11:01.097876+00:00 [queued]>
[2025-03-31 00:11:23,577] {taskinstance.py:1032} INFO - Dependencies all met for <TaskInstance: natality_web_data_to_gcs.joint3 manual__2025-03-31T00:11:01.097876+00:00 [queued]>
[2025-03-31 00:11:23,577] {taskinstance.py:1238} INFO - 
--------------------------------------------------------------------------------
[2025-03-31 00:11:23,577] {taskinstance.py:1239} INFO - Starting attempt 1 of 1
[2025-03-31 00:11:23,577] {taskinstance.py:1240} INFO - 
--------------------------------------------------------------------------------
[2025-03-31 00:11:23,596] {taskinstance.py:1259} INFO - Executing <Task(BashOperator): joint3> on 2025-03-31 00:11:01.097876+00:00
[2025-03-31 00:11:23,611] {standard_task_runner.py:52} INFO - Started process 2029 to run task
[2025-03-31 00:11:23,615] {standard_task_runner.py:76} INFO - Running: ['***', 'tasks', 'run', 'natality_web_data_to_gcs', 'joint3', 'manual__2025-03-31T00:11:01.097876+00:00', '--job-id', '244', '--raw', '--subdir', 'DAGS_FOLDER/bigquery_to_gcs.py', '--cfg-path', '/tmp/tmpkdm60vpj', '--error-file', '/tmp/tmp9k2_yf8l']
[2025-03-31 00:11:23,620] {standard_task_runner.py:77} INFO - Job 244: Subtask joint3
[2025-03-31 00:11:23,724] {logging_mixin.py:109} INFO - Running <TaskInstance: natality_web_data_to_gcs.joint3 manual__2025-03-31T00:11:01.097876+00:00 [running]> on host 3341a2d56eeb
[2025-03-31 00:11:23,818] {taskinstance.py:1426} INFO - Exporting the following env vars:
AIRFLOW_CTX_DAG_OWNER=***
AIRFLOW_CTX_DAG_ID=natality_web_data_to_gcs
AIRFLOW_CTX_TASK_ID=joint3
AIRFLOW_CTX_EXECUTION_DATE=2025-03-31T00:11:01.097876+00:00
AIRFLOW_CTX_DAG_RUN_ID=manual__2025-03-31T00:11:01.097876+00:00
[2025-03-31 00:11:23,820] {subprocess.py:62} INFO - Tmp dir root location: 
 /tmp
[2025-03-31 00:11:23,821] {subprocess.py:74} INFO - Running command: ['bash', '-c', 'echo "Joint3!"']
[2025-03-31 00:11:23,848] {subprocess.py:85} INFO - Output:
[2025-03-31 00:11:23,851] {subprocess.py:89} INFO - Joint3!
[2025-03-31 00:11:23,852] {subprocess.py:93} INFO - Command exited with return code 0
[2025-03-31 00:11:23,901] {taskinstance.py:1277} INFO - Marking task as SUCCESS. dag_id=natality_web_data_to_gcs, task_id=joint3, execution_date=20250331T001101, start_date=20250331T001123, end_date=20250331T001123
[2025-03-31 00:11:23,956] {local_task_job.py:154} INFO - Task exited with return code 0
[2025-03-31 00:11:24,048] {local_task_job.py:264} INFO - 0 downstream tasks scheduled from follow-on schedule check
