[2025-03-30 22:34:48,301] {taskinstance.py:1032} INFO - Dependencies all met for <TaskInstance: natality_web_data_to_gcs.upload_race_lookup manual__2025-03-30T22:34:39.104526+00:00 [queued]>
[2025-03-30 22:34:48,319] {taskinstance.py:1032} INFO - Dependencies all met for <TaskInstance: natality_web_data_to_gcs.upload_race_lookup manual__2025-03-30T22:34:39.104526+00:00 [queued]>
[2025-03-30 22:34:48,319] {taskinstance.py:1238} INFO - 
--------------------------------------------------------------------------------
[2025-03-30 22:34:48,319] {taskinstance.py:1239} INFO - Starting attempt 1 of 1
[2025-03-30 22:34:48,319] {taskinstance.py:1240} INFO - 
--------------------------------------------------------------------------------
[2025-03-30 22:34:48,338] {taskinstance.py:1259} INFO - Executing <Task(PythonOperator): upload_race_lookup> on 2025-03-30 22:34:39.104526+00:00
[2025-03-30 22:34:48,349] {standard_task_runner.py:52} INFO - Started process 1756 to run task
[2025-03-30 22:34:48,354] {standard_task_runner.py:76} INFO - Running: ['***', 'tasks', 'run', 'natality_web_data_to_gcs', 'upload_race_lookup', 'manual__2025-03-30T22:34:39.104526+00:00', '--job-id', '127', '--raw', '--subdir', 'DAGS_FOLDER/bigquery_to_gcs.py', '--cfg-path', '/tmp/tmps5pzw5u0', '--error-file', '/tmp/tmpupstzby3']
[2025-03-30 22:34:48,360] {standard_task_runner.py:77} INFO - Job 127: Subtask upload_race_lookup
[2025-03-30 22:34:48,435] {logging_mixin.py:109} INFO - Running <TaskInstance: natality_web_data_to_gcs.upload_race_lookup manual__2025-03-30T22:34:39.104526+00:00 [running]> on host 6e74f7e5ce4c
[2025-03-30 22:34:48,526] {taskinstance.py:1426} INFO - Exporting the following env vars:
AIRFLOW_CTX_DAG_OWNER=***
AIRFLOW_CTX_DAG_ID=natality_web_data_to_gcs
AIRFLOW_CTX_TASK_ID=upload_race_lookup
AIRFLOW_CTX_EXECUTION_DATE=2025-03-30T22:34:39.104526+00:00
AIRFLOW_CTX_DAG_RUN_ID=manual__2025-03-30T22:34:39.104526+00:00
[2025-03-30 22:34:48,532] {crypto.py:82} WARNING - empty cryptography key - values will not be stored encrypted.
[2025-03-30 22:34:48,701] {gcs.py:486} INFO - File /tmp/race_lookup.csv uploaded to natality-lookup_tables/race_lookup.csv in us-natality-bucket bucket
[2025-03-30 22:34:48,701] {python.py:175} INFO - Done. Returned value was: None
[2025-03-30 22:34:48,720] {taskinstance.py:1277} INFO - Marking task as SUCCESS. dag_id=natality_web_data_to_gcs, task_id=upload_race_lookup, execution_date=20250330T223439, start_date=20250330T223448, end_date=20250330T223448
[2025-03-30 22:34:48,780] {local_task_job.py:154} INFO - Task exited with return code 0
[2025-03-30 22:34:48,851] {local_task_job.py:264} INFO - 0 downstream tasks scheduled from follow-on schedule check
