[2025-03-30 20:37:23,949] {taskinstance.py:1032} INFO - Dependencies all met for <TaskInstance: natality_web_data_to_gcs.start manual__2025-03-30T20:37:19.355237+00:00 [queued]>
[2025-03-30 20:37:23,977] {taskinstance.py:1032} INFO - Dependencies all met for <TaskInstance: natality_web_data_to_gcs.start manual__2025-03-30T20:37:19.355237+00:00 [queued]>
[2025-03-30 20:37:23,977] {taskinstance.py:1238} INFO - 
--------------------------------------------------------------------------------
[2025-03-30 20:37:23,977] {taskinstance.py:1239} INFO - Starting attempt 1 of 1
[2025-03-30 20:37:23,977] {taskinstance.py:1240} INFO - 
--------------------------------------------------------------------------------
[2025-03-30 20:37:23,995] {taskinstance.py:1259} INFO - Executing <Task(BashOperator): start> on 2025-03-30 20:37:19.355237+00:00
[2025-03-30 20:37:24,017] {standard_task_runner.py:76} INFO - Running: ['***', 'tasks', 'run', 'natality_web_data_to_gcs', 'start', 'manual__2025-03-30T20:37:19.355237+00:00', '--job-id', '52', '--raw', '--subdir', 'DAGS_FOLDER/bigquery_to_gcs.py', '--cfg-path', '/tmp/tmpal7qfngg', '--error-file', '/tmp/tmpfr1q0zhj']
[2025-03-30 20:37:24,012] {standard_task_runner.py:52} INFO - Started process 9564 to run task
[2025-03-30 20:37:24,023] {standard_task_runner.py:77} INFO - Job 52: Subtask start
[2025-03-30 20:37:24,174] {logging_mixin.py:109} INFO - Running <TaskInstance: natality_web_data_to_gcs.start manual__2025-03-30T20:37:19.355237+00:00 [running]> on host f5b8902f5cd8
[2025-03-30 20:37:24,286] {taskinstance.py:1426} INFO - Exporting the following env vars:
AIRFLOW_CTX_DAG_OWNER=***
AIRFLOW_CTX_DAG_ID=natality_web_data_to_gcs
AIRFLOW_CTX_TASK_ID=start
AIRFLOW_CTX_EXECUTION_DATE=2025-03-30T20:37:19.355237+00:00
AIRFLOW_CTX_DAG_RUN_ID=manual__2025-03-30T20:37:19.355237+00:00
[2025-03-30 20:37:24,293] {subprocess.py:62} INFO - Tmp dir root location: 
 /tmp
[2025-03-30 20:37:24,294] {subprocess.py:74} INFO - Running command: ['bash', '-c', 'echo "Started!"']
[2025-03-30 20:37:24,325] {subprocess.py:85} INFO - Output:
[2025-03-30 20:37:24,328] {subprocess.py:89} INFO - Started!
[2025-03-30 20:37:24,329] {subprocess.py:93} INFO - Command exited with return code 0
[2025-03-30 20:37:24,391] {taskinstance.py:1277} INFO - Marking task as SUCCESS. dag_id=natality_web_data_to_gcs, task_id=start, execution_date=20250330T203719, start_date=20250330T203723, end_date=20250330T203724
[2025-03-30 20:37:24,440] {local_task_job.py:154} INFO - Task exited with return code 0
[2025-03-30 20:37:24,543] {local_task_job.py:264} INFO - 6 downstream tasks scheduled from follow-on schedule check
