[2025-03-31 01:24:44,362] {taskinstance.py:1032} INFO - Dependencies all met for <TaskInstance: natality_web_data_to_gcs.joint4 manual__2025-03-31T01:24:12.652803+00:00 [queued]>
[2025-03-31 01:24:44,386] {taskinstance.py:1032} INFO - Dependencies all met for <TaskInstance: natality_web_data_to_gcs.joint4 manual__2025-03-31T01:24:12.652803+00:00 [queued]>
[2025-03-31 01:24:44,387] {taskinstance.py:1238} INFO - 
--------------------------------------------------------------------------------
[2025-03-31 01:24:44,387] {taskinstance.py:1239} INFO - Starting attempt 1 of 1
[2025-03-31 01:24:44,387] {taskinstance.py:1240} INFO - 
--------------------------------------------------------------------------------
[2025-03-31 01:24:44,411] {taskinstance.py:1259} INFO - Executing <Task(BashOperator): joint4> on 2025-03-31 01:24:12.652803+00:00
[2025-03-31 01:24:44,423] {standard_task_runner.py:52} INFO - Started process 6525 to run task
[2025-03-31 01:24:44,429] {standard_task_runner.py:76} INFO - Running: ['***', 'tasks', 'run', 'natality_web_data_to_gcs', 'joint4', 'manual__2025-03-31T01:24:12.652803+00:00', '--job-id', '385', '--raw', '--subdir', 'DAGS_FOLDER/bigquery_to_gcs.py', '--cfg-path', '/tmp/tmpd3kwgnvi', '--error-file', '/tmp/tmp4_lkz4rl']
[2025-03-31 01:24:44,435] {standard_task_runner.py:77} INFO - Job 385: Subtask joint4
[2025-03-31 01:24:44,552] {logging_mixin.py:109} INFO - Running <TaskInstance: natality_web_data_to_gcs.joint4 manual__2025-03-31T01:24:12.652803+00:00 [running]> on host 3341a2d56eeb
[2025-03-31 01:24:44,656] {taskinstance.py:1426} INFO - Exporting the following env vars:
AIRFLOW_CTX_DAG_OWNER=***
AIRFLOW_CTX_DAG_ID=natality_web_data_to_gcs
AIRFLOW_CTX_TASK_ID=joint4
AIRFLOW_CTX_EXECUTION_DATE=2025-03-31T01:24:12.652803+00:00
AIRFLOW_CTX_DAG_RUN_ID=manual__2025-03-31T01:24:12.652803+00:00
[2025-03-31 01:24:44,657] {subprocess.py:62} INFO - Tmp dir root location: 
 /tmp
[2025-03-31 01:24:44,658] {subprocess.py:74} INFO - Running command: ['bash', '-c', 'echo "Joint4!"']
[2025-03-31 01:24:44,692] {subprocess.py:85} INFO - Output:
[2025-03-31 01:24:44,695] {subprocess.py:89} INFO - Joint4!
[2025-03-31 01:24:44,696] {subprocess.py:93} INFO - Command exited with return code 0
[2025-03-31 01:24:44,743] {taskinstance.py:1277} INFO - Marking task as SUCCESS. dag_id=natality_web_data_to_gcs, task_id=joint4, execution_date=20250331T012412, start_date=20250331T012444, end_date=20250331T012444
[2025-03-31 01:24:44,815] {local_task_job.py:154} INFO - Task exited with return code 0
[2025-03-31 01:24:44,878] {local_task_job.py:264} INFO - 1 downstream tasks scheduled from follow-on schedule check
