[2025-03-30 20:40:17,590] {taskinstance.py:1032} INFO - Dependencies all met for <TaskInstance: natality_web_data_to_gcs.joint manual__2025-03-30T20:37:19.355237+00:00 [queued]>
[2025-03-30 20:40:17,614] {taskinstance.py:1032} INFO - Dependencies all met for <TaskInstance: natality_web_data_to_gcs.joint manual__2025-03-30T20:37:19.355237+00:00 [queued]>
[2025-03-30 20:40:17,614] {taskinstance.py:1238} INFO - 
--------------------------------------------------------------------------------
[2025-03-30 20:40:17,614] {taskinstance.py:1239} INFO - Starting attempt 1 of 1
[2025-03-30 20:40:17,614] {taskinstance.py:1240} INFO - 
--------------------------------------------------------------------------------
[2025-03-30 20:40:17,633] {taskinstance.py:1259} INFO - Executing <Task(BashOperator): joint> on 2025-03-30 20:37:19.355237+00:00
[2025-03-30 20:40:17,653] {standard_task_runner.py:76} INFO - Running: ['***', 'tasks', 'run', 'natality_web_data_to_gcs', 'joint', 'manual__2025-03-30T20:37:19.355237+00:00', '--job-id', '59', '--raw', '--subdir', 'DAGS_FOLDER/bigquery_to_gcs.py', '--cfg-path', '/tmp/tmpaygdy3yw', '--error-file', '/tmp/tmpiv4jmq6r']
[2025-03-30 20:40:17,648] {standard_task_runner.py:52} INFO - Started process 9941 to run task
[2025-03-30 20:40:17,658] {standard_task_runner.py:77} INFO - Job 59: Subtask joint
[2025-03-30 20:40:17,749] {logging_mixin.py:109} INFO - Running <TaskInstance: natality_web_data_to_gcs.joint manual__2025-03-30T20:37:19.355237+00:00 [running]> on host f5b8902f5cd8
[2025-03-30 20:40:17,848] {taskinstance.py:1426} INFO - Exporting the following env vars:
AIRFLOW_CTX_DAG_OWNER=***
AIRFLOW_CTX_DAG_ID=natality_web_data_to_gcs
AIRFLOW_CTX_TASK_ID=joint
AIRFLOW_CTX_EXECUTION_DATE=2025-03-30T20:37:19.355237+00:00
AIRFLOW_CTX_DAG_RUN_ID=manual__2025-03-30T20:37:19.355237+00:00
[2025-03-30 20:40:17,852] {subprocess.py:62} INFO - Tmp dir root location: 
 /tmp
[2025-03-30 20:40:17,853] {subprocess.py:74} INFO - Running command: ['bash', '-c', 'echo "Joint!"']
[2025-03-30 20:40:17,879] {subprocess.py:85} INFO - Output:
[2025-03-30 20:40:17,881] {subprocess.py:89} INFO - Joint!
[2025-03-30 20:40:17,882] {subprocess.py:93} INFO - Command exited with return code 0
[2025-03-30 20:40:17,929] {taskinstance.py:1277} INFO - Marking task as SUCCESS. dag_id=natality_web_data_to_gcs, task_id=joint, execution_date=20250330T203719, start_date=20250330T204017, end_date=20250330T204017
[2025-03-30 20:40:17,994] {local_task_job.py:154} INFO - Task exited with return code 0
[2025-03-30 20:40:18,056] {local_task_job.py:264} INFO - 6 downstream tasks scheduled from follow-on schedule check
