[2025-03-30 23:58:41,188] {taskinstance.py:1032} INFO - Dependencies all met for <TaskInstance: natality_web_data_to_gcs.start manual__2025-03-30T23:58:36.673425+00:00 [queued]>
[2025-03-30 23:58:41,213] {taskinstance.py:1032} INFO - Dependencies all met for <TaskInstance: natality_web_data_to_gcs.start manual__2025-03-30T23:58:36.673425+00:00 [queued]>
[2025-03-30 23:58:41,213] {taskinstance.py:1238} INFO - 
--------------------------------------------------------------------------------
[2025-03-30 23:58:41,214] {taskinstance.py:1239} INFO - Starting attempt 1 of 1
[2025-03-30 23:58:41,214] {taskinstance.py:1240} INFO - 
--------------------------------------------------------------------------------
[2025-03-30 23:58:41,270] {taskinstance.py:1259} INFO - Executing <Task(BashOperator): start> on 2025-03-30 23:58:36.673425+00:00
[2025-03-30 23:58:41,285] {standard_task_runner.py:52} INFO - Started process 946 to run task
[2025-03-30 23:58:41,289] {standard_task_runner.py:76} INFO - Running: ['***', 'tasks', 'run', 'natality_web_data_to_gcs', 'start', 'manual__2025-03-30T23:58:36.673425+00:00', '--job-id', '187', '--raw', '--subdir', 'DAGS_FOLDER/bigquery_to_gcs.py', '--cfg-path', '/tmp/tmp5rk_hi5m', '--error-file', '/tmp/tmp4eqyp313']
[2025-03-30 23:58:41,294] {standard_task_runner.py:77} INFO - Job 187: Subtask start
[2025-03-30 23:58:41,386] {logging_mixin.py:109} INFO - Running <TaskInstance: natality_web_data_to_gcs.start manual__2025-03-30T23:58:36.673425+00:00 [running]> on host 3341a2d56eeb
[2025-03-30 23:58:41,649] {taskinstance.py:1426} INFO - Exporting the following env vars:
AIRFLOW_CTX_DAG_OWNER=***
AIRFLOW_CTX_DAG_ID=natality_web_data_to_gcs
AIRFLOW_CTX_TASK_ID=start
AIRFLOW_CTX_EXECUTION_DATE=2025-03-30T23:58:36.673425+00:00
AIRFLOW_CTX_DAG_RUN_ID=manual__2025-03-30T23:58:36.673425+00:00
[2025-03-30 23:58:41,653] {subprocess.py:62} INFO - Tmp dir root location: 
 /tmp
[2025-03-30 23:58:41,654] {subprocess.py:74} INFO - Running command: ['bash', '-c', 'echo "Started!"']
[2025-03-30 23:58:41,683] {subprocess.py:85} INFO - Output:
[2025-03-30 23:58:41,685] {subprocess.py:89} INFO - Started!
[2025-03-30 23:58:41,686] {subprocess.py:93} INFO - Command exited with return code 0
[2025-03-30 23:58:41,788] {taskinstance.py:1277} INFO - Marking task as SUCCESS. dag_id=natality_web_data_to_gcs, task_id=start, execution_date=20250330T235836, start_date=20250330T235841, end_date=20250330T235841
[2025-03-30 23:58:41,872] {local_task_job.py:154} INFO - Task exited with return code 0
[2025-03-30 23:58:41,944] {local_task_job.py:264} INFO - 2 downstream tasks scheduled from follow-on schedule check
