[2025-03-31 02:21:39,794] {taskinstance.py:1032} INFO - Dependencies all met for <TaskInstance: natality_web_data_to_gcs.joint1 manual__2025-03-31T02:21:31.899204+00:00 [queued]>
[2025-03-31 02:21:39,815] {taskinstance.py:1032} INFO - Dependencies all met for <TaskInstance: natality_web_data_to_gcs.joint1 manual__2025-03-31T02:21:31.899204+00:00 [queued]>
[2025-03-31 02:21:39,816] {taskinstance.py:1238} INFO - 
--------------------------------------------------------------------------------
[2025-03-31 02:21:39,816] {taskinstance.py:1239} INFO - Starting attempt 1 of 1
[2025-03-31 02:21:39,816] {taskinstance.py:1240} INFO - 
--------------------------------------------------------------------------------
[2025-03-31 02:21:39,833] {taskinstance.py:1259} INFO - Executing <Task(BashOperator): joint1> on 2025-03-31 02:21:31.899204+00:00
[2025-03-31 02:21:39,846] {standard_task_runner.py:52} INFO - Started process 883 to run task
[2025-03-31 02:21:39,851] {standard_task_runner.py:76} INFO - Running: ['***', 'tasks', 'run', 'natality_web_data_to_gcs', 'joint1', 'manual__2025-03-31T02:21:31.899204+00:00', '--job-id', '555', '--raw', '--subdir', 'DAGS_FOLDER/bigquery_to_gcs.py', '--cfg-path', '/tmp/tmp8t9y47vp', '--error-file', '/tmp/tmp9unexv99']
[2025-03-31 02:21:39,855] {standard_task_runner.py:77} INFO - Job 555: Subtask joint1
[2025-03-31 02:21:39,951] {logging_mixin.py:109} INFO - Running <TaskInstance: natality_web_data_to_gcs.joint1 manual__2025-03-31T02:21:31.899204+00:00 [running]> on host 65c454f46b2f
[2025-03-31 02:21:40,049] {taskinstance.py:1426} INFO - Exporting the following env vars:
AIRFLOW_CTX_DAG_OWNER=***
AIRFLOW_CTX_DAG_ID=natality_web_data_to_gcs
AIRFLOW_CTX_TASK_ID=joint1
AIRFLOW_CTX_EXECUTION_DATE=2025-03-31T02:21:31.899204+00:00
AIRFLOW_CTX_DAG_RUN_ID=manual__2025-03-31T02:21:31.899204+00:00
[2025-03-31 02:21:40,051] {subprocess.py:62} INFO - Tmp dir root location: 
 /tmp
[2025-03-31 02:21:40,052] {subprocess.py:74} INFO - Running command: ['bash', '-c', 'echo "Joint!"']
[2025-03-31 02:21:40,079] {subprocess.py:85} INFO - Output:
[2025-03-31 02:21:40,082] {subprocess.py:89} INFO - Joint!
[2025-03-31 02:21:40,083] {subprocess.py:93} INFO - Command exited with return code 0
[2025-03-31 02:21:40,130] {taskinstance.py:1277} INFO - Marking task as SUCCESS. dag_id=natality_web_data_to_gcs, task_id=joint1, execution_date=20250331T022131, start_date=20250331T022139, end_date=20250331T022140
[2025-03-31 02:21:40,190] {local_task_job.py:154} INFO - Task exited with return code 0
[2025-03-31 02:21:40,287] {local_task_job.py:264} INFO - 2 downstream tasks scheduled from follow-on schedule check
