[2025-03-31 01:37:03,479] {taskinstance.py:1032} INFO - Dependencies all met for <TaskInstance: natality_web_data_to_gcs.joint3 manual__2025-03-31T01:36:40.868167+00:00 [queued]>
[2025-03-31 01:37:03,500] {taskinstance.py:1032} INFO - Dependencies all met for <TaskInstance: natality_web_data_to_gcs.joint3 manual__2025-03-31T01:36:40.868167+00:00 [queued]>
[2025-03-31 01:37:03,500] {taskinstance.py:1238} INFO - 
--------------------------------------------------------------------------------
[2025-03-31 01:37:03,500] {taskinstance.py:1239} INFO - Starting attempt 1 of 1
[2025-03-31 01:37:03,500] {taskinstance.py:1240} INFO - 
--------------------------------------------------------------------------------
[2025-03-31 01:37:03,519] {taskinstance.py:1259} INFO - Executing <Task(BashOperator): joint3> on 2025-03-31 01:36:40.868167+00:00
[2025-03-31 01:37:03,529] {standard_task_runner.py:52} INFO - Started process 7195 to run task
[2025-03-31 01:37:03,534] {standard_task_runner.py:76} INFO - Running: ['***', 'tasks', 'run', 'natality_web_data_to_gcs', 'joint3', 'manual__2025-03-31T01:36:40.868167+00:00', '--job-id', '402', '--raw', '--subdir', 'DAGS_FOLDER/bigquery_to_gcs.py', '--cfg-path', '/tmp/tmpsczzlpg8', '--error-file', '/tmp/tmpv5lnijao']
[2025-03-31 01:37:03,540] {standard_task_runner.py:77} INFO - Job 402: Subtask joint3
[2025-03-31 01:37:03,657] {logging_mixin.py:109} INFO - Running <TaskInstance: natality_web_data_to_gcs.joint3 manual__2025-03-31T01:36:40.868167+00:00 [running]> on host 3341a2d56eeb
[2025-03-31 01:37:03,746] {taskinstance.py:1426} INFO - Exporting the following env vars:
AIRFLOW_CTX_DAG_OWNER=***
AIRFLOW_CTX_DAG_ID=natality_web_data_to_gcs
AIRFLOW_CTX_TASK_ID=joint3
AIRFLOW_CTX_EXECUTION_DATE=2025-03-31T01:36:40.868167+00:00
AIRFLOW_CTX_DAG_RUN_ID=manual__2025-03-31T01:36:40.868167+00:00
[2025-03-31 01:37:03,748] {subprocess.py:62} INFO - Tmp dir root location: 
 /tmp
[2025-03-31 01:37:03,749] {subprocess.py:74} INFO - Running command: ['bash', '-c', 'echo "Joint3!"']
[2025-03-31 01:37:03,776] {subprocess.py:85} INFO - Output:
[2025-03-31 01:37:03,779] {subprocess.py:89} INFO - Joint3!
[2025-03-31 01:37:03,780] {subprocess.py:93} INFO - Command exited with return code 0
[2025-03-31 01:37:03,833] {taskinstance.py:1277} INFO - Marking task as SUCCESS. dag_id=natality_web_data_to_gcs, task_id=joint3, execution_date=20250331T013640, start_date=20250331T013703, end_date=20250331T013703
[2025-03-31 01:37:03,874] {local_task_job.py:154} INFO - Task exited with return code 0
[2025-03-31 01:37:03,968] {local_task_job.py:264} INFO - 6 downstream tasks scheduled from follow-on schedule check
