[2025-03-31 01:51:09,621] {taskinstance.py:1032} INFO - Dependencies all met for <TaskInstance: natality_web_data_to_gcs.create_dataproc_cluster manual__2025-03-31T01:50:32.724355+00:00 [queued]>
[2025-03-31 01:51:09,647] {taskinstance.py:1032} INFO - Dependencies all met for <TaskInstance: natality_web_data_to_gcs.create_dataproc_cluster manual__2025-03-31T01:50:32.724355+00:00 [queued]>
[2025-03-31 01:51:09,647] {taskinstance.py:1238} INFO - 
--------------------------------------------------------------------------------
[2025-03-31 01:51:09,647] {taskinstance.py:1239} INFO - Starting attempt 1 of 1
[2025-03-31 01:51:09,648] {taskinstance.py:1240} INFO - 
--------------------------------------------------------------------------------
[2025-03-31 01:51:09,672] {taskinstance.py:1259} INFO - Executing <Task(DataprocCreateClusterOperator): create_dataproc_cluster> on 2025-03-31 01:50:32.724355+00:00
[2025-03-31 01:51:09,686] {standard_task_runner.py:52} INFO - Started process 8984 to run task
[2025-03-31 01:51:09,692] {standard_task_runner.py:76} INFO - Running: ['***', 'tasks', 'run', 'natality_web_data_to_gcs', 'create_dataproc_cluster', 'manual__2025-03-31T01:50:32.724355+00:00', '--job-id', '525', '--raw', '--subdir', 'DAGS_FOLDER/bigquery_to_gcs.py', '--cfg-path', '/tmp/tmpxcdrrl64', '--error-file', '/tmp/tmp1eawtn88']
[2025-03-31 01:51:09,697] {standard_task_runner.py:77} INFO - Job 525: Subtask create_dataproc_cluster
[2025-03-31 01:51:09,795] {logging_mixin.py:109} INFO - Running <TaskInstance: natality_web_data_to_gcs.create_dataproc_cluster manual__2025-03-31T01:50:32.724355+00:00 [running]> on host 3341a2d56eeb
[2025-03-31 01:51:09,896] {taskinstance.py:1426} INFO - Exporting the following env vars:
AIRFLOW_CTX_DAG_OWNER=***
AIRFLOW_CTX_DAG_ID=natality_web_data_to_gcs
AIRFLOW_CTX_TASK_ID=create_dataproc_cluster
AIRFLOW_CTX_EXECUTION_DATE=2025-03-31T01:50:32.724355+00:00
AIRFLOW_CTX_DAG_RUN_ID=manual__2025-03-31T01:50:32.724355+00:00
[2025-03-31 01:51:09,897] {dataproc.py:662} INFO - Creating cluster: us-natality-cluster
[2025-03-31 01:51:09,898] {crypto.py:82} WARNING - empty cryptography key - values will not be stored encrypted.
[2025-03-31 01:55:24,876] {dataproc.py:606} INFO - Cluster created.
[2025-03-31 01:55:24,919] {taskinstance.py:1277} INFO - Marking task as SUCCESS. dag_id=natality_web_data_to_gcs, task_id=create_dataproc_cluster, execution_date=20250331T015032, start_date=20250331T015109, end_date=20250331T015524
[2025-03-31 01:55:24,979] {local_task_job.py:154} INFO - Task exited with return code 0
[2025-03-31 01:55:25,045] {local_task_job.py:264} INFO - 1 downstream tasks scheduled from follow-on schedule check
