[2025-03-31 00:18:27,456] {taskinstance.py:1032} INFO - Dependencies all met for <TaskInstance: natality_web_data_to_gcs.joint4 manual__2025-03-31T00:17:55.051494+00:00 [queued]>
[2025-03-31 00:18:27,477] {taskinstance.py:1032} INFO - Dependencies all met for <TaskInstance: natality_web_data_to_gcs.joint4 manual__2025-03-31T00:17:55.051494+00:00 [queued]>
[2025-03-31 00:18:27,477] {taskinstance.py:1238} INFO - 
--------------------------------------------------------------------------------
[2025-03-31 00:18:27,477] {taskinstance.py:1239} INFO - Starting attempt 1 of 1
[2025-03-31 00:18:27,477] {taskinstance.py:1240} INFO - 
--------------------------------------------------------------------------------
[2025-03-31 00:18:27,497] {taskinstance.py:1259} INFO - Executing <Task(BashOperator): joint4> on 2025-03-31 00:17:55.051494+00:00
[2025-03-31 00:18:27,507] {standard_task_runner.py:52} INFO - Started process 2852 to run task
[2025-03-31 00:18:27,512] {standard_task_runner.py:76} INFO - Running: ['***', 'tasks', 'run', 'natality_web_data_to_gcs', 'joint4', 'manual__2025-03-31T00:17:55.051494+00:00', '--job-id', '295', '--raw', '--subdir', 'DAGS_FOLDER/bigquery_to_gcs.py', '--cfg-path', '/tmp/tmptad2ea_r', '--error-file', '/tmp/tmp5iqdz3_0']
[2025-03-31 00:18:27,523] {standard_task_runner.py:77} INFO - Job 295: Subtask joint4
[2025-03-31 00:18:27,627] {logging_mixin.py:109} INFO - Running <TaskInstance: natality_web_data_to_gcs.joint4 manual__2025-03-31T00:17:55.051494+00:00 [running]> on host 3341a2d56eeb
[2025-03-31 00:18:27,721] {taskinstance.py:1426} INFO - Exporting the following env vars:
AIRFLOW_CTX_DAG_OWNER=***
AIRFLOW_CTX_DAG_ID=natality_web_data_to_gcs
AIRFLOW_CTX_TASK_ID=joint4
AIRFLOW_CTX_EXECUTION_DATE=2025-03-31T00:17:55.051494+00:00
AIRFLOW_CTX_DAG_RUN_ID=manual__2025-03-31T00:17:55.051494+00:00
[2025-03-31 00:18:27,722] {subprocess.py:62} INFO - Tmp dir root location: 
 /tmp
[2025-03-31 00:18:27,723] {subprocess.py:74} INFO - Running command: ['bash', '-c', 'echo "Joint4!"']
[2025-03-31 00:18:27,746] {subprocess.py:85} INFO - Output:
[2025-03-31 00:18:27,750] {subprocess.py:89} INFO - Joint4!
[2025-03-31 00:18:27,751] {subprocess.py:93} INFO - Command exited with return code 0
[2025-03-31 00:18:27,792] {taskinstance.py:1277} INFO - Marking task as SUCCESS. dag_id=natality_web_data_to_gcs, task_id=joint4, execution_date=20250331T001755, start_date=20250331T001827, end_date=20250331T001827
[2025-03-31 00:18:27,859] {local_task_job.py:154} INFO - Task exited with return code 0
[2025-03-31 00:18:27,928] {local_task_job.py:264} INFO - 1 downstream tasks scheduled from follow-on schedule check
