[2025-03-30 23:59:10,198] {taskinstance.py:1032} INFO - Dependencies all met for <TaskInstance: natality_web_data_to_gcs.joint4 manual__2025-03-30T23:58:36.673425+00:00 [queued]>
[2025-03-30 23:59:10,212] {taskinstance.py:1032} INFO - Dependencies all met for <TaskInstance: natality_web_data_to_gcs.joint4 manual__2025-03-30T23:58:36.673425+00:00 [queued]>
[2025-03-30 23:59:10,212] {taskinstance.py:1238} INFO - 
--------------------------------------------------------------------------------
[2025-03-30 23:59:10,212] {taskinstance.py:1239} INFO - Starting attempt 1 of 1
[2025-03-30 23:59:10,212] {taskinstance.py:1240} INFO - 
--------------------------------------------------------------------------------
[2025-03-30 23:59:10,227] {taskinstance.py:1259} INFO - Executing <Task(BashOperator): joint4> on 2025-03-30 23:58:36.673425+00:00
[2025-03-30 23:59:10,238] {standard_task_runner.py:52} INFO - Started process 1170 to run task
[2025-03-30 23:59:10,244] {standard_task_runner.py:76} INFO - Running: ['***', 'tasks', 'run', 'natality_web_data_to_gcs', 'joint4', 'manual__2025-03-30T23:58:36.673425+00:00', '--job-id', '207', '--raw', '--subdir', 'DAGS_FOLDER/bigquery_to_gcs.py', '--cfg-path', '/tmp/tmprp5yulwx', '--error-file', '/tmp/tmp2rw59adj']
[2025-03-30 23:59:10,250] {standard_task_runner.py:77} INFO - Job 207: Subtask joint4
[2025-03-30 23:59:10,360] {logging_mixin.py:109} INFO - Running <TaskInstance: natality_web_data_to_gcs.joint4 manual__2025-03-30T23:58:36.673425+00:00 [running]> on host 3341a2d56eeb
[2025-03-30 23:59:10,487] {taskinstance.py:1426} INFO - Exporting the following env vars:
AIRFLOW_CTX_DAG_OWNER=***
AIRFLOW_CTX_DAG_ID=natality_web_data_to_gcs
AIRFLOW_CTX_TASK_ID=joint4
AIRFLOW_CTX_EXECUTION_DATE=2025-03-30T23:58:36.673425+00:00
AIRFLOW_CTX_DAG_RUN_ID=manual__2025-03-30T23:58:36.673425+00:00
[2025-03-30 23:59:10,490] {subprocess.py:62} INFO - Tmp dir root location: 
 /tmp
[2025-03-30 23:59:10,491] {subprocess.py:74} INFO - Running command: ['bash', '-c', 'echo "Joint4!"']
[2025-03-30 23:59:10,520] {subprocess.py:85} INFO - Output:
[2025-03-30 23:59:10,523] {subprocess.py:89} INFO - Joint4!
[2025-03-30 23:59:10,523] {subprocess.py:93} INFO - Command exited with return code 0
[2025-03-30 23:59:10,573] {taskinstance.py:1277} INFO - Marking task as SUCCESS. dag_id=natality_web_data_to_gcs, task_id=joint4, execution_date=20250330T235836, start_date=20250330T235910, end_date=20250330T235910
[2025-03-30 23:59:10,622] {local_task_job.py:154} INFO - Task exited with return code 0
[2025-03-30 23:59:10,689] {local_task_job.py:264} INFO - 1 downstream tasks scheduled from follow-on schedule check
