[2025-03-31 00:11:12,535] {taskinstance.py:1032} INFO - Dependencies all met for <TaskInstance: natality_web_data_to_gcs.upload_race_lookup manual__2025-03-31T00:11:01.097876+00:00 [queued]>
[2025-03-31 00:11:12,563] {taskinstance.py:1032} INFO - Dependencies all met for <TaskInstance: natality_web_data_to_gcs.upload_race_lookup manual__2025-03-31T00:11:01.097876+00:00 [queued]>
[2025-03-31 00:11:12,563] {taskinstance.py:1238} INFO - 
--------------------------------------------------------------------------------
[2025-03-31 00:11:12,563] {taskinstance.py:1239} INFO - Starting attempt 1 of 1
[2025-03-31 00:11:12,564] {taskinstance.py:1240} INFO - 
--------------------------------------------------------------------------------
[2025-03-31 00:11:12,586] {taskinstance.py:1259} INFO - Executing <Task(PythonOperator): upload_race_lookup> on 2025-03-31 00:11:01.097876+00:00
[2025-03-31 00:11:12,597] {standard_task_runner.py:52} INFO - Started process 1924 to run task
[2025-03-31 00:11:12,604] {standard_task_runner.py:76} INFO - Running: ['***', 'tasks', 'run', 'natality_web_data_to_gcs', 'upload_race_lookup', 'manual__2025-03-31T00:11:01.097876+00:00', '--job-id', '235', '--raw', '--subdir', 'DAGS_FOLDER/bigquery_to_gcs.py', '--cfg-path', '/tmp/tmp0_2l3whi', '--error-file', '/tmp/tmp_5gl5t26']
[2025-03-31 00:11:12,609] {standard_task_runner.py:77} INFO - Job 235: Subtask upload_race_lookup
[2025-03-31 00:11:12,733] {logging_mixin.py:109} INFO - Running <TaskInstance: natality_web_data_to_gcs.upload_race_lookup manual__2025-03-31T00:11:01.097876+00:00 [running]> on host 3341a2d56eeb
[2025-03-31 00:11:12,841] {taskinstance.py:1426} INFO - Exporting the following env vars:
AIRFLOW_CTX_DAG_OWNER=***
AIRFLOW_CTX_DAG_ID=natality_web_data_to_gcs
AIRFLOW_CTX_TASK_ID=upload_race_lookup
AIRFLOW_CTX_EXECUTION_DATE=2025-03-31T00:11:01.097876+00:00
AIRFLOW_CTX_DAG_RUN_ID=manual__2025-03-31T00:11:01.097876+00:00
[2025-03-31 00:11:12,844] {crypto.py:82} WARNING - empty cryptography key - values will not be stored encrypted.
[2025-03-31 00:11:13,045] {gcs.py:486} INFO - File /tmp/race_lookup.csv uploaded to natality-lookup_tables/race_lookup.csv in us-natality-bucket bucket
[2025-03-31 00:11:13,046] {python.py:175} INFO - Done. Returned value was: None
[2025-03-31 00:11:13,074] {taskinstance.py:1277} INFO - Marking task as SUCCESS. dag_id=natality_web_data_to_gcs, task_id=upload_race_lookup, execution_date=20250331T001101, start_date=20250331T001112, end_date=20250331T001113
[2025-03-31 00:11:13,148] {local_task_job.py:154} INFO - Task exited with return code 0
[2025-03-31 00:11:13,227] {local_task_job.py:264} INFO - 0 downstream tasks scheduled from follow-on schedule check
