[2025-03-31 01:39:22,669] {taskinstance.py:1032} INFO - Dependencies all met for <TaskInstance: natality_web_data_to_gcs.joint2 manual__2025-03-31T01:39:09.627117+00:00 [queued]>
[2025-03-31 01:39:22,689] {taskinstance.py:1032} INFO - Dependencies all met for <TaskInstance: natality_web_data_to_gcs.joint2 manual__2025-03-31T01:39:09.627117+00:00 [queued]>
[2025-03-31 01:39:22,689] {taskinstance.py:1238} INFO - 
--------------------------------------------------------------------------------
[2025-03-31 01:39:22,689] {taskinstance.py:1239} INFO - Starting attempt 1 of 1
[2025-03-31 01:39:22,689] {taskinstance.py:1240} INFO - 
--------------------------------------------------------------------------------
[2025-03-31 01:39:22,708] {taskinstance.py:1259} INFO - Executing <Task(BashOperator): joint2> on 2025-03-31 01:39:09.627117+00:00
[2025-03-31 01:39:22,719] {standard_task_runner.py:52} INFO - Started process 7422 to run task
[2025-03-31 01:39:22,724] {standard_task_runner.py:76} INFO - Running: ['***', 'tasks', 'run', 'natality_web_data_to_gcs', 'joint2', 'manual__2025-03-31T01:39:09.627117+00:00', '--job-id', '418', '--raw', '--subdir', 'DAGS_FOLDER/bigquery_to_gcs.py', '--cfg-path', '/tmp/tmpyr38ene1', '--error-file', '/tmp/tmp4j26iw9j']
[2025-03-31 01:39:22,729] {standard_task_runner.py:77} INFO - Job 418: Subtask joint2
[2025-03-31 01:39:22,823] {logging_mixin.py:109} INFO - Running <TaskInstance: natality_web_data_to_gcs.joint2 manual__2025-03-31T01:39:09.627117+00:00 [running]> on host 3341a2d56eeb
[2025-03-31 01:39:22,920] {taskinstance.py:1426} INFO - Exporting the following env vars:
AIRFLOW_CTX_DAG_OWNER=***
AIRFLOW_CTX_DAG_ID=natality_web_data_to_gcs
AIRFLOW_CTX_TASK_ID=joint2
AIRFLOW_CTX_EXECUTION_DATE=2025-03-31T01:39:09.627117+00:00
AIRFLOW_CTX_DAG_RUN_ID=manual__2025-03-31T01:39:09.627117+00:00
[2025-03-31 01:39:22,922] {subprocess.py:62} INFO - Tmp dir root location: 
 /tmp
[2025-03-31 01:39:22,922] {subprocess.py:74} INFO - Running command: ['bash', '-c', 'echo "Joint2!"']
[2025-03-31 01:39:22,953] {subprocess.py:85} INFO - Output:
[2025-03-31 01:39:22,956] {subprocess.py:89} INFO - Joint2!
[2025-03-31 01:39:22,957] {subprocess.py:93} INFO - Command exited with return code 0
[2025-03-31 01:39:23,005] {taskinstance.py:1277} INFO - Marking task as SUCCESS. dag_id=natality_web_data_to_gcs, task_id=joint2, execution_date=20250331T013909, start_date=20250331T013922, end_date=20250331T013923
[2025-03-31 01:39:23,064] {local_task_job.py:154} INFO - Task exited with return code 0
[2025-03-31 01:39:23,166] {local_task_job.py:264} INFO - 6 downstream tasks scheduled from follow-on schedule check
