[2025-03-31 00:38:43,663] {taskinstance.py:1032} INFO - Dependencies all met for <TaskInstance: natality_web_data_to_gcs.joint1 manual__2025-03-31T00:38:34.932909+00:00 [queued]>
[2025-03-31 00:38:43,688] {taskinstance.py:1032} INFO - Dependencies all met for <TaskInstance: natality_web_data_to_gcs.joint1 manual__2025-03-31T00:38:34.932909+00:00 [queued]>
[2025-03-31 00:38:43,688] {taskinstance.py:1238} INFO - 
--------------------------------------------------------------------------------
[2025-03-31 00:38:43,689] {taskinstance.py:1239} INFO - Starting attempt 1 of 1
[2025-03-31 00:38:43,689] {taskinstance.py:1240} INFO - 
--------------------------------------------------------------------------------
[2025-03-31 00:38:43,710] {taskinstance.py:1259} INFO - Executing <Task(BashOperator): joint1> on 2025-03-31 00:38:34.932909+00:00
[2025-03-31 00:38:43,721] {standard_task_runner.py:52} INFO - Started process 3928 to run task
[2025-03-31 00:38:43,726] {standard_task_runner.py:76} INFO - Running: ['***', 'tasks', 'run', 'natality_web_data_to_gcs', 'joint1', 'manual__2025-03-31T00:38:34.932909+00:00', '--job-id', '322', '--raw', '--subdir', 'DAGS_FOLDER/bigquery_to_gcs.py', '--cfg-path', '/tmp/tmp6eet6k_6', '--error-file', '/tmp/tmpvnwmaes7']
[2025-03-31 00:38:43,732] {standard_task_runner.py:77} INFO - Job 322: Subtask joint1
[2025-03-31 00:38:43,835] {logging_mixin.py:109} INFO - Running <TaskInstance: natality_web_data_to_gcs.joint1 manual__2025-03-31T00:38:34.932909+00:00 [running]> on host 3341a2d56eeb
[2025-03-31 00:38:43,936] {taskinstance.py:1426} INFO - Exporting the following env vars:
AIRFLOW_CTX_DAG_OWNER=***
AIRFLOW_CTX_DAG_ID=natality_web_data_to_gcs
AIRFLOW_CTX_TASK_ID=joint1
AIRFLOW_CTX_EXECUTION_DATE=2025-03-31T00:38:34.932909+00:00
AIRFLOW_CTX_DAG_RUN_ID=manual__2025-03-31T00:38:34.932909+00:00
[2025-03-31 00:38:43,938] {subprocess.py:62} INFO - Tmp dir root location: 
 /tmp
[2025-03-31 00:38:43,939] {subprocess.py:74} INFO - Running command: ['bash', '-c', 'echo "Joint!"']
[2025-03-31 00:38:43,967] {subprocess.py:85} INFO - Output:
[2025-03-31 00:38:43,970] {subprocess.py:89} INFO - Joint!
[2025-03-31 00:38:43,971] {subprocess.py:93} INFO - Command exited with return code 0
[2025-03-31 00:38:44,030] {taskinstance.py:1277} INFO - Marking task as SUCCESS. dag_id=natality_web_data_to_gcs, task_id=joint1, execution_date=20250331T003834, start_date=20250331T003843, end_date=20250331T003844
[2025-03-31 00:38:44,108] {local_task_job.py:154} INFO - Task exited with return code 0
[2025-03-31 00:38:44,214] {local_task_job.py:264} INFO - 2 downstream tasks scheduled from follow-on schedule check
