[2025-03-30 23:58:53,397] {taskinstance.py:1032} INFO - Dependencies all met for <TaskInstance: natality_web_data_to_gcs.joint2 manual__2025-03-30T23:58:36.673425+00:00 [queued]>
[2025-03-30 23:58:53,414] {taskinstance.py:1032} INFO - Dependencies all met for <TaskInstance: natality_web_data_to_gcs.joint2 manual__2025-03-30T23:58:36.673425+00:00 [queued]>
[2025-03-30 23:58:53,414] {taskinstance.py:1238} INFO - 
--------------------------------------------------------------------------------
[2025-03-30 23:58:53,414] {taskinstance.py:1239} INFO - Starting attempt 1 of 1
[2025-03-30 23:58:53,415] {taskinstance.py:1240} INFO - 
--------------------------------------------------------------------------------
[2025-03-30 23:58:53,430] {taskinstance.py:1259} INFO - Executing <Task(BashOperator): joint2> on 2025-03-30 23:58:36.673425+00:00
[2025-03-30 23:58:53,440] {standard_task_runner.py:52} INFO - Started process 975 to run task
[2025-03-30 23:58:53,446] {standard_task_runner.py:76} INFO - Running: ['***', 'tasks', 'run', 'natality_web_data_to_gcs', 'joint2', 'manual__2025-03-30T23:58:36.673425+00:00', '--job-id', '193', '--raw', '--subdir', 'DAGS_FOLDER/bigquery_to_gcs.py', '--cfg-path', '/tmp/tmp732l9a1q', '--error-file', '/tmp/tmpczpvs28w']
[2025-03-30 23:58:53,451] {standard_task_runner.py:77} INFO - Job 193: Subtask joint2
[2025-03-30 23:58:53,557] {logging_mixin.py:109} INFO - Running <TaskInstance: natality_web_data_to_gcs.joint2 manual__2025-03-30T23:58:36.673425+00:00 [running]> on host 3341a2d56eeb
[2025-03-30 23:58:53,648] {taskinstance.py:1426} INFO - Exporting the following env vars:
AIRFLOW_CTX_DAG_OWNER=***
AIRFLOW_CTX_DAG_ID=natality_web_data_to_gcs
AIRFLOW_CTX_TASK_ID=joint2
AIRFLOW_CTX_EXECUTION_DATE=2025-03-30T23:58:36.673425+00:00
AIRFLOW_CTX_DAG_RUN_ID=manual__2025-03-30T23:58:36.673425+00:00
[2025-03-30 23:58:53,652] {subprocess.py:62} INFO - Tmp dir root location: 
 /tmp
[2025-03-30 23:58:53,653] {subprocess.py:74} INFO - Running command: ['bash', '-c', 'echo "Joint2!"']
[2025-03-30 23:58:53,681] {subprocess.py:85} INFO - Output:
[2025-03-30 23:58:53,684] {subprocess.py:89} INFO - Joint2!
[2025-03-30 23:58:53,685] {subprocess.py:93} INFO - Command exited with return code 0
[2025-03-30 23:58:53,739] {taskinstance.py:1277} INFO - Marking task as SUCCESS. dag_id=natality_web_data_to_gcs, task_id=joint2, execution_date=20250330T235836, start_date=20250330T235853, end_date=20250330T235853
[2025-03-30 23:58:53,824] {local_task_job.py:154} INFO - Task exited with return code 0
[2025-03-30 23:58:53,920] {local_task_job.py:264} INFO - 6 downstream tasks scheduled from follow-on schedule check
