[2025-03-30 22:20:38,661] {taskinstance.py:1032} INFO - Dependencies all met for <TaskInstance: natality_web_data_to_gcs.download_state_lookup manual__2025-03-30T22:20:34.074488+00:00 [queued]>
[2025-03-30 22:20:38,678] {taskinstance.py:1032} INFO - Dependencies all met for <TaskInstance: natality_web_data_to_gcs.download_state_lookup manual__2025-03-30T22:20:34.074488+00:00 [queued]>
[2025-03-30 22:20:38,679] {taskinstance.py:1238} INFO - 
--------------------------------------------------------------------------------
[2025-03-30 22:20:38,679] {taskinstance.py:1239} INFO - Starting attempt 1 of 1
[2025-03-30 22:20:38,679] {taskinstance.py:1240} INFO - 
--------------------------------------------------------------------------------
[2025-03-30 22:20:38,700] {taskinstance.py:1259} INFO - Executing <Task(BashOperator): download_state_lookup> on 2025-03-30 22:20:34.074488+00:00
[2025-03-30 22:20:38,722] {standard_task_runner.py:76} INFO - Running: ['***', 'tasks', 'run', 'natality_web_data_to_gcs', 'download_state_lookup', 'manual__2025-03-30T22:20:34.074488+00:00', '--job-id', '84', '--raw', '--subdir', 'DAGS_FOLDER/bigquery_to_gcs.py', '--cfg-path', '/tmp/tmpoxttwt6f', '--error-file', '/tmp/tmpbo441unn']
[2025-03-30 22:20:38,714] {standard_task_runner.py:52} INFO - Started process 307 to run task
[2025-03-30 22:20:38,738] {standard_task_runner.py:77} INFO - Job 84: Subtask download_state_lookup
[2025-03-30 22:20:38,886] {logging_mixin.py:109} INFO - Running <TaskInstance: natality_web_data_to_gcs.download_state_lookup manual__2025-03-30T22:20:34.074488+00:00 [running]> on host 6e74f7e5ce4c
[2025-03-30 22:20:39,052] {taskinstance.py:1426} INFO - Exporting the following env vars:
AIRFLOW_CTX_DAG_OWNER=***
AIRFLOW_CTX_DAG_ID=natality_web_data_to_gcs
AIRFLOW_CTX_TASK_ID=download_state_lookup
AIRFLOW_CTX_EXECUTION_DATE=2025-03-30T22:20:34.074488+00:00
AIRFLOW_CTX_DAG_RUN_ID=manual__2025-03-30T22:20:34.074488+00:00
[2025-03-30 22:20:39,059] {subprocess.py:62} INFO - Tmp dir root location: 
 /tmp
[2025-03-30 22:20:39,060] {subprocess.py:74} INFO - Running command: ['bash', '-c', 'wget --no-check-certificate "https://drive.google.com/file/d/1dsVF__ZPD-40eZLVhedrGn-wWDCJX6bU/view?usp=drive_link" -O /tmp/state_lookup.csv']
[2025-03-30 22:20:39,090] {subprocess.py:85} INFO - Output:
[2025-03-30 22:20:39,102] {subprocess.py:89} INFO - --2025-03-30 22:20:39--  https://drive.google.com/file/d/1dsVF__ZPD-40eZLVhedrGn-wWDCJX6bU/view?usp=drive_link
[2025-03-30 22:20:39,125] {subprocess.py:89} INFO - Resolving drive.google.com (drive.google.com)... 173.194.193.139, 173.194.193.102, 173.194.193.100, ...
[2025-03-30 22:20:39,126] {subprocess.py:89} INFO - Connecting to drive.google.com (drive.google.com)|173.194.193.139|:443... connected.
[2025-03-30 22:20:39,372] {subprocess.py:89} INFO - HTTP request sent, awaiting response... 200 OK
[2025-03-30 22:20:39,373] {subprocess.py:89} INFO - Length: unspecified [text/html]
[2025-03-30 22:20:39,373] {subprocess.py:89} INFO - Saving to: ‘/tmp/state_lookup.csv’
[2025-03-30 22:20:39,374] {subprocess.py:89} INFO - 
[2025-03-30 22:20:39,375] {subprocess.py:89} INFO -      0K .......... .......... .......... ...                   12.5M=0.003s
[2025-03-30 22:20:39,376] {subprocess.py:89} INFO - 
[2025-03-30 22:20:39,376] {subprocess.py:89} INFO - 2025-03-30 22:20:39 (12.5 MB/s) - ‘/tmp/state_lookup.csv’ saved [34452]
[2025-03-30 22:20:39,377] {subprocess.py:89} INFO - 
[2025-03-30 22:20:39,378] {subprocess.py:93} INFO - Command exited with return code 0
[2025-03-30 22:20:39,432] {taskinstance.py:1277} INFO - Marking task as SUCCESS. dag_id=natality_web_data_to_gcs, task_id=download_state_lookup, execution_date=20250330T222034, start_date=20250330T222038, end_date=20250330T222039
[2025-03-30 22:20:39,487] {local_task_job.py:154} INFO - Task exited with return code 0
[2025-03-30 22:20:39,551] {local_task_job.py:264} INFO - 0 downstream tasks scheduled from follow-on schedule check
