[2025-03-31 01:24:46,660] {taskinstance.py:1032} INFO - Dependencies all met for <TaskInstance: natality_web_data_to_gcs.upload_pyspark_script manual__2025-03-31T01:24:12.652803+00:00 [queued]>
[2025-03-31 01:24:46,681] {taskinstance.py:1032} INFO - Dependencies all met for <TaskInstance: natality_web_data_to_gcs.upload_pyspark_script manual__2025-03-31T01:24:12.652803+00:00 [queued]>
[2025-03-31 01:24:46,682] {taskinstance.py:1238} INFO - 
--------------------------------------------------------------------------------
[2025-03-31 01:24:46,682] {taskinstance.py:1239} INFO - Starting attempt 1 of 1
[2025-03-31 01:24:46,682] {taskinstance.py:1240} INFO - 
--------------------------------------------------------------------------------
[2025-03-31 01:24:46,702] {taskinstance.py:1259} INFO - Executing <Task(PythonOperator): upload_pyspark_script> on 2025-03-31 01:24:12.652803+00:00
[2025-03-31 01:24:46,717] {standard_task_runner.py:52} INFO - Started process 6529 to run task
[2025-03-31 01:24:46,722] {standard_task_runner.py:76} INFO - Running: ['***', 'tasks', 'run', 'natality_web_data_to_gcs', 'upload_pyspark_script', 'manual__2025-03-31T01:24:12.652803+00:00', '--job-id', '386', '--raw', '--subdir', 'DAGS_FOLDER/bigquery_to_gcs.py', '--cfg-path', '/tmp/tmpf8aanrur', '--error-file', '/tmp/tmpyvliephf']
[2025-03-31 01:24:46,726] {standard_task_runner.py:77} INFO - Job 386: Subtask upload_pyspark_script
[2025-03-31 01:24:46,813] {logging_mixin.py:109} INFO - Running <TaskInstance: natality_web_data_to_gcs.upload_pyspark_script manual__2025-03-31T01:24:12.652803+00:00 [running]> on host 3341a2d56eeb
[2025-03-31 01:24:46,920] {taskinstance.py:1426} INFO - Exporting the following env vars:
AIRFLOW_CTX_DAG_OWNER=***
AIRFLOW_CTX_DAG_ID=natality_web_data_to_gcs
AIRFLOW_CTX_TASK_ID=upload_pyspark_script
AIRFLOW_CTX_EXECUTION_DATE=2025-03-31T01:24:12.652803+00:00
AIRFLOW_CTX_DAG_RUN_ID=manual__2025-03-31T01:24:12.652803+00:00
[2025-03-31 01:24:46,921] {crypto.py:82} WARNING - empty cryptography key - values will not be stored encrypted.
[2025-03-31 01:24:47,077] {gcs.py:486} INFO - File /opt/***/dags/pyspark_to_bq.py uploaded to gs://us-natality-bucket/scripts/ in us-natality-bucket bucket
[2025-03-31 01:24:47,077] {python.py:175} INFO - Done. Returned value was: None
[2025-03-31 01:24:47,109] {taskinstance.py:1277} INFO - Marking task as SUCCESS. dag_id=natality_web_data_to_gcs, task_id=upload_pyspark_script, execution_date=20250331T012412, start_date=20250331T012446, end_date=20250331T012447
[2025-03-31 01:24:47,184] {local_task_job.py:154} INFO - Task exited with return code 0
[2025-03-31 01:24:47,253] {local_task_job.py:264} INFO - 1 downstream tasks scheduled from follow-on schedule check
