[2025-03-30 23:58:48,800] {taskinstance.py:1032} INFO - Dependencies all met for <TaskInstance: natality_web_data_to_gcs.joint1 manual__2025-03-30T23:58:36.673425+00:00 [queued]>
[2025-03-30 23:58:48,816] {taskinstance.py:1032} INFO - Dependencies all met for <TaskInstance: natality_web_data_to_gcs.joint1 manual__2025-03-30T23:58:36.673425+00:00 [queued]>
[2025-03-30 23:58:48,817] {taskinstance.py:1238} INFO - 
--------------------------------------------------------------------------------
[2025-03-30 23:58:48,817] {taskinstance.py:1239} INFO - Starting attempt 1 of 1
[2025-03-30 23:58:48,817] {taskinstance.py:1240} INFO - 
--------------------------------------------------------------------------------
[2025-03-30 23:58:48,836] {taskinstance.py:1259} INFO - Executing <Task(BashOperator): joint1> on 2025-03-30 23:58:36.673425+00:00
[2025-03-30 23:58:48,855] {standard_task_runner.py:76} INFO - Running: ['***', 'tasks', 'run', 'natality_web_data_to_gcs', 'joint1', 'manual__2025-03-30T23:58:36.673425+00:00', '--job-id', '190', '--raw', '--subdir', 'DAGS_FOLDER/bigquery_to_gcs.py', '--cfg-path', '/tmp/tmp5age7wzi', '--error-file', '/tmp/tmpghrwk6ef']
[2025-03-30 23:58:48,850] {standard_task_runner.py:52} INFO - Started process 958 to run task
[2025-03-30 23:58:48,860] {standard_task_runner.py:77} INFO - Job 190: Subtask joint1
[2025-03-30 23:58:48,960] {logging_mixin.py:109} INFO - Running <TaskInstance: natality_web_data_to_gcs.joint1 manual__2025-03-30T23:58:36.673425+00:00 [running]> on host 3341a2d56eeb
[2025-03-30 23:58:49,060] {taskinstance.py:1426} INFO - Exporting the following env vars:
AIRFLOW_CTX_DAG_OWNER=***
AIRFLOW_CTX_DAG_ID=natality_web_data_to_gcs
AIRFLOW_CTX_TASK_ID=joint1
AIRFLOW_CTX_EXECUTION_DATE=2025-03-30T23:58:36.673425+00:00
AIRFLOW_CTX_DAG_RUN_ID=manual__2025-03-30T23:58:36.673425+00:00
[2025-03-30 23:58:49,064] {subprocess.py:62} INFO - Tmp dir root location: 
 /tmp
[2025-03-30 23:58:49,065] {subprocess.py:74} INFO - Running command: ['bash', '-c', 'echo "Joint!"']
[2025-03-30 23:58:49,098] {subprocess.py:85} INFO - Output:
[2025-03-30 23:58:49,102] {subprocess.py:89} INFO - Joint!
[2025-03-30 23:58:49,103] {subprocess.py:93} INFO - Command exited with return code 0
[2025-03-30 23:58:49,162] {taskinstance.py:1277} INFO - Marking task as SUCCESS. dag_id=natality_web_data_to_gcs, task_id=joint1, execution_date=20250330T235836, start_date=20250330T235848, end_date=20250330T235849
[2025-03-30 23:58:49,241] {local_task_job.py:154} INFO - Task exited with return code 0
[2025-03-30 23:58:49,352] {local_task_job.py:264} INFO - 2 downstream tasks scheduled from follow-on schedule check
