[2025-03-30 22:22:16,563] {taskinstance.py:1032} INFO - Dependencies all met for <TaskInstance: natality_web_data_to_gcs.upload_state_lookup manual__2025-03-30T22:22:07.463298+00:00 [queued]>
[2025-03-30 22:22:16,577] {taskinstance.py:1032} INFO - Dependencies all met for <TaskInstance: natality_web_data_to_gcs.upload_state_lookup manual__2025-03-30T22:22:07.463298+00:00 [queued]>
[2025-03-30 22:22:16,578] {taskinstance.py:1238} INFO - 
--------------------------------------------------------------------------------
[2025-03-30 22:22:16,578] {taskinstance.py:1239} INFO - Starting attempt 1 of 1
[2025-03-30 22:22:16,578] {taskinstance.py:1240} INFO - 
--------------------------------------------------------------------------------
[2025-03-30 22:22:16,591] {taskinstance.py:1259} INFO - Executing <Task(PythonOperator): upload_state_lookup> on 2025-03-30 22:22:07.463298+00:00
[2025-03-30 22:22:16,601] {standard_task_runner.py:52} INFO - Started process 404 to run task
[2025-03-30 22:22:16,606] {standard_task_runner.py:76} INFO - Running: ['***', 'tasks', 'run', 'natality_web_data_to_gcs', 'upload_state_lookup', 'manual__2025-03-30T22:22:07.463298+00:00', '--job-id', '93', '--raw', '--subdir', 'DAGS_FOLDER/bigquery_to_gcs.py', '--cfg-path', '/tmp/tmpvbecerga', '--error-file', '/tmp/tmpjc0x3yl9']
[2025-03-30 22:22:16,610] {standard_task_runner.py:77} INFO - Job 93: Subtask upload_state_lookup
[2025-03-30 22:22:16,699] {logging_mixin.py:109} INFO - Running <TaskInstance: natality_web_data_to_gcs.upload_state_lookup manual__2025-03-30T22:22:07.463298+00:00 [running]> on host 6e74f7e5ce4c
[2025-03-30 22:22:16,774] {taskinstance.py:1426} INFO - Exporting the following env vars:
AIRFLOW_CTX_DAG_OWNER=***
AIRFLOW_CTX_DAG_ID=natality_web_data_to_gcs
AIRFLOW_CTX_TASK_ID=upload_state_lookup
AIRFLOW_CTX_EXECUTION_DATE=2025-03-30T22:22:07.463298+00:00
AIRFLOW_CTX_DAG_RUN_ID=manual__2025-03-30T22:22:07.463298+00:00
[2025-03-30 22:22:16,778] {crypto.py:82} WARNING - empty cryptography key - values will not be stored encrypted.
[2025-03-30 22:22:16,952] {gcs.py:486} INFO - File /tmp/state_lookup.csv uploaded to natality//tmp/state_lookup.csv in us-natality-bucket bucket
[2025-03-30 22:22:16,952] {python.py:175} INFO - Done. Returned value was: None
[2025-03-30 22:22:16,974] {taskinstance.py:1277} INFO - Marking task as SUCCESS. dag_id=natality_web_data_to_gcs, task_id=upload_state_lookup, execution_date=20250330T222207, start_date=20250330T222216, end_date=20250330T222216
[2025-03-30 22:22:17,025] {local_task_job.py:154} INFO - Task exited with return code 0
[2025-03-30 22:22:17,104] {local_task_job.py:264} INFO - 0 downstream tasks scheduled from follow-on schedule check
