[2025-03-30 23:06:10,273] {taskinstance.py:1032} INFO - Dependencies all met for <TaskInstance: natality_web_data_to_gcs.joint2 manual__2025-03-30T23:05:55.856482+00:00 [queued]>
[2025-03-30 23:06:10,288] {taskinstance.py:1032} INFO - Dependencies all met for <TaskInstance: natality_web_data_to_gcs.joint2 manual__2025-03-30T23:05:55.856482+00:00 [queued]>
[2025-03-30 23:06:10,288] {taskinstance.py:1238} INFO - 
--------------------------------------------------------------------------------
[2025-03-30 23:06:10,288] {taskinstance.py:1239} INFO - Starting attempt 1 of 1
[2025-03-30 23:06:10,288] {taskinstance.py:1240} INFO - 
--------------------------------------------------------------------------------
[2025-03-30 23:06:10,303] {taskinstance.py:1259} INFO - Executing <Task(BashOperator): joint2> on 2025-03-30 23:05:55.856482+00:00
[2025-03-30 23:06:10,313] {standard_task_runner.py:52} INFO - Started process 4143 to run task
[2025-03-30 23:06:10,317] {standard_task_runner.py:76} INFO - Running: ['***', 'tasks', 'run', 'natality_web_data_to_gcs', 'joint2', 'manual__2025-03-30T23:05:55.856482+00:00', '--job-id', '171', '--raw', '--subdir', 'DAGS_FOLDER/bigquery_to_gcs.py', '--cfg-path', '/tmp/tmpvlue5h25', '--error-file', '/tmp/tmpa86zhgqk']
[2025-03-30 23:06:10,323] {standard_task_runner.py:77} INFO - Job 171: Subtask joint2
[2025-03-30 23:06:10,405] {logging_mixin.py:109} INFO - Running <TaskInstance: natality_web_data_to_gcs.joint2 manual__2025-03-30T23:05:55.856482+00:00 [running]> on host 6e74f7e5ce4c
[2025-03-30 23:06:10,490] {taskinstance.py:1426} INFO - Exporting the following env vars:
AIRFLOW_CTX_DAG_OWNER=***
AIRFLOW_CTX_DAG_ID=natality_web_data_to_gcs
AIRFLOW_CTX_TASK_ID=joint2
AIRFLOW_CTX_EXECUTION_DATE=2025-03-30T23:05:55.856482+00:00
AIRFLOW_CTX_DAG_RUN_ID=manual__2025-03-30T23:05:55.856482+00:00
[2025-03-30 23:06:10,495] {subprocess.py:62} INFO - Tmp dir root location: 
 /tmp
[2025-03-30 23:06:10,496] {subprocess.py:74} INFO - Running command: ['bash', '-c', 'echo "Joint2!"']
[2025-03-30 23:06:10,519] {subprocess.py:85} INFO - Output:
[2025-03-30 23:06:10,521] {subprocess.py:89} INFO - Joint2!
[2025-03-30 23:06:10,522] {subprocess.py:93} INFO - Command exited with return code 0
[2025-03-30 23:06:10,567] {taskinstance.py:1277} INFO - Marking task as SUCCESS. dag_id=natality_web_data_to_gcs, task_id=joint2, execution_date=20250330T230555, start_date=20250330T230610, end_date=20250330T230610
[2025-03-30 23:06:10,617] {local_task_job.py:154} INFO - Task exited with return code 0
[2025-03-30 23:06:10,717] {local_task_job.py:264} INFO - 0 downstream tasks scheduled from follow-on schedule check
