[2025-03-31 02:32:53,347] {taskinstance.py:1032} INFO - Dependencies all met for <TaskInstance: natality_web_data_to_gcs.upload_pyspark_script manual__2025-03-31T02:32:18.651615+00:00 [queued]>
[2025-03-31 02:32:53,369] {taskinstance.py:1032} INFO - Dependencies all met for <TaskInstance: natality_web_data_to_gcs.upload_pyspark_script manual__2025-03-31T02:32:18.651615+00:00 [queued]>
[2025-03-31 02:32:53,369] {taskinstance.py:1238} INFO - 
--------------------------------------------------------------------------------
[2025-03-31 02:32:53,369] {taskinstance.py:1239} INFO - Starting attempt 1 of 1
[2025-03-31 02:32:53,369] {taskinstance.py:1240} INFO - 
--------------------------------------------------------------------------------
[2025-03-31 02:32:53,385] {taskinstance.py:1259} INFO - Executing <Task(PythonOperator): upload_pyspark_script> on 2025-03-31 02:32:18.651615+00:00
[2025-03-31 02:32:53,396] {standard_task_runner.py:52} INFO - Started process 1812 to run task
[2025-03-31 02:32:53,401] {standard_task_runner.py:76} INFO - Running: ['***', 'tasks', 'run', 'natality_web_data_to_gcs', 'upload_pyspark_script', 'manual__2025-03-31T02:32:18.651615+00:00', '--job-id', '597', '--raw', '--subdir', 'DAGS_FOLDER/bigquery_to_gcs.py', '--cfg-path', '/tmp/tmpyt0xkib_', '--error-file', '/tmp/tmpacjkc9td']
[2025-03-31 02:32:53,406] {standard_task_runner.py:77} INFO - Job 597: Subtask upload_pyspark_script
[2025-03-31 02:32:53,490] {logging_mixin.py:109} INFO - Running <TaskInstance: natality_web_data_to_gcs.upload_pyspark_script manual__2025-03-31T02:32:18.651615+00:00 [running]> on host 65c454f46b2f
[2025-03-31 02:32:53,579] {taskinstance.py:1426} INFO - Exporting the following env vars:
AIRFLOW_CTX_DAG_OWNER=***
AIRFLOW_CTX_DAG_ID=natality_web_data_to_gcs
AIRFLOW_CTX_TASK_ID=upload_pyspark_script
AIRFLOW_CTX_EXECUTION_DATE=2025-03-31T02:32:18.651615+00:00
AIRFLOW_CTX_DAG_RUN_ID=manual__2025-03-31T02:32:18.651615+00:00
[2025-03-31 02:32:53,581] {crypto.py:82} WARNING - empty cryptography key - values will not be stored encrypted.
[2025-03-31 02:32:53,726] {gcs.py:486} INFO - File /opt/***/dags/pyspark_to_bq.py uploaded to scripts/pyspark_to_bq.py in us-natality-bucket bucket
[2025-03-31 02:32:53,727] {python.py:175} INFO - Done. Returned value was: None
[2025-03-31 02:32:53,746] {taskinstance.py:1277} INFO - Marking task as SUCCESS. dag_id=natality_web_data_to_gcs, task_id=upload_pyspark_script, execution_date=20250331T023218, start_date=20250331T023253, end_date=20250331T023253
[2025-03-31 02:32:53,779] {local_task_job.py:154} INFO - Task exited with return code 0
[2025-03-31 02:32:53,843] {local_task_job.py:264} INFO - 1 downstream tasks scheduled from follow-on schedule check
