[2025-03-30 22:41:24,854] {taskinstance.py:1032} INFO - Dependencies all met for <TaskInstance: natality_web_data_to_gcs.query_and_upload_to_gcs_5 manual__2025-03-30T22:41:06.032297+00:00 [queued]>
[2025-03-30 22:41:24,875] {taskinstance.py:1032} INFO - Dependencies all met for <TaskInstance: natality_web_data_to_gcs.query_and_upload_to_gcs_5 manual__2025-03-30T22:41:06.032297+00:00 [queued]>
[2025-03-30 22:41:24,875] {taskinstance.py:1238} INFO - 
--------------------------------------------------------------------------------
[2025-03-30 22:41:24,876] {taskinstance.py:1239} INFO - Starting attempt 1 of 1
[2025-03-30 22:41:24,876] {taskinstance.py:1240} INFO - 
--------------------------------------------------------------------------------
[2025-03-30 22:41:24,949] {taskinstance.py:1259} INFO - Executing <Task(PythonOperator): query_and_upload_to_gcs_5> on 2025-03-30 22:41:06.032297+00:00
[2025-03-30 22:41:24,989] {standard_task_runner.py:52} INFO - Started process 2589 to run task
[2025-03-30 22:41:25,048] {standard_task_runner.py:76} INFO - Running: ['***', 'tasks', 'run', 'natality_web_data_to_gcs', 'query_and_upload_to_gcs_5', 'manual__2025-03-30T22:41:06.032297+00:00', '--job-id', '151', '--raw', '--subdir', 'DAGS_FOLDER/bigquery_to_gcs.py', '--cfg-path', '/tmp/tmpartf57e8', '--error-file', '/tmp/tmpxti0wcuw']
[2025-03-30 22:41:25,057] {standard_task_runner.py:77} INFO - Job 151: Subtask query_and_upload_to_gcs_5
[2025-03-30 22:41:25,312] {logging_mixin.py:109} INFO - Running <TaskInstance: natality_web_data_to_gcs.query_and_upload_to_gcs_5 manual__2025-03-30T22:41:06.032297+00:00 [running]> on host 6e74f7e5ce4c
[2025-03-30 22:41:25,544] {taskinstance.py:1426} INFO - Exporting the following env vars:
AIRFLOW_CTX_DAG_OWNER=***
AIRFLOW_CTX_DAG_ID=natality_web_data_to_gcs
AIRFLOW_CTX_TASK_ID=query_and_upload_to_gcs_5
AIRFLOW_CTX_EXECUTION_DATE=2025-03-30T22:41:06.032297+00:00
AIRFLOW_CTX_DAG_RUN_ID=manual__2025-03-30T22:41:06.032297+00:00
[2025-03-30 22:41:25,557] {warnings.py:99} WARNING - /home/***/.local/lib/python3.6/site-packages/***/utils/context.py:152: AirflowContextDeprecationWarning: Accessing 'execution_date' from the template is deprecated and will be removed in a future version. Please use 'data_interval_start' or 'logical_date' instead.
  warnings.warn(_create_deprecation_warning(key, self._deprecation_replacements[key]))

[2025-03-30 22:41:25,560] {warnings.py:99} WARNING - /home/***/.local/lib/python3.6/site-packages/***/utils/context.py:152: AirflowContextDeprecationWarning: Accessing 'next_ds' from the template is deprecated and will be removed in a future version. Please use '{{ data_interval_end | ds }}' instead.
  warnings.warn(_create_deprecation_warning(key, self._deprecation_replacements[key]))

[2025-03-30 22:41:25,560] {warnings.py:99} WARNING - /home/***/.local/lib/python3.6/site-packages/***/utils/context.py:152: AirflowContextDeprecationWarning: Accessing 'next_ds_nodash' from the template is deprecated and will be removed in a future version. Please use '{{ data_interval_end | ds_nodash }}' instead.
  warnings.warn(_create_deprecation_warning(key, self._deprecation_replacements[key]))

[2025-03-30 22:41:25,561] {warnings.py:99} WARNING - /home/***/.local/lib/python3.6/site-packages/***/utils/context.py:152: AirflowContextDeprecationWarning: Accessing 'next_execution_date' from the template is deprecated and will be removed in a future version. Please use 'data_interval_end' instead.
  warnings.warn(_create_deprecation_warning(key, self._deprecation_replacements[key]))

[2025-03-30 22:41:25,561] {warnings.py:99} WARNING - /home/***/.local/lib/python3.6/site-packages/***/utils/context.py:152: AirflowContextDeprecationWarning: Accessing 'prev_ds' from the template is deprecated and will be removed in a future version.
  warnings.warn(_create_deprecation_warning(key, self._deprecation_replacements[key]))

[2025-03-30 22:41:25,561] {warnings.py:99} WARNING - /home/***/.local/lib/python3.6/site-packages/***/utils/context.py:152: AirflowContextDeprecationWarning: Accessing 'prev_ds_nodash' from the template is deprecated and will be removed in a future version.
  warnings.warn(_create_deprecation_warning(key, self._deprecation_replacements[key]))

[2025-03-30 22:41:25,562] {warnings.py:99} WARNING - /home/***/.local/lib/python3.6/site-packages/***/utils/context.py:152: AirflowContextDeprecationWarning: Accessing 'prev_execution_date' from the template is deprecated and will be removed in a future version.
  warnings.warn(_create_deprecation_warning(key, self._deprecation_replacements[key]))

[2025-03-30 22:41:25,562] {warnings.py:99} WARNING - /home/***/.local/lib/python3.6/site-packages/***/utils/context.py:152: AirflowContextDeprecationWarning: Accessing 'prev_execution_date_success' from the template is deprecated and will be removed in a future version. Please use 'prev_data_interval_start_success' instead.
  warnings.warn(_create_deprecation_warning(key, self._deprecation_replacements[key]))

[2025-03-30 22:41:25,562] {warnings.py:99} WARNING - /home/***/.local/lib/python3.6/site-packages/***/utils/context.py:152: AirflowContextDeprecationWarning: Accessing 'tomorrow_ds' from the template is deprecated and will be removed in a future version.
  warnings.warn(_create_deprecation_warning(key, self._deprecation_replacements[key]))

[2025-03-30 22:41:25,562] {warnings.py:99} WARNING - /home/***/.local/lib/python3.6/site-packages/***/utils/context.py:152: AirflowContextDeprecationWarning: Accessing 'tomorrow_ds_nodash' from the template is deprecated and will be removed in a future version.
  warnings.warn(_create_deprecation_warning(key, self._deprecation_replacements[key]))

[2025-03-30 22:41:25,563] {warnings.py:99} WARNING - /home/***/.local/lib/python3.6/site-packages/***/utils/context.py:152: AirflowContextDeprecationWarning: Accessing 'yesterday_ds' from the template is deprecated and will be removed in a future version.
  warnings.warn(_create_deprecation_warning(key, self._deprecation_replacements[key]))

[2025-03-30 22:41:25,563] {warnings.py:99} WARNING - /home/***/.local/lib/python3.6/site-packages/***/utils/context.py:152: AirflowContextDeprecationWarning: Accessing 'yesterday_ds_nodash' from the template is deprecated and will be removed in a future version.
  warnings.warn(_create_deprecation_warning(key, self._deprecation_replacements[key]))

[2025-03-30 22:43:47,212] {crypto.py:82} WARNING - empty cryptography key - values will not be stored encrypted.
[2025-03-30 22:43:52,706] {gcs.py:486} INFO - File /tmp/temp_output_5.csv uploaded to natality/data_month_5.csv in us-natality-bucket bucket
[2025-03-30 22:43:52,905] {python.py:175} INFO - Done. Returned value was: Query executed for month 5 and results uploaded to GCS.
[2025-03-30 22:43:52,958] {taskinstance.py:1277} INFO - Marking task as SUCCESS. dag_id=natality_web_data_to_gcs, task_id=query_and_upload_to_gcs_5, execution_date=20250330T224106, start_date=20250330T224124, end_date=20250330T224352
[2025-03-30 22:43:53,167] {local_task_job.py:154} INFO - Task exited with return code 0
[2025-03-30 22:43:53,238] {local_task_job.py:264} INFO - 0 downstream tasks scheduled from follow-on schedule check
