[2025-03-31 01:50:34,906] {taskinstance.py:1032} INFO - Dependencies all met for <TaskInstance: natality_web_data_to_gcs.start manual__2025-03-31T01:50:32.724355+00:00 [queued]>
[2025-03-31 01:50:34,921] {taskinstance.py:1032} INFO - Dependencies all met for <TaskInstance: natality_web_data_to_gcs.start manual__2025-03-31T01:50:32.724355+00:00 [queued]>
[2025-03-31 01:50:34,921] {taskinstance.py:1238} INFO - 
--------------------------------------------------------------------------------
[2025-03-31 01:50:34,922] {taskinstance.py:1239} INFO - Starting attempt 1 of 1
[2025-03-31 01:50:34,922] {taskinstance.py:1240} INFO - 
--------------------------------------------------------------------------------
[2025-03-31 01:50:34,938] {taskinstance.py:1259} INFO - Executing <Task(BashOperator): start> on 2025-03-31 01:50:32.724355+00:00
[2025-03-31 01:50:34,961] {standard_task_runner.py:76} INFO - Running: ['***', 'tasks', 'run', 'natality_web_data_to_gcs', 'start', 'manual__2025-03-31T01:50:32.724355+00:00', '--job-id', '503', '--raw', '--subdir', 'DAGS_FOLDER/bigquery_to_gcs.py', '--cfg-path', '/tmp/tmplhk13zjj', '--error-file', '/tmp/tmphlcixskq']
[2025-03-31 01:50:34,951] {standard_task_runner.py:52} INFO - Started process 8746 to run task
[2025-03-31 01:50:34,969] {standard_task_runner.py:77} INFO - Job 503: Subtask start
[2025-03-31 01:50:35,099] {logging_mixin.py:109} INFO - Running <TaskInstance: natality_web_data_to_gcs.start manual__2025-03-31T01:50:32.724355+00:00 [running]> on host 3341a2d56eeb
[2025-03-31 01:50:35,197] {taskinstance.py:1426} INFO - Exporting the following env vars:
AIRFLOW_CTX_DAG_OWNER=***
AIRFLOW_CTX_DAG_ID=natality_web_data_to_gcs
AIRFLOW_CTX_TASK_ID=start
AIRFLOW_CTX_EXECUTION_DATE=2025-03-31T01:50:32.724355+00:00
AIRFLOW_CTX_DAG_RUN_ID=manual__2025-03-31T01:50:32.724355+00:00
[2025-03-31 01:50:35,198] {subprocess.py:62} INFO - Tmp dir root location: 
 /tmp
[2025-03-31 01:50:35,199] {subprocess.py:74} INFO - Running command: ['bash', '-c', 'echo "Started!"']
[2025-03-31 01:50:35,229] {subprocess.py:85} INFO - Output:
[2025-03-31 01:50:35,232] {subprocess.py:89} INFO - Started!
[2025-03-31 01:50:35,233] {subprocess.py:93} INFO - Command exited with return code 0
[2025-03-31 01:50:35,277] {taskinstance.py:1277} INFO - Marking task as SUCCESS. dag_id=natality_web_data_to_gcs, task_id=start, execution_date=20250331T015032, start_date=20250331T015034, end_date=20250331T015035
[2025-03-31 01:50:35,352] {local_task_job.py:154} INFO - Task exited with return code 0
[2025-03-31 01:50:35,444] {local_task_job.py:264} INFO - 2 downstream tasks scheduled from follow-on schedule check
