[2025-03-30 22:34:54,764] {taskinstance.py:1032} INFO - Dependencies all met for <TaskInstance: natality_web_data_to_gcs.query_and_upload_to_gcs_5 manual__2025-03-30T22:34:39.104526+00:00 [queued]>
[2025-03-30 22:34:54,791] {taskinstance.py:1032} INFO - Dependencies all met for <TaskInstance: natality_web_data_to_gcs.query_and_upload_to_gcs_5 manual__2025-03-30T22:34:39.104526+00:00 [queued]>
[2025-03-30 22:34:54,792] {taskinstance.py:1238} INFO - 
--------------------------------------------------------------------------------
[2025-03-30 22:34:54,792] {taskinstance.py:1239} INFO - Starting attempt 1 of 1
[2025-03-30 22:34:54,792] {taskinstance.py:1240} INFO - 
--------------------------------------------------------------------------------
[2025-03-30 22:34:54,820] {taskinstance.py:1259} INFO - Executing <Task(PythonOperator): query_and_upload_to_gcs_5> on 2025-03-30 22:34:39.104526+00:00
[2025-03-30 22:34:54,830] {standard_task_runner.py:52} INFO - Started process 1777 to run task
[2025-03-30 22:34:54,841] {standard_task_runner.py:76} INFO - Running: ['***', 'tasks', 'run', 'natality_web_data_to_gcs', 'query_and_upload_to_gcs_5', 'manual__2025-03-30T22:34:39.104526+00:00', '--job-id', '134', '--raw', '--subdir', 'DAGS_FOLDER/bigquery_to_gcs.py', '--cfg-path', '/tmp/tmpiqifsk1x', '--error-file', '/tmp/tmpwf86t8nv']
[2025-03-30 22:34:54,846] {standard_task_runner.py:77} INFO - Job 134: Subtask query_and_upload_to_gcs_5
[2025-03-30 22:34:54,947] {logging_mixin.py:109} INFO - Running <TaskInstance: natality_web_data_to_gcs.query_and_upload_to_gcs_5 manual__2025-03-30T22:34:39.104526+00:00 [running]> on host 6e74f7e5ce4c
[2025-03-30 22:34:55,073] {taskinstance.py:1426} INFO - Exporting the following env vars:
AIRFLOW_CTX_DAG_OWNER=***
AIRFLOW_CTX_DAG_ID=natality_web_data_to_gcs
AIRFLOW_CTX_TASK_ID=query_and_upload_to_gcs_5
AIRFLOW_CTX_EXECUTION_DATE=2025-03-30T22:34:39.104526+00:00
AIRFLOW_CTX_DAG_RUN_ID=manual__2025-03-30T22:34:39.104526+00:00
[2025-03-30 22:34:55,077] {warnings.py:99} WARNING - /home/***/.local/lib/python3.6/site-packages/***/utils/context.py:152: AirflowContextDeprecationWarning: Accessing 'execution_date' from the template is deprecated and will be removed in a future version. Please use 'data_interval_start' or 'logical_date' instead.
  warnings.warn(_create_deprecation_warning(key, self._deprecation_replacements[key]))

[2025-03-30 22:34:55,077] {warnings.py:99} WARNING - /home/***/.local/lib/python3.6/site-packages/***/utils/context.py:152: AirflowContextDeprecationWarning: Accessing 'next_ds' from the template is deprecated and will be removed in a future version. Please use '{{ data_interval_end | ds }}' instead.
  warnings.warn(_create_deprecation_warning(key, self._deprecation_replacements[key]))

[2025-03-30 22:34:55,077] {warnings.py:99} WARNING - /home/***/.local/lib/python3.6/site-packages/***/utils/context.py:152: AirflowContextDeprecationWarning: Accessing 'next_ds_nodash' from the template is deprecated and will be removed in a future version. Please use '{{ data_interval_end | ds_nodash }}' instead.
  warnings.warn(_create_deprecation_warning(key, self._deprecation_replacements[key]))

[2025-03-30 22:34:55,078] {warnings.py:99} WARNING - /home/***/.local/lib/python3.6/site-packages/***/utils/context.py:152: AirflowContextDeprecationWarning: Accessing 'next_execution_date' from the template is deprecated and will be removed in a future version. Please use 'data_interval_end' instead.
  warnings.warn(_create_deprecation_warning(key, self._deprecation_replacements[key]))

[2025-03-30 22:34:55,078] {warnings.py:99} WARNING - /home/***/.local/lib/python3.6/site-packages/***/utils/context.py:152: AirflowContextDeprecationWarning: Accessing 'prev_ds' from the template is deprecated and will be removed in a future version.
  warnings.warn(_create_deprecation_warning(key, self._deprecation_replacements[key]))

[2025-03-30 22:34:55,078] {warnings.py:99} WARNING - /home/***/.local/lib/python3.6/site-packages/***/utils/context.py:152: AirflowContextDeprecationWarning: Accessing 'prev_ds_nodash' from the template is deprecated and will be removed in a future version.
  warnings.warn(_create_deprecation_warning(key, self._deprecation_replacements[key]))

[2025-03-30 22:34:55,078] {warnings.py:99} WARNING - /home/***/.local/lib/python3.6/site-packages/***/utils/context.py:152: AirflowContextDeprecationWarning: Accessing 'prev_execution_date' from the template is deprecated and will be removed in a future version.
  warnings.warn(_create_deprecation_warning(key, self._deprecation_replacements[key]))

[2025-03-30 22:34:55,078] {warnings.py:99} WARNING - /home/***/.local/lib/python3.6/site-packages/***/utils/context.py:152: AirflowContextDeprecationWarning: Accessing 'prev_execution_date_success' from the template is deprecated and will be removed in a future version. Please use 'prev_data_interval_start_success' instead.
  warnings.warn(_create_deprecation_warning(key, self._deprecation_replacements[key]))

[2025-03-30 22:34:55,079] {warnings.py:99} WARNING - /home/***/.local/lib/python3.6/site-packages/***/utils/context.py:152: AirflowContextDeprecationWarning: Accessing 'tomorrow_ds' from the template is deprecated and will be removed in a future version.
  warnings.warn(_create_deprecation_warning(key, self._deprecation_replacements[key]))

[2025-03-30 22:34:55,079] {warnings.py:99} WARNING - /home/***/.local/lib/python3.6/site-packages/***/utils/context.py:152: AirflowContextDeprecationWarning: Accessing 'tomorrow_ds_nodash' from the template is deprecated and will be removed in a future version.
  warnings.warn(_create_deprecation_warning(key, self._deprecation_replacements[key]))

[2025-03-30 22:34:55,079] {warnings.py:99} WARNING - /home/***/.local/lib/python3.6/site-packages/***/utils/context.py:152: AirflowContextDeprecationWarning: Accessing 'yesterday_ds' from the template is deprecated and will be removed in a future version.
  warnings.warn(_create_deprecation_warning(key, self._deprecation_replacements[key]))

[2025-03-30 22:34:55,079] {warnings.py:99} WARNING - /home/***/.local/lib/python3.6/site-packages/***/utils/context.py:152: AirflowContextDeprecationWarning: Accessing 'yesterday_ds_nodash' from the template is deprecated and will be removed in a future version.
  warnings.warn(_create_deprecation_warning(key, self._deprecation_replacements[key]))

[2025-03-30 22:37:08,929] {crypto.py:82} WARNING - empty cryptography key - values will not be stored encrypted.
[2025-03-30 22:37:13,733] {gcs.py:486} INFO - File /tmp/temp_output_5.csv uploaded to natality/data_month_5.csv in us-natality-bucket bucket
[2025-03-30 22:37:13,948] {python.py:175} INFO - Done. Returned value was: Query executed for month 5 and results uploaded to GCS.
[2025-03-30 22:37:13,991] {taskinstance.py:1277} INFO - Marking task as SUCCESS. dag_id=natality_web_data_to_gcs, task_id=query_and_upload_to_gcs_5, execution_date=20250330T223439, start_date=20250330T223454, end_date=20250330T223713
[2025-03-30 22:37:14,056] {local_task_job.py:212} WARNING - State of this instance has been externally set to success. Terminating instance.
[2025-03-30 22:37:14,063] {process_utils.py:124} INFO - Sending Signals.SIGTERM to group 1777. PIDs of all processes in the group: [1777]
[2025-03-30 22:37:14,063] {process_utils.py:75} INFO - Sending the signal Signals.SIGTERM to group 1777
[2025-03-30 22:37:14,240] {process_utils.py:70} INFO - Process psutil.Process(pid=1777, status='terminated', exitcode=0, started='22:34:54') (1777) terminated with exit code 0
