[2025-03-30 20:37:29,385] {taskinstance.py:1032} INFO - Dependencies all met for <TaskInstance: natality_web_data_to_gcs.query_and_upload_to_gcs_7 manual__2025-03-30T20:37:19.355237+00:00 [queued]>
[2025-03-30 20:37:29,469] {taskinstance.py:1032} INFO - Dependencies all met for <TaskInstance: natality_web_data_to_gcs.query_and_upload_to_gcs_7 manual__2025-03-30T20:37:19.355237+00:00 [queued]>
[2025-03-30 20:37:29,470] {taskinstance.py:1238} INFO - 
--------------------------------------------------------------------------------
[2025-03-30 20:37:29,470] {taskinstance.py:1239} INFO - Starting attempt 1 of 1
[2025-03-30 20:37:29,470] {taskinstance.py:1240} INFO - 
--------------------------------------------------------------------------------
[2025-03-30 20:37:29,548] {taskinstance.py:1259} INFO - Executing <Task(PythonOperator): query_and_upload_to_gcs_7> on 2025-03-30 20:37:19.355237+00:00
[2025-03-30 20:37:29,576] {standard_task_runner.py:52} INFO - Started process 9579 to run task
[2025-03-30 20:37:29,599] {standard_task_runner.py:76} INFO - Running: ['***', 'tasks', 'run', 'natality_web_data_to_gcs', 'query_and_upload_to_gcs_7', 'manual__2025-03-30T20:37:19.355237+00:00', '--job-id', '54', '--raw', '--subdir', 'DAGS_FOLDER/bigquery_to_gcs.py', '--cfg-path', '/tmp/tmpf4yh4dl_', '--error-file', '/tmp/tmph7oa3an2']
[2025-03-30 20:37:29,619] {standard_task_runner.py:77} INFO - Job 54: Subtask query_and_upload_to_gcs_7
[2025-03-30 20:37:29,822] {logging_mixin.py:109} INFO - Running <TaskInstance: natality_web_data_to_gcs.query_and_upload_to_gcs_7 manual__2025-03-30T20:37:19.355237+00:00 [running]> on host f5b8902f5cd8
[2025-03-30 20:37:30,014] {taskinstance.py:1426} INFO - Exporting the following env vars:
AIRFLOW_CTX_DAG_OWNER=***
AIRFLOW_CTX_DAG_ID=natality_web_data_to_gcs
AIRFLOW_CTX_TASK_ID=query_and_upload_to_gcs_7
AIRFLOW_CTX_EXECUTION_DATE=2025-03-30T20:37:19.355237+00:00
AIRFLOW_CTX_DAG_RUN_ID=manual__2025-03-30T20:37:19.355237+00:00
[2025-03-30 20:37:30,021] {warnings.py:99} WARNING - /home/***/.local/lib/python3.6/site-packages/***/utils/context.py:152: AirflowContextDeprecationWarning: Accessing 'execution_date' from the template is deprecated and will be removed in a future version. Please use 'data_interval_start' or 'logical_date' instead.
  warnings.warn(_create_deprecation_warning(key, self._deprecation_replacements[key]))

[2025-03-30 20:37:30,021] {warnings.py:99} WARNING - /home/***/.local/lib/python3.6/site-packages/***/utils/context.py:152: AirflowContextDeprecationWarning: Accessing 'next_ds' from the template is deprecated and will be removed in a future version. Please use '{{ data_interval_end | ds }}' instead.
  warnings.warn(_create_deprecation_warning(key, self._deprecation_replacements[key]))

[2025-03-30 20:37:30,021] {warnings.py:99} WARNING - /home/***/.local/lib/python3.6/site-packages/***/utils/context.py:152: AirflowContextDeprecationWarning: Accessing 'next_ds_nodash' from the template is deprecated and will be removed in a future version. Please use '{{ data_interval_end | ds_nodash }}' instead.
  warnings.warn(_create_deprecation_warning(key, self._deprecation_replacements[key]))

[2025-03-30 20:37:30,022] {warnings.py:99} WARNING - /home/***/.local/lib/python3.6/site-packages/***/utils/context.py:152: AirflowContextDeprecationWarning: Accessing 'next_execution_date' from the template is deprecated and will be removed in a future version. Please use 'data_interval_end' instead.
  warnings.warn(_create_deprecation_warning(key, self._deprecation_replacements[key]))

[2025-03-30 20:37:30,022] {warnings.py:99} WARNING - /home/***/.local/lib/python3.6/site-packages/***/utils/context.py:152: AirflowContextDeprecationWarning: Accessing 'prev_ds' from the template is deprecated and will be removed in a future version.
  warnings.warn(_create_deprecation_warning(key, self._deprecation_replacements[key]))

[2025-03-30 20:37:30,022] {warnings.py:99} WARNING - /home/***/.local/lib/python3.6/site-packages/***/utils/context.py:152: AirflowContextDeprecationWarning: Accessing 'prev_ds_nodash' from the template is deprecated and will be removed in a future version.
  warnings.warn(_create_deprecation_warning(key, self._deprecation_replacements[key]))

[2025-03-30 20:37:30,022] {warnings.py:99} WARNING - /home/***/.local/lib/python3.6/site-packages/***/utils/context.py:152: AirflowContextDeprecationWarning: Accessing 'prev_execution_date' from the template is deprecated and will be removed in a future version.
  warnings.warn(_create_deprecation_warning(key, self._deprecation_replacements[key]))

[2025-03-30 20:37:30,023] {warnings.py:99} WARNING - /home/***/.local/lib/python3.6/site-packages/***/utils/context.py:152: AirflowContextDeprecationWarning: Accessing 'prev_execution_date_success' from the template is deprecated and will be removed in a future version. Please use 'prev_data_interval_start_success' instead.
  warnings.warn(_create_deprecation_warning(key, self._deprecation_replacements[key]))

[2025-03-30 20:37:30,023] {warnings.py:99} WARNING - /home/***/.local/lib/python3.6/site-packages/***/utils/context.py:152: AirflowContextDeprecationWarning: Accessing 'tomorrow_ds' from the template is deprecated and will be removed in a future version.
  warnings.warn(_create_deprecation_warning(key, self._deprecation_replacements[key]))

[2025-03-30 20:37:30,025] {warnings.py:99} WARNING - /home/***/.local/lib/python3.6/site-packages/***/utils/context.py:152: AirflowContextDeprecationWarning: Accessing 'tomorrow_ds_nodash' from the template is deprecated and will be removed in a future version.
  warnings.warn(_create_deprecation_warning(key, self._deprecation_replacements[key]))

[2025-03-30 20:37:30,026] {warnings.py:99} WARNING - /home/***/.local/lib/python3.6/site-packages/***/utils/context.py:152: AirflowContextDeprecationWarning: Accessing 'yesterday_ds' from the template is deprecated and will be removed in a future version.
  warnings.warn(_create_deprecation_warning(key, self._deprecation_replacements[key]))

[2025-03-30 20:37:30,026] {warnings.py:99} WARNING - /home/***/.local/lib/python3.6/site-packages/***/utils/context.py:152: AirflowContextDeprecationWarning: Accessing 'yesterday_ds_nodash' from the template is deprecated and will be removed in a future version.
  warnings.warn(_create_deprecation_warning(key, self._deprecation_replacements[key]))

[2025-03-30 20:40:10,083] {crypto.py:82} WARNING - empty cryptography key - values will not be stored encrypted.
[2025-03-30 20:40:15,902] {gcs.py:486} INFO - File /tmp/temp_output_7.csv uploaded to natality/data_month_7.csv in us-natality-bucket bucket
[2025-03-30 20:40:16,077] {python.py:175} INFO - Done. Returned value was: Query executed for month 7 and results uploaded to GCS.
[2025-03-30 20:40:16,106] {taskinstance.py:1277} INFO - Marking task as SUCCESS. dag_id=natality_web_data_to_gcs, task_id=query_and_upload_to_gcs_7, execution_date=20250330T203719, start_date=20250330T203729, end_date=20250330T204016
[2025-03-30 20:40:16,358] {local_task_job.py:154} INFO - Task exited with return code 0
[2025-03-30 20:40:16,436] {local_task_job.py:264} INFO - 0 downstream tasks scheduled from follow-on schedule check
