[2025-03-30 22:20:36,304] {taskinstance.py:1032} INFO - Dependencies all met for <TaskInstance: natality_web_data_to_gcs.start manual__2025-03-30T22:20:34.074488+00:00 [queued]>
[2025-03-30 22:20:36,328] {taskinstance.py:1032} INFO - Dependencies all met for <TaskInstance: natality_web_data_to_gcs.start manual__2025-03-30T22:20:34.074488+00:00 [queued]>
[2025-03-30 22:20:36,329] {taskinstance.py:1238} INFO - 
--------------------------------------------------------------------------------
[2025-03-30 22:20:36,329] {taskinstance.py:1239} INFO - Starting attempt 1 of 1
[2025-03-30 22:20:36,329] {taskinstance.py:1240} INFO - 
--------------------------------------------------------------------------------
[2025-03-30 22:20:36,351] {taskinstance.py:1259} INFO - Executing <Task(BashOperator): start> on 2025-03-30 22:20:34.074488+00:00
[2025-03-30 22:20:36,369] {standard_task_runner.py:76} INFO - Running: ['***', 'tasks', 'run', 'natality_web_data_to_gcs', 'start', 'manual__2025-03-30T22:20:34.074488+00:00', '--job-id', '83', '--raw', '--subdir', 'DAGS_FOLDER/bigquery_to_gcs.py', '--cfg-path', '/tmp/tmpyent8ss9', '--error-file', '/tmp/tmpg0b0ojxh']
[2025-03-30 22:20:36,363] {standard_task_runner.py:52} INFO - Started process 301 to run task
[2025-03-30 22:20:36,391] {standard_task_runner.py:77} INFO - Job 83: Subtask start
[2025-03-30 22:20:36,570] {logging_mixin.py:109} INFO - Running <TaskInstance: natality_web_data_to_gcs.start manual__2025-03-30T22:20:34.074488+00:00 [running]> on host 6e74f7e5ce4c
[2025-03-30 22:20:36,684] {taskinstance.py:1426} INFO - Exporting the following env vars:
AIRFLOW_CTX_DAG_OWNER=***
AIRFLOW_CTX_DAG_ID=natality_web_data_to_gcs
AIRFLOW_CTX_TASK_ID=start
AIRFLOW_CTX_EXECUTION_DATE=2025-03-30T22:20:34.074488+00:00
AIRFLOW_CTX_DAG_RUN_ID=manual__2025-03-30T22:20:34.074488+00:00
[2025-03-30 22:20:36,688] {subprocess.py:62} INFO - Tmp dir root location: 
 /tmp
[2025-03-30 22:20:36,689] {subprocess.py:74} INFO - Running command: ['bash', '-c', 'echo "Started!"']
[2025-03-30 22:20:36,716] {subprocess.py:85} INFO - Output:
[2025-03-30 22:20:36,719] {subprocess.py:89} INFO - Started!
[2025-03-30 22:20:36,720] {subprocess.py:93} INFO - Command exited with return code 0
[2025-03-30 22:20:36,769] {taskinstance.py:1277} INFO - Marking task as SUCCESS. dag_id=natality_web_data_to_gcs, task_id=start, execution_date=20250330T222034, start_date=20250330T222036, end_date=20250330T222036
[2025-03-30 22:20:36,851] {local_task_job.py:154} INFO - Task exited with return code 0
[2025-03-30 22:20:36,934] {local_task_job.py:264} INFO - 2 downstream tasks scheduled from follow-on schedule check
