[2025-03-31 02:32:41,940] {taskinstance.py:1032} INFO - Dependencies all met for <TaskInstance: natality_web_data_to_gcs.joint3 manual__2025-03-31T02:32:18.651615+00:00 [queued]>
[2025-03-31 02:32:41,967] {taskinstance.py:1032} INFO - Dependencies all met for <TaskInstance: natality_web_data_to_gcs.joint3 manual__2025-03-31T02:32:18.651615+00:00 [queued]>
[2025-03-31 02:32:41,968] {taskinstance.py:1238} INFO - 
--------------------------------------------------------------------------------
[2025-03-31 02:32:41,968] {taskinstance.py:1239} INFO - Starting attempt 1 of 1
[2025-03-31 02:32:41,969] {taskinstance.py:1240} INFO - 
--------------------------------------------------------------------------------
[2025-03-31 02:32:41,993] {taskinstance.py:1259} INFO - Executing <Task(BashOperator): joint3> on 2025-03-31 02:32:18.651615+00:00
[2025-03-31 02:32:42,006] {standard_task_runner.py:52} INFO - Started process 1707 to run task
[2025-03-31 02:32:42,012] {standard_task_runner.py:76} INFO - Running: ['***', 'tasks', 'run', 'natality_web_data_to_gcs', 'joint3', 'manual__2025-03-31T02:32:18.651615+00:00', '--job-id', '589', '--raw', '--subdir', 'DAGS_FOLDER/bigquery_to_gcs.py', '--cfg-path', '/tmp/tmpb4txtld5', '--error-file', '/tmp/tmplc9ksc7w']
[2025-03-31 02:32:42,017] {standard_task_runner.py:77} INFO - Job 589: Subtask joint3
[2025-03-31 02:32:42,106] {logging_mixin.py:109} INFO - Running <TaskInstance: natality_web_data_to_gcs.joint3 manual__2025-03-31T02:32:18.651615+00:00 [running]> on host 65c454f46b2f
[2025-03-31 02:32:42,191] {taskinstance.py:1426} INFO - Exporting the following env vars:
AIRFLOW_CTX_DAG_OWNER=***
AIRFLOW_CTX_DAG_ID=natality_web_data_to_gcs
AIRFLOW_CTX_TASK_ID=joint3
AIRFLOW_CTX_EXECUTION_DATE=2025-03-31T02:32:18.651615+00:00
AIRFLOW_CTX_DAG_RUN_ID=manual__2025-03-31T02:32:18.651615+00:00
[2025-03-31 02:32:42,192] {subprocess.py:62} INFO - Tmp dir root location: 
 /tmp
[2025-03-31 02:32:42,193] {subprocess.py:74} INFO - Running command: ['bash', '-c', 'echo "Joint3!"']
[2025-03-31 02:32:42,221] {subprocess.py:85} INFO - Output:
[2025-03-31 02:32:42,224] {subprocess.py:89} INFO - Joint3!
[2025-03-31 02:32:42,225] {subprocess.py:93} INFO - Command exited with return code 0
[2025-03-31 02:32:42,273] {taskinstance.py:1277} INFO - Marking task as SUCCESS. dag_id=natality_web_data_to_gcs, task_id=joint3, execution_date=20250331T023218, start_date=20250331T023241, end_date=20250331T023242
[2025-03-31 02:32:42,350] {local_task_job.py:154} INFO - Task exited with return code 0
[2025-03-31 02:32:42,426] {local_task_job.py:264} INFO - 6 downstream tasks scheduled from follow-on schedule check
