[2025-03-31 00:38:49,081] {taskinstance.py:1032} INFO - Dependencies all met for <TaskInstance: natality_web_data_to_gcs.joint2 manual__2025-03-31T00:38:34.932909+00:00 [queued]>
[2025-03-31 00:38:49,100] {taskinstance.py:1032} INFO - Dependencies all met for <TaskInstance: natality_web_data_to_gcs.joint2 manual__2025-03-31T00:38:34.932909+00:00 [queued]>
[2025-03-31 00:38:49,101] {taskinstance.py:1238} INFO - 
--------------------------------------------------------------------------------
[2025-03-31 00:38:49,101] {taskinstance.py:1239} INFO - Starting attempt 1 of 1
[2025-03-31 00:38:49,101] {taskinstance.py:1240} INFO - 
--------------------------------------------------------------------------------
[2025-03-31 00:38:49,121] {taskinstance.py:1259} INFO - Executing <Task(BashOperator): joint2> on 2025-03-31 00:38:34.932909+00:00
[2025-03-31 00:38:49,132] {standard_task_runner.py:52} INFO - Started process 3944 to run task
[2025-03-31 00:38:49,137] {standard_task_runner.py:76} INFO - Running: ['***', 'tasks', 'run', 'natality_web_data_to_gcs', 'joint2', 'manual__2025-03-31T00:38:34.932909+00:00', '--job-id', '325', '--raw', '--subdir', 'DAGS_FOLDER/bigquery_to_gcs.py', '--cfg-path', '/tmp/tmp8mrf29em', '--error-file', '/tmp/tmpdu_allo1']
[2025-03-31 00:38:49,143] {standard_task_runner.py:77} INFO - Job 325: Subtask joint2
[2025-03-31 00:38:49,235] {logging_mixin.py:109} INFO - Running <TaskInstance: natality_web_data_to_gcs.joint2 manual__2025-03-31T00:38:34.932909+00:00 [running]> on host 3341a2d56eeb
[2025-03-31 00:38:49,361] {taskinstance.py:1426} INFO - Exporting the following env vars:
AIRFLOW_CTX_DAG_OWNER=***
AIRFLOW_CTX_DAG_ID=natality_web_data_to_gcs
AIRFLOW_CTX_TASK_ID=joint2
AIRFLOW_CTX_EXECUTION_DATE=2025-03-31T00:38:34.932909+00:00
AIRFLOW_CTX_DAG_RUN_ID=manual__2025-03-31T00:38:34.932909+00:00
[2025-03-31 00:38:49,362] {subprocess.py:62} INFO - Tmp dir root location: 
 /tmp
[2025-03-31 00:38:49,364] {subprocess.py:74} INFO - Running command: ['bash', '-c', 'echo "Joint2!"']
[2025-03-31 00:38:49,392] {subprocess.py:85} INFO - Output:
[2025-03-31 00:38:49,397] {subprocess.py:89} INFO - Joint2!
[2025-03-31 00:38:49,398] {subprocess.py:93} INFO - Command exited with return code 0
[2025-03-31 00:38:49,454] {taskinstance.py:1277} INFO - Marking task as SUCCESS. dag_id=natality_web_data_to_gcs, task_id=joint2, execution_date=20250331T003834, start_date=20250331T003849, end_date=20250331T003849
[2025-03-31 00:38:49,519] {local_task_job.py:154} INFO - Task exited with return code 0
[2025-03-31 00:38:49,614] {local_task_job.py:264} INFO - 6 downstream tasks scheduled from follow-on schedule check
