[2025-03-31 01:42:52,445] {taskinstance.py:1032} INFO - Dependencies all met for <TaskInstance: natality_web_data_to_gcs.joint4 manual__2025-03-31T01:42:21.090228+00:00 [queued]>
[2025-03-31 01:42:52,475] {taskinstance.py:1032} INFO - Dependencies all met for <TaskInstance: natality_web_data_to_gcs.joint4 manual__2025-03-31T01:42:21.090228+00:00 [queued]>
[2025-03-31 01:42:52,476] {taskinstance.py:1238} INFO - 
--------------------------------------------------------------------------------
[2025-03-31 01:42:52,476] {taskinstance.py:1239} INFO - Starting attempt 1 of 1
[2025-03-31 01:42:52,476] {taskinstance.py:1240} INFO - 
--------------------------------------------------------------------------------
[2025-03-31 01:42:52,494] {taskinstance.py:1259} INFO - Executing <Task(BashOperator): joint4> on 2025-03-31 01:42:21.090228+00:00
[2025-03-31 01:42:52,508] {standard_task_runner.py:52} INFO - Started process 7965 to run task
[2025-03-31 01:42:52,513] {standard_task_runner.py:76} INFO - Running: ['***', 'tasks', 'run', 'natality_web_data_to_gcs', 'joint4', 'manual__2025-03-31T01:42:21.090228+00:00', '--job-id', '454', '--raw', '--subdir', 'DAGS_FOLDER/bigquery_to_gcs.py', '--cfg-path', '/tmp/tmpo9mt844b', '--error-file', '/tmp/tmpcwvmz818']
[2025-03-31 01:42:52,518] {standard_task_runner.py:77} INFO - Job 454: Subtask joint4
[2025-03-31 01:42:52,641] {logging_mixin.py:109} INFO - Running <TaskInstance: natality_web_data_to_gcs.joint4 manual__2025-03-31T01:42:21.090228+00:00 [running]> on host 3341a2d56eeb
[2025-03-31 01:42:52,746] {taskinstance.py:1426} INFO - Exporting the following env vars:
AIRFLOW_CTX_DAG_OWNER=***
AIRFLOW_CTX_DAG_ID=natality_web_data_to_gcs
AIRFLOW_CTX_TASK_ID=joint4
AIRFLOW_CTX_EXECUTION_DATE=2025-03-31T01:42:21.090228+00:00
AIRFLOW_CTX_DAG_RUN_ID=manual__2025-03-31T01:42:21.090228+00:00
[2025-03-31 01:42:52,748] {subprocess.py:62} INFO - Tmp dir root location: 
 /tmp
[2025-03-31 01:42:52,748] {subprocess.py:74} INFO - Running command: ['bash', '-c', 'echo "Joint4!"']
[2025-03-31 01:42:52,782] {subprocess.py:85} INFO - Output:
[2025-03-31 01:42:52,786] {subprocess.py:89} INFO - Joint4!
[2025-03-31 01:42:52,787] {subprocess.py:93} INFO - Command exited with return code 0
[2025-03-31 01:42:52,837] {taskinstance.py:1277} INFO - Marking task as SUCCESS. dag_id=natality_web_data_to_gcs, task_id=joint4, execution_date=20250331T014221, start_date=20250331T014252, end_date=20250331T014252
[2025-03-31 01:42:52,893] {local_task_job.py:154} INFO - Task exited with return code 0
[2025-03-31 01:42:52,973] {local_task_job.py:264} INFO - 1 downstream tasks scheduled from follow-on schedule check
