[2025-03-31 01:47:17,975] {taskinstance.py:1032} INFO - Dependencies all met for <TaskInstance: natality_web_data_to_gcs.joint1 manual__2025-03-31T01:47:08.600207+00:00 [queued]>
[2025-03-31 01:47:18,001] {taskinstance.py:1032} INFO - Dependencies all met for <TaskInstance: natality_web_data_to_gcs.joint1 manual__2025-03-31T01:47:08.600207+00:00 [queued]>
[2025-03-31 01:47:18,001] {taskinstance.py:1238} INFO - 
--------------------------------------------------------------------------------
[2025-03-31 01:47:18,001] {taskinstance.py:1239} INFO - Starting attempt 1 of 1
[2025-03-31 01:47:18,001] {taskinstance.py:1240} INFO - 
--------------------------------------------------------------------------------
[2025-03-31 01:47:18,016] {taskinstance.py:1259} INFO - Executing <Task(BashOperator): joint1> on 2025-03-31 01:47:08.600207+00:00
[2025-03-31 01:47:18,026] {standard_task_runner.py:52} INFO - Started process 8402 to run task
[2025-03-31 01:47:18,031] {standard_task_runner.py:76} INFO - Running: ['***', 'tasks', 'run', 'natality_web_data_to_gcs', 'joint1', 'manual__2025-03-31T01:47:08.600207+00:00', '--job-id', '483', '--raw', '--subdir', 'DAGS_FOLDER/bigquery_to_gcs.py', '--cfg-path', '/tmp/tmpqj5w5q6c', '--error-file', '/tmp/tmp66z1x9cj']
[2025-03-31 01:47:18,035] {standard_task_runner.py:77} INFO - Job 483: Subtask joint1
[2025-03-31 01:47:18,132] {logging_mixin.py:109} INFO - Running <TaskInstance: natality_web_data_to_gcs.joint1 manual__2025-03-31T01:47:08.600207+00:00 [running]> on host 3341a2d56eeb
[2025-03-31 01:47:18,199] {taskinstance.py:1426} INFO - Exporting the following env vars:
AIRFLOW_CTX_DAG_OWNER=***
AIRFLOW_CTX_DAG_ID=natality_web_data_to_gcs
AIRFLOW_CTX_TASK_ID=joint1
AIRFLOW_CTX_EXECUTION_DATE=2025-03-31T01:47:08.600207+00:00
AIRFLOW_CTX_DAG_RUN_ID=manual__2025-03-31T01:47:08.600207+00:00
[2025-03-31 01:47:18,200] {subprocess.py:62} INFO - Tmp dir root location: 
 /tmp
[2025-03-31 01:47:18,202] {subprocess.py:74} INFO - Running command: ['bash', '-c', 'echo "Joint!"']
[2025-03-31 01:47:18,231] {subprocess.py:85} INFO - Output:
[2025-03-31 01:47:18,233] {subprocess.py:89} INFO - Joint!
[2025-03-31 01:47:18,234] {subprocess.py:93} INFO - Command exited with return code 0
[2025-03-31 01:47:18,290] {taskinstance.py:1277} INFO - Marking task as SUCCESS. dag_id=natality_web_data_to_gcs, task_id=joint1, execution_date=20250331T014708, start_date=20250331T014717, end_date=20250331T014718
[2025-03-31 01:47:18,371] {local_task_job.py:154} INFO - Task exited with return code 0
[2025-03-31 01:47:18,445] {local_task_job.py:264} INFO - 2 downstream tasks scheduled from follow-on schedule check
