[2025-03-31 02:12:10,488] {taskinstance.py:1032} INFO - Dependencies all met for <TaskInstance: natality_web_data_to_gcs.joint2 manual__2025-03-31T02:11:53.999497+00:00 [queued]>
[2025-03-31 02:12:10,509] {taskinstance.py:1032} INFO - Dependencies all met for <TaskInstance: natality_web_data_to_gcs.joint2 manual__2025-03-31T02:11:53.999497+00:00 [queued]>
[2025-03-31 02:12:10,510] {taskinstance.py:1238} INFO - 
--------------------------------------------------------------------------------
[2025-03-31 02:12:10,510] {taskinstance.py:1239} INFO - Starting attempt 1 of 1
[2025-03-31 02:12:10,510] {taskinstance.py:1240} INFO - 
--------------------------------------------------------------------------------
[2025-03-31 02:12:10,528] {taskinstance.py:1259} INFO - Executing <Task(BashOperator): joint2> on 2025-03-31 02:11:53.999497+00:00
[2025-03-31 02:12:10,540] {standard_task_runner.py:52} INFO - Started process 242 to run task
[2025-03-31 02:12:10,544] {standard_task_runner.py:76} INFO - Running: ['***', 'tasks', 'run', 'natality_web_data_to_gcs', 'joint2', 'manual__2025-03-31T02:11:53.999497+00:00', '--job-id', '534', '--raw', '--subdir', 'DAGS_FOLDER/bigquery_to_gcs.py', '--cfg-path', '/tmp/tmp41t2l33l', '--error-file', '/tmp/tmpn557gxut']
[2025-03-31 02:12:10,549] {standard_task_runner.py:77} INFO - Job 534: Subtask joint2
[2025-03-31 02:12:10,646] {logging_mixin.py:109} INFO - Running <TaskInstance: natality_web_data_to_gcs.joint2 manual__2025-03-31T02:11:53.999497+00:00 [running]> on host 65c454f46b2f
[2025-03-31 02:12:10,749] {taskinstance.py:1426} INFO - Exporting the following env vars:
AIRFLOW_CTX_DAG_OWNER=***
AIRFLOW_CTX_DAG_ID=natality_web_data_to_gcs
AIRFLOW_CTX_TASK_ID=joint2
AIRFLOW_CTX_EXECUTION_DATE=2025-03-31T02:11:53.999497+00:00
AIRFLOW_CTX_DAG_RUN_ID=manual__2025-03-31T02:11:53.999497+00:00
[2025-03-31 02:12:10,750] {subprocess.py:62} INFO - Tmp dir root location: 
 /tmp
[2025-03-31 02:12:10,751] {subprocess.py:74} INFO - Running command: ['bash', '-c', 'echo "Joint2!"']
[2025-03-31 02:12:10,778] {subprocess.py:85} INFO - Output:
[2025-03-31 02:12:10,781] {subprocess.py:89} INFO - Joint2!
[2025-03-31 02:12:10,782] {subprocess.py:93} INFO - Command exited with return code 0
[2025-03-31 02:12:10,830] {taskinstance.py:1277} INFO - Marking task as SUCCESS. dag_id=natality_web_data_to_gcs, task_id=joint2, execution_date=20250331T021153, start_date=20250331T021210, end_date=20250331T021210
[2025-03-31 02:12:10,884] {local_task_job.py:154} INFO - Task exited with return code 0
[2025-03-31 02:12:10,981] {local_task_job.py:264} INFO - 6 downstream tasks scheduled from follow-on schedule check
