[2025-03-31 01:36:51,852] {taskinstance.py:1032} INFO - Dependencies all met for <TaskInstance: natality_web_data_to_gcs.upload_race_lookup manual__2025-03-31T01:36:40.868167+00:00 [queued]>
[2025-03-31 01:36:51,870] {taskinstance.py:1032} INFO - Dependencies all met for <TaskInstance: natality_web_data_to_gcs.upload_race_lookup manual__2025-03-31T01:36:40.868167+00:00 [queued]>
[2025-03-31 01:36:51,870] {taskinstance.py:1238} INFO - 
--------------------------------------------------------------------------------
[2025-03-31 01:36:51,871] {taskinstance.py:1239} INFO - Starting attempt 1 of 1
[2025-03-31 01:36:51,871] {taskinstance.py:1240} INFO - 
--------------------------------------------------------------------------------
[2025-03-31 01:36:51,893] {taskinstance.py:1259} INFO - Executing <Task(PythonOperator): upload_race_lookup> on 2025-03-31 01:36:40.868167+00:00
[2025-03-31 01:36:51,903] {standard_task_runner.py:52} INFO - Started process 7090 to run task
[2025-03-31 01:36:51,916] {standard_task_runner.py:76} INFO - Running: ['***', 'tasks', 'run', 'natality_web_data_to_gcs', 'upload_race_lookup', 'manual__2025-03-31T01:36:40.868167+00:00', '--job-id', '393', '--raw', '--subdir', 'DAGS_FOLDER/bigquery_to_gcs.py', '--cfg-path', '/tmp/tmpol1dutlp', '--error-file', '/tmp/tmp7as93ld8']
[2025-03-31 01:36:51,921] {standard_task_runner.py:77} INFO - Job 393: Subtask upload_race_lookup
[2025-03-31 01:36:52,036] {logging_mixin.py:109} INFO - Running <TaskInstance: natality_web_data_to_gcs.upload_race_lookup manual__2025-03-31T01:36:40.868167+00:00 [running]> on host 3341a2d56eeb
[2025-03-31 01:36:52,138] {taskinstance.py:1426} INFO - Exporting the following env vars:
AIRFLOW_CTX_DAG_OWNER=***
AIRFLOW_CTX_DAG_ID=natality_web_data_to_gcs
AIRFLOW_CTX_TASK_ID=upload_race_lookup
AIRFLOW_CTX_EXECUTION_DATE=2025-03-31T01:36:40.868167+00:00
AIRFLOW_CTX_DAG_RUN_ID=manual__2025-03-31T01:36:40.868167+00:00
[2025-03-31 01:36:52,141] {crypto.py:82} WARNING - empty cryptography key - values will not be stored encrypted.
[2025-03-31 01:36:52,312] {gcs.py:486} INFO - File /tmp/race_lookup.csv uploaded to natality-lookup_tables/race_lookup.csv in us-natality-bucket bucket
[2025-03-31 01:36:52,312] {python.py:175} INFO - Done. Returned value was: None
[2025-03-31 01:36:52,334] {taskinstance.py:1277} INFO - Marking task as SUCCESS. dag_id=natality_web_data_to_gcs, task_id=upload_race_lookup, execution_date=20250331T013640, start_date=20250331T013651, end_date=20250331T013652
[2025-03-31 01:36:52,370] {local_task_job.py:154} INFO - Task exited with return code 0
[2025-03-31 01:36:52,455] {local_task_job.py:264} INFO - 1 downstream tasks scheduled from follow-on schedule check
