[2025-03-30 23:05:57,889] {taskinstance.py:1032} INFO - Dependencies all met for <TaskInstance: natality_web_data_to_gcs.start manual__2025-03-30T23:05:55.856482+00:00 [queued]>
[2025-03-30 23:05:57,911] {taskinstance.py:1032} INFO - Dependencies all met for <TaskInstance: natality_web_data_to_gcs.start manual__2025-03-30T23:05:55.856482+00:00 [queued]>
[2025-03-30 23:05:57,911] {taskinstance.py:1238} INFO - 
--------------------------------------------------------------------------------
[2025-03-30 23:05:57,911] {taskinstance.py:1239} INFO - Starting attempt 1 of 1
[2025-03-30 23:05:57,911] {taskinstance.py:1240} INFO - 
--------------------------------------------------------------------------------
[2025-03-30 23:05:57,930] {taskinstance.py:1259} INFO - Executing <Task(BashOperator): start> on 2025-03-30 23:05:55.856482+00:00
[2025-03-30 23:05:57,941] {standard_task_runner.py:52} INFO - Started process 4114 to run task
[2025-03-30 23:05:57,946] {standard_task_runner.py:76} INFO - Running: ['***', 'tasks', 'run', 'natality_web_data_to_gcs', 'start', 'manual__2025-03-30T23:05:55.856482+00:00', '--job-id', '165', '--raw', '--subdir', 'DAGS_FOLDER/bigquery_to_gcs.py', '--cfg-path', '/tmp/tmpc_sshbpd', '--error-file', '/tmp/tmpansf4qqm']
[2025-03-30 23:05:57,951] {standard_task_runner.py:77} INFO - Job 165: Subtask start
[2025-03-30 23:05:58,068] {logging_mixin.py:109} INFO - Running <TaskInstance: natality_web_data_to_gcs.start manual__2025-03-30T23:05:55.856482+00:00 [running]> on host 6e74f7e5ce4c
[2025-03-30 23:05:58,179] {taskinstance.py:1426} INFO - Exporting the following env vars:
AIRFLOW_CTX_DAG_OWNER=***
AIRFLOW_CTX_DAG_ID=natality_web_data_to_gcs
AIRFLOW_CTX_TASK_ID=start
AIRFLOW_CTX_EXECUTION_DATE=2025-03-30T23:05:55.856482+00:00
AIRFLOW_CTX_DAG_RUN_ID=manual__2025-03-30T23:05:55.856482+00:00
[2025-03-30 23:05:58,184] {subprocess.py:62} INFO - Tmp dir root location: 
 /tmp
[2025-03-30 23:05:58,185] {subprocess.py:74} INFO - Running command: ['bash', '-c', 'echo "Started!"']
[2025-03-30 23:05:58,213] {subprocess.py:85} INFO - Output:
[2025-03-30 23:05:58,216] {subprocess.py:89} INFO - Started!
[2025-03-30 23:05:58,217] {subprocess.py:93} INFO - Command exited with return code 0
[2025-03-30 23:05:58,267] {taskinstance.py:1277} INFO - Marking task as SUCCESS. dag_id=natality_web_data_to_gcs, task_id=start, execution_date=20250330T230555, start_date=20250330T230557, end_date=20250330T230558
[2025-03-30 23:05:58,327] {local_task_job.py:154} INFO - Task exited with return code 0
[2025-03-30 23:05:58,413] {local_task_job.py:264} INFO - 2 downstream tasks scheduled from follow-on schedule check
