[2025-03-31 01:47:26,803] {taskinstance.py:1032} INFO - Dependencies all met for <TaskInstance: natality_web_data_to_gcs.query_and_upload_to_gcs_9 manual__2025-03-31T01:47:08.600207+00:00 [queued]>
[2025-03-31 01:47:26,831] {taskinstance.py:1032} INFO - Dependencies all met for <TaskInstance: natality_web_data_to_gcs.query_and_upload_to_gcs_9 manual__2025-03-31T01:47:08.600207+00:00 [queued]>
[2025-03-31 01:47:26,831] {taskinstance.py:1238} INFO - 
--------------------------------------------------------------------------------
[2025-03-31 01:47:26,831] {taskinstance.py:1239} INFO - Starting attempt 1 of 1
[2025-03-31 01:47:26,831] {taskinstance.py:1240} INFO - 
--------------------------------------------------------------------------------
[2025-03-31 01:47:26,863] {taskinstance.py:1259} INFO - Executing <Task(PythonOperator): query_and_upload_to_gcs_9> on 2025-03-31 01:47:08.600207+00:00
[2025-03-31 01:47:26,885] {standard_task_runner.py:52} INFO - Started process 8426 to run task
[2025-03-31 01:47:26,909] {standard_task_runner.py:76} INFO - Running: ['***', 'tasks', 'run', 'natality_web_data_to_gcs', 'query_and_upload_to_gcs_9', 'manual__2025-03-31T01:47:08.600207+00:00', '--job-id', '487', '--raw', '--subdir', 'DAGS_FOLDER/bigquery_to_gcs.py', '--cfg-path', '/tmp/tmpu_6g7wpw', '--error-file', '/tmp/tmp9mlsc6wb']
[2025-03-31 01:47:26,919] {standard_task_runner.py:77} INFO - Job 487: Subtask query_and_upload_to_gcs_9
[2025-03-31 01:47:27,106] {logging_mixin.py:109} INFO - Running <TaskInstance: natality_web_data_to_gcs.query_and_upload_to_gcs_9 manual__2025-03-31T01:47:08.600207+00:00 [running]> on host 3341a2d56eeb
[2025-03-31 01:47:27,251] {taskinstance.py:1426} INFO - Exporting the following env vars:
AIRFLOW_CTX_DAG_OWNER=***
AIRFLOW_CTX_DAG_ID=natality_web_data_to_gcs
AIRFLOW_CTX_TASK_ID=query_and_upload_to_gcs_9
AIRFLOW_CTX_EXECUTION_DATE=2025-03-31T01:47:08.600207+00:00
AIRFLOW_CTX_DAG_RUN_ID=manual__2025-03-31T01:47:08.600207+00:00
[2025-03-31 01:47:27,253] {warnings.py:99} WARNING - /home/***/.local/lib/python3.6/site-packages/***/utils/context.py:152: AirflowContextDeprecationWarning: Accessing 'execution_date' from the template is deprecated and will be removed in a future version. Please use 'data_interval_start' or 'logical_date' instead.
  warnings.warn(_create_deprecation_warning(key, self._deprecation_replacements[key]))

[2025-03-31 01:47:27,253] {warnings.py:99} WARNING - /home/***/.local/lib/python3.6/site-packages/***/utils/context.py:152: AirflowContextDeprecationWarning: Accessing 'next_ds' from the template is deprecated and will be removed in a future version. Please use '{{ data_interval_end | ds }}' instead.
  warnings.warn(_create_deprecation_warning(key, self._deprecation_replacements[key]))

[2025-03-31 01:47:27,254] {warnings.py:99} WARNING - /home/***/.local/lib/python3.6/site-packages/***/utils/context.py:152: AirflowContextDeprecationWarning: Accessing 'next_ds_nodash' from the template is deprecated and will be removed in a future version. Please use '{{ data_interval_end | ds_nodash }}' instead.
  warnings.warn(_create_deprecation_warning(key, self._deprecation_replacements[key]))

[2025-03-31 01:47:27,254] {warnings.py:99} WARNING - /home/***/.local/lib/python3.6/site-packages/***/utils/context.py:152: AirflowContextDeprecationWarning: Accessing 'next_execution_date' from the template is deprecated and will be removed in a future version. Please use 'data_interval_end' instead.
  warnings.warn(_create_deprecation_warning(key, self._deprecation_replacements[key]))

[2025-03-31 01:47:27,254] {warnings.py:99} WARNING - /home/***/.local/lib/python3.6/site-packages/***/utils/context.py:152: AirflowContextDeprecationWarning: Accessing 'prev_ds' from the template is deprecated and will be removed in a future version.
  warnings.warn(_create_deprecation_warning(key, self._deprecation_replacements[key]))

[2025-03-31 01:47:27,255] {warnings.py:99} WARNING - /home/***/.local/lib/python3.6/site-packages/***/utils/context.py:152: AirflowContextDeprecationWarning: Accessing 'prev_ds_nodash' from the template is deprecated and will be removed in a future version.
  warnings.warn(_create_deprecation_warning(key, self._deprecation_replacements[key]))

[2025-03-31 01:47:27,255] {warnings.py:99} WARNING - /home/***/.local/lib/python3.6/site-packages/***/utils/context.py:152: AirflowContextDeprecationWarning: Accessing 'prev_execution_date' from the template is deprecated and will be removed in a future version.
  warnings.warn(_create_deprecation_warning(key, self._deprecation_replacements[key]))

[2025-03-31 01:47:27,256] {warnings.py:99} WARNING - /home/***/.local/lib/python3.6/site-packages/***/utils/context.py:152: AirflowContextDeprecationWarning: Accessing 'prev_execution_date_success' from the template is deprecated and will be removed in a future version. Please use 'prev_data_interval_start_success' instead.
  warnings.warn(_create_deprecation_warning(key, self._deprecation_replacements[key]))

[2025-03-31 01:47:27,256] {warnings.py:99} WARNING - /home/***/.local/lib/python3.6/site-packages/***/utils/context.py:152: AirflowContextDeprecationWarning: Accessing 'tomorrow_ds' from the template is deprecated and will be removed in a future version.
  warnings.warn(_create_deprecation_warning(key, self._deprecation_replacements[key]))

[2025-03-31 01:47:27,256] {warnings.py:99} WARNING - /home/***/.local/lib/python3.6/site-packages/***/utils/context.py:152: AirflowContextDeprecationWarning: Accessing 'tomorrow_ds_nodash' from the template is deprecated and will be removed in a future version.
  warnings.warn(_create_deprecation_warning(key, self._deprecation_replacements[key]))

[2025-03-31 01:47:27,256] {warnings.py:99} WARNING - /home/***/.local/lib/python3.6/site-packages/***/utils/context.py:152: AirflowContextDeprecationWarning: Accessing 'yesterday_ds' from the template is deprecated and will be removed in a future version.
  warnings.warn(_create_deprecation_warning(key, self._deprecation_replacements[key]))

[2025-03-31 01:47:27,256] {warnings.py:99} WARNING - /home/***/.local/lib/python3.6/site-packages/***/utils/context.py:152: AirflowContextDeprecationWarning: Accessing 'yesterday_ds_nodash' from the template is deprecated and will be removed in a future version.
  warnings.warn(_create_deprecation_warning(key, self._deprecation_replacements[key]))

[2025-03-31 01:47:29,247] {crypto.py:82} WARNING - empty cryptography key - values will not be stored encrypted.
[2025-03-31 01:47:29,383] {gcs.py:486} INFO - File /tmp/temp_output_9.csv uploaded to natality/data_month_9.csv in us-natality-bucket bucket
[2025-03-31 01:47:29,384] {python.py:175} INFO - Done. Returned value was: Query executed for month 9 and results uploaded to GCS.
[2025-03-31 01:47:29,473] {taskinstance.py:1277} INFO - Marking task as SUCCESS. dag_id=natality_web_data_to_gcs, task_id=query_and_upload_to_gcs_9, execution_date=20250331T014708, start_date=20250331T014726, end_date=20250331T014729
[2025-03-31 01:47:29,519] {local_task_job.py:154} INFO - Task exited with return code 0
[2025-03-31 01:47:29,726] {local_task_job.py:264} INFO - 0 downstream tasks scheduled from follow-on schedule check
