[2025-03-30 18:00:53,903] {taskinstance.py:1032} INFO - Dependencies all met for <TaskInstance: bigquery_to_gcs_using_python_parquet.query_and_upload_to_gcs_parquet manual__2025-03-30T18:00:51.773087+00:00 [queued]>
[2025-03-30 18:00:53,920] {taskinstance.py:1032} INFO - Dependencies all met for <TaskInstance: bigquery_to_gcs_using_python_parquet.query_and_upload_to_gcs_parquet manual__2025-03-30T18:00:51.773087+00:00 [queued]>
[2025-03-30 18:00:53,920] {taskinstance.py:1238} INFO - 
--------------------------------------------------------------------------------
[2025-03-30 18:00:53,920] {taskinstance.py:1239} INFO - Starting attempt 1 of 1
[2025-03-30 18:00:53,921] {taskinstance.py:1240} INFO - 
--------------------------------------------------------------------------------
[2025-03-30 18:00:53,936] {taskinstance.py:1259} INFO - Executing <Task(PythonOperator): query_and_upload_to_gcs_parquet> on 2025-03-30 18:00:51.773087+00:00
[2025-03-30 18:00:53,946] {standard_task_runner.py:52} INFO - Started process 2491 to run task
[2025-03-30 18:00:53,951] {standard_task_runner.py:76} INFO - Running: ['***', 'tasks', 'run', 'bigquery_to_gcs_using_python_parquet', 'query_and_upload_to_gcs_parquet', 'manual__2025-03-30T18:00:51.773087+00:00', '--job-id', '10', '--raw', '--subdir', 'DAGS_FOLDER/bigquery_to_gcs.py', '--cfg-path', '/tmp/tmpzj_kmggn', '--error-file', '/tmp/tmp6qya7ige']
[2025-03-30 18:00:53,955] {standard_task_runner.py:77} INFO - Job 10: Subtask query_and_upload_to_gcs_parquet
[2025-03-30 18:00:54,029] {logging_mixin.py:109} INFO - Running <TaskInstance: bigquery_to_gcs_using_python_parquet.query_and_upload_to_gcs_parquet manual__2025-03-30T18:00:51.773087+00:00 [running]> on host f5b8902f5cd8
[2025-03-30 18:00:54,107] {taskinstance.py:1426} INFO - Exporting the following env vars:
AIRFLOW_CTX_DAG_OWNER=***
AIRFLOW_CTX_DAG_ID=bigquery_to_gcs_using_python_parquet
AIRFLOW_CTX_TASK_ID=query_and_upload_to_gcs_parquet
AIRFLOW_CTX_EXECUTION_DATE=2025-03-30T18:00:51.773087+00:00
AIRFLOW_CTX_DAG_RUN_ID=manual__2025-03-30T18:00:51.773087+00:00
[2025-03-30 18:00:54,111] {warnings.py:99} WARNING - /home/***/.local/lib/python3.6/site-packages/***/utils/context.py:152: AirflowContextDeprecationWarning: Accessing 'execution_date' from the template is deprecated and will be removed in a future version. Please use 'data_interval_start' or 'logical_date' instead.
  warnings.warn(_create_deprecation_warning(key, self._deprecation_replacements[key]))

[2025-03-30 18:00:54,111] {warnings.py:99} WARNING - /home/***/.local/lib/python3.6/site-packages/***/utils/context.py:152: AirflowContextDeprecationWarning: Accessing 'next_ds' from the template is deprecated and will be removed in a future version. Please use '{{ data_interval_end | ds }}' instead.
  warnings.warn(_create_deprecation_warning(key, self._deprecation_replacements[key]))

[2025-03-30 18:00:54,111] {warnings.py:99} WARNING - /home/***/.local/lib/python3.6/site-packages/***/utils/context.py:152: AirflowContextDeprecationWarning: Accessing 'next_ds_nodash' from the template is deprecated and will be removed in a future version. Please use '{{ data_interval_end | ds_nodash }}' instead.
  warnings.warn(_create_deprecation_warning(key, self._deprecation_replacements[key]))

[2025-03-30 18:00:54,112] {warnings.py:99} WARNING - /home/***/.local/lib/python3.6/site-packages/***/utils/context.py:152: AirflowContextDeprecationWarning: Accessing 'next_execution_date' from the template is deprecated and will be removed in a future version. Please use 'data_interval_end' instead.
  warnings.warn(_create_deprecation_warning(key, self._deprecation_replacements[key]))

[2025-03-30 18:00:54,112] {warnings.py:99} WARNING - /home/***/.local/lib/python3.6/site-packages/***/utils/context.py:152: AirflowContextDeprecationWarning: Accessing 'prev_ds' from the template is deprecated and will be removed in a future version.
  warnings.warn(_create_deprecation_warning(key, self._deprecation_replacements[key]))

[2025-03-30 18:00:54,112] {warnings.py:99} WARNING - /home/***/.local/lib/python3.6/site-packages/***/utils/context.py:152: AirflowContextDeprecationWarning: Accessing 'prev_ds_nodash' from the template is deprecated and will be removed in a future version.
  warnings.warn(_create_deprecation_warning(key, self._deprecation_replacements[key]))

[2025-03-30 18:00:54,112] {warnings.py:99} WARNING - /home/***/.local/lib/python3.6/site-packages/***/utils/context.py:152: AirflowContextDeprecationWarning: Accessing 'prev_execution_date' from the template is deprecated and will be removed in a future version.
  warnings.warn(_create_deprecation_warning(key, self._deprecation_replacements[key]))

[2025-03-30 18:00:54,112] {warnings.py:99} WARNING - /home/***/.local/lib/python3.6/site-packages/***/utils/context.py:152: AirflowContextDeprecationWarning: Accessing 'prev_execution_date_success' from the template is deprecated and will be removed in a future version. Please use 'prev_data_interval_start_success' instead.
  warnings.warn(_create_deprecation_warning(key, self._deprecation_replacements[key]))

[2025-03-30 18:00:54,112] {warnings.py:99} WARNING - /home/***/.local/lib/python3.6/site-packages/***/utils/context.py:152: AirflowContextDeprecationWarning: Accessing 'tomorrow_ds' from the template is deprecated and will be removed in a future version.
  warnings.warn(_create_deprecation_warning(key, self._deprecation_replacements[key]))

[2025-03-30 18:00:54,112] {warnings.py:99} WARNING - /home/***/.local/lib/python3.6/site-packages/***/utils/context.py:152: AirflowContextDeprecationWarning: Accessing 'tomorrow_ds_nodash' from the template is deprecated and will be removed in a future version.
  warnings.warn(_create_deprecation_warning(key, self._deprecation_replacements[key]))

[2025-03-30 18:00:54,112] {warnings.py:99} WARNING - /home/***/.local/lib/python3.6/site-packages/***/utils/context.py:152: AirflowContextDeprecationWarning: Accessing 'yesterday_ds' from the template is deprecated and will be removed in a future version.
  warnings.warn(_create_deprecation_warning(key, self._deprecation_replacements[key]))

[2025-03-30 18:00:54,112] {warnings.py:99} WARNING - /home/***/.local/lib/python3.6/site-packages/***/utils/context.py:152: AirflowContextDeprecationWarning: Accessing 'yesterday_ds_nodash' from the template is deprecated and will be removed in a future version.
  warnings.warn(_create_deprecation_warning(key, self._deprecation_replacements[key]))

[2025-03-30 18:00:54,809] {crypto.py:82} WARNING - empty cryptography key - values will not be stored encrypted.
[2025-03-30 18:00:54,955] {gcs.py:486} INFO - File /tmp/temp_output.parquet uploaded to data/data.parquet in us-natality-bucket bucket
[2025-03-30 18:00:54,956] {python.py:175} INFO - Done. Returned value was: Query executed and results uploaded to GCS in Parquet format.
[2025-03-30 18:00:54,996] {taskinstance.py:1277} INFO - Marking task as SUCCESS. dag_id=bigquery_to_gcs_using_python_parquet, task_id=query_and_upload_to_gcs_parquet, execution_date=20250330T180051, start_date=20250330T180053, end_date=20250330T180054
[2025-03-30 18:00:55,053] {local_task_job.py:154} INFO - Task exited with return code 0
[2025-03-30 18:00:55,094] {local_task_job.py:264} INFO - 0 downstream tasks scheduled from follow-on schedule check
