[2025-03-31 00:49:15,456] {taskinstance.py:1032} INFO - Dependencies all met for <TaskInstance: natality_web_data_to_gcs.end manual__2025-03-31T00:42:09.430131+00:00 [queued]>
[2025-03-31 00:49:15,477] {taskinstance.py:1032} INFO - Dependencies all met for <TaskInstance: natality_web_data_to_gcs.end manual__2025-03-31T00:42:09.430131+00:00 [queued]>
[2025-03-31 00:49:15,477] {taskinstance.py:1238} INFO - 
--------------------------------------------------------------------------------
[2025-03-31 00:49:15,477] {taskinstance.py:1239} INFO - Starting attempt 1 of 1
[2025-03-31 00:49:15,478] {taskinstance.py:1240} INFO - 
--------------------------------------------------------------------------------
[2025-03-31 00:49:15,499] {taskinstance.py:1259} INFO - Executing <Task(BashOperator): end> on 2025-03-31 00:42:09.430131+00:00
[2025-03-31 00:49:15,516] {standard_task_runner.py:52} INFO - Started process 4825 to run task
[2025-03-31 00:49:15,522] {standard_task_runner.py:76} INFO - Running: ['***', 'tasks', 'run', 'natality_web_data_to_gcs', 'end', 'manual__2025-03-31T00:42:09.430131+00:00', '--job-id', '364', '--raw', '--subdir', 'DAGS_FOLDER/bigquery_to_gcs.py', '--cfg-path', '/tmp/tmphgej1ffp', '--error-file', '/tmp/tmp7mju6hef']
[2025-03-31 00:49:15,528] {standard_task_runner.py:77} INFO - Job 364: Subtask end
[2025-03-31 00:49:15,626] {logging_mixin.py:109} INFO - Running <TaskInstance: natality_web_data_to_gcs.end manual__2025-03-31T00:42:09.430131+00:00 [running]> on host 3341a2d56eeb
[2025-03-31 00:49:15,725] {taskinstance.py:1426} INFO - Exporting the following env vars:
AIRFLOW_CTX_DAG_OWNER=***
AIRFLOW_CTX_DAG_ID=natality_web_data_to_gcs
AIRFLOW_CTX_TASK_ID=end
AIRFLOW_CTX_EXECUTION_DATE=2025-03-31T00:42:09.430131+00:00
AIRFLOW_CTX_DAG_RUN_ID=manual__2025-03-31T00:42:09.430131+00:00
[2025-03-31 00:49:15,726] {subprocess.py:62} INFO - Tmp dir root location: 
 /tmp
[2025-03-31 00:49:15,727] {subprocess.py:74} INFO - Running command: ['bash', '-c', 'echo "End!"']
[2025-03-31 00:49:15,758] {subprocess.py:85} INFO - Output:
[2025-03-31 00:49:15,761] {subprocess.py:89} INFO - End!
[2025-03-31 00:49:15,761] {subprocess.py:93} INFO - Command exited with return code 0
[2025-03-31 00:49:15,806] {taskinstance.py:1277} INFO - Marking task as SUCCESS. dag_id=natality_web_data_to_gcs, task_id=end, execution_date=20250331T004209, start_date=20250331T004915, end_date=20250331T004915
[2025-03-31 00:49:15,864] {local_task_job.py:154} INFO - Task exited with return code 0
[2025-03-31 00:49:15,912] {local_task_job.py:264} INFO - 0 downstream tasks scheduled from follow-on schedule check
