[2025-03-31 00:28:20,885] {taskinstance.py:1032} INFO - Dependencies all met for <TaskInstance: natality_web_data_to_gcs.start manual__2025-03-31T00:28:19.416233+00:00 [queued]>
[2025-03-31 00:28:20,901] {taskinstance.py:1032} INFO - Dependencies all met for <TaskInstance: natality_web_data_to_gcs.start manual__2025-03-31T00:28:19.416233+00:00 [queued]>
[2025-03-31 00:28:20,901] {taskinstance.py:1238} INFO - 
--------------------------------------------------------------------------------
[2025-03-31 00:28:20,901] {taskinstance.py:1239} INFO - Starting attempt 1 of 1
[2025-03-31 00:28:20,901] {taskinstance.py:1240} INFO - 
--------------------------------------------------------------------------------
[2025-03-31 00:28:20,920] {taskinstance.py:1259} INFO - Executing <Task(BashOperator): start> on 2025-03-31 00:28:19.416233+00:00
[2025-03-31 00:28:20,935] {standard_task_runner.py:52} INFO - Started process 3271 to run task
[2025-03-31 00:28:20,940] {standard_task_runner.py:76} INFO - Running: ['***', 'tasks', 'run', 'natality_web_data_to_gcs', 'start', 'manual__2025-03-31T00:28:19.416233+00:00', '--job-id', '297', '--raw', '--subdir', 'DAGS_FOLDER/bigquery_to_gcs.py', '--cfg-path', '/tmp/tmpns1xkhrj', '--error-file', '/tmp/tmpturhblot']
[2025-03-31 00:28:20,946] {standard_task_runner.py:77} INFO - Job 297: Subtask start
[2025-03-31 00:28:21,029] {logging_mixin.py:109} INFO - Running <TaskInstance: natality_web_data_to_gcs.start manual__2025-03-31T00:28:19.416233+00:00 [running]> on host 3341a2d56eeb
[2025-03-31 00:28:21,121] {taskinstance.py:1426} INFO - Exporting the following env vars:
AIRFLOW_CTX_DAG_OWNER=***
AIRFLOW_CTX_DAG_ID=natality_web_data_to_gcs
AIRFLOW_CTX_TASK_ID=start
AIRFLOW_CTX_EXECUTION_DATE=2025-03-31T00:28:19.416233+00:00
AIRFLOW_CTX_DAG_RUN_ID=manual__2025-03-31T00:28:19.416233+00:00
[2025-03-31 00:28:21,122] {subprocess.py:62} INFO - Tmp dir root location: 
 /tmp
[2025-03-31 00:28:21,123] {subprocess.py:74} INFO - Running command: ['bash', '-c', 'echo "Started!"']
[2025-03-31 00:28:21,150] {subprocess.py:85} INFO - Output:
[2025-03-31 00:28:21,153] {subprocess.py:89} INFO - Started!
[2025-03-31 00:28:21,154] {subprocess.py:93} INFO - Command exited with return code 0
[2025-03-31 00:28:21,203] {taskinstance.py:1277} INFO - Marking task as SUCCESS. dag_id=natality_web_data_to_gcs, task_id=start, execution_date=20250331T002819, start_date=20250331T002820, end_date=20250331T002821
[2025-03-31 00:28:21,240] {local_task_job.py:154} INFO - Task exited with return code 0
[2025-03-31 00:28:21,323] {local_task_job.py:264} INFO - 2 downstream tasks scheduled from follow-on schedule check
