[2025-03-30 22:46:47,508] {taskinstance.py:1032} INFO - Dependencies all met for <TaskInstance: natality_web_data_to_gcs.end manual__2025-03-30T22:41:06.032297+00:00 [queued]>
[2025-03-30 22:46:47,528] {taskinstance.py:1032} INFO - Dependencies all met for <TaskInstance: natality_web_data_to_gcs.end manual__2025-03-30T22:41:06.032297+00:00 [queued]>
[2025-03-30 22:46:47,528] {taskinstance.py:1238} INFO - 
--------------------------------------------------------------------------------
[2025-03-30 22:46:47,528] {taskinstance.py:1239} INFO - Starting attempt 1 of 1
[2025-03-30 22:46:47,528] {taskinstance.py:1240} INFO - 
--------------------------------------------------------------------------------
[2025-03-30 22:46:47,546] {taskinstance.py:1259} INFO - Executing <Task(BashOperator): end> on 2025-03-30 22:41:06.032297+00:00
[2025-03-30 22:46:47,558] {standard_task_runner.py:52} INFO - Started process 3316 to run task
[2025-03-30 22:46:47,563] {standard_task_runner.py:76} INFO - Running: ['***', 'tasks', 'run', 'natality_web_data_to_gcs', 'end', 'manual__2025-03-30T22:41:06.032297+00:00', '--job-id', '164', '--raw', '--subdir', 'DAGS_FOLDER/bigquery_to_gcs.py', '--cfg-path', '/tmp/tmpv39tj6pi', '--error-file', '/tmp/tmp13q8qfac']
[2025-03-30 22:46:47,569] {standard_task_runner.py:77} INFO - Job 164: Subtask end
[2025-03-30 22:46:47,747] {logging_mixin.py:109} INFO - Running <TaskInstance: natality_web_data_to_gcs.end manual__2025-03-30T22:41:06.032297+00:00 [running]> on host 6e74f7e5ce4c
[2025-03-30 22:46:47,850] {taskinstance.py:1426} INFO - Exporting the following env vars:
AIRFLOW_CTX_DAG_OWNER=***
AIRFLOW_CTX_DAG_ID=natality_web_data_to_gcs
AIRFLOW_CTX_TASK_ID=end
AIRFLOW_CTX_EXECUTION_DATE=2025-03-30T22:41:06.032297+00:00
AIRFLOW_CTX_DAG_RUN_ID=manual__2025-03-30T22:41:06.032297+00:00
[2025-03-30 22:46:47,854] {subprocess.py:62} INFO - Tmp dir root location: 
 /tmp
[2025-03-30 22:46:47,854] {subprocess.py:74} INFO - Running command: ['bash', '-c', 'echo "End!"']
[2025-03-30 22:46:47,885] {subprocess.py:85} INFO - Output:
[2025-03-30 22:46:47,889] {subprocess.py:89} INFO - End!
[2025-03-30 22:46:47,889] {subprocess.py:93} INFO - Command exited with return code 0
[2025-03-30 22:46:47,942] {taskinstance.py:1277} INFO - Marking task as SUCCESS. dag_id=natality_web_data_to_gcs, task_id=end, execution_date=20250330T224106, start_date=20250330T224647, end_date=20250330T224647
[2025-03-30 22:46:48,028] {local_task_job.py:154} INFO - Task exited with return code 0
[2025-03-30 22:46:48,091] {local_task_job.py:264} INFO - 0 downstream tasks scheduled from follow-on schedule check
