[2025-03-31 00:42:13,683] {taskinstance.py:1032} INFO - Dependencies all met for <TaskInstance: natality_web_data_to_gcs.download_race_lookup manual__2025-03-31T00:42:09.430131+00:00 [queued]>
[2025-03-31 00:42:13,713] {taskinstance.py:1032} INFO - Dependencies all met for <TaskInstance: natality_web_data_to_gcs.download_race_lookup manual__2025-03-31T00:42:09.430131+00:00 [queued]>
[2025-03-31 00:42:13,714] {taskinstance.py:1238} INFO - 
--------------------------------------------------------------------------------
[2025-03-31 00:42:13,714] {taskinstance.py:1239} INFO - Starting attempt 1 of 1
[2025-03-31 00:42:13,715] {taskinstance.py:1240} INFO - 
--------------------------------------------------------------------------------
[2025-03-31 00:42:13,739] {taskinstance.py:1259} INFO - Executing <Task(BashOperator): download_race_lookup> on 2025-03-31 00:42:09.430131+00:00
[2025-03-31 00:42:13,748] {standard_task_runner.py:52} INFO - Started process 4289 to run task
[2025-03-31 00:42:13,753] {standard_task_runner.py:76} INFO - Running: ['***', 'tasks', 'run', 'natality_web_data_to_gcs', 'download_race_lookup', 'manual__2025-03-31T00:42:09.430131+00:00', '--job-id', '343', '--raw', '--subdir', 'DAGS_FOLDER/bigquery_to_gcs.py', '--cfg-path', '/tmp/tmp_upntiga', '--error-file', '/tmp/tmpmlnwc22l']
[2025-03-31 00:42:13,759] {standard_task_runner.py:77} INFO - Job 343: Subtask download_race_lookup
[2025-03-31 00:42:13,854] {logging_mixin.py:109} INFO - Running <TaskInstance: natality_web_data_to_gcs.download_race_lookup manual__2025-03-31T00:42:09.430131+00:00 [running]> on host 3341a2d56eeb
[2025-03-31 00:42:13,953] {taskinstance.py:1426} INFO - Exporting the following env vars:
AIRFLOW_CTX_DAG_OWNER=***
AIRFLOW_CTX_DAG_ID=natality_web_data_to_gcs
AIRFLOW_CTX_TASK_ID=download_race_lookup
AIRFLOW_CTX_EXECUTION_DATE=2025-03-31T00:42:09.430131+00:00
AIRFLOW_CTX_DAG_RUN_ID=manual__2025-03-31T00:42:09.430131+00:00
[2025-03-31 00:42:13,955] {subprocess.py:62} INFO - Tmp dir root location: 
 /tmp
[2025-03-31 00:42:13,956] {subprocess.py:74} INFO - Running command: ['bash', '-c', 'wget --no-check-certificate "https://docs.google.com/uc?export=download&id=17o8e1eh7XkHk61P5JuBAi2JhFvnUt4tJ" -O /tmp/race_lookup.csv']
[2025-03-31 00:42:13,980] {subprocess.py:85} INFO - Output:
[2025-03-31 00:42:13,991] {subprocess.py:89} INFO - --2025-03-31 00:42:13--  https://docs.google.com/uc?export=download&id=17o8e1eh7XkHk61P5JuBAi2JhFvnUt4tJ
[2025-03-31 00:42:14,003] {subprocess.py:89} INFO - Resolving docs.google.com (docs.google.com)... 64.233.181.100, 64.233.181.113, 64.233.181.139, ...
[2025-03-31 00:42:14,005] {subprocess.py:89} INFO - Connecting to docs.google.com (docs.google.com)|64.233.181.100|:443... connected.
[2025-03-31 00:42:14,095] {subprocess.py:89} INFO - HTTP request sent, awaiting response... 303 See Other
[2025-03-31 00:42:14,096] {subprocess.py:89} INFO - Location: https://drive.usercontent.google.com/download?id=17o8e1eh7XkHk61P5JuBAi2JhFvnUt4tJ&export=download [following]
[2025-03-31 00:42:14,096] {subprocess.py:89} INFO - --2025-03-31 00:42:14--  https://drive.usercontent.google.com/download?id=17o8e1eh7XkHk61P5JuBAi2JhFvnUt4tJ&export=download
[2025-03-31 00:42:14,097] {subprocess.py:89} INFO - Resolving drive.usercontent.google.com (drive.usercontent.google.com)... 209.85.200.132, 2607:f8b0:4001:c16::84
[2025-03-31 00:42:14,099] {subprocess.py:89} INFO - Connecting to drive.usercontent.google.com (drive.usercontent.google.com)|209.85.200.132|:443... connected.
[2025-03-31 00:42:16,191] {subprocess.py:89} INFO - HTTP request sent, awaiting response... 200 OK
[2025-03-31 00:42:16,191] {subprocess.py:89} INFO - Length: 173 [application/octet-stream]
[2025-03-31 00:42:16,191] {subprocess.py:89} INFO - Saving to: ‘/tmp/race_lookup.csv’
[2025-03-31 00:42:16,192] {subprocess.py:89} INFO - 
[2025-03-31 00:42:16,192] {subprocess.py:89} INFO -      0K                                                       100% 6.25M=0s
[2025-03-31 00:42:16,192] {subprocess.py:89} INFO - 
[2025-03-31 00:42:16,192] {subprocess.py:89} INFO - 2025-03-31 00:42:16 (6.25 MB/s) - ‘/tmp/race_lookup.csv’ saved [173/173]
[2025-03-31 00:42:16,192] {subprocess.py:89} INFO - 
[2025-03-31 00:42:16,193] {subprocess.py:93} INFO - Command exited with return code 0
[2025-03-31 00:42:16,243] {taskinstance.py:1277} INFO - Marking task as SUCCESS. dag_id=natality_web_data_to_gcs, task_id=download_race_lookup, execution_date=20250331T004209, start_date=20250331T004213, end_date=20250331T004216
[2025-03-31 00:42:16,306] {local_task_job.py:154} INFO - Task exited with return code 0
[2025-03-31 00:42:16,394] {local_task_job.py:264} INFO - 0 downstream tasks scheduled from follow-on schedule check
