[2025-03-31 02:32:22,586] {taskinstance.py:1032} INFO - Dependencies all met for <TaskInstance: natality_web_data_to_gcs.download_race_lookup manual__2025-03-31T02:32:18.651615+00:00 [queued]>
[2025-03-31 02:32:22,610] {taskinstance.py:1032} INFO - Dependencies all met for <TaskInstance: natality_web_data_to_gcs.download_race_lookup manual__2025-03-31T02:32:18.651615+00:00 [queued]>
[2025-03-31 02:32:22,610] {taskinstance.py:1238} INFO - 
--------------------------------------------------------------------------------
[2025-03-31 02:32:22,611] {taskinstance.py:1239} INFO - Starting attempt 1 of 1
[2025-03-31 02:32:22,612] {taskinstance.py:1240} INFO - 
--------------------------------------------------------------------------------
[2025-03-31 02:32:22,636] {taskinstance.py:1259} INFO - Executing <Task(BashOperator): download_race_lookup> on 2025-03-31 02:32:18.651615+00:00
[2025-03-31 02:32:22,647] {standard_task_runner.py:52} INFO - Started process 1583 to run task
[2025-03-31 02:32:22,655] {standard_task_runner.py:76} INFO - Running: ['***', 'tasks', 'run', 'natality_web_data_to_gcs', 'download_race_lookup', 'manual__2025-03-31T02:32:18.651615+00:00', '--job-id', '577', '--raw', '--subdir', 'DAGS_FOLDER/bigquery_to_gcs.py', '--cfg-path', '/tmp/tmpg7mgbc18', '--error-file', '/tmp/tmpyz1_v9_8']
[2025-03-31 02:32:22,660] {standard_task_runner.py:77} INFO - Job 577: Subtask download_race_lookup
[2025-03-31 02:32:22,760] {logging_mixin.py:109} INFO - Running <TaskInstance: natality_web_data_to_gcs.download_race_lookup manual__2025-03-31T02:32:18.651615+00:00 [running]> on host 65c454f46b2f
[2025-03-31 02:32:22,834] {taskinstance.py:1426} INFO - Exporting the following env vars:
AIRFLOW_CTX_DAG_OWNER=***
AIRFLOW_CTX_DAG_ID=natality_web_data_to_gcs
AIRFLOW_CTX_TASK_ID=download_race_lookup
AIRFLOW_CTX_EXECUTION_DATE=2025-03-31T02:32:18.651615+00:00
AIRFLOW_CTX_DAG_RUN_ID=manual__2025-03-31T02:32:18.651615+00:00
[2025-03-31 02:32:22,836] {subprocess.py:62} INFO - Tmp dir root location: 
 /tmp
[2025-03-31 02:32:22,837] {subprocess.py:74} INFO - Running command: ['bash', '-c', 'wget --no-check-certificate "https://docs.google.com/uc?export=download&id=17o8e1eh7XkHk61P5JuBAi2JhFvnUt4tJ" -O /tmp/race_lookup.csv']
[2025-03-31 02:32:22,867] {subprocess.py:85} INFO - Output:
[2025-03-31 02:32:22,877] {subprocess.py:89} INFO - --2025-03-31 02:32:22--  https://docs.google.com/uc?export=download&id=17o8e1eh7XkHk61P5JuBAi2JhFvnUt4tJ
[2025-03-31 02:32:22,894] {subprocess.py:89} INFO - Resolving docs.google.com (docs.google.com)... 142.251.189.138, 142.251.189.100, 142.251.189.113, ...
[2025-03-31 02:32:22,898] {subprocess.py:89} INFO - Connecting to docs.google.com (docs.google.com)|142.251.189.138|:443... connected.
[2025-03-31 02:32:22,987] {subprocess.py:89} INFO - HTTP request sent, awaiting response... 303 See Other
[2025-03-31 02:32:22,988] {subprocess.py:89} INFO - Location: https://drive.usercontent.google.com/download?id=17o8e1eh7XkHk61P5JuBAi2JhFvnUt4tJ&export=download [following]
[2025-03-31 02:32:22,988] {subprocess.py:89} INFO - --2025-03-31 02:32:22--  https://drive.usercontent.google.com/download?id=17o8e1eh7XkHk61P5JuBAi2JhFvnUt4tJ&export=download
[2025-03-31 02:32:22,995] {subprocess.py:89} INFO - Resolving drive.usercontent.google.com (drive.usercontent.google.com)... 209.85.200.132, 2607:f8b0:4001:c16::84
[2025-03-31 02:32:22,997] {subprocess.py:89} INFO - Connecting to drive.usercontent.google.com (drive.usercontent.google.com)|209.85.200.132|:443... connected.
[2025-03-31 02:32:25,294] {subprocess.py:89} INFO - HTTP request sent, awaiting response... 200 OK
[2025-03-31 02:32:25,294] {subprocess.py:89} INFO - Length: 173 [application/octet-stream]
[2025-03-31 02:32:25,294] {subprocess.py:89} INFO - Saving to: ‘/tmp/race_lookup.csv’
[2025-03-31 02:32:25,294] {subprocess.py:89} INFO - 
[2025-03-31 02:32:25,295] {subprocess.py:89} INFO -      0K                                                       100% 8.36M=0s
[2025-03-31 02:32:25,295] {subprocess.py:89} INFO - 
[2025-03-31 02:32:25,295] {subprocess.py:89} INFO - 2025-03-31 02:32:25 (8.36 MB/s) - ‘/tmp/race_lookup.csv’ saved [173/173]
[2025-03-31 02:32:25,295] {subprocess.py:89} INFO - 
[2025-03-31 02:32:25,296] {subprocess.py:93} INFO - Command exited with return code 0
[2025-03-31 02:32:25,338] {taskinstance.py:1277} INFO - Marking task as SUCCESS. dag_id=natality_web_data_to_gcs, task_id=download_race_lookup, execution_date=20250331T023218, start_date=20250331T023222, end_date=20250331T023225
[2025-03-31 02:32:25,411] {local_task_job.py:154} INFO - Task exited with return code 0
[2025-03-31 02:32:25,500] {local_task_job.py:264} INFO - 0 downstream tasks scheduled from follow-on schedule check
