[2025-03-31 00:42:40,565] {taskinstance.py:1032} INFO - Dependencies all met for <TaskInstance: natality_web_data_to_gcs.joint4 manual__2025-03-31T00:42:09.430131+00:00 [queued]>
[2025-03-31 00:42:40,587] {taskinstance.py:1032} INFO - Dependencies all met for <TaskInstance: natality_web_data_to_gcs.joint4 manual__2025-03-31T00:42:09.430131+00:00 [queued]>
[2025-03-31 00:42:40,587] {taskinstance.py:1238} INFO - 
--------------------------------------------------------------------------------
[2025-03-31 00:42:40,588] {taskinstance.py:1239} INFO - Starting attempt 1 of 1
[2025-03-31 00:42:40,588] {taskinstance.py:1240} INFO - 
--------------------------------------------------------------------------------
[2025-03-31 00:42:40,607] {taskinstance.py:1259} INFO - Executing <Task(BashOperator): joint4> on 2025-03-31 00:42:09.430131+00:00
[2025-03-31 00:42:40,622] {standard_task_runner.py:52} INFO - Started process 4512 to run task
[2025-03-31 00:42:40,626] {standard_task_runner.py:76} INFO - Running: ['***', 'tasks', 'run', 'natality_web_data_to_gcs', 'joint4', 'manual__2025-03-31T00:42:09.430131+00:00', '--job-id', '361', '--raw', '--subdir', 'DAGS_FOLDER/bigquery_to_gcs.py', '--cfg-path', '/tmp/tmpvco80ftv', '--error-file', '/tmp/tmprc7gtnd0']
[2025-03-31 00:42:40,631] {standard_task_runner.py:77} INFO - Job 361: Subtask joint4
[2025-03-31 00:42:40,733] {logging_mixin.py:109} INFO - Running <TaskInstance: natality_web_data_to_gcs.joint4 manual__2025-03-31T00:42:09.430131+00:00 [running]> on host 3341a2d56eeb
[2025-03-31 00:42:40,824] {taskinstance.py:1426} INFO - Exporting the following env vars:
AIRFLOW_CTX_DAG_OWNER=***
AIRFLOW_CTX_DAG_ID=natality_web_data_to_gcs
AIRFLOW_CTX_TASK_ID=joint4
AIRFLOW_CTX_EXECUTION_DATE=2025-03-31T00:42:09.430131+00:00
AIRFLOW_CTX_DAG_RUN_ID=manual__2025-03-31T00:42:09.430131+00:00
[2025-03-31 00:42:40,827] {subprocess.py:62} INFO - Tmp dir root location: 
 /tmp
[2025-03-31 00:42:40,828] {subprocess.py:74} INFO - Running command: ['bash', '-c', 'echo "Joint4!"']
[2025-03-31 00:42:40,855] {subprocess.py:85} INFO - Output:
[2025-03-31 00:42:40,858] {subprocess.py:89} INFO - Joint4!
[2025-03-31 00:42:40,859] {subprocess.py:93} INFO - Command exited with return code 0
[2025-03-31 00:42:40,909] {taskinstance.py:1277} INFO - Marking task as SUCCESS. dag_id=natality_web_data_to_gcs, task_id=joint4, execution_date=20250331T004209, start_date=20250331T004240, end_date=20250331T004240
[2025-03-31 00:42:40,970] {local_task_job.py:154} INFO - Task exited with return code 0
[2025-03-31 00:42:41,037] {local_task_job.py:264} INFO - 1 downstream tasks scheduled from follow-on schedule check
