[2025-03-30 17:52:07,418] {taskinstance.py:1032} INFO - Dependencies all met for <TaskInstance: bigquery_to_gcs_using_python.query_and_upload_to_gcs manual__2025-03-30T17:52:05.837769+00:00 [queued]>
[2025-03-30 17:52:07,433] {taskinstance.py:1032} INFO - Dependencies all met for <TaskInstance: bigquery_to_gcs_using_python.query_and_upload_to_gcs manual__2025-03-30T17:52:05.837769+00:00 [queued]>
[2025-03-30 17:52:07,434] {taskinstance.py:1238} INFO - 
--------------------------------------------------------------------------------
[2025-03-30 17:52:07,434] {taskinstance.py:1239} INFO - Starting attempt 1 of 1
[2025-03-30 17:52:07,434] {taskinstance.py:1240} INFO - 
--------------------------------------------------------------------------------
[2025-03-30 17:52:07,448] {taskinstance.py:1259} INFO - Executing <Task(PythonOperator): query_and_upload_to_gcs> on 2025-03-30 17:52:05.837769+00:00
[2025-03-30 17:52:07,456] {standard_task_runner.py:52} INFO - Started process 2116 to run task
[2025-03-30 17:52:07,461] {standard_task_runner.py:76} INFO - Running: ['***', 'tasks', 'run', 'bigquery_to_gcs_using_python', 'query_and_upload_to_gcs', 'manual__2025-03-30T17:52:05.837769+00:00', '--job-id', '7', '--raw', '--subdir', 'DAGS_FOLDER/bigquery_to_gcs.py', '--cfg-path', '/tmp/tmpm29y52ax', '--error-file', '/tmp/tmp7kh1kyqb']
[2025-03-30 17:52:07,465] {standard_task_runner.py:77} INFO - Job 7: Subtask query_and_upload_to_gcs
[2025-03-30 17:52:07,550] {logging_mixin.py:109} INFO - Running <TaskInstance: bigquery_to_gcs_using_python.query_and_upload_to_gcs manual__2025-03-30T17:52:05.837769+00:00 [running]> on host f5b8902f5cd8
[2025-03-30 17:52:07,636] {taskinstance.py:1426} INFO - Exporting the following env vars:
AIRFLOW_CTX_DAG_OWNER=***
AIRFLOW_CTX_DAG_ID=bigquery_to_gcs_using_python
AIRFLOW_CTX_TASK_ID=query_and_upload_to_gcs
AIRFLOW_CTX_EXECUTION_DATE=2025-03-30T17:52:05.837769+00:00
AIRFLOW_CTX_DAG_RUN_ID=manual__2025-03-30T17:52:05.837769+00:00
[2025-03-30 17:52:07,640] {warnings.py:99} WARNING - /home/***/.local/lib/python3.6/site-packages/***/utils/context.py:152: AirflowContextDeprecationWarning: Accessing 'execution_date' from the template is deprecated and will be removed in a future version. Please use 'data_interval_start' or 'logical_date' instead.
  warnings.warn(_create_deprecation_warning(key, self._deprecation_replacements[key]))

[2025-03-30 17:52:07,641] {warnings.py:99} WARNING - /home/***/.local/lib/python3.6/site-packages/***/utils/context.py:152: AirflowContextDeprecationWarning: Accessing 'next_ds' from the template is deprecated and will be removed in a future version. Please use '{{ data_interval_end | ds }}' instead.
  warnings.warn(_create_deprecation_warning(key, self._deprecation_replacements[key]))

[2025-03-30 17:52:07,641] {warnings.py:99} WARNING - /home/***/.local/lib/python3.6/site-packages/***/utils/context.py:152: AirflowContextDeprecationWarning: Accessing 'next_ds_nodash' from the template is deprecated and will be removed in a future version. Please use '{{ data_interval_end | ds_nodash }}' instead.
  warnings.warn(_create_deprecation_warning(key, self._deprecation_replacements[key]))

[2025-03-30 17:52:07,641] {warnings.py:99} WARNING - /home/***/.local/lib/python3.6/site-packages/***/utils/context.py:152: AirflowContextDeprecationWarning: Accessing 'next_execution_date' from the template is deprecated and will be removed in a future version. Please use 'data_interval_end' instead.
  warnings.warn(_create_deprecation_warning(key, self._deprecation_replacements[key]))

[2025-03-30 17:52:07,641] {warnings.py:99} WARNING - /home/***/.local/lib/python3.6/site-packages/***/utils/context.py:152: AirflowContextDeprecationWarning: Accessing 'prev_ds' from the template is deprecated and will be removed in a future version.
  warnings.warn(_create_deprecation_warning(key, self._deprecation_replacements[key]))

[2025-03-30 17:52:07,641] {warnings.py:99} WARNING - /home/***/.local/lib/python3.6/site-packages/***/utils/context.py:152: AirflowContextDeprecationWarning: Accessing 'prev_ds_nodash' from the template is deprecated and will be removed in a future version.
  warnings.warn(_create_deprecation_warning(key, self._deprecation_replacements[key]))

[2025-03-30 17:52:07,641] {warnings.py:99} WARNING - /home/***/.local/lib/python3.6/site-packages/***/utils/context.py:152: AirflowContextDeprecationWarning: Accessing 'prev_execution_date' from the template is deprecated and will be removed in a future version.
  warnings.warn(_create_deprecation_warning(key, self._deprecation_replacements[key]))

[2025-03-30 17:52:07,641] {warnings.py:99} WARNING - /home/***/.local/lib/python3.6/site-packages/***/utils/context.py:152: AirflowContextDeprecationWarning: Accessing 'prev_execution_date_success' from the template is deprecated and will be removed in a future version. Please use 'prev_data_interval_start_success' instead.
  warnings.warn(_create_deprecation_warning(key, self._deprecation_replacements[key]))

[2025-03-30 17:52:07,641] {warnings.py:99} WARNING - /home/***/.local/lib/python3.6/site-packages/***/utils/context.py:152: AirflowContextDeprecationWarning: Accessing 'tomorrow_ds' from the template is deprecated and will be removed in a future version.
  warnings.warn(_create_deprecation_warning(key, self._deprecation_replacements[key]))

[2025-03-30 17:52:07,641] {warnings.py:99} WARNING - /home/***/.local/lib/python3.6/site-packages/***/utils/context.py:152: AirflowContextDeprecationWarning: Accessing 'tomorrow_ds_nodash' from the template is deprecated and will be removed in a future version.
  warnings.warn(_create_deprecation_warning(key, self._deprecation_replacements[key]))

[2025-03-30 17:52:07,642] {warnings.py:99} WARNING - /home/***/.local/lib/python3.6/site-packages/***/utils/context.py:152: AirflowContextDeprecationWarning: Accessing 'yesterday_ds' from the template is deprecated and will be removed in a future version.
  warnings.warn(_create_deprecation_warning(key, self._deprecation_replacements[key]))

[2025-03-30 17:52:07,642] {warnings.py:99} WARNING - /home/***/.local/lib/python3.6/site-packages/***/utils/context.py:152: AirflowContextDeprecationWarning: Accessing 'yesterday_ds_nodash' from the template is deprecated and will be removed in a future version.
  warnings.warn(_create_deprecation_warning(key, self._deprecation_replacements[key]))

[2025-03-30 17:52:08,438] {crypto.py:82} WARNING - empty cryptography key - values will not be stored encrypted.
[2025-03-30 17:52:08,587] {gcs.py:486} INFO - File /tmp/temp_output.csv uploaded to path/to/output_file.csv in us-natality-bucket bucket
[2025-03-30 17:52:08,587] {python.py:175} INFO - Done. Returned value was: Query executed and results uploaded to GCS.
[2025-03-30 17:52:08,617] {taskinstance.py:1277} INFO - Marking task as SUCCESS. dag_id=bigquery_to_gcs_using_python, task_id=query_and_upload_to_gcs, execution_date=20250330T175205, start_date=20250330T175207, end_date=20250330T175208
[2025-03-30 17:52:08,682] {local_task_job.py:154} INFO - Task exited with return code 0
[2025-03-30 17:52:08,729] {local_task_job.py:264} INFO - 0 downstream tasks scheduled from follow-on schedule check
