[2025-03-31 01:44:52,752] {taskinstance.py:1032} INFO - Dependencies all met for <TaskInstance: natality_web_data_to_gcs.query_and_upload_to_gcs_8 manual__2025-03-31T01:44:25.354991+00:00 [queued]>
[2025-03-31 01:44:52,797] {taskinstance.py:1032} INFO - Dependencies all met for <TaskInstance: natality_web_data_to_gcs.query_and_upload_to_gcs_8 manual__2025-03-31T01:44:25.354991+00:00 [queued]>
[2025-03-31 01:44:52,797] {taskinstance.py:1238} INFO - 
--------------------------------------------------------------------------------
[2025-03-31 01:44:52,797] {taskinstance.py:1239} INFO - Starting attempt 1 of 1
[2025-03-31 01:44:52,797] {taskinstance.py:1240} INFO - 
--------------------------------------------------------------------------------
[2025-03-31 01:44:52,820] {taskinstance.py:1259} INFO - Executing <Task(PythonOperator): query_and_upload_to_gcs_8> on 2025-03-31 01:44:25.354991+00:00
[2025-03-31 01:44:52,833] {standard_task_runner.py:52} INFO - Started process 8190 to run task
[2025-03-31 01:44:52,848] {standard_task_runner.py:76} INFO - Running: ['***', 'tasks', 'run', 'natality_web_data_to_gcs', 'query_and_upload_to_gcs_8', 'manual__2025-03-31T01:44:25.354991+00:00', '--job-id', '471', '--raw', '--subdir', 'DAGS_FOLDER/bigquery_to_gcs.py', '--cfg-path', '/tmp/tmpkxr53c61', '--error-file', '/tmp/tmpxl5i9t8j']
[2025-03-31 01:44:52,856] {standard_task_runner.py:77} INFO - Job 471: Subtask query_and_upload_to_gcs_8
[2025-03-31 01:44:52,999] {logging_mixin.py:109} INFO - Running <TaskInstance: natality_web_data_to_gcs.query_and_upload_to_gcs_8 manual__2025-03-31T01:44:25.354991+00:00 [running]> on host 3341a2d56eeb
[2025-03-31 01:44:53,231] {taskinstance.py:1426} INFO - Exporting the following env vars:
AIRFLOW_CTX_DAG_OWNER=***
AIRFLOW_CTX_DAG_ID=natality_web_data_to_gcs
AIRFLOW_CTX_TASK_ID=query_and_upload_to_gcs_8
AIRFLOW_CTX_EXECUTION_DATE=2025-03-31T01:44:25.354991+00:00
AIRFLOW_CTX_DAG_RUN_ID=manual__2025-03-31T01:44:25.354991+00:00
[2025-03-31 01:44:53,234] {warnings.py:99} WARNING - /home/***/.local/lib/python3.6/site-packages/***/utils/context.py:152: AirflowContextDeprecationWarning: Accessing 'execution_date' from the template is deprecated and will be removed in a future version. Please use 'data_interval_start' or 'logical_date' instead.
  warnings.warn(_create_deprecation_warning(key, self._deprecation_replacements[key]))

[2025-03-31 01:44:53,234] {warnings.py:99} WARNING - /home/***/.local/lib/python3.6/site-packages/***/utils/context.py:152: AirflowContextDeprecationWarning: Accessing 'next_ds' from the template is deprecated and will be removed in a future version. Please use '{{ data_interval_end | ds }}' instead.
  warnings.warn(_create_deprecation_warning(key, self._deprecation_replacements[key]))

[2025-03-31 01:44:53,234] {warnings.py:99} WARNING - /home/***/.local/lib/python3.6/site-packages/***/utils/context.py:152: AirflowContextDeprecationWarning: Accessing 'next_ds_nodash' from the template is deprecated and will be removed in a future version. Please use '{{ data_interval_end | ds_nodash }}' instead.
  warnings.warn(_create_deprecation_warning(key, self._deprecation_replacements[key]))

[2025-03-31 01:44:53,234] {warnings.py:99} WARNING - /home/***/.local/lib/python3.6/site-packages/***/utils/context.py:152: AirflowContextDeprecationWarning: Accessing 'next_execution_date' from the template is deprecated and will be removed in a future version. Please use 'data_interval_end' instead.
  warnings.warn(_create_deprecation_warning(key, self._deprecation_replacements[key]))

[2025-03-31 01:44:53,235] {warnings.py:99} WARNING - /home/***/.local/lib/python3.6/site-packages/***/utils/context.py:152: AirflowContextDeprecationWarning: Accessing 'prev_ds' from the template is deprecated and will be removed in a future version.
  warnings.warn(_create_deprecation_warning(key, self._deprecation_replacements[key]))

[2025-03-31 01:44:53,235] {warnings.py:99} WARNING - /home/***/.local/lib/python3.6/site-packages/***/utils/context.py:152: AirflowContextDeprecationWarning: Accessing 'prev_ds_nodash' from the template is deprecated and will be removed in a future version.
  warnings.warn(_create_deprecation_warning(key, self._deprecation_replacements[key]))

[2025-03-31 01:44:53,236] {warnings.py:99} WARNING - /home/***/.local/lib/python3.6/site-packages/***/utils/context.py:152: AirflowContextDeprecationWarning: Accessing 'prev_execution_date' from the template is deprecated and will be removed in a future version.
  warnings.warn(_create_deprecation_warning(key, self._deprecation_replacements[key]))

[2025-03-31 01:44:53,236] {warnings.py:99} WARNING - /home/***/.local/lib/python3.6/site-packages/***/utils/context.py:152: AirflowContextDeprecationWarning: Accessing 'prev_execution_date_success' from the template is deprecated and will be removed in a future version. Please use 'prev_data_interval_start_success' instead.
  warnings.warn(_create_deprecation_warning(key, self._deprecation_replacements[key]))

[2025-03-31 01:44:53,237] {warnings.py:99} WARNING - /home/***/.local/lib/python3.6/site-packages/***/utils/context.py:152: AirflowContextDeprecationWarning: Accessing 'tomorrow_ds' from the template is deprecated and will be removed in a future version.
  warnings.warn(_create_deprecation_warning(key, self._deprecation_replacements[key]))

[2025-03-31 01:44:53,237] {warnings.py:99} WARNING - /home/***/.local/lib/python3.6/site-packages/***/utils/context.py:152: AirflowContextDeprecationWarning: Accessing 'tomorrow_ds_nodash' from the template is deprecated and will be removed in a future version.
  warnings.warn(_create_deprecation_warning(key, self._deprecation_replacements[key]))

[2025-03-31 01:44:53,237] {warnings.py:99} WARNING - /home/***/.local/lib/python3.6/site-packages/***/utils/context.py:152: AirflowContextDeprecationWarning: Accessing 'yesterday_ds' from the template is deprecated and will be removed in a future version.
  warnings.warn(_create_deprecation_warning(key, self._deprecation_replacements[key]))

[2025-03-31 01:44:53,237] {warnings.py:99} WARNING - /home/***/.local/lib/python3.6/site-packages/***/utils/context.py:152: AirflowContextDeprecationWarning: Accessing 'yesterday_ds_nodash' from the template is deprecated and will be removed in a future version.
  warnings.warn(_create_deprecation_warning(key, self._deprecation_replacements[key]))

[2025-03-31 01:44:54,843] {crypto.py:82} WARNING - empty cryptography key - values will not be stored encrypted.
[2025-03-31 01:44:54,987] {gcs.py:486} INFO - File /tmp/temp_output_8.csv uploaded to natality/data_month_8.csv in us-natality-bucket bucket
[2025-03-31 01:44:54,988] {python.py:175} INFO - Done. Returned value was: Query executed for month 8 and results uploaded to GCS.
[2025-03-31 01:44:55,051] {taskinstance.py:1277} INFO - Marking task as SUCCESS. dag_id=natality_web_data_to_gcs, task_id=query_and_upload_to_gcs_8, execution_date=20250331T014425, start_date=20250331T014452, end_date=20250331T014455
[2025-03-31 01:44:55,100] {local_task_job.py:154} INFO - Task exited with return code 0
[2025-03-31 01:44:55,175] {local_task_job.py:264} INFO - 0 downstream tasks scheduled from follow-on schedule check
