[2025-03-31 02:12:07,974] {taskinstance.py:1032} INFO - Dependencies all met for <TaskInstance: natality_web_data_to_gcs.upload_race_lookup manual__2025-03-31T02:11:53.999497+00:00 [queued]>
[2025-03-31 02:12:07,993] {taskinstance.py:1032} INFO - Dependencies all met for <TaskInstance: natality_web_data_to_gcs.upload_race_lookup manual__2025-03-31T02:11:53.999497+00:00 [queued]>
[2025-03-31 02:12:07,993] {taskinstance.py:1238} INFO - 
--------------------------------------------------------------------------------
[2025-03-31 02:12:07,994] {taskinstance.py:1239} INFO - Starting attempt 1 of 1
[2025-03-31 02:12:07,994] {taskinstance.py:1240} INFO - 
--------------------------------------------------------------------------------
[2025-03-31 02:12:08,019] {taskinstance.py:1259} INFO - Executing <Task(PythonOperator): upload_race_lookup> on 2025-03-31 02:11:53.999497+00:00
[2025-03-31 02:12:08,034] {standard_task_runner.py:52} INFO - Started process 232 to run task
[2025-03-31 02:12:08,040] {standard_task_runner.py:76} INFO - Running: ['***', 'tasks', 'run', 'natality_web_data_to_gcs', 'upload_race_lookup', 'manual__2025-03-31T02:11:53.999497+00:00', '--job-id', '533', '--raw', '--subdir', 'DAGS_FOLDER/bigquery_to_gcs.py', '--cfg-path', '/tmp/tmpkjm4ftzm', '--error-file', '/tmp/tmp0ikagixz']
[2025-03-31 02:12:08,048] {standard_task_runner.py:77} INFO - Job 533: Subtask upload_race_lookup
[2025-03-31 02:12:08,157] {logging_mixin.py:109} INFO - Running <TaskInstance: natality_web_data_to_gcs.upload_race_lookup manual__2025-03-31T02:11:53.999497+00:00 [running]> on host 65c454f46b2f
[2025-03-31 02:12:08,248] {taskinstance.py:1426} INFO - Exporting the following env vars:
AIRFLOW_CTX_DAG_OWNER=***
AIRFLOW_CTX_DAG_ID=natality_web_data_to_gcs
AIRFLOW_CTX_TASK_ID=upload_race_lookup
AIRFLOW_CTX_EXECUTION_DATE=2025-03-31T02:11:53.999497+00:00
AIRFLOW_CTX_DAG_RUN_ID=manual__2025-03-31T02:11:53.999497+00:00
[2025-03-31 02:12:08,250] {crypto.py:82} WARNING - empty cryptography key - values will not be stored encrypted.
[2025-03-31 02:12:08,436] {gcs.py:486} INFO - File /tmp/race_lookup.csv uploaded to natality-lookup_tables/race_lookup.csv in us-natality-bucket bucket
[2025-03-31 02:12:08,436] {python.py:175} INFO - Done. Returned value was: None
[2025-03-31 02:12:08,458] {taskinstance.py:1277} INFO - Marking task as SUCCESS. dag_id=natality_web_data_to_gcs, task_id=upload_race_lookup, execution_date=20250331T021153, start_date=20250331T021207, end_date=20250331T021208
[2025-03-31 02:12:08,507] {local_task_job.py:154} INFO - Task exited with return code 0
[2025-03-31 02:12:08,596] {local_task_job.py:264} INFO - 1 downstream tasks scheduled from follow-on schedule check
