[2025-03-31 02:32:20,393] {taskinstance.py:1032} INFO - Dependencies all met for <TaskInstance: natality_web_data_to_gcs.start manual__2025-03-31T02:32:18.651615+00:00 [queued]>
[2025-03-31 02:32:20,412] {taskinstance.py:1032} INFO - Dependencies all met for <TaskInstance: natality_web_data_to_gcs.start manual__2025-03-31T02:32:18.651615+00:00 [queued]>
[2025-03-31 02:32:20,413] {taskinstance.py:1238} INFO - 
--------------------------------------------------------------------------------
[2025-03-31 02:32:20,413] {taskinstance.py:1239} INFO - Starting attempt 1 of 1
[2025-03-31 02:32:20,413] {taskinstance.py:1240} INFO - 
--------------------------------------------------------------------------------
[2025-03-31 02:32:20,434] {taskinstance.py:1259} INFO - Executing <Task(BashOperator): start> on 2025-03-31 02:32:18.651615+00:00
[2025-03-31 02:32:20,444] {standard_task_runner.py:52} INFO - Started process 1577 to run task
[2025-03-31 02:32:20,449] {standard_task_runner.py:76} INFO - Running: ['***', 'tasks', 'run', 'natality_web_data_to_gcs', 'start', 'manual__2025-03-31T02:32:18.651615+00:00', '--job-id', '576', '--raw', '--subdir', 'DAGS_FOLDER/bigquery_to_gcs.py', '--cfg-path', '/tmp/tmpk37zv8zb', '--error-file', '/tmp/tmp64goh25l']
[2025-03-31 02:32:20,454] {standard_task_runner.py:77} INFO - Job 576: Subtask start
[2025-03-31 02:32:20,563] {logging_mixin.py:109} INFO - Running <TaskInstance: natality_web_data_to_gcs.start manual__2025-03-31T02:32:18.651615+00:00 [running]> on host 65c454f46b2f
[2025-03-31 02:32:20,667] {taskinstance.py:1426} INFO - Exporting the following env vars:
AIRFLOW_CTX_DAG_OWNER=***
AIRFLOW_CTX_DAG_ID=natality_web_data_to_gcs
AIRFLOW_CTX_TASK_ID=start
AIRFLOW_CTX_EXECUTION_DATE=2025-03-31T02:32:18.651615+00:00
AIRFLOW_CTX_DAG_RUN_ID=manual__2025-03-31T02:32:18.651615+00:00
[2025-03-31 02:32:20,668] {subprocess.py:62} INFO - Tmp dir root location: 
 /tmp
[2025-03-31 02:32:20,669] {subprocess.py:74} INFO - Running command: ['bash', '-c', 'echo "Started!"']
[2025-03-31 02:32:20,696] {subprocess.py:85} INFO - Output:
[2025-03-31 02:32:20,699] {subprocess.py:89} INFO - Started!
[2025-03-31 02:32:20,700] {subprocess.py:93} INFO - Command exited with return code 0
[2025-03-31 02:32:20,743] {taskinstance.py:1277} INFO - Marking task as SUCCESS. dag_id=natality_web_data_to_gcs, task_id=start, execution_date=20250331T023218, start_date=20250331T023220, end_date=20250331T023220
[2025-03-31 02:32:20,791] {local_task_job.py:154} INFO - Task exited with return code 0
[2025-03-31 02:32:20,881] {local_task_job.py:264} INFO - 2 downstream tasks scheduled from follow-on schedule check
