[2025-03-30 22:30:12,843] {taskinstance.py:1032} INFO - Dependencies all met for <TaskInstance: natality_web_data_to_gcs.joint3 manual__2025-03-30T22:27:26.655027+00:00 [queued]>
[2025-03-30 22:30:12,889] {taskinstance.py:1032} INFO - Dependencies all met for <TaskInstance: natality_web_data_to_gcs.joint3 manual__2025-03-30T22:27:26.655027+00:00 [queued]>
[2025-03-30 22:30:12,890] {taskinstance.py:1238} INFO - 
--------------------------------------------------------------------------------
[2025-03-30 22:30:12,890] {taskinstance.py:1239} INFO - Starting attempt 1 of 1
[2025-03-30 22:30:12,890] {taskinstance.py:1240} INFO - 
--------------------------------------------------------------------------------
[2025-03-30 22:30:12,927] {taskinstance.py:1259} INFO - Executing <Task(BashOperator): joint3> on 2025-03-30 22:27:26.655027+00:00
[2025-03-30 22:30:12,942] {standard_task_runner.py:52} INFO - Started process 1287 to run task
[2025-03-30 22:30:12,948] {standard_task_runner.py:76} INFO - Running: ['***', 'tasks', 'run', 'natality_web_data_to_gcs', 'joint3', 'manual__2025-03-30T22:27:26.655027+00:00', '--job-id', '115', '--raw', '--subdir', 'DAGS_FOLDER/bigquery_to_gcs.py', '--cfg-path', '/tmp/tmpw3e44mwx', '--error-file', '/tmp/tmp0xfihq2x']
[2025-03-30 22:30:12,954] {standard_task_runner.py:77} INFO - Job 115: Subtask joint3
[2025-03-30 22:30:13,149] {logging_mixin.py:109} INFO - Running <TaskInstance: natality_web_data_to_gcs.joint3 manual__2025-03-30T22:27:26.655027+00:00 [running]> on host 6e74f7e5ce4c
[2025-03-30 22:30:13,374] {taskinstance.py:1426} INFO - Exporting the following env vars:
AIRFLOW_CTX_DAG_OWNER=***
AIRFLOW_CTX_DAG_ID=natality_web_data_to_gcs
AIRFLOW_CTX_TASK_ID=joint3
AIRFLOW_CTX_EXECUTION_DATE=2025-03-30T22:27:26.655027+00:00
AIRFLOW_CTX_DAG_RUN_ID=manual__2025-03-30T22:27:26.655027+00:00
[2025-03-30 22:30:13,389] {subprocess.py:62} INFO - Tmp dir root location: 
 /tmp
[2025-03-30 22:30:13,391] {subprocess.py:74} INFO - Running command: ['bash', '-c', 'echo "Joint3!"']
[2025-03-30 22:30:13,535] {subprocess.py:85} INFO - Output:
[2025-03-30 22:30:13,678] {subprocess.py:89} INFO - Joint3!
[2025-03-30 22:30:13,680] {subprocess.py:93} INFO - Command exited with return code 0
[2025-03-30 22:30:13,771] {taskinstance.py:1277} INFO - Marking task as SUCCESS. dag_id=natality_web_data_to_gcs, task_id=joint3, execution_date=20250330T222726, start_date=20250330T223012, end_date=20250330T223013
[2025-03-30 22:30:13,857] {local_task_job.py:154} INFO - Task exited with return code 0
[2025-03-30 22:30:14,011] {local_task_job.py:264} INFO - 6 downstream tasks scheduled from follow-on schedule check
