[2025-03-30 22:27:31,650] {taskinstance.py:1032} INFO - Dependencies all met for <TaskInstance: natality_web_data_to_gcs.download_state_lookup manual__2025-03-30T22:27:26.655027+00:00 [queued]>
[2025-03-30 22:27:31,673] {taskinstance.py:1032} INFO - Dependencies all met for <TaskInstance: natality_web_data_to_gcs.download_state_lookup manual__2025-03-30T22:27:26.655027+00:00 [queued]>
[2025-03-30 22:27:31,674] {taskinstance.py:1238} INFO - 
--------------------------------------------------------------------------------
[2025-03-30 22:27:31,674] {taskinstance.py:1239} INFO - Starting attempt 1 of 1
[2025-03-30 22:27:31,674] {taskinstance.py:1240} INFO - 
--------------------------------------------------------------------------------
[2025-03-30 22:27:31,699] {taskinstance.py:1259} INFO - Executing <Task(BashOperator): download_state_lookup> on 2025-03-30 22:27:26.655027+00:00
[2025-03-30 22:27:31,714] {standard_task_runner.py:52} INFO - Started process 900 to run task
[2025-03-30 22:27:31,719] {standard_task_runner.py:76} INFO - Running: ['***', 'tasks', 'run', 'natality_web_data_to_gcs', 'download_state_lookup', 'manual__2025-03-30T22:27:26.655027+00:00', '--job-id', '103', '--raw', '--subdir', 'DAGS_FOLDER/bigquery_to_gcs.py', '--cfg-path', '/tmp/tmpusp1gzic', '--error-file', '/tmp/tmpmahn1d1v']
[2025-03-30 22:27:31,724] {standard_task_runner.py:77} INFO - Job 103: Subtask download_state_lookup
[2025-03-30 22:27:31,808] {logging_mixin.py:109} INFO - Running <TaskInstance: natality_web_data_to_gcs.download_state_lookup manual__2025-03-30T22:27:26.655027+00:00 [running]> on host 6e74f7e5ce4c
[2025-03-30 22:27:31,903] {taskinstance.py:1426} INFO - Exporting the following env vars:
AIRFLOW_CTX_DAG_OWNER=***
AIRFLOW_CTX_DAG_ID=natality_web_data_to_gcs
AIRFLOW_CTX_TASK_ID=download_state_lookup
AIRFLOW_CTX_EXECUTION_DATE=2025-03-30T22:27:26.655027+00:00
AIRFLOW_CTX_DAG_RUN_ID=manual__2025-03-30T22:27:26.655027+00:00
[2025-03-30 22:27:31,910] {subprocess.py:62} INFO - Tmp dir root location: 
 /tmp
[2025-03-30 22:27:31,911] {subprocess.py:74} INFO - Running command: ['bash', '-c', 'wget --no-check-certificate "https://drive.google.com/file/d/1dsVF__ZPD-40eZLVhedrGn-wWDCJX6bU/view?usp=drive_link" -O /tmp/state_lookup.csv']
[2025-03-30 22:27:31,938] {subprocess.py:85} INFO - Output:
[2025-03-30 22:27:31,992] {subprocess.py:89} INFO - --2025-03-30 22:27:31--  https://drive.google.com/file/d/1dsVF__ZPD-40eZLVhedrGn-wWDCJX6bU/view?usp=drive_link
[2025-03-30 22:27:32,037] {subprocess.py:89} INFO - Resolving drive.google.com (drive.google.com)... 108.177.121.113, 108.177.121.138, 108.177.121.102, ...
[2025-03-30 22:27:32,039] {subprocess.py:89} INFO - Connecting to drive.google.com (drive.google.com)|108.177.121.113|:443... connected.
[2025-03-30 22:27:32,277] {subprocess.py:89} INFO - HTTP request sent, awaiting response... 200 OK
[2025-03-30 22:27:32,278] {subprocess.py:89} INFO - Length: unspecified [text/html]
[2025-03-30 22:27:32,278] {subprocess.py:89} INFO - Saving to: ‘/tmp/state_lookup.csv’
[2025-03-30 22:27:32,278] {subprocess.py:89} INFO - 
[2025-03-30 22:27:32,280] {subprocess.py:89} INFO -      0K .......... .......... .......... ...                   11.7M=0.003s
[2025-03-30 22:27:32,281] {subprocess.py:89} INFO - 
[2025-03-30 22:27:32,281] {subprocess.py:89} INFO - 2025-03-30 22:27:32 (11.7 MB/s) - ‘/tmp/state_lookup.csv’ saved [34163]
[2025-03-30 22:27:32,281] {subprocess.py:89} INFO - 
[2025-03-30 22:27:32,283] {subprocess.py:93} INFO - Command exited with return code 0
[2025-03-30 22:27:32,334] {taskinstance.py:1277} INFO - Marking task as SUCCESS. dag_id=natality_web_data_to_gcs, task_id=download_state_lookup, execution_date=20250330T222726, start_date=20250330T222731, end_date=20250330T222732
[2025-03-30 22:27:32,382] {local_task_job.py:154} INFO - Task exited with return code 0
[2025-03-30 22:27:32,457] {local_task_job.py:264} INFO - 0 downstream tasks scheduled from follow-on schedule check
