[2025-03-30 22:34:41,449] {taskinstance.py:1032} INFO - Dependencies all met for <TaskInstance: natality_web_data_to_gcs.start manual__2025-03-30T22:34:39.104526+00:00 [queued]>
[2025-03-30 22:34:41,472] {taskinstance.py:1032} INFO - Dependencies all met for <TaskInstance: natality_web_data_to_gcs.start manual__2025-03-30T22:34:39.104526+00:00 [queued]>
[2025-03-30 22:34:41,472] {taskinstance.py:1238} INFO - 
--------------------------------------------------------------------------------
[2025-03-30 22:34:41,472] {taskinstance.py:1239} INFO - Starting attempt 1 of 1
[2025-03-30 22:34:41,473] {taskinstance.py:1240} INFO - 
--------------------------------------------------------------------------------
[2025-03-30 22:34:41,491] {taskinstance.py:1259} INFO - Executing <Task(BashOperator): start> on 2025-03-30 22:34:39.104526+00:00
[2025-03-30 22:34:41,501] {standard_task_runner.py:52} INFO - Started process 1731 to run task
[2025-03-30 22:34:41,506] {standard_task_runner.py:76} INFO - Running: ['***', 'tasks', 'run', 'natality_web_data_to_gcs', 'start', 'manual__2025-03-30T22:34:39.104526+00:00', '--job-id', '123', '--raw', '--subdir', 'DAGS_FOLDER/bigquery_to_gcs.py', '--cfg-path', '/tmp/tmpmln5v2g5', '--error-file', '/tmp/tmp3p1m63an']
[2025-03-30 22:34:41,511] {standard_task_runner.py:77} INFO - Job 123: Subtask start
[2025-03-30 22:34:41,613] {logging_mixin.py:109} INFO - Running <TaskInstance: natality_web_data_to_gcs.start manual__2025-03-30T22:34:39.104526+00:00 [running]> on host 6e74f7e5ce4c
[2025-03-30 22:34:41,731] {taskinstance.py:1426} INFO - Exporting the following env vars:
AIRFLOW_CTX_DAG_OWNER=***
AIRFLOW_CTX_DAG_ID=natality_web_data_to_gcs
AIRFLOW_CTX_TASK_ID=start
AIRFLOW_CTX_EXECUTION_DATE=2025-03-30T22:34:39.104526+00:00
AIRFLOW_CTX_DAG_RUN_ID=manual__2025-03-30T22:34:39.104526+00:00
[2025-03-30 22:34:41,735] {subprocess.py:62} INFO - Tmp dir root location: 
 /tmp
[2025-03-30 22:34:41,736] {subprocess.py:74} INFO - Running command: ['bash', '-c', 'echo "Started!"']
[2025-03-30 22:34:41,762] {subprocess.py:85} INFO - Output:
[2025-03-30 22:34:41,765] {subprocess.py:89} INFO - Started!
[2025-03-30 22:34:41,765] {subprocess.py:93} INFO - Command exited with return code 0
[2025-03-30 22:34:41,816] {taskinstance.py:1277} INFO - Marking task as SUCCESS. dag_id=natality_web_data_to_gcs, task_id=start, execution_date=20250330T223439, start_date=20250330T223441, end_date=20250330T223441
[2025-03-30 22:34:41,885] {local_task_job.py:154} INFO - Task exited with return code 0
[2025-03-30 22:34:41,975] {local_task_job.py:264} INFO - 0 downstream tasks scheduled from follow-on schedule check
