[2025-03-30 22:34:50,888] {taskinstance.py:1032} INFO - Dependencies all met for <TaskInstance: natality_web_data_to_gcs.joint2 manual__2025-03-30T22:34:39.104526+00:00 [queued]>
[2025-03-30 22:34:50,912] {taskinstance.py:1032} INFO - Dependencies all met for <TaskInstance: natality_web_data_to_gcs.joint2 manual__2025-03-30T22:34:39.104526+00:00 [queued]>
[2025-03-30 22:34:50,912] {taskinstance.py:1238} INFO - 
--------------------------------------------------------------------------------
[2025-03-30 22:34:50,913] {taskinstance.py:1239} INFO - Starting attempt 1 of 1
[2025-03-30 22:34:50,913] {taskinstance.py:1240} INFO - 
--------------------------------------------------------------------------------
[2025-03-30 22:34:50,939] {taskinstance.py:1259} INFO - Executing <Task(BashOperator): joint2> on 2025-03-30 22:34:39.104526+00:00
[2025-03-30 22:34:50,949] {standard_task_runner.py:52} INFO - Started process 1760 to run task
[2025-03-30 22:34:50,954] {standard_task_runner.py:76} INFO - Running: ['***', 'tasks', 'run', 'natality_web_data_to_gcs', 'joint2', 'manual__2025-03-30T22:34:39.104526+00:00', '--job-id', '129', '--raw', '--subdir', 'DAGS_FOLDER/bigquery_to_gcs.py', '--cfg-path', '/tmp/tmpamvm6rev', '--error-file', '/tmp/tmps0z15jvl']
[2025-03-30 22:34:50,959] {standard_task_runner.py:77} INFO - Job 129: Subtask joint2
[2025-03-30 22:34:51,063] {logging_mixin.py:109} INFO - Running <TaskInstance: natality_web_data_to_gcs.joint2 manual__2025-03-30T22:34:39.104526+00:00 [running]> on host 6e74f7e5ce4c
[2025-03-30 22:34:51,165] {taskinstance.py:1426} INFO - Exporting the following env vars:
AIRFLOW_CTX_DAG_OWNER=***
AIRFLOW_CTX_DAG_ID=natality_web_data_to_gcs
AIRFLOW_CTX_TASK_ID=joint2
AIRFLOW_CTX_EXECUTION_DATE=2025-03-30T22:34:39.104526+00:00
AIRFLOW_CTX_DAG_RUN_ID=manual__2025-03-30T22:34:39.104526+00:00
[2025-03-30 22:34:51,170] {subprocess.py:62} INFO - Tmp dir root location: 
 /tmp
[2025-03-30 22:34:51,171] {subprocess.py:74} INFO - Running command: ['bash', '-c', 'echo "Joint2!"']
[2025-03-30 22:34:51,204] {subprocess.py:85} INFO - Output:
[2025-03-30 22:34:51,207] {subprocess.py:89} INFO - Joint2!
[2025-03-30 22:34:51,208] {subprocess.py:93} INFO - Command exited with return code 0
[2025-03-30 22:34:51,264] {taskinstance.py:1277} INFO - Marking task as SUCCESS. dag_id=natality_web_data_to_gcs, task_id=joint2, execution_date=20250330T223439, start_date=20250330T223450, end_date=20250330T223451
[2025-03-30 22:34:51,336] {local_task_job.py:154} INFO - Task exited with return code 0
[2025-03-30 22:34:51,432] {local_task_job.py:264} INFO - 6 downstream tasks scheduled from follow-on schedule check
