[2025-03-31 00:28:30,719] {taskinstance.py:1032} INFO - Dependencies all met for <TaskInstance: natality_web_data_to_gcs.upload_race_lookup manual__2025-03-31T00:28:19.416233+00:00 [queued]>
[2025-03-31 00:28:30,743] {taskinstance.py:1032} INFO - Dependencies all met for <TaskInstance: natality_web_data_to_gcs.upload_race_lookup manual__2025-03-31T00:28:19.416233+00:00 [queued]>
[2025-03-31 00:28:30,743] {taskinstance.py:1238} INFO - 
--------------------------------------------------------------------------------
[2025-03-31 00:28:30,743] {taskinstance.py:1239} INFO - Starting attempt 1 of 1
[2025-03-31 00:28:30,743] {taskinstance.py:1240} INFO - 
--------------------------------------------------------------------------------
[2025-03-31 00:28:30,762] {taskinstance.py:1259} INFO - Executing <Task(PythonOperator): upload_race_lookup> on 2025-03-31 00:28:19.416233+00:00
[2025-03-31 00:28:30,773] {standard_task_runner.py:52} INFO - Started process 3296 to run task
[2025-03-31 00:28:30,783] {standard_task_runner.py:76} INFO - Running: ['***', 'tasks', 'run', 'natality_web_data_to_gcs', 'upload_race_lookup', 'manual__2025-03-31T00:28:19.416233+00:00', '--job-id', '302', '--raw', '--subdir', 'DAGS_FOLDER/bigquery_to_gcs.py', '--cfg-path', '/tmp/tmph7wafwfz', '--error-file', '/tmp/tmp7_28ezxd']
[2025-03-31 00:28:30,788] {standard_task_runner.py:77} INFO - Job 302: Subtask upload_race_lookup
[2025-03-31 00:28:30,882] {logging_mixin.py:109} INFO - Running <TaskInstance: natality_web_data_to_gcs.upload_race_lookup manual__2025-03-31T00:28:19.416233+00:00 [running]> on host 3341a2d56eeb
[2025-03-31 00:28:30,981] {taskinstance.py:1426} INFO - Exporting the following env vars:
AIRFLOW_CTX_DAG_OWNER=***
AIRFLOW_CTX_DAG_ID=natality_web_data_to_gcs
AIRFLOW_CTX_TASK_ID=upload_race_lookup
AIRFLOW_CTX_EXECUTION_DATE=2025-03-31T00:28:19.416233+00:00
AIRFLOW_CTX_DAG_RUN_ID=manual__2025-03-31T00:28:19.416233+00:00
[2025-03-31 00:28:30,984] {crypto.py:82} WARNING - empty cryptography key - values will not be stored encrypted.
[2025-03-31 00:28:31,185] {gcs.py:486} INFO - File /tmp/race_lookup.csv uploaded to natality-lookup_tables/race_lookup.csv in us-natality-bucket bucket
[2025-03-31 00:28:31,186] {python.py:175} INFO - Done. Returned value was: None
[2025-03-31 00:28:31,210] {taskinstance.py:1277} INFO - Marking task as SUCCESS. dag_id=natality_web_data_to_gcs, task_id=upload_race_lookup, execution_date=20250331T002819, start_date=20250331T002830, end_date=20250331T002831
[2025-03-31 00:28:31,281] {local_task_job.py:154} INFO - Task exited with return code 0
[2025-03-31 00:28:31,349] {local_task_job.py:264} INFO - 1 downstream tasks scheduled from follow-on schedule check
