[2025-03-30 23:11:51,599] {taskinstance.py:1032} INFO - Dependencies all met for <TaskInstance: natality_web_data_to_gcs.end manual__2025-03-30T23:05:55.856482+00:00 [queued]>
[2025-03-30 23:11:51,621] {taskinstance.py:1032} INFO - Dependencies all met for <TaskInstance: natality_web_data_to_gcs.end manual__2025-03-30T23:05:55.856482+00:00 [queued]>
[2025-03-30 23:11:51,621] {taskinstance.py:1238} INFO - 
--------------------------------------------------------------------------------
[2025-03-30 23:11:51,622] {taskinstance.py:1239} INFO - Starting attempt 1 of 1
[2025-03-30 23:11:51,622] {taskinstance.py:1240} INFO - 
--------------------------------------------------------------------------------
[2025-03-30 23:11:51,642] {taskinstance.py:1259} INFO - Executing <Task(BashOperator): end> on 2025-03-30 23:05:55.856482+00:00
[2025-03-30 23:11:51,653] {standard_task_runner.py:52} INFO - Started process 4929 to run task
[2025-03-30 23:11:51,659] {standard_task_runner.py:76} INFO - Running: ['***', 'tasks', 'run', 'natality_web_data_to_gcs', 'end', 'manual__2025-03-30T23:05:55.856482+00:00', '--job-id', '185', '--raw', '--subdir', 'DAGS_FOLDER/bigquery_to_gcs.py', '--cfg-path', '/tmp/tmpfggkd6au', '--error-file', '/tmp/tmpzzsx2z4_']
[2025-03-30 23:11:51,665] {standard_task_runner.py:77} INFO - Job 185: Subtask end
[2025-03-30 23:11:51,753] {logging_mixin.py:109} INFO - Running <TaskInstance: natality_web_data_to_gcs.end manual__2025-03-30T23:05:55.856482+00:00 [running]> on host 6e74f7e5ce4c
[2025-03-30 23:11:51,854] {taskinstance.py:1426} INFO - Exporting the following env vars:
AIRFLOW_CTX_DAG_OWNER=***
AIRFLOW_CTX_DAG_ID=natality_web_data_to_gcs
AIRFLOW_CTX_TASK_ID=end
AIRFLOW_CTX_EXECUTION_DATE=2025-03-30T23:05:55.856482+00:00
AIRFLOW_CTX_DAG_RUN_ID=manual__2025-03-30T23:05:55.856482+00:00
[2025-03-30 23:11:51,858] {subprocess.py:62} INFO - Tmp dir root location: 
 /tmp
[2025-03-30 23:11:51,858] {subprocess.py:74} INFO - Running command: ['bash', '-c', 'echo "End!"']
[2025-03-30 23:11:51,887] {subprocess.py:85} INFO - Output:
[2025-03-30 23:11:51,891] {subprocess.py:89} INFO - End!
[2025-03-30 23:11:51,891] {subprocess.py:93} INFO - Command exited with return code 0
[2025-03-30 23:11:51,969] {taskinstance.py:1277} INFO - Marking task as SUCCESS. dag_id=natality_web_data_to_gcs, task_id=end, execution_date=20250330T230555, start_date=20250330T231151, end_date=20250330T231151
[2025-03-30 23:11:52,040] {local_task_job.py:154} INFO - Task exited with return code 0
[2025-03-30 23:11:52,096] {local_task_job.py:264} INFO - 0 downstream tasks scheduled from follow-on schedule check
