[2025-03-31 02:40:14,237] {taskinstance.py:1032} INFO - Dependencies all met for <TaskInstance: natality_web_data_to_gcs.end manual__2025-03-31T02:32:18.651615+00:00 [queued]>
[2025-03-31 02:40:14,257] {taskinstance.py:1032} INFO - Dependencies all met for <TaskInstance: natality_web_data_to_gcs.end manual__2025-03-31T02:32:18.651615+00:00 [queued]>
[2025-03-31 02:40:14,257] {taskinstance.py:1238} INFO - 
--------------------------------------------------------------------------------
[2025-03-31 02:40:14,258] {taskinstance.py:1239} INFO - Starting attempt 1 of 1
[2025-03-31 02:40:14,258] {taskinstance.py:1240} INFO - 
--------------------------------------------------------------------------------
[2025-03-31 02:40:14,273] {taskinstance.py:1259} INFO - Executing <Task(BashOperator): end> on 2025-03-31 02:32:18.651615+00:00
[2025-03-31 02:40:14,283] {standard_task_runner.py:52} INFO - Started process 2190 to run task
[2025-03-31 02:40:14,288] {standard_task_runner.py:76} INFO - Running: ['***', 'tasks', 'run', 'natality_web_data_to_gcs', 'end', 'manual__2025-03-31T02:32:18.651615+00:00', '--job-id', '601', '--raw', '--subdir', 'DAGS_FOLDER/bigquery_to_gcs.py', '--cfg-path', '/tmp/tmp18pku2tx', '--error-file', '/tmp/tmpd26grmsy']
[2025-03-31 02:40:14,294] {standard_task_runner.py:77} INFO - Job 601: Subtask end
[2025-03-31 02:40:14,392] {logging_mixin.py:109} INFO - Running <TaskInstance: natality_web_data_to_gcs.end manual__2025-03-31T02:32:18.651615+00:00 [running]> on host 65c454f46b2f
[2025-03-31 02:40:14,499] {taskinstance.py:1426} INFO - Exporting the following env vars:
AIRFLOW_CTX_DAG_OWNER=***
AIRFLOW_CTX_DAG_ID=natality_web_data_to_gcs
AIRFLOW_CTX_TASK_ID=end
AIRFLOW_CTX_EXECUTION_DATE=2025-03-31T02:32:18.651615+00:00
AIRFLOW_CTX_DAG_RUN_ID=manual__2025-03-31T02:32:18.651615+00:00
[2025-03-31 02:40:14,501] {subprocess.py:62} INFO - Tmp dir root location: 
 /tmp
[2025-03-31 02:40:14,502] {subprocess.py:74} INFO - Running command: ['bash', '-c', 'echo "End!"']
[2025-03-31 02:40:14,530] {subprocess.py:85} INFO - Output:
[2025-03-31 02:40:14,532] {subprocess.py:89} INFO - End!
[2025-03-31 02:40:14,533] {subprocess.py:93} INFO - Command exited with return code 0
[2025-03-31 02:40:14,581] {taskinstance.py:1277} INFO - Marking task as SUCCESS. dag_id=natality_web_data_to_gcs, task_id=end, execution_date=20250331T023218, start_date=20250331T024014, end_date=20250331T024014
[2025-03-31 02:40:14,626] {local_task_job.py:154} INFO - Task exited with return code 0
[2025-03-31 02:40:14,677] {local_task_job.py:264} INFO - 0 downstream tasks scheduled from follow-on schedule check
