[2025-03-30 22:20:41,308] {taskinstance.py:1032} INFO - Dependencies all met for <TaskInstance: natality_web_data_to_gcs.joint1 manual__2025-03-30T22:20:34.074488+00:00 [queued]>
[2025-03-30 22:20:41,337] {taskinstance.py:1032} INFO - Dependencies all met for <TaskInstance: natality_web_data_to_gcs.joint1 manual__2025-03-30T22:20:34.074488+00:00 [queued]>
[2025-03-30 22:20:41,338] {taskinstance.py:1238} INFO - 
--------------------------------------------------------------------------------
[2025-03-30 22:20:41,338] {taskinstance.py:1239} INFO - Starting attempt 1 of 1
[2025-03-30 22:20:41,338] {taskinstance.py:1240} INFO - 
--------------------------------------------------------------------------------
[2025-03-30 22:20:41,358] {taskinstance.py:1259} INFO - Executing <Task(BashOperator): joint1> on 2025-03-30 22:20:34.074488+00:00
[2025-03-30 22:20:41,374] {standard_task_runner.py:52} INFO - Started process 313 to run task
[2025-03-30 22:20:41,379] {standard_task_runner.py:76} INFO - Running: ['***', 'tasks', 'run', 'natality_web_data_to_gcs', 'joint1', 'manual__2025-03-30T22:20:34.074488+00:00', '--job-id', '86', '--raw', '--subdir', 'DAGS_FOLDER/bigquery_to_gcs.py', '--cfg-path', '/tmp/tmpn9x13bay', '--error-file', '/tmp/tmpdqzxktag']
[2025-03-30 22:20:41,385] {standard_task_runner.py:77} INFO - Job 86: Subtask joint1
[2025-03-30 22:20:41,485] {logging_mixin.py:109} INFO - Running <TaskInstance: natality_web_data_to_gcs.joint1 manual__2025-03-30T22:20:34.074488+00:00 [running]> on host 6e74f7e5ce4c
[2025-03-30 22:20:41,567] {taskinstance.py:1426} INFO - Exporting the following env vars:
AIRFLOW_CTX_DAG_OWNER=***
AIRFLOW_CTX_DAG_ID=natality_web_data_to_gcs
AIRFLOW_CTX_TASK_ID=joint1
AIRFLOW_CTX_EXECUTION_DATE=2025-03-30T22:20:34.074488+00:00
AIRFLOW_CTX_DAG_RUN_ID=manual__2025-03-30T22:20:34.074488+00:00
[2025-03-30 22:20:41,571] {subprocess.py:62} INFO - Tmp dir root location: 
 /tmp
[2025-03-30 22:20:41,572] {subprocess.py:74} INFO - Running command: ['bash', '-c', 'echo "Joint!"']
[2025-03-30 22:20:41,593] {subprocess.py:85} INFO - Output:
[2025-03-30 22:20:41,596] {subprocess.py:89} INFO - Joint!
[2025-03-30 22:20:41,597] {subprocess.py:93} INFO - Command exited with return code 0
[2025-03-30 22:20:41,641] {taskinstance.py:1277} INFO - Marking task as SUCCESS. dag_id=natality_web_data_to_gcs, task_id=joint1, execution_date=20250330T222034, start_date=20250330T222041, end_date=20250330T222041
[2025-03-30 22:20:41,681] {local_task_job.py:154} INFO - Task exited with return code 0
[2025-03-30 22:20:41,760] {local_task_job.py:264} INFO - 2 downstream tasks scheduled from follow-on schedule check
