[2025-03-31 00:39:03,698] {taskinstance.py:1032} INFO - Dependencies all met for <TaskInstance: natality_web_data_to_gcs.query_and_upload_to_gcs_8 manual__2025-03-31T00:38:34.932909+00:00 [queued]>
[2025-03-31 00:39:03,738] {taskinstance.py:1032} INFO - Dependencies all met for <TaskInstance: natality_web_data_to_gcs.query_and_upload_to_gcs_8 manual__2025-03-31T00:38:34.932909+00:00 [queued]>
[2025-03-31 00:39:03,739] {taskinstance.py:1238} INFO - 
--------------------------------------------------------------------------------
[2025-03-31 00:39:03,739] {taskinstance.py:1239} INFO - Starting attempt 1 of 1
[2025-03-31 00:39:03,739] {taskinstance.py:1240} INFO - 
--------------------------------------------------------------------------------
[2025-03-31 00:39:03,763] {taskinstance.py:1259} INFO - Executing <Task(PythonOperator): query_and_upload_to_gcs_8> on 2025-03-31 00:38:34.932909+00:00
[2025-03-31 00:39:03,776] {standard_task_runner.py:52} INFO - Started process 4060 to run task
[2025-03-31 00:39:03,795] {standard_task_runner.py:76} INFO - Running: ['***', 'tasks', 'run', 'natality_web_data_to_gcs', 'query_and_upload_to_gcs_8', 'manual__2025-03-31T00:38:34.932909+00:00', '--job-id', '336', '--raw', '--subdir', 'DAGS_FOLDER/bigquery_to_gcs.py', '--cfg-path', '/tmp/tmpor7cscse', '--error-file', '/tmp/tmpc1e5ok31']
[2025-03-31 00:39:03,800] {standard_task_runner.py:77} INFO - Job 336: Subtask query_and_upload_to_gcs_8
[2025-03-31 00:39:03,958] {logging_mixin.py:109} INFO - Running <TaskInstance: natality_web_data_to_gcs.query_and_upload_to_gcs_8 manual__2025-03-31T00:38:34.932909+00:00 [running]> on host 3341a2d56eeb
[2025-03-31 00:39:04,234] {taskinstance.py:1426} INFO - Exporting the following env vars:
AIRFLOW_CTX_DAG_OWNER=***
AIRFLOW_CTX_DAG_ID=natality_web_data_to_gcs
AIRFLOW_CTX_TASK_ID=query_and_upload_to_gcs_8
AIRFLOW_CTX_EXECUTION_DATE=2025-03-31T00:38:34.932909+00:00
AIRFLOW_CTX_DAG_RUN_ID=manual__2025-03-31T00:38:34.932909+00:00
[2025-03-31 00:39:04,237] {warnings.py:99} WARNING - /home/***/.local/lib/python3.6/site-packages/***/utils/context.py:152: AirflowContextDeprecationWarning: Accessing 'execution_date' from the template is deprecated and will be removed in a future version. Please use 'data_interval_start' or 'logical_date' instead.
  warnings.warn(_create_deprecation_warning(key, self._deprecation_replacements[key]))

[2025-03-31 00:39:04,237] {warnings.py:99} WARNING - /home/***/.local/lib/python3.6/site-packages/***/utils/context.py:152: AirflowContextDeprecationWarning: Accessing 'next_ds' from the template is deprecated and will be removed in a future version. Please use '{{ data_interval_end | ds }}' instead.
  warnings.warn(_create_deprecation_warning(key, self._deprecation_replacements[key]))

[2025-03-31 00:39:04,237] {warnings.py:99} WARNING - /home/***/.local/lib/python3.6/site-packages/***/utils/context.py:152: AirflowContextDeprecationWarning: Accessing 'next_ds_nodash' from the template is deprecated and will be removed in a future version. Please use '{{ data_interval_end | ds_nodash }}' instead.
  warnings.warn(_create_deprecation_warning(key, self._deprecation_replacements[key]))

[2025-03-31 00:39:04,238] {warnings.py:99} WARNING - /home/***/.local/lib/python3.6/site-packages/***/utils/context.py:152: AirflowContextDeprecationWarning: Accessing 'next_execution_date' from the template is deprecated and will be removed in a future version. Please use 'data_interval_end' instead.
  warnings.warn(_create_deprecation_warning(key, self._deprecation_replacements[key]))

[2025-03-31 00:39:04,238] {warnings.py:99} WARNING - /home/***/.local/lib/python3.6/site-packages/***/utils/context.py:152: AirflowContextDeprecationWarning: Accessing 'prev_ds' from the template is deprecated and will be removed in a future version.
  warnings.warn(_create_deprecation_warning(key, self._deprecation_replacements[key]))

[2025-03-31 00:39:04,238] {warnings.py:99} WARNING - /home/***/.local/lib/python3.6/site-packages/***/utils/context.py:152: AirflowContextDeprecationWarning: Accessing 'prev_ds_nodash' from the template is deprecated and will be removed in a future version.
  warnings.warn(_create_deprecation_warning(key, self._deprecation_replacements[key]))

[2025-03-31 00:39:04,238] {warnings.py:99} WARNING - /home/***/.local/lib/python3.6/site-packages/***/utils/context.py:152: AirflowContextDeprecationWarning: Accessing 'prev_execution_date' from the template is deprecated and will be removed in a future version.
  warnings.warn(_create_deprecation_warning(key, self._deprecation_replacements[key]))

[2025-03-31 00:39:04,238] {warnings.py:99} WARNING - /home/***/.local/lib/python3.6/site-packages/***/utils/context.py:152: AirflowContextDeprecationWarning: Accessing 'prev_execution_date_success' from the template is deprecated and will be removed in a future version. Please use 'prev_data_interval_start_success' instead.
  warnings.warn(_create_deprecation_warning(key, self._deprecation_replacements[key]))

[2025-03-31 00:39:04,239] {warnings.py:99} WARNING - /home/***/.local/lib/python3.6/site-packages/***/utils/context.py:152: AirflowContextDeprecationWarning: Accessing 'tomorrow_ds' from the template is deprecated and will be removed in a future version.
  warnings.warn(_create_deprecation_warning(key, self._deprecation_replacements[key]))

[2025-03-31 00:39:04,239] {warnings.py:99} WARNING - /home/***/.local/lib/python3.6/site-packages/***/utils/context.py:152: AirflowContextDeprecationWarning: Accessing 'tomorrow_ds_nodash' from the template is deprecated and will be removed in a future version.
  warnings.warn(_create_deprecation_warning(key, self._deprecation_replacements[key]))

[2025-03-31 00:39:04,239] {warnings.py:99} WARNING - /home/***/.local/lib/python3.6/site-packages/***/utils/context.py:152: AirflowContextDeprecationWarning: Accessing 'yesterday_ds' from the template is deprecated and will be removed in a future version.
  warnings.warn(_create_deprecation_warning(key, self._deprecation_replacements[key]))

[2025-03-31 00:39:04,239] {warnings.py:99} WARNING - /home/***/.local/lib/python3.6/site-packages/***/utils/context.py:152: AirflowContextDeprecationWarning: Accessing 'yesterday_ds_nodash' from the template is deprecated and will be removed in a future version.
  warnings.warn(_create_deprecation_warning(key, self._deprecation_replacements[key]))

[2025-03-31 00:39:05,843] {crypto.py:82} WARNING - empty cryptography key - values will not be stored encrypted.
[2025-03-31 00:39:05,992] {gcs.py:486} INFO - File /tmp/temp_output_8.csv uploaded to natality/data_month_8.csv in us-natality-bucket bucket
[2025-03-31 00:39:05,993] {python.py:175} INFO - Done. Returned value was: Query executed for month 8 and results uploaded to GCS.
[2025-03-31 00:39:06,078] {taskinstance.py:1277} INFO - Marking task as SUCCESS. dag_id=natality_web_data_to_gcs, task_id=query_and_upload_to_gcs_8, execution_date=20250331T003834, start_date=20250331T003903, end_date=20250331T003906
[2025-03-31 00:39:06,163] {local_task_job.py:154} INFO - Task exited with return code 0
[2025-03-31 00:39:06,262] {local_task_job.py:264} INFO - 0 downstream tasks scheduled from follow-on schedule check
