[2025-03-31 00:05:44,867] {taskinstance.py:1032} INFO - Dependencies all met for <TaskInstance: natality_web_data_to_gcs.joint3 manual__2025-03-31T00:05:20.585572+00:00 [queued]>
[2025-03-31 00:05:44,882] {taskinstance.py:1032} INFO - Dependencies all met for <TaskInstance: natality_web_data_to_gcs.joint3 manual__2025-03-31T00:05:20.585572+00:00 [queued]>
[2025-03-31 00:05:44,882] {taskinstance.py:1238} INFO - 
--------------------------------------------------------------------------------
[2025-03-31 00:05:44,883] {taskinstance.py:1239} INFO - Starting attempt 1 of 1
[2025-03-31 00:05:44,883] {taskinstance.py:1240} INFO - 
--------------------------------------------------------------------------------
[2025-03-31 00:05:44,899] {taskinstance.py:1259} INFO - Executing <Task(BashOperator): joint3> on 2025-03-31 00:05:20.585572+00:00
[2025-03-31 00:05:44,909] {standard_task_runner.py:52} INFO - Started process 1570 to run task
[2025-03-31 00:05:44,917] {standard_task_runner.py:76} INFO - Running: ['***', 'tasks', 'run', 'natality_web_data_to_gcs', 'joint3', 'manual__2025-03-31T00:05:20.585572+00:00', '--job-id', '222', '--raw', '--subdir', 'DAGS_FOLDER/bigquery_to_gcs.py', '--cfg-path', '/tmp/tmpwsk9hghr', '--error-file', '/tmp/tmprwb7wpz5']
[2025-03-31 00:05:44,922] {standard_task_runner.py:77} INFO - Job 222: Subtask joint3
[2025-03-31 00:05:45,026] {logging_mixin.py:109} INFO - Running <TaskInstance: natality_web_data_to_gcs.joint3 manual__2025-03-31T00:05:20.585572+00:00 [running]> on host 3341a2d56eeb
[2025-03-31 00:05:45,123] {taskinstance.py:1426} INFO - Exporting the following env vars:
AIRFLOW_CTX_DAG_OWNER=***
AIRFLOW_CTX_DAG_ID=natality_web_data_to_gcs
AIRFLOW_CTX_TASK_ID=joint3
AIRFLOW_CTX_EXECUTION_DATE=2025-03-31T00:05:20.585572+00:00
AIRFLOW_CTX_DAG_RUN_ID=manual__2025-03-31T00:05:20.585572+00:00
[2025-03-31 00:05:45,125] {subprocess.py:62} INFO - Tmp dir root location: 
 /tmp
[2025-03-31 00:05:45,126] {subprocess.py:74} INFO - Running command: ['bash', '-c', 'echo "Joint3!"']
[2025-03-31 00:05:45,156] {subprocess.py:85} INFO - Output:
[2025-03-31 00:05:45,161] {subprocess.py:89} INFO - Joint3!
[2025-03-31 00:05:45,162] {subprocess.py:93} INFO - Command exited with return code 0
[2025-03-31 00:05:45,216] {taskinstance.py:1277} INFO - Marking task as SUCCESS. dag_id=natality_web_data_to_gcs, task_id=joint3, execution_date=20250331T000520, start_date=20250331T000544, end_date=20250331T000545
[2025-03-31 00:05:45,254] {local_task_job.py:154} INFO - Task exited with return code 0
[2025-03-31 00:05:45,341] {local_task_job.py:264} INFO - 6 downstream tasks scheduled from follow-on schedule check
