[2025-03-30 22:27:38,636] {taskinstance.py:1032} INFO - Dependencies all met for <TaskInstance: natality_web_data_to_gcs.joint2 manual__2025-03-30T22:27:26.655027+00:00 [queued]>
[2025-03-30 22:27:38,658] {taskinstance.py:1032} INFO - Dependencies all met for <TaskInstance: natality_web_data_to_gcs.joint2 manual__2025-03-30T22:27:26.655027+00:00 [queued]>
[2025-03-30 22:27:38,658] {taskinstance.py:1238} INFO - 
--------------------------------------------------------------------------------
[2025-03-30 22:27:38,658] {taskinstance.py:1239} INFO - Starting attempt 1 of 1
[2025-03-30 22:27:38,658] {taskinstance.py:1240} INFO - 
--------------------------------------------------------------------------------
[2025-03-30 22:27:38,676] {taskinstance.py:1259} INFO - Executing <Task(BashOperator): joint2> on 2025-03-30 22:27:26.655027+00:00
[2025-03-30 22:27:38,687] {standard_task_runner.py:52} INFO - Started process 916 to run task
[2025-03-30 22:27:38,693] {standard_task_runner.py:76} INFO - Running: ['***', 'tasks', 'run', 'natality_web_data_to_gcs', 'joint2', 'manual__2025-03-30T22:27:26.655027+00:00', '--job-id', '108', '--raw', '--subdir', 'DAGS_FOLDER/bigquery_to_gcs.py', '--cfg-path', '/tmp/tmp5fgmdirr', '--error-file', '/tmp/tmp98ntp31_']
[2025-03-30 22:27:38,700] {standard_task_runner.py:77} INFO - Job 108: Subtask joint2
[2025-03-30 22:27:38,804] {logging_mixin.py:109} INFO - Running <TaskInstance: natality_web_data_to_gcs.joint2 manual__2025-03-30T22:27:26.655027+00:00 [running]> on host 6e74f7e5ce4c
[2025-03-30 22:27:38,898] {taskinstance.py:1426} INFO - Exporting the following env vars:
AIRFLOW_CTX_DAG_OWNER=***
AIRFLOW_CTX_DAG_ID=natality_web_data_to_gcs
AIRFLOW_CTX_TASK_ID=joint2
AIRFLOW_CTX_EXECUTION_DATE=2025-03-30T22:27:26.655027+00:00
AIRFLOW_CTX_DAG_RUN_ID=manual__2025-03-30T22:27:26.655027+00:00
[2025-03-30 22:27:38,902] {subprocess.py:62} INFO - Tmp dir root location: 
 /tmp
[2025-03-30 22:27:38,903] {subprocess.py:74} INFO - Running command: ['bash', '-c', 'echo "Joint2!"']
[2025-03-30 22:27:38,930] {subprocess.py:85} INFO - Output:
[2025-03-30 22:27:38,933] {subprocess.py:89} INFO - Joint2!
[2025-03-30 22:27:38,934] {subprocess.py:93} INFO - Command exited with return code 0
[2025-03-30 22:27:38,983] {taskinstance.py:1277} INFO - Marking task as SUCCESS. dag_id=natality_web_data_to_gcs, task_id=joint2, execution_date=20250330T222726, start_date=20250330T222738, end_date=20250330T222738
[2025-03-30 22:27:39,031] {local_task_job.py:154} INFO - Task exited with return code 0
[2025-03-30 22:27:39,116] {local_task_job.py:264} INFO - 6 downstream tasks scheduled from follow-on schedule check
