[2025-03-31 01:44:39,457] {taskinstance.py:1032} INFO - Dependencies all met for <TaskInstance: natality_web_data_to_gcs.joint2 manual__2025-03-31T01:44:25.354991+00:00 [queued]>
[2025-03-31 01:44:39,476] {taskinstance.py:1032} INFO - Dependencies all met for <TaskInstance: natality_web_data_to_gcs.joint2 manual__2025-03-31T01:44:25.354991+00:00 [queued]>
[2025-03-31 01:44:39,476] {taskinstance.py:1238} INFO - 
--------------------------------------------------------------------------------
[2025-03-31 01:44:39,476] {taskinstance.py:1239} INFO - Starting attempt 1 of 1
[2025-03-31 01:44:39,477] {taskinstance.py:1240} INFO - 
--------------------------------------------------------------------------------
[2025-03-31 01:44:39,496] {taskinstance.py:1259} INFO - Executing <Task(BashOperator): joint2> on 2025-03-31 01:44:25.354991+00:00
[2025-03-31 01:44:39,509] {standard_task_runner.py:52} INFO - Started process 8076 to run task
[2025-03-31 01:44:39,514] {standard_task_runner.py:76} INFO - Running: ['***', 'tasks', 'run', 'natality_web_data_to_gcs', 'joint2', 'manual__2025-03-31T01:44:25.354991+00:00', '--job-id', '463', '--raw', '--subdir', 'DAGS_FOLDER/bigquery_to_gcs.py', '--cfg-path', '/tmp/tmphgyd77w8', '--error-file', '/tmp/tmpzzlmd64o']
[2025-03-31 01:44:39,520] {standard_task_runner.py:77} INFO - Job 463: Subtask joint2
[2025-03-31 01:44:39,596] {logging_mixin.py:109} INFO - Running <TaskInstance: natality_web_data_to_gcs.joint2 manual__2025-03-31T01:44:25.354991+00:00 [running]> on host 3341a2d56eeb
[2025-03-31 01:44:39,685] {taskinstance.py:1426} INFO - Exporting the following env vars:
AIRFLOW_CTX_DAG_OWNER=***
AIRFLOW_CTX_DAG_ID=natality_web_data_to_gcs
AIRFLOW_CTX_TASK_ID=joint2
AIRFLOW_CTX_EXECUTION_DATE=2025-03-31T01:44:25.354991+00:00
AIRFLOW_CTX_DAG_RUN_ID=manual__2025-03-31T01:44:25.354991+00:00
[2025-03-31 01:44:39,687] {subprocess.py:62} INFO - Tmp dir root location: 
 /tmp
[2025-03-31 01:44:39,689] {subprocess.py:74} INFO - Running command: ['bash', '-c', 'echo "Joint2!"']
[2025-03-31 01:44:39,724] {subprocess.py:85} INFO - Output:
[2025-03-31 01:44:39,727] {subprocess.py:89} INFO - Joint2!
[2025-03-31 01:44:39,728] {subprocess.py:93} INFO - Command exited with return code 0
[2025-03-31 01:44:39,778] {taskinstance.py:1277} INFO - Marking task as SUCCESS. dag_id=natality_web_data_to_gcs, task_id=joint2, execution_date=20250331T014425, start_date=20250331T014439, end_date=20250331T014439
[2025-03-31 01:44:39,855] {local_task_job.py:154} INFO - Task exited with return code 0
[2025-03-31 01:44:39,954] {local_task_job.py:264} INFO - 6 downstream tasks scheduled from follow-on schedule check
