[2025-03-31 02:12:28,713] {taskinstance.py:1032} INFO - Dependencies all met for <TaskInstance: natality_web_data_to_gcs.joint4 manual__2025-03-31T02:11:53.999497+00:00 [queued]>
[2025-03-31 02:12:28,744] {taskinstance.py:1032} INFO - Dependencies all met for <TaskInstance: natality_web_data_to_gcs.joint4 manual__2025-03-31T02:11:53.999497+00:00 [queued]>
[2025-03-31 02:12:28,744] {taskinstance.py:1238} INFO - 
--------------------------------------------------------------------------------
[2025-03-31 02:12:28,745] {taskinstance.py:1239} INFO - Starting attempt 1 of 1
[2025-03-31 02:12:28,745] {taskinstance.py:1240} INFO - 
--------------------------------------------------------------------------------
[2025-03-31 02:12:28,776] {taskinstance.py:1259} INFO - Executing <Task(BashOperator): joint4> on 2025-03-31 02:11:53.999497+00:00
[2025-03-31 02:12:28,792] {standard_task_runner.py:52} INFO - Started process 436 to run task
[2025-03-31 02:12:28,797] {standard_task_runner.py:76} INFO - Running: ['***', 'tasks', 'run', 'natality_web_data_to_gcs', 'joint4', 'manual__2025-03-31T02:11:53.999497+00:00', '--job-id', '548', '--raw', '--subdir', 'DAGS_FOLDER/bigquery_to_gcs.py', '--cfg-path', '/tmp/tmpldfr89lj', '--error-file', '/tmp/tmp3zr0ouu8']
[2025-03-31 02:12:28,813] {standard_task_runner.py:77} INFO - Job 548: Subtask joint4
[2025-03-31 02:12:28,924] {logging_mixin.py:109} INFO - Running <TaskInstance: natality_web_data_to_gcs.joint4 manual__2025-03-31T02:11:53.999497+00:00 [running]> on host 65c454f46b2f
[2025-03-31 02:12:29,041] {taskinstance.py:1426} INFO - Exporting the following env vars:
AIRFLOW_CTX_DAG_OWNER=***
AIRFLOW_CTX_DAG_ID=natality_web_data_to_gcs
AIRFLOW_CTX_TASK_ID=joint4
AIRFLOW_CTX_EXECUTION_DATE=2025-03-31T02:11:53.999497+00:00
AIRFLOW_CTX_DAG_RUN_ID=manual__2025-03-31T02:11:53.999497+00:00
[2025-03-31 02:12:29,043] {subprocess.py:62} INFO - Tmp dir root location: 
 /tmp
[2025-03-31 02:12:29,044] {subprocess.py:74} INFO - Running command: ['bash', '-c', 'echo "Joint4!"']
[2025-03-31 02:12:29,078] {subprocess.py:85} INFO - Output:
[2025-03-31 02:12:29,081] {subprocess.py:89} INFO - Joint4!
[2025-03-31 02:12:29,082] {subprocess.py:93} INFO - Command exited with return code 0
[2025-03-31 02:12:29,147] {taskinstance.py:1277} INFO - Marking task as SUCCESS. dag_id=natality_web_data_to_gcs, task_id=joint4, execution_date=20250331T021153, start_date=20250331T021228, end_date=20250331T021229
[2025-03-31 02:12:29,221] {local_task_job.py:154} INFO - Task exited with return code 0
[2025-03-31 02:12:29,297] {local_task_job.py:264} INFO - 1 downstream tasks scheduled from follow-on schedule check
