[2025-03-30 20:42:52,958] {taskinstance.py:1032} INFO - Dependencies all met for <TaskInstance: natality_web_data_to_gcs.end manual__2025-03-30T20:37:19.355237+00:00 [queued]>
[2025-03-30 20:42:52,971] {taskinstance.py:1032} INFO - Dependencies all met for <TaskInstance: natality_web_data_to_gcs.end manual__2025-03-30T20:37:19.355237+00:00 [queued]>
[2025-03-30 20:42:52,971] {taskinstance.py:1238} INFO - 
--------------------------------------------------------------------------------
[2025-03-30 20:42:52,971] {taskinstance.py:1239} INFO - Starting attempt 1 of 1
[2025-03-30 20:42:52,971] {taskinstance.py:1240} INFO - 
--------------------------------------------------------------------------------
[2025-03-30 20:42:52,984] {taskinstance.py:1259} INFO - Executing <Task(BashOperator): end> on 2025-03-30 20:37:19.355237+00:00
[2025-03-30 20:42:52,993] {standard_task_runner.py:52} INFO - Started process 10307 to run task
[2025-03-30 20:42:52,998] {standard_task_runner.py:76} INFO - Running: ['***', 'tasks', 'run', 'natality_web_data_to_gcs', 'end', 'manual__2025-03-30T20:37:19.355237+00:00', '--job-id', '66', '--raw', '--subdir', 'DAGS_FOLDER/bigquery_to_gcs.py', '--cfg-path', '/tmp/tmprivjzel5', '--error-file', '/tmp/tmppub6j5wv']
[2025-03-30 20:42:53,004] {standard_task_runner.py:77} INFO - Job 66: Subtask end
[2025-03-30 20:42:53,072] {logging_mixin.py:109} INFO - Running <TaskInstance: natality_web_data_to_gcs.end manual__2025-03-30T20:37:19.355237+00:00 [running]> on host f5b8902f5cd8
[2025-03-30 20:42:53,162] {taskinstance.py:1426} INFO - Exporting the following env vars:
AIRFLOW_CTX_DAG_OWNER=***
AIRFLOW_CTX_DAG_ID=natality_web_data_to_gcs
AIRFLOW_CTX_TASK_ID=end
AIRFLOW_CTX_EXECUTION_DATE=2025-03-30T20:37:19.355237+00:00
AIRFLOW_CTX_DAG_RUN_ID=manual__2025-03-30T20:37:19.355237+00:00
[2025-03-30 20:42:53,166] {subprocess.py:62} INFO - Tmp dir root location: 
 /tmp
[2025-03-30 20:42:53,167] {subprocess.py:74} INFO - Running command: ['bash', '-c', 'echo "End!"']
[2025-03-30 20:42:53,188] {subprocess.py:85} INFO - Output:
[2025-03-30 20:42:53,190] {subprocess.py:89} INFO - End!
[2025-03-30 20:42:53,191] {subprocess.py:93} INFO - Command exited with return code 0
[2025-03-30 20:42:53,244] {taskinstance.py:1277} INFO - Marking task as SUCCESS. dag_id=natality_web_data_to_gcs, task_id=end, execution_date=20250330T203719, start_date=20250330T204252, end_date=20250330T204253
[2025-03-30 20:42:53,295] {local_task_job.py:154} INFO - Task exited with return code 0
[2025-03-30 20:42:53,341] {local_task_job.py:264} INFO - 0 downstream tasks scheduled from follow-on schedule check
