[2025-03-31 00:42:22,921] {taskinstance.py:1032} INFO - Dependencies all met for <TaskInstance: natality_web_data_to_gcs.joint2 manual__2025-03-31T00:42:09.430131+00:00 [queued]>
[2025-03-31 00:42:22,944] {taskinstance.py:1032} INFO - Dependencies all met for <TaskInstance: natality_web_data_to_gcs.joint2 manual__2025-03-31T00:42:09.430131+00:00 [queued]>
[2025-03-31 00:42:22,944] {taskinstance.py:1238} INFO - 
--------------------------------------------------------------------------------
[2025-03-31 00:42:22,944] {taskinstance.py:1239} INFO - Starting attempt 1 of 1
[2025-03-31 00:42:22,944] {taskinstance.py:1240} INFO - 
--------------------------------------------------------------------------------
[2025-03-31 00:42:22,966] {taskinstance.py:1259} INFO - Executing <Task(BashOperator): joint2> on 2025-03-31 00:42:09.430131+00:00
[2025-03-31 00:42:22,977] {standard_task_runner.py:52} INFO - Started process 4310 to run task
[2025-03-31 00:42:22,982] {standard_task_runner.py:76} INFO - Running: ['***', 'tasks', 'run', 'natality_web_data_to_gcs', 'joint2', 'manual__2025-03-31T00:42:09.430131+00:00', '--job-id', '347', '--raw', '--subdir', 'DAGS_FOLDER/bigquery_to_gcs.py', '--cfg-path', '/tmp/tmppm8v3s5p', '--error-file', '/tmp/tmpkpiprv_7']
[2025-03-31 00:42:22,987] {standard_task_runner.py:77} INFO - Job 347: Subtask joint2
[2025-03-31 00:42:23,088] {logging_mixin.py:109} INFO - Running <TaskInstance: natality_web_data_to_gcs.joint2 manual__2025-03-31T00:42:09.430131+00:00 [running]> on host 3341a2d56eeb
[2025-03-31 00:42:23,183] {taskinstance.py:1426} INFO - Exporting the following env vars:
AIRFLOW_CTX_DAG_OWNER=***
AIRFLOW_CTX_DAG_ID=natality_web_data_to_gcs
AIRFLOW_CTX_TASK_ID=joint2
AIRFLOW_CTX_EXECUTION_DATE=2025-03-31T00:42:09.430131+00:00
AIRFLOW_CTX_DAG_RUN_ID=manual__2025-03-31T00:42:09.430131+00:00
[2025-03-31 00:42:23,185] {subprocess.py:62} INFO - Tmp dir root location: 
 /tmp
[2025-03-31 00:42:23,186] {subprocess.py:74} INFO - Running command: ['bash', '-c', 'echo "Joint2!"']
[2025-03-31 00:42:23,212] {subprocess.py:85} INFO - Output:
[2025-03-31 00:42:23,215] {subprocess.py:89} INFO - Joint2!
[2025-03-31 00:42:23,216] {subprocess.py:93} INFO - Command exited with return code 0
[2025-03-31 00:42:23,264] {taskinstance.py:1277} INFO - Marking task as SUCCESS. dag_id=natality_web_data_to_gcs, task_id=joint2, execution_date=20250331T004209, start_date=20250331T004222, end_date=20250331T004223
[2025-03-31 00:42:23,322] {local_task_job.py:154} INFO - Task exited with return code 0
[2025-03-31 00:42:23,420] {local_task_job.py:264} INFO - 6 downstream tasks scheduled from follow-on schedule check
