[2025-03-31 02:12:00,558] {taskinstance.py:1032} INFO - Dependencies all met for <TaskInstance: natality_web_data_to_gcs.download_state_lookup manual__2025-03-31T02:11:53.999497+00:00 [queued]>
[2025-03-31 02:12:00,580] {taskinstance.py:1032} INFO - Dependencies all met for <TaskInstance: natality_web_data_to_gcs.download_state_lookup manual__2025-03-31T02:11:53.999497+00:00 [queued]>
[2025-03-31 02:12:00,581] {taskinstance.py:1238} INFO - 
--------------------------------------------------------------------------------
[2025-03-31 02:12:00,581] {taskinstance.py:1239} INFO - Starting attempt 1 of 1
[2025-03-31 02:12:00,581] {taskinstance.py:1240} INFO - 
--------------------------------------------------------------------------------
[2025-03-31 02:12:00,607] {taskinstance.py:1259} INFO - Executing <Task(BashOperator): download_state_lookup> on 2025-03-31 02:11:53.999497+00:00
[2025-03-31 02:12:00,627] {standard_task_runner.py:76} INFO - Running: ['***', 'tasks', 'run', 'natality_web_data_to_gcs', 'download_state_lookup', 'manual__2025-03-31T02:11:53.999497+00:00', '--job-id', '530', '--raw', '--subdir', 'DAGS_FOLDER/bigquery_to_gcs.py', '--cfg-path', '/tmp/tmp812nkb2b', '--error-file', '/tmp/tmpz12yej70']
[2025-03-31 02:12:00,622] {standard_task_runner.py:52} INFO - Started process 221 to run task
[2025-03-31 02:12:00,633] {standard_task_runner.py:77} INFO - Job 530: Subtask download_state_lookup
[2025-03-31 02:12:00,746] {logging_mixin.py:109} INFO - Running <TaskInstance: natality_web_data_to_gcs.download_state_lookup manual__2025-03-31T02:11:53.999497+00:00 [running]> on host 65c454f46b2f
[2025-03-31 02:12:00,847] {taskinstance.py:1426} INFO - Exporting the following env vars:
AIRFLOW_CTX_DAG_OWNER=***
AIRFLOW_CTX_DAG_ID=natality_web_data_to_gcs
AIRFLOW_CTX_TASK_ID=download_state_lookup
AIRFLOW_CTX_EXECUTION_DATE=2025-03-31T02:11:53.999497+00:00
AIRFLOW_CTX_DAG_RUN_ID=manual__2025-03-31T02:11:53.999497+00:00
[2025-03-31 02:12:00,849] {subprocess.py:62} INFO - Tmp dir root location: 
 /tmp
[2025-03-31 02:12:00,850] {subprocess.py:74} INFO - Running command: ['bash', '-c', 'wget --no-check-certificate "https://docs.google.com/uc?export=download&id=1dsVF__ZPD-40eZLVhedrGn-wWDCJX6bU" -O /tmp/state_lookup.csv']
[2025-03-31 02:12:00,877] {subprocess.py:85} INFO - Output:
[2025-03-31 02:12:00,884] {subprocess.py:89} INFO - --2025-03-31 02:12:00--  https://docs.google.com/uc?export=download&id=1dsVF__ZPD-40eZLVhedrGn-wWDCJX6bU
[2025-03-31 02:12:00,895] {subprocess.py:89} INFO - Resolving docs.google.com (docs.google.com)... 173.194.206.139, 173.194.206.138, 173.194.206.101, ...
[2025-03-31 02:12:00,896] {subprocess.py:89} INFO - Connecting to docs.google.com (docs.google.com)|173.194.206.139|:443... connected.
[2025-03-31 02:12:00,988] {subprocess.py:89} INFO - HTTP request sent, awaiting response... 303 See Other
[2025-03-31 02:12:00,989] {subprocess.py:89} INFO - Location: https://drive.usercontent.google.com/download?id=1dsVF__ZPD-40eZLVhedrGn-wWDCJX6bU&export=download [following]
[2025-03-31 02:12:00,990] {subprocess.py:89} INFO - --2025-03-31 02:12:00--  https://drive.usercontent.google.com/download?id=1dsVF__ZPD-40eZLVhedrGn-wWDCJX6bU&export=download
[2025-03-31 02:12:00,991] {subprocess.py:89} INFO - Resolving drive.usercontent.google.com (drive.usercontent.google.com)... 209.85.200.132, 2607:f8b0:4001:c16::84
[2025-03-31 02:12:00,992] {subprocess.py:89} INFO - Connecting to drive.usercontent.google.com (drive.usercontent.google.com)|209.85.200.132|:443... connected.
[2025-03-31 02:12:03,347] {subprocess.py:89} INFO - HTTP request sent, awaiting response... 200 OK
[2025-03-31 02:12:03,348] {subprocess.py:89} INFO - Length: 632 [application/octet-stream]
[2025-03-31 02:12:03,348] {subprocess.py:89} INFO - Saving to: ‘/tmp/state_lookup.csv’
[2025-03-31 02:12:03,348] {subprocess.py:89} INFO - 
[2025-03-31 02:12:03,349] {subprocess.py:89} INFO -      0K                                                       100% 6.68M=0s
[2025-03-31 02:12:03,349] {subprocess.py:89} INFO - 
[2025-03-31 02:12:03,349] {subprocess.py:89} INFO - 2025-03-31 02:12:03 (6.68 MB/s) - ‘/tmp/state_lookup.csv’ saved [632/632]
[2025-03-31 02:12:03,349] {subprocess.py:89} INFO - 
[2025-03-31 02:12:03,352] {subprocess.py:93} INFO - Command exited with return code 0
[2025-03-31 02:12:03,401] {taskinstance.py:1277} INFO - Marking task as SUCCESS. dag_id=natality_web_data_to_gcs, task_id=download_state_lookup, execution_date=20250331T021153, start_date=20250331T021200, end_date=20250331T021203
[2025-03-31 02:12:03,467] {local_task_job.py:154} INFO - Task exited with return code 0
[2025-03-31 02:12:03,564] {local_task_job.py:264} INFO - 1 downstream tasks scheduled from follow-on schedule check
