[2025-03-31 02:21:33,476] {taskinstance.py:1032} INFO - Dependencies all met for <TaskInstance: natality_web_data_to_gcs.start manual__2025-03-31T02:21:31.899204+00:00 [queued]>
[2025-03-31 02:21:33,496] {taskinstance.py:1032} INFO - Dependencies all met for <TaskInstance: natality_web_data_to_gcs.start manual__2025-03-31T02:21:31.899204+00:00 [queued]>
[2025-03-31 02:21:33,497] {taskinstance.py:1238} INFO - 
--------------------------------------------------------------------------------
[2025-03-31 02:21:33,497] {taskinstance.py:1239} INFO - Starting attempt 1 of 1
[2025-03-31 02:21:33,497] {taskinstance.py:1240} INFO - 
--------------------------------------------------------------------------------
[2025-03-31 02:21:33,516] {taskinstance.py:1259} INFO - Executing <Task(BashOperator): start> on 2025-03-31 02:21:31.899204+00:00
[2025-03-31 02:21:33,526] {standard_task_runner.py:52} INFO - Started process 863 to run task
[2025-03-31 02:21:33,531] {standard_task_runner.py:76} INFO - Running: ['***', 'tasks', 'run', 'natality_web_data_to_gcs', 'start', 'manual__2025-03-31T02:21:31.899204+00:00', '--job-id', '552', '--raw', '--subdir', 'DAGS_FOLDER/bigquery_to_gcs.py', '--cfg-path', '/tmp/tmp8eocxam4', '--error-file', '/tmp/tmpwtpl0mgr']
[2025-03-31 02:21:33,536] {standard_task_runner.py:77} INFO - Job 552: Subtask start
[2025-03-31 02:21:33,640] {logging_mixin.py:109} INFO - Running <TaskInstance: natality_web_data_to_gcs.start manual__2025-03-31T02:21:31.899204+00:00 [running]> on host 65c454f46b2f
[2025-03-31 02:21:33,731] {taskinstance.py:1426} INFO - Exporting the following env vars:
AIRFLOW_CTX_DAG_OWNER=***
AIRFLOW_CTX_DAG_ID=natality_web_data_to_gcs
AIRFLOW_CTX_TASK_ID=start
AIRFLOW_CTX_EXECUTION_DATE=2025-03-31T02:21:31.899204+00:00
AIRFLOW_CTX_DAG_RUN_ID=manual__2025-03-31T02:21:31.899204+00:00
[2025-03-31 02:21:33,733] {subprocess.py:62} INFO - Tmp dir root location: 
 /tmp
[2025-03-31 02:21:33,734] {subprocess.py:74} INFO - Running command: ['bash', '-c', 'echo "Started!"']
[2025-03-31 02:21:33,763] {subprocess.py:85} INFO - Output:
[2025-03-31 02:21:33,767] {subprocess.py:89} INFO - Started!
[2025-03-31 02:21:33,768] {subprocess.py:93} INFO - Command exited with return code 0
[2025-03-31 02:21:33,814] {taskinstance.py:1277} INFO - Marking task as SUCCESS. dag_id=natality_web_data_to_gcs, task_id=start, execution_date=20250331T022131, start_date=20250331T022133, end_date=20250331T022133
[2025-03-31 02:21:33,872] {local_task_job.py:154} INFO - Task exited with return code 0
[2025-03-31 02:21:33,955] {local_task_job.py:264} INFO - 2 downstream tasks scheduled from follow-on schedule check
