[2025-03-31 02:37:29,447] {taskinstance.py:1032} INFO - Dependencies all met for <TaskInstance: natality_web_data_to_gcs.submit_pyspark_job manual__2025-03-31T02:32:18.651615+00:00 [queued]>
[2025-03-31 02:37:29,473] {taskinstance.py:1032} INFO - Dependencies all met for <TaskInstance: natality_web_data_to_gcs.submit_pyspark_job manual__2025-03-31T02:32:18.651615+00:00 [queued]>
[2025-03-31 02:37:29,474] {taskinstance.py:1238} INFO - 
--------------------------------------------------------------------------------
[2025-03-31 02:37:29,474] {taskinstance.py:1239} INFO - Starting attempt 1 of 1
[2025-03-31 02:37:29,474] {taskinstance.py:1240} INFO - 
--------------------------------------------------------------------------------
[2025-03-31 02:37:29,497] {taskinstance.py:1259} INFO - Executing <Task(DataprocSubmitJobOperator): submit_pyspark_job> on 2025-03-31 02:32:18.651615+00:00
[2025-03-31 02:37:29,508] {standard_task_runner.py:52} INFO - Started process 2030 to run task
[2025-03-31 02:37:29,512] {standard_task_runner.py:76} INFO - Running: ['***', 'tasks', 'run', 'natality_web_data_to_gcs', 'submit_pyspark_job', 'manual__2025-03-31T02:32:18.651615+00:00', '--job-id', '599', '--raw', '--subdir', 'DAGS_FOLDER/bigquery_to_gcs.py', '--cfg-path', '/tmp/tmp5la96p8q', '--error-file', '/tmp/tmppzx79wxp']
[2025-03-31 02:37:29,518] {standard_task_runner.py:77} INFO - Job 599: Subtask submit_pyspark_job
[2025-03-31 02:37:29,610] {logging_mixin.py:109} INFO - Running <TaskInstance: natality_web_data_to_gcs.submit_pyspark_job manual__2025-03-31T02:32:18.651615+00:00 [running]> on host 65c454f46b2f
[2025-03-31 02:37:29,704] {taskinstance.py:1426} INFO - Exporting the following env vars:
AIRFLOW_CTX_DAG_OWNER=***
AIRFLOW_CTX_DAG_ID=natality_web_data_to_gcs
AIRFLOW_CTX_TASK_ID=submit_pyspark_job
AIRFLOW_CTX_EXECUTION_DATE=2025-03-31T02:32:18.651615+00:00
AIRFLOW_CTX_DAG_RUN_ID=manual__2025-03-31T02:32:18.651615+00:00
[2025-03-31 02:37:29,705] {dataproc.py:1997} INFO - Submitting job
[2025-03-31 02:37:29,706] {crypto.py:82} WARNING - empty cryptography key - values will not be stored encrypted.
[2025-03-31 02:37:29,856] {dataproc.py:2009} INFO - Job cfdbb8cf-88c0-4597-89c1-8d6bafa68d2e submitted successfully.
[2025-03-31 02:37:29,877] {dataproc.py:2022} INFO - Waiting for job cfdbb8cf-88c0-4597-89c1-8d6bafa68d2e to complete
[2025-03-31 02:38:40,548] {dataproc.py:2026} INFO - Job cfdbb8cf-88c0-4597-89c1-8d6bafa68d2e completed successfully.
[2025-03-31 02:38:40,583] {taskinstance.py:1277} INFO - Marking task as SUCCESS. dag_id=natality_web_data_to_gcs, task_id=submit_pyspark_job, execution_date=20250331T023218, start_date=20250331T023729, end_date=20250331T023840
[2025-03-31 02:38:40,639] {local_task_job.py:154} INFO - Task exited with return code 0
[2025-03-31 02:38:40,698] {local_task_job.py:264} INFO - 1 downstream tasks scheduled from follow-on schedule check
