[2025-03-31 01:24:22,304] {taskinstance.py:1032} INFO - Dependencies all met for <TaskInstance: natality_web_data_to_gcs.joint1 manual__2025-03-31T01:24:12.652803+00:00 [queued]>
[2025-03-31 01:24:22,325] {taskinstance.py:1032} INFO - Dependencies all met for <TaskInstance: natality_web_data_to_gcs.joint1 manual__2025-03-31T01:24:12.652803+00:00 [queued]>
[2025-03-31 01:24:22,326] {taskinstance.py:1238} INFO - 
--------------------------------------------------------------------------------
[2025-03-31 01:24:22,326] {taskinstance.py:1239} INFO - Starting attempt 1 of 1
[2025-03-31 01:24:22,326] {taskinstance.py:1240} INFO - 
--------------------------------------------------------------------------------
[2025-03-31 01:24:22,347] {taskinstance.py:1259} INFO - Executing <Task(BashOperator): joint1> on 2025-03-31 01:24:12.652803+00:00
[2025-03-31 01:24:22,362] {standard_task_runner.py:52} INFO - Started process 6315 to run task
[2025-03-31 01:24:22,366] {standard_task_runner.py:76} INFO - Running: ['***', 'tasks', 'run', 'natality_web_data_to_gcs', 'joint1', 'manual__2025-03-31T01:24:12.652803+00:00', '--job-id', '368', '--raw', '--subdir', 'DAGS_FOLDER/bigquery_to_gcs.py', '--cfg-path', '/tmp/tmp0hsj6pbk', '--error-file', '/tmp/tmpizc_tebc']
[2025-03-31 01:24:22,371] {standard_task_runner.py:77} INFO - Job 368: Subtask joint1
[2025-03-31 01:24:22,460] {logging_mixin.py:109} INFO - Running <TaskInstance: natality_web_data_to_gcs.joint1 manual__2025-03-31T01:24:12.652803+00:00 [running]> on host 3341a2d56eeb
[2025-03-31 01:24:22,549] {taskinstance.py:1426} INFO - Exporting the following env vars:
AIRFLOW_CTX_DAG_OWNER=***
AIRFLOW_CTX_DAG_ID=natality_web_data_to_gcs
AIRFLOW_CTX_TASK_ID=joint1
AIRFLOW_CTX_EXECUTION_DATE=2025-03-31T01:24:12.652803+00:00
AIRFLOW_CTX_DAG_RUN_ID=manual__2025-03-31T01:24:12.652803+00:00
[2025-03-31 01:24:22,551] {subprocess.py:62} INFO - Tmp dir root location: 
 /tmp
[2025-03-31 01:24:22,552] {subprocess.py:74} INFO - Running command: ['bash', '-c', 'echo "Joint!"']
[2025-03-31 01:24:22,579] {subprocess.py:85} INFO - Output:
[2025-03-31 01:24:22,582] {subprocess.py:89} INFO - Joint!
[2025-03-31 01:24:22,583] {subprocess.py:93} INFO - Command exited with return code 0
[2025-03-31 01:24:22,634] {taskinstance.py:1277} INFO - Marking task as SUCCESS. dag_id=natality_web_data_to_gcs, task_id=joint1, execution_date=20250331T012412, start_date=20250331T012422, end_date=20250331T012422
[2025-03-31 01:24:22,707] {local_task_job.py:154} INFO - Task exited with return code 0
[2025-03-31 01:24:22,784] {local_task_job.py:264} INFO - 2 downstream tasks scheduled from follow-on schedule check
