[2025-03-31 00:13:30,030] {taskinstance.py:1032} INFO - Dependencies all met for <TaskInstance: natality_web_data_to_gcs.download_state_lookup manual__2025-03-31T00:13:25.831008+00:00 [queued]>
[2025-03-31 00:13:30,050] {taskinstance.py:1032} INFO - Dependencies all met for <TaskInstance: natality_web_data_to_gcs.download_state_lookup manual__2025-03-31T00:13:25.831008+00:00 [queued]>
[2025-03-31 00:13:30,050] {taskinstance.py:1238} INFO - 
--------------------------------------------------------------------------------
[2025-03-31 00:13:30,051] {taskinstance.py:1239} INFO - Starting attempt 1 of 1
[2025-03-31 00:13:30,051] {taskinstance.py:1240} INFO - 
--------------------------------------------------------------------------------
[2025-03-31 00:13:30,075] {taskinstance.py:1259} INFO - Executing <Task(BashOperator): download_state_lookup> on 2025-03-31 00:13:25.831008+00:00
[2025-03-31 00:13:30,090] {standard_task_runner.py:52} INFO - Started process 2224 to run task
[2025-03-31 00:13:30,095] {standard_task_runner.py:76} INFO - Running: ['***', 'tasks', 'run', 'natality_web_data_to_gcs', 'download_state_lookup', 'manual__2025-03-31T00:13:25.831008+00:00', '--job-id', '254', '--raw', '--subdir', 'DAGS_FOLDER/bigquery_to_gcs.py', '--cfg-path', '/tmp/tmpeyli6h1k', '--error-file', '/tmp/tmpqmsm0tqj']
[2025-03-31 00:13:30,100] {standard_task_runner.py:77} INFO - Job 254: Subtask download_state_lookup
[2025-03-31 00:13:30,215] {logging_mixin.py:109} INFO - Running <TaskInstance: natality_web_data_to_gcs.download_state_lookup manual__2025-03-31T00:13:25.831008+00:00 [running]> on host 3341a2d56eeb
[2025-03-31 00:13:30,332] {taskinstance.py:1426} INFO - Exporting the following env vars:
AIRFLOW_CTX_DAG_OWNER=***
AIRFLOW_CTX_DAG_ID=natality_web_data_to_gcs
AIRFLOW_CTX_TASK_ID=download_state_lookup
AIRFLOW_CTX_EXECUTION_DATE=2025-03-31T00:13:25.831008+00:00
AIRFLOW_CTX_DAG_RUN_ID=manual__2025-03-31T00:13:25.831008+00:00
[2025-03-31 00:13:30,334] {subprocess.py:62} INFO - Tmp dir root location: 
 /tmp
[2025-03-31 00:13:30,335] {subprocess.py:74} INFO - Running command: ['bash', '-c', 'wget --no-check-certificate "https://docs.google.com/uc?export=download&id=1dsVF__ZPD-40eZLVhedrGn-wWDCJX6bU" -O /tmp/state_lookup.csv']
[2025-03-31 00:13:30,370] {subprocess.py:85} INFO - Output:
[2025-03-31 00:13:30,381] {subprocess.py:89} INFO - --2025-03-31 00:13:30--  https://docs.google.com/uc?export=download&id=1dsVF__ZPD-40eZLVhedrGn-wWDCJX6bU
[2025-03-31 00:13:30,396] {subprocess.py:89} INFO - Resolving docs.google.com (docs.google.com)... 64.233.181.101, 64.233.181.100, 64.233.181.102, ...
[2025-03-31 00:13:30,398] {subprocess.py:89} INFO - Connecting to docs.google.com (docs.google.com)|64.233.181.101|:443... connected.
[2025-03-31 00:13:30,483] {subprocess.py:89} INFO - HTTP request sent, awaiting response... 303 See Other
[2025-03-31 00:13:30,484] {subprocess.py:89} INFO - Location: https://drive.usercontent.google.com/download?id=1dsVF__ZPD-40eZLVhedrGn-wWDCJX6bU&export=download [following]
[2025-03-31 00:13:30,485] {subprocess.py:89} INFO - --2025-03-31 00:13:30--  https://drive.usercontent.google.com/download?id=1dsVF__ZPD-40eZLVhedrGn-wWDCJX6bU&export=download
[2025-03-31 00:13:30,486] {subprocess.py:89} INFO - Resolving drive.usercontent.google.com (drive.usercontent.google.com)... 209.85.200.132, 2607:f8b0:4001:c16::84
[2025-03-31 00:13:30,488] {subprocess.py:89} INFO - Connecting to drive.usercontent.google.com (drive.usercontent.google.com)|209.85.200.132|:443... connected.
[2025-03-31 00:13:32,532] {subprocess.py:89} INFO - HTTP request sent, awaiting response... 200 OK
[2025-03-31 00:13:32,532] {subprocess.py:89} INFO - Length: 632 [application/octet-stream]
[2025-03-31 00:13:32,533] {subprocess.py:89} INFO - Saving to: ‘/tmp/state_lookup.csv’
[2025-03-31 00:13:32,533] {subprocess.py:89} INFO - 
[2025-03-31 00:13:32,534] {subprocess.py:89} INFO -      0K                                                       100% 20.8M=0s
[2025-03-31 00:13:32,534] {subprocess.py:89} INFO - 
[2025-03-31 00:13:32,534] {subprocess.py:89} INFO - 2025-03-31 00:13:32 (20.8 MB/s) - ‘/tmp/state_lookup.csv’ saved [632/632]
[2025-03-31 00:13:32,535] {subprocess.py:89} INFO - 
[2025-03-31 00:13:32,536] {subprocess.py:93} INFO - Command exited with return code 0
[2025-03-31 00:13:32,589] {taskinstance.py:1277} INFO - Marking task as SUCCESS. dag_id=natality_web_data_to_gcs, task_id=download_state_lookup, execution_date=20250331T001325, start_date=20250331T001330, end_date=20250331T001332
[2025-03-31 00:13:32,650] {local_task_job.py:154} INFO - Task exited with return code 0
[2025-03-31 00:13:32,782] {local_task_job.py:264} INFO - 0 downstream tasks scheduled from follow-on schedule check
