[2025-03-31 01:47:31,319] {taskinstance.py:1032} INFO - Dependencies all met for <TaskInstance: natality_web_data_to_gcs.joint3 manual__2025-03-31T01:47:08.600207+00:00 [queued]>
[2025-03-31 01:47:31,342] {taskinstance.py:1032} INFO - Dependencies all met for <TaskInstance: natality_web_data_to_gcs.joint3 manual__2025-03-31T01:47:08.600207+00:00 [queued]>
[2025-03-31 01:47:31,343] {taskinstance.py:1238} INFO - 
--------------------------------------------------------------------------------
[2025-03-31 01:47:31,343] {taskinstance.py:1239} INFO - Starting attempt 1 of 1
[2025-03-31 01:47:31,344] {taskinstance.py:1240} INFO - 
--------------------------------------------------------------------------------
[2025-03-31 01:47:31,366] {taskinstance.py:1259} INFO - Executing <Task(BashOperator): joint3> on 2025-03-31 01:47:08.600207+00:00
[2025-03-31 01:47:31,379] {standard_task_runner.py:52} INFO - Started process 8513 to run task
[2025-03-31 01:47:31,386] {standard_task_runner.py:76} INFO - Running: ['***', 'tasks', 'run', 'natality_web_data_to_gcs', 'joint3', 'manual__2025-03-31T01:47:08.600207+00:00', '--job-id', '493', '--raw', '--subdir', 'DAGS_FOLDER/bigquery_to_gcs.py', '--cfg-path', '/tmp/tmps_16ywsi', '--error-file', '/tmp/tmp23f3_d_5']
[2025-03-31 01:47:31,392] {standard_task_runner.py:77} INFO - Job 493: Subtask joint3
[2025-03-31 01:47:31,480] {logging_mixin.py:109} INFO - Running <TaskInstance: natality_web_data_to_gcs.joint3 manual__2025-03-31T01:47:08.600207+00:00 [running]> on host 3341a2d56eeb
[2025-03-31 01:47:31,561] {taskinstance.py:1426} INFO - Exporting the following env vars:
AIRFLOW_CTX_DAG_OWNER=***
AIRFLOW_CTX_DAG_ID=natality_web_data_to_gcs
AIRFLOW_CTX_TASK_ID=joint3
AIRFLOW_CTX_EXECUTION_DATE=2025-03-31T01:47:08.600207+00:00
AIRFLOW_CTX_DAG_RUN_ID=manual__2025-03-31T01:47:08.600207+00:00
[2025-03-31 01:47:31,562] {subprocess.py:62} INFO - Tmp dir root location: 
 /tmp
[2025-03-31 01:47:31,563] {subprocess.py:74} INFO - Running command: ['bash', '-c', 'echo "Joint3!"']
[2025-03-31 01:47:31,592] {subprocess.py:85} INFO - Output:
[2025-03-31 01:47:31,595] {subprocess.py:89} INFO - Joint3!
[2025-03-31 01:47:31,596] {subprocess.py:93} INFO - Command exited with return code 0
[2025-03-31 01:47:31,639] {taskinstance.py:1277} INFO - Marking task as SUCCESS. dag_id=natality_web_data_to_gcs, task_id=joint3, execution_date=20250331T014708, start_date=20250331T014731, end_date=20250331T014731
[2025-03-31 01:47:31,686] {local_task_job.py:154} INFO - Task exited with return code 0
[2025-03-31 01:47:31,767] {local_task_job.py:264} INFO - 6 downstream tasks scheduled from follow-on schedule check
