[2025-03-31 01:24:27,446] {taskinstance.py:1032} INFO - Dependencies all met for <TaskInstance: natality_web_data_to_gcs.joint2 manual__2025-03-31T01:24:12.652803+00:00 [queued]>
[2025-03-31 01:24:27,472] {taskinstance.py:1032} INFO - Dependencies all met for <TaskInstance: natality_web_data_to_gcs.joint2 manual__2025-03-31T01:24:12.652803+00:00 [queued]>
[2025-03-31 01:24:27,472] {taskinstance.py:1238} INFO - 
--------------------------------------------------------------------------------
[2025-03-31 01:24:27,472] {taskinstance.py:1239} INFO - Starting attempt 1 of 1
[2025-03-31 01:24:27,472] {taskinstance.py:1240} INFO - 
--------------------------------------------------------------------------------
[2025-03-31 01:24:27,495] {taskinstance.py:1259} INFO - Executing <Task(BashOperator): joint2> on 2025-03-31 01:24:12.652803+00:00
[2025-03-31 01:24:27,509] {standard_task_runner.py:52} INFO - Started process 6325 to run task
[2025-03-31 01:24:27,514] {standard_task_runner.py:76} INFO - Running: ['***', 'tasks', 'run', 'natality_web_data_to_gcs', 'joint2', 'manual__2025-03-31T01:24:12.652803+00:00', '--job-id', '371', '--raw', '--subdir', 'DAGS_FOLDER/bigquery_to_gcs.py', '--cfg-path', '/tmp/tmpye2u36dy', '--error-file', '/tmp/tmppxvl2f37']
[2025-03-31 01:24:27,518] {standard_task_runner.py:77} INFO - Job 371: Subtask joint2
[2025-03-31 01:24:27,619] {logging_mixin.py:109} INFO - Running <TaskInstance: natality_web_data_to_gcs.joint2 manual__2025-03-31T01:24:12.652803+00:00 [running]> on host 3341a2d56eeb
[2025-03-31 01:24:27,754] {taskinstance.py:1426} INFO - Exporting the following env vars:
AIRFLOW_CTX_DAG_OWNER=***
AIRFLOW_CTX_DAG_ID=natality_web_data_to_gcs
AIRFLOW_CTX_TASK_ID=joint2
AIRFLOW_CTX_EXECUTION_DATE=2025-03-31T01:24:12.652803+00:00
AIRFLOW_CTX_DAG_RUN_ID=manual__2025-03-31T01:24:12.652803+00:00
[2025-03-31 01:24:27,755] {subprocess.py:62} INFO - Tmp dir root location: 
 /tmp
[2025-03-31 01:24:27,756] {subprocess.py:74} INFO - Running command: ['bash', '-c', 'echo "Joint2!"']
[2025-03-31 01:24:27,784] {subprocess.py:85} INFO - Output:
[2025-03-31 01:24:27,787] {subprocess.py:89} INFO - Joint2!
[2025-03-31 01:24:27,788] {subprocess.py:93} INFO - Command exited with return code 0
[2025-03-31 01:24:27,845] {taskinstance.py:1277} INFO - Marking task as SUCCESS. dag_id=natality_web_data_to_gcs, task_id=joint2, execution_date=20250331T012412, start_date=20250331T012427, end_date=20250331T012427
[2025-03-31 01:24:27,895] {local_task_job.py:154} INFO - Task exited with return code 0
[2025-03-31 01:24:28,000] {local_task_job.py:264} INFO - 6 downstream tasks scheduled from follow-on schedule check
