[2025-03-31 01:39:18,413] {taskinstance.py:1032} INFO - Dependencies all met for <TaskInstance: natality_web_data_to_gcs.joint1 manual__2025-03-31T01:39:09.627117+00:00 [queued]>
[2025-03-31 01:39:18,435] {taskinstance.py:1032} INFO - Dependencies all met for <TaskInstance: natality_web_data_to_gcs.joint1 manual__2025-03-31T01:39:09.627117+00:00 [queued]>
[2025-03-31 01:39:18,436] {taskinstance.py:1238} INFO - 
--------------------------------------------------------------------------------
[2025-03-31 01:39:18,436] {taskinstance.py:1239} INFO - Starting attempt 1 of 1
[2025-03-31 01:39:18,436] {taskinstance.py:1240} INFO - 
--------------------------------------------------------------------------------
[2025-03-31 01:39:18,457] {taskinstance.py:1259} INFO - Executing <Task(BashOperator): joint1> on 2025-03-31 01:39:09.627117+00:00
[2025-03-31 01:39:18,472] {standard_task_runner.py:52} INFO - Started process 7405 to run task
[2025-03-31 01:39:18,477] {standard_task_runner.py:76} INFO - Running: ['***', 'tasks', 'run', 'natality_web_data_to_gcs', 'joint1', 'manual__2025-03-31T01:39:09.627117+00:00', '--job-id', '415', '--raw', '--subdir', 'DAGS_FOLDER/bigquery_to_gcs.py', '--cfg-path', '/tmp/tmpb6_ibq1i', '--error-file', '/tmp/tmp9hrebs2r']
[2025-03-31 01:39:18,482] {standard_task_runner.py:77} INFO - Job 415: Subtask joint1
[2025-03-31 01:39:18,595] {logging_mixin.py:109} INFO - Running <TaskInstance: natality_web_data_to_gcs.joint1 manual__2025-03-31T01:39:09.627117+00:00 [running]> on host 3341a2d56eeb
[2025-03-31 01:39:18,703] {taskinstance.py:1426} INFO - Exporting the following env vars:
AIRFLOW_CTX_DAG_OWNER=***
AIRFLOW_CTX_DAG_ID=natality_web_data_to_gcs
AIRFLOW_CTX_TASK_ID=joint1
AIRFLOW_CTX_EXECUTION_DATE=2025-03-31T01:39:09.627117+00:00
AIRFLOW_CTX_DAG_RUN_ID=manual__2025-03-31T01:39:09.627117+00:00
[2025-03-31 01:39:18,705] {subprocess.py:62} INFO - Tmp dir root location: 
 /tmp
[2025-03-31 01:39:18,706] {subprocess.py:74} INFO - Running command: ['bash', '-c', 'echo "Joint!"']
[2025-03-31 01:39:18,735] {subprocess.py:85} INFO - Output:
[2025-03-31 01:39:18,738] {subprocess.py:89} INFO - Joint!
[2025-03-31 01:39:18,739] {subprocess.py:93} INFO - Command exited with return code 0
[2025-03-31 01:39:18,786] {taskinstance.py:1277} INFO - Marking task as SUCCESS. dag_id=natality_web_data_to_gcs, task_id=joint1, execution_date=20250331T013909, start_date=20250331T013918, end_date=20250331T013918
[2025-03-31 01:39:18,858] {local_task_job.py:154} INFO - Task exited with return code 0
[2025-03-31 01:39:18,953] {local_task_job.py:264} INFO - 0 downstream tasks scheduled from follow-on schedule check
