[2025-03-31 00:38:39,069] {taskinstance.py:1032} INFO - Dependencies all met for <TaskInstance: natality_web_data_to_gcs.download_state_lookup manual__2025-03-31T00:38:34.932909+00:00 [queued]>
[2025-03-31 00:38:39,091] {taskinstance.py:1032} INFO - Dependencies all met for <TaskInstance: natality_web_data_to_gcs.download_state_lookup manual__2025-03-31T00:38:34.932909+00:00 [queued]>
[2025-03-31 00:38:39,092] {taskinstance.py:1238} INFO - 
--------------------------------------------------------------------------------
[2025-03-31 00:38:39,093] {taskinstance.py:1239} INFO - Starting attempt 1 of 1
[2025-03-31 00:38:39,093] {taskinstance.py:1240} INFO - 
--------------------------------------------------------------------------------
[2025-03-31 00:38:39,115] {taskinstance.py:1259} INFO - Executing <Task(BashOperator): download_state_lookup> on 2025-03-31 00:38:34.932909+00:00
[2025-03-31 00:38:39,129] {standard_task_runner.py:52} INFO - Started process 3923 to run task
[2025-03-31 00:38:39,133] {standard_task_runner.py:76} INFO - Running: ['***', 'tasks', 'run', 'natality_web_data_to_gcs', 'download_state_lookup', 'manual__2025-03-31T00:38:34.932909+00:00', '--job-id', '321', '--raw', '--subdir', 'DAGS_FOLDER/bigquery_to_gcs.py', '--cfg-path', '/tmp/tmpqbqo27p4', '--error-file', '/tmp/tmp0eyqrgof']
[2025-03-31 00:38:39,138] {standard_task_runner.py:77} INFO - Job 321: Subtask download_state_lookup
[2025-03-31 00:38:39,245] {logging_mixin.py:109} INFO - Running <TaskInstance: natality_web_data_to_gcs.download_state_lookup manual__2025-03-31T00:38:34.932909+00:00 [running]> on host 3341a2d56eeb
[2025-03-31 00:38:39,342] {taskinstance.py:1426} INFO - Exporting the following env vars:
AIRFLOW_CTX_DAG_OWNER=***
AIRFLOW_CTX_DAG_ID=natality_web_data_to_gcs
AIRFLOW_CTX_TASK_ID=download_state_lookup
AIRFLOW_CTX_EXECUTION_DATE=2025-03-31T00:38:34.932909+00:00
AIRFLOW_CTX_DAG_RUN_ID=manual__2025-03-31T00:38:34.932909+00:00
[2025-03-31 00:38:39,345] {subprocess.py:62} INFO - Tmp dir root location: 
 /tmp
[2025-03-31 00:38:39,347] {subprocess.py:74} INFO - Running command: ['bash', '-c', 'wget --no-check-certificate "https://docs.google.com/uc?export=download&id=1dsVF__ZPD-40eZLVhedrGn-wWDCJX6bU" -O /tmp/state_lookup.csv']
[2025-03-31 00:38:39,374] {subprocess.py:85} INFO - Output:
[2025-03-31 00:38:39,382] {subprocess.py:89} INFO - --2025-03-31 00:38:39--  https://docs.google.com/uc?export=download&id=1dsVF__ZPD-40eZLVhedrGn-wWDCJX6bU
[2025-03-31 00:38:39,393] {subprocess.py:89} INFO - Resolving docs.google.com (docs.google.com)... 64.233.181.100, 64.233.181.113, 64.233.181.139, ...
[2025-03-31 00:38:39,396] {subprocess.py:89} INFO - Connecting to docs.google.com (docs.google.com)|64.233.181.100|:443... connected.
[2025-03-31 00:38:39,487] {subprocess.py:89} INFO - HTTP request sent, awaiting response... 303 See Other
[2025-03-31 00:38:39,488] {subprocess.py:89} INFO - Location: https://drive.usercontent.google.com/download?id=1dsVF__ZPD-40eZLVhedrGn-wWDCJX6bU&export=download [following]
[2025-03-31 00:38:39,489] {subprocess.py:89} INFO - --2025-03-31 00:38:39--  https://drive.usercontent.google.com/download?id=1dsVF__ZPD-40eZLVhedrGn-wWDCJX6bU&export=download
[2025-03-31 00:38:39,490] {subprocess.py:89} INFO - Resolving drive.usercontent.google.com (drive.usercontent.google.com)... 209.85.200.132, 2607:f8b0:4001:c16::84
[2025-03-31 00:38:39,491] {subprocess.py:89} INFO - Connecting to drive.usercontent.google.com (drive.usercontent.google.com)|209.85.200.132|:443... connected.
[2025-03-31 00:38:41,730] {subprocess.py:89} INFO - HTTP request sent, awaiting response... 200 OK
[2025-03-31 00:38:41,731] {subprocess.py:89} INFO - Length: 632 [application/octet-stream]
[2025-03-31 00:38:41,731] {subprocess.py:89} INFO - Saving to: ‘/tmp/state_lookup.csv’
[2025-03-31 00:38:41,731] {subprocess.py:89} INFO - 
[2025-03-31 00:38:41,731] {subprocess.py:89} INFO -      0K                                                       100% 32.2M=0s
[2025-03-31 00:38:41,732] {subprocess.py:89} INFO - 
[2025-03-31 00:38:41,732] {subprocess.py:89} INFO - 2025-03-31 00:38:41 (32.2 MB/s) - ‘/tmp/state_lookup.csv’ saved [632/632]
[2025-03-31 00:38:41,732] {subprocess.py:89} INFO - 
[2025-03-31 00:38:41,734] {subprocess.py:93} INFO - Command exited with return code 0
[2025-03-31 00:38:41,781] {taskinstance.py:1277} INFO - Marking task as SUCCESS. dag_id=natality_web_data_to_gcs, task_id=download_state_lookup, execution_date=20250331T003834, start_date=20250331T003839, end_date=20250331T003841
[2025-03-31 00:38:41,849] {local_task_job.py:154} INFO - Task exited with return code 0
[2025-03-31 00:38:41,931] {local_task_job.py:264} INFO - 1 downstream tasks scheduled from follow-on schedule check
