[2025-03-31 02:32:30,137] {taskinstance.py:1032} INFO - Dependencies all met for <TaskInstance: natality_web_data_to_gcs.upload_state_lookup manual__2025-03-31T02:32:18.651615+00:00 [queued]>
[2025-03-31 02:32:30,162] {taskinstance.py:1032} INFO - Dependencies all met for <TaskInstance: natality_web_data_to_gcs.upload_state_lookup manual__2025-03-31T02:32:18.651615+00:00 [queued]>
[2025-03-31 02:32:30,162] {taskinstance.py:1238} INFO - 
--------------------------------------------------------------------------------
[2025-03-31 02:32:30,162] {taskinstance.py:1239} INFO - Starting attempt 1 of 1
[2025-03-31 02:32:30,163] {taskinstance.py:1240} INFO - 
--------------------------------------------------------------------------------
[2025-03-31 02:32:30,184] {taskinstance.py:1259} INFO - Executing <Task(PythonOperator): upload_state_lookup> on 2025-03-31 02:32:18.651615+00:00
[2025-03-31 02:32:30,203] {standard_task_runner.py:52} INFO - Started process 1603 to run task
[2025-03-31 02:32:30,213] {standard_task_runner.py:76} INFO - Running: ['***', 'tasks', 'run', 'natality_web_data_to_gcs', 'upload_state_lookup', 'manual__2025-03-31T02:32:18.651615+00:00', '--job-id', '581', '--raw', '--subdir', 'DAGS_FOLDER/bigquery_to_gcs.py', '--cfg-path', '/tmp/tmp9xkvtnkt', '--error-file', '/tmp/tmpw5o3av9f']
[2025-03-31 02:32:30,219] {standard_task_runner.py:77} INFO - Job 581: Subtask upload_state_lookup
[2025-03-31 02:32:30,322] {logging_mixin.py:109} INFO - Running <TaskInstance: natality_web_data_to_gcs.upload_state_lookup manual__2025-03-31T02:32:18.651615+00:00 [running]> on host 65c454f46b2f
[2025-03-31 02:32:30,405] {taskinstance.py:1426} INFO - Exporting the following env vars:
AIRFLOW_CTX_DAG_OWNER=***
AIRFLOW_CTX_DAG_ID=natality_web_data_to_gcs
AIRFLOW_CTX_TASK_ID=upload_state_lookup
AIRFLOW_CTX_EXECUTION_DATE=2025-03-31T02:32:18.651615+00:00
AIRFLOW_CTX_DAG_RUN_ID=manual__2025-03-31T02:32:18.651615+00:00
[2025-03-31 02:32:30,407] {crypto.py:82} WARNING - empty cryptography key - values will not be stored encrypted.
[2025-03-31 02:32:30,591] {gcs.py:486} INFO - File /tmp/state_lookup.csv uploaded to natality-lookup_tables/state_lookup.csv in us-natality-bucket bucket
[2025-03-31 02:32:30,592] {python.py:175} INFO - Done. Returned value was: None
[2025-03-31 02:32:30,619] {taskinstance.py:1277} INFO - Marking task as SUCCESS. dag_id=natality_web_data_to_gcs, task_id=upload_state_lookup, execution_date=20250331T023218, start_date=20250331T023230, end_date=20250331T023230
[2025-03-31 02:32:30,676] {local_task_job.py:154} INFO - Task exited with return code 0
[2025-03-31 02:32:30,780] {local_task_job.py:264} INFO - 1 downstream tasks scheduled from follow-on schedule check
