[2025-03-31 02:22:07,155] {taskinstance.py:1032} INFO - Dependencies all met for <TaskInstance: natality_web_data_to_gcs.create_dataproc_cluster manual__2025-03-31T02:21:31.899204+00:00 [queued]>
[2025-03-31 02:22:07,176] {taskinstance.py:1032} INFO - Dependencies all met for <TaskInstance: natality_web_data_to_gcs.create_dataproc_cluster manual__2025-03-31T02:21:31.899204+00:00 [queued]>
[2025-03-31 02:22:07,176] {taskinstance.py:1238} INFO - 
--------------------------------------------------------------------------------
[2025-03-31 02:22:07,176] {taskinstance.py:1239} INFO - Starting attempt 1 of 1
[2025-03-31 02:22:07,177] {taskinstance.py:1240} INFO - 
--------------------------------------------------------------------------------
[2025-03-31 02:22:07,200] {taskinstance.py:1259} INFO - Executing <Task(DataprocCreateClusterOperator): create_dataproc_cluster> on 2025-03-31 02:21:31.899204+00:00
[2025-03-31 02:22:07,213] {standard_task_runner.py:52} INFO - Started process 1110 to run task
[2025-03-31 02:22:07,219] {standard_task_runner.py:76} INFO - Running: ['***', 'tasks', 'run', 'natality_web_data_to_gcs', 'create_dataproc_cluster', 'manual__2025-03-31T02:21:31.899204+00:00', '--job-id', '574', '--raw', '--subdir', 'DAGS_FOLDER/bigquery_to_gcs.py', '--cfg-path', '/tmp/tmpgk24zm9n', '--error-file', '/tmp/tmpn4xezvzr']
[2025-03-31 02:22:07,226] {standard_task_runner.py:77} INFO - Job 574: Subtask create_dataproc_cluster
[2025-03-31 02:22:07,324] {logging_mixin.py:109} INFO - Running <TaskInstance: natality_web_data_to_gcs.create_dataproc_cluster manual__2025-03-31T02:21:31.899204+00:00 [running]> on host 65c454f46b2f
[2025-03-31 02:22:07,421] {taskinstance.py:1426} INFO - Exporting the following env vars:
AIRFLOW_CTX_DAG_OWNER=***
AIRFLOW_CTX_DAG_ID=natality_web_data_to_gcs
AIRFLOW_CTX_TASK_ID=create_dataproc_cluster
AIRFLOW_CTX_EXECUTION_DATE=2025-03-31T02:21:31.899204+00:00
AIRFLOW_CTX_DAG_RUN_ID=manual__2025-03-31T02:21:31.899204+00:00
[2025-03-31 02:22:07,422] {dataproc.py:662} INFO - Creating cluster: us-natality-cluster
[2025-03-31 02:22:07,424] {crypto.py:82} WARNING - empty cryptography key - values will not be stored encrypted.
[2025-03-31 02:26:40,907] {dataproc.py:606} INFO - Cluster created.
[2025-03-31 02:26:40,953] {taskinstance.py:1277} INFO - Marking task as SUCCESS. dag_id=natality_web_data_to_gcs, task_id=create_dataproc_cluster, execution_date=20250331T022131, start_date=20250331T022207, end_date=20250331T022640
[2025-03-31 02:26:41,012] {local_task_job.py:154} INFO - Task exited with return code 0
[2025-03-31 02:26:41,096] {local_task_job.py:264} INFO - 1 downstream tasks scheduled from follow-on schedule check
