[2025-03-31 02:32:55,936] {taskinstance.py:1032} INFO - Dependencies all met for <TaskInstance: natality_web_data_to_gcs.create_dataproc_cluster manual__2025-03-31T02:32:18.651615+00:00 [queued]>
[2025-03-31 02:32:55,958] {taskinstance.py:1032} INFO - Dependencies all met for <TaskInstance: natality_web_data_to_gcs.create_dataproc_cluster manual__2025-03-31T02:32:18.651615+00:00 [queued]>
[2025-03-31 02:32:55,959] {taskinstance.py:1238} INFO - 
--------------------------------------------------------------------------------
[2025-03-31 02:32:55,959] {taskinstance.py:1239} INFO - Starting attempt 1 of 1
[2025-03-31 02:32:55,959] {taskinstance.py:1240} INFO - 
--------------------------------------------------------------------------------
[2025-03-31 02:32:55,980] {taskinstance.py:1259} INFO - Executing <Task(DataprocCreateClusterOperator): create_dataproc_cluster> on 2025-03-31 02:32:18.651615+00:00
[2025-03-31 02:32:55,996] {standard_task_runner.py:52} INFO - Started process 1822 to run task
[2025-03-31 02:32:56,000] {standard_task_runner.py:76} INFO - Running: ['***', 'tasks', 'run', 'natality_web_data_to_gcs', 'create_dataproc_cluster', 'manual__2025-03-31T02:32:18.651615+00:00', '--job-id', '598', '--raw', '--subdir', 'DAGS_FOLDER/bigquery_to_gcs.py', '--cfg-path', '/tmp/tmpwpidjum0', '--error-file', '/tmp/tmpa4hdzq27']
[2025-03-31 02:32:56,005] {standard_task_runner.py:77} INFO - Job 598: Subtask create_dataproc_cluster
[2025-03-31 02:32:56,097] {logging_mixin.py:109} INFO - Running <TaskInstance: natality_web_data_to_gcs.create_dataproc_cluster manual__2025-03-31T02:32:18.651615+00:00 [running]> on host 65c454f46b2f
[2025-03-31 02:32:56,205] {taskinstance.py:1426} INFO - Exporting the following env vars:
AIRFLOW_CTX_DAG_OWNER=***
AIRFLOW_CTX_DAG_ID=natality_web_data_to_gcs
AIRFLOW_CTX_TASK_ID=create_dataproc_cluster
AIRFLOW_CTX_EXECUTION_DATE=2025-03-31T02:32:18.651615+00:00
AIRFLOW_CTX_DAG_RUN_ID=manual__2025-03-31T02:32:18.651615+00:00
[2025-03-31 02:32:56,206] {dataproc.py:662} INFO - Creating cluster: us-natality-cluster
[2025-03-31 02:32:56,207] {crypto.py:82} WARNING - empty cryptography key - values will not be stored encrypted.
[2025-03-31 02:37:27,122] {dataproc.py:606} INFO - Cluster created.
[2025-03-31 02:37:27,159] {taskinstance.py:1277} INFO - Marking task as SUCCESS. dag_id=natality_web_data_to_gcs, task_id=create_dataproc_cluster, execution_date=20250331T023218, start_date=20250331T023255, end_date=20250331T023727
[2025-03-31 02:37:27,205] {local_task_job.py:154} INFO - Task exited with return code 0
[2025-03-31 02:37:27,258] {local_task_job.py:264} INFO - 1 downstream tasks scheduled from follow-on schedule check
