[2025-03-31 00:28:33,037] {taskinstance.py:1032} INFO - Dependencies all met for <TaskInstance: natality_web_data_to_gcs.joint2 manual__2025-03-31T00:28:19.416233+00:00 [queued]>
[2025-03-31 00:28:33,055] {taskinstance.py:1032} INFO - Dependencies all met for <TaskInstance: natality_web_data_to_gcs.joint2 manual__2025-03-31T00:28:19.416233+00:00 [queued]>
[2025-03-31 00:28:33,055] {taskinstance.py:1238} INFO - 
--------------------------------------------------------------------------------
[2025-03-31 00:28:33,055] {taskinstance.py:1239} INFO - Starting attempt 1 of 1
[2025-03-31 00:28:33,055] {taskinstance.py:1240} INFO - 
--------------------------------------------------------------------------------
[2025-03-31 00:28:33,074] {taskinstance.py:1259} INFO - Executing <Task(BashOperator): joint2> on 2025-03-31 00:28:19.416233+00:00
[2025-03-31 00:28:33,089] {standard_task_runner.py:52} INFO - Started process 3299 to run task
[2025-03-31 00:28:33,094] {standard_task_runner.py:76} INFO - Running: ['***', 'tasks', 'run', 'natality_web_data_to_gcs', 'joint2', 'manual__2025-03-31T00:28:19.416233+00:00', '--job-id', '303', '--raw', '--subdir', 'DAGS_FOLDER/bigquery_to_gcs.py', '--cfg-path', '/tmp/tmp6ssc8uj1', '--error-file', '/tmp/tmpu_blp0kl']
[2025-03-31 00:28:33,099] {standard_task_runner.py:77} INFO - Job 303: Subtask joint2
[2025-03-31 00:28:33,195] {logging_mixin.py:109} INFO - Running <TaskInstance: natality_web_data_to_gcs.joint2 manual__2025-03-31T00:28:19.416233+00:00 [running]> on host 3341a2d56eeb
[2025-03-31 00:28:33,286] {taskinstance.py:1426} INFO - Exporting the following env vars:
AIRFLOW_CTX_DAG_OWNER=***
AIRFLOW_CTX_DAG_ID=natality_web_data_to_gcs
AIRFLOW_CTX_TASK_ID=joint2
AIRFLOW_CTX_EXECUTION_DATE=2025-03-31T00:28:19.416233+00:00
AIRFLOW_CTX_DAG_RUN_ID=manual__2025-03-31T00:28:19.416233+00:00
[2025-03-31 00:28:33,288] {subprocess.py:62} INFO - Tmp dir root location: 
 /tmp
[2025-03-31 00:28:33,289] {subprocess.py:74} INFO - Running command: ['bash', '-c', 'echo "Joint2!"']
[2025-03-31 00:28:33,315] {subprocess.py:85} INFO - Output:
[2025-03-31 00:28:33,318] {subprocess.py:89} INFO - Joint2!
[2025-03-31 00:28:33,319] {subprocess.py:93} INFO - Command exited with return code 0
[2025-03-31 00:28:33,358] {taskinstance.py:1277} INFO - Marking task as SUCCESS. dag_id=natality_web_data_to_gcs, task_id=joint2, execution_date=20250331T002819, start_date=20250331T002833, end_date=20250331T002833
[2025-03-31 00:28:33,395] {local_task_job.py:154} INFO - Task exited with return code 0
[2025-03-31 00:28:33,489] {local_task_job.py:264} INFO - 6 downstream tasks scheduled from follow-on schedule check
