[2025-03-31 01:39:13,564] {taskinstance.py:1032} INFO - Dependencies all met for <TaskInstance: natality_web_data_to_gcs.download_race_lookup manual__2025-03-31T01:39:09.627117+00:00 [queued]>
[2025-03-31 01:39:13,586] {taskinstance.py:1032} INFO - Dependencies all met for <TaskInstance: natality_web_data_to_gcs.download_race_lookup manual__2025-03-31T01:39:09.627117+00:00 [queued]>
[2025-03-31 01:39:13,586] {taskinstance.py:1238} INFO - 
--------------------------------------------------------------------------------
[2025-03-31 01:39:13,586] {taskinstance.py:1239} INFO - Starting attempt 1 of 1
[2025-03-31 01:39:13,587] {taskinstance.py:1240} INFO - 
--------------------------------------------------------------------------------
[2025-03-31 01:39:13,612] {taskinstance.py:1259} INFO - Executing <Task(BashOperator): download_race_lookup> on 2025-03-31 01:39:09.627117+00:00
[2025-03-31 01:39:13,627] {standard_task_runner.py:52} INFO - Started process 7400 to run task
[2025-03-31 01:39:13,634] {standard_task_runner.py:76} INFO - Running: ['***', 'tasks', 'run', 'natality_web_data_to_gcs', 'download_race_lookup', 'manual__2025-03-31T01:39:09.627117+00:00', '--job-id', '414', '--raw', '--subdir', 'DAGS_FOLDER/bigquery_to_gcs.py', '--cfg-path', '/tmp/tmpkff65p6j', '--error-file', '/tmp/tmp9wlgcj1o']
[2025-03-31 01:39:13,640] {standard_task_runner.py:77} INFO - Job 414: Subtask download_race_lookup
[2025-03-31 01:39:13,740] {logging_mixin.py:109} INFO - Running <TaskInstance: natality_web_data_to_gcs.download_race_lookup manual__2025-03-31T01:39:09.627117+00:00 [running]> on host 3341a2d56eeb
[2025-03-31 01:39:13,837] {taskinstance.py:1426} INFO - Exporting the following env vars:
AIRFLOW_CTX_DAG_OWNER=***
AIRFLOW_CTX_DAG_ID=natality_web_data_to_gcs
AIRFLOW_CTX_TASK_ID=download_race_lookup
AIRFLOW_CTX_EXECUTION_DATE=2025-03-31T01:39:09.627117+00:00
AIRFLOW_CTX_DAG_RUN_ID=manual__2025-03-31T01:39:09.627117+00:00
[2025-03-31 01:39:13,838] {subprocess.py:62} INFO - Tmp dir root location: 
 /tmp
[2025-03-31 01:39:13,839] {subprocess.py:74} INFO - Running command: ['bash', '-c', 'wget --no-check-certificate "https://docs.google.com/uc?export=download&id=17o8e1eh7XkHk61P5JuBAi2JhFvnUt4tJ" -O /tmp/race_lookup.csv']
[2025-03-31 01:39:13,865] {subprocess.py:85} INFO - Output:
[2025-03-31 01:39:13,872] {subprocess.py:89} INFO - --2025-03-31 01:39:13--  https://docs.google.com/uc?export=download&id=17o8e1eh7XkHk61P5JuBAi2JhFvnUt4tJ
[2025-03-31 01:39:13,881] {subprocess.py:89} INFO - Resolving docs.google.com (docs.google.com)... 173.194.195.101, 173.194.195.139, 173.194.195.138, ...
[2025-03-31 01:39:13,884] {subprocess.py:89} INFO - Connecting to docs.google.com (docs.google.com)|173.194.195.101|:443... connected.
[2025-03-31 01:39:13,976] {subprocess.py:89} INFO - HTTP request sent, awaiting response... 303 See Other
[2025-03-31 01:39:13,977] {subprocess.py:89} INFO - Location: https://drive.usercontent.google.com/download?id=17o8e1eh7XkHk61P5JuBAi2JhFvnUt4tJ&export=download [following]
[2025-03-31 01:39:13,977] {subprocess.py:89} INFO - --2025-03-31 01:39:13--  https://drive.usercontent.google.com/download?id=17o8e1eh7XkHk61P5JuBAi2JhFvnUt4tJ&export=download
[2025-03-31 01:39:13,978] {subprocess.py:89} INFO - Resolving drive.usercontent.google.com (drive.usercontent.google.com)... 209.85.200.132, 2607:f8b0:4001:c16::84
[2025-03-31 01:39:13,980] {subprocess.py:89} INFO - Connecting to drive.usercontent.google.com (drive.usercontent.google.com)|209.85.200.132|:443... connected.
[2025-03-31 01:39:16,168] {subprocess.py:89} INFO - HTTP request sent, awaiting response... 200 OK
[2025-03-31 01:39:16,169] {subprocess.py:89} INFO - Length: 173 [application/octet-stream]
[2025-03-31 01:39:16,169] {subprocess.py:89} INFO - Saving to: ‘/tmp/race_lookup.csv’
[2025-03-31 01:39:16,169] {subprocess.py:89} INFO - 
[2025-03-31 01:39:16,169] {subprocess.py:89} INFO -      0K                                                       100% 7.95M=0s
[2025-03-31 01:39:16,169] {subprocess.py:89} INFO - 
[2025-03-31 01:39:16,169] {subprocess.py:89} INFO - 2025-03-31 01:39:16 (7.95 MB/s) - ‘/tmp/race_lookup.csv’ saved [173/173]
[2025-03-31 01:39:16,169] {subprocess.py:89} INFO - 
[2025-03-31 01:39:16,172] {subprocess.py:93} INFO - Command exited with return code 0
[2025-03-31 01:39:16,215] {taskinstance.py:1277} INFO - Marking task as SUCCESS. dag_id=natality_web_data_to_gcs, task_id=download_race_lookup, execution_date=20250331T013909, start_date=20250331T013913, end_date=20250331T013916
[2025-03-31 01:39:16,271] {local_task_job.py:154} INFO - Task exited with return code 0
[2025-03-31 01:39:16,368] {local_task_job.py:264} INFO - 1 downstream tasks scheduled from follow-on schedule check
