[2025-03-31 01:44:26,817] {taskinstance.py:1032} INFO - Dependencies all met for <TaskInstance: natality_web_data_to_gcs.start manual__2025-03-31T01:44:25.354991+00:00 [queued]>
[2025-03-31 01:44:26,834] {taskinstance.py:1032} INFO - Dependencies all met for <TaskInstance: natality_web_data_to_gcs.start manual__2025-03-31T01:44:25.354991+00:00 [queued]>
[2025-03-31 01:44:26,835] {taskinstance.py:1238} INFO - 
--------------------------------------------------------------------------------
[2025-03-31 01:44:26,835] {taskinstance.py:1239} INFO - Starting attempt 1 of 1
[2025-03-31 01:44:26,835] {taskinstance.py:1240} INFO - 
--------------------------------------------------------------------------------
[2025-03-31 01:44:26,852] {taskinstance.py:1259} INFO - Executing <Task(BashOperator): start> on 2025-03-31 01:44:25.354991+00:00
[2025-03-31 01:44:26,862] {standard_task_runner.py:52} INFO - Started process 8048 to run task
[2025-03-31 01:44:26,867] {standard_task_runner.py:76} INFO - Running: ['***', 'tasks', 'run', 'natality_web_data_to_gcs', 'start', 'manual__2025-03-31T01:44:25.354991+00:00', '--job-id', '457', '--raw', '--subdir', 'DAGS_FOLDER/bigquery_to_gcs.py', '--cfg-path', '/tmp/tmpbyy4pds6', '--error-file', '/tmp/tmpunyn_mi5']
[2025-03-31 01:44:26,872] {standard_task_runner.py:77} INFO - Job 457: Subtask start
[2025-03-31 01:44:26,971] {logging_mixin.py:109} INFO - Running <TaskInstance: natality_web_data_to_gcs.start manual__2025-03-31T01:44:25.354991+00:00 [running]> on host 3341a2d56eeb
[2025-03-31 01:44:27,065] {taskinstance.py:1426} INFO - Exporting the following env vars:
AIRFLOW_CTX_DAG_OWNER=***
AIRFLOW_CTX_DAG_ID=natality_web_data_to_gcs
AIRFLOW_CTX_TASK_ID=start
AIRFLOW_CTX_EXECUTION_DATE=2025-03-31T01:44:25.354991+00:00
AIRFLOW_CTX_DAG_RUN_ID=manual__2025-03-31T01:44:25.354991+00:00
[2025-03-31 01:44:27,066] {subprocess.py:62} INFO - Tmp dir root location: 
 /tmp
[2025-03-31 01:44:27,067] {subprocess.py:74} INFO - Running command: ['bash', '-c', 'echo "Started!"']
[2025-03-31 01:44:27,094] {subprocess.py:85} INFO - Output:
[2025-03-31 01:44:27,096] {subprocess.py:89} INFO - Started!
[2025-03-31 01:44:27,097] {subprocess.py:93} INFO - Command exited with return code 0
[2025-03-31 01:44:27,146] {taskinstance.py:1277} INFO - Marking task as SUCCESS. dag_id=natality_web_data_to_gcs, task_id=start, execution_date=20250331T014425, start_date=20250331T014426, end_date=20250331T014427
[2025-03-31 01:44:27,205] {local_task_job.py:154} INFO - Task exited with return code 0
[2025-03-31 01:44:27,301] {local_task_job.py:264} INFO - 2 downstream tasks scheduled from follow-on schedule check
