[2025-03-31 01:42:23,425] {taskinstance.py:1032} INFO - Dependencies all met for <TaskInstance: natality_web_data_to_gcs.start manual__2025-03-31T01:42:21.090228+00:00 [queued]>
[2025-03-31 01:42:23,445] {taskinstance.py:1032} INFO - Dependencies all met for <TaskInstance: natality_web_data_to_gcs.start manual__2025-03-31T01:42:21.090228+00:00 [queued]>
[2025-03-31 01:42:23,446] {taskinstance.py:1238} INFO - 
--------------------------------------------------------------------------------
[2025-03-31 01:42:23,446] {taskinstance.py:1239} INFO - Starting attempt 1 of 1
[2025-03-31 01:42:23,446] {taskinstance.py:1240} INFO - 
--------------------------------------------------------------------------------
[2025-03-31 01:42:23,463] {taskinstance.py:1259} INFO - Executing <Task(BashOperator): start> on 2025-03-31 01:42:21.090228+00:00
[2025-03-31 01:42:23,476] {standard_task_runner.py:52} INFO - Started process 7734 to run task
[2025-03-31 01:42:23,480] {standard_task_runner.py:76} INFO - Running: ['***', 'tasks', 'run', 'natality_web_data_to_gcs', 'start', 'manual__2025-03-31T01:42:21.090228+00:00', '--job-id', '434', '--raw', '--subdir', 'DAGS_FOLDER/bigquery_to_gcs.py', '--cfg-path', '/tmp/tmpkc1u94_f', '--error-file', '/tmp/tmpes5nsb_t']
[2025-03-31 01:42:23,485] {standard_task_runner.py:77} INFO - Job 434: Subtask start
[2025-03-31 01:42:23,590] {logging_mixin.py:109} INFO - Running <TaskInstance: natality_web_data_to_gcs.start manual__2025-03-31T01:42:21.090228+00:00 [running]> on host 3341a2d56eeb
[2025-03-31 01:42:23,679] {taskinstance.py:1426} INFO - Exporting the following env vars:
AIRFLOW_CTX_DAG_OWNER=***
AIRFLOW_CTX_DAG_ID=natality_web_data_to_gcs
AIRFLOW_CTX_TASK_ID=start
AIRFLOW_CTX_EXECUTION_DATE=2025-03-31T01:42:21.090228+00:00
AIRFLOW_CTX_DAG_RUN_ID=manual__2025-03-31T01:42:21.090228+00:00
[2025-03-31 01:42:23,681] {subprocess.py:62} INFO - Tmp dir root location: 
 /tmp
[2025-03-31 01:42:23,682] {subprocess.py:74} INFO - Running command: ['bash', '-c', 'echo "Started!"']
[2025-03-31 01:42:23,710] {subprocess.py:85} INFO - Output:
[2025-03-31 01:42:23,713] {subprocess.py:89} INFO - Started!
[2025-03-31 01:42:23,714] {subprocess.py:93} INFO - Command exited with return code 0
[2025-03-31 01:42:23,765] {taskinstance.py:1277} INFO - Marking task as SUCCESS. dag_id=natality_web_data_to_gcs, task_id=start, execution_date=20250331T014221, start_date=20250331T014223, end_date=20250331T014223
[2025-03-31 01:42:23,820] {local_task_job.py:154} INFO - Task exited with return code 0
[2025-03-31 01:42:23,915] {local_task_job.py:264} INFO - 2 downstream tasks scheduled from follow-on schedule check
