[2025-03-31 00:42:11,630] {taskinstance.py:1032} INFO - Dependencies all met for <TaskInstance: natality_web_data_to_gcs.start manual__2025-03-31T00:42:09.430131+00:00 [queued]>
[2025-03-31 00:42:11,659] {taskinstance.py:1032} INFO - Dependencies all met for <TaskInstance: natality_web_data_to_gcs.start manual__2025-03-31T00:42:09.430131+00:00 [queued]>
[2025-03-31 00:42:11,660] {taskinstance.py:1238} INFO - 
--------------------------------------------------------------------------------
[2025-03-31 00:42:11,660] {taskinstance.py:1239} INFO - Starting attempt 1 of 1
[2025-03-31 00:42:11,660] {taskinstance.py:1240} INFO - 
--------------------------------------------------------------------------------
[2025-03-31 00:42:11,689] {taskinstance.py:1259} INFO - Executing <Task(BashOperator): start> on 2025-03-31 00:42:09.430131+00:00
[2025-03-31 00:42:11,704] {standard_task_runner.py:52} INFO - Started process 4281 to run task
[2025-03-31 00:42:11,709] {standard_task_runner.py:76} INFO - Running: ['***', 'tasks', 'run', 'natality_web_data_to_gcs', 'start', 'manual__2025-03-31T00:42:09.430131+00:00', '--job-id', '341', '--raw', '--subdir', 'DAGS_FOLDER/bigquery_to_gcs.py', '--cfg-path', '/tmp/tmpqlc25lxq', '--error-file', '/tmp/tmp5cf6hcit']
[2025-03-31 00:42:11,718] {standard_task_runner.py:77} INFO - Job 341: Subtask start
[2025-03-31 00:42:11,818] {logging_mixin.py:109} INFO - Running <TaskInstance: natality_web_data_to_gcs.start manual__2025-03-31T00:42:09.430131+00:00 [running]> on host 3341a2d56eeb
[2025-03-31 00:42:11,904] {taskinstance.py:1426} INFO - Exporting the following env vars:
AIRFLOW_CTX_DAG_OWNER=***
AIRFLOW_CTX_DAG_ID=natality_web_data_to_gcs
AIRFLOW_CTX_TASK_ID=start
AIRFLOW_CTX_EXECUTION_DATE=2025-03-31T00:42:09.430131+00:00
AIRFLOW_CTX_DAG_RUN_ID=manual__2025-03-31T00:42:09.430131+00:00
[2025-03-31 00:42:11,905] {subprocess.py:62} INFO - Tmp dir root location: 
 /tmp
[2025-03-31 00:42:11,906] {subprocess.py:74} INFO - Running command: ['bash', '-c', 'echo "Started!"']
[2025-03-31 00:42:11,931] {subprocess.py:85} INFO - Output:
[2025-03-31 00:42:11,934] {subprocess.py:89} INFO - Started!
[2025-03-31 00:42:11,935] {subprocess.py:93} INFO - Command exited with return code 0
[2025-03-31 00:42:11,986] {taskinstance.py:1277} INFO - Marking task as SUCCESS. dag_id=natality_web_data_to_gcs, task_id=start, execution_date=20250331T004209, start_date=20250331T004211, end_date=20250331T004211
[2025-03-31 00:42:12,052] {local_task_job.py:154} INFO - Task exited with return code 0
[2025-03-31 00:42:12,132] {local_task_job.py:264} INFO - 0 downstream tasks scheduled from follow-on schedule check
