[2025-03-31 01:39:11,131] {taskinstance.py:1032} INFO - Dependencies all met for <TaskInstance: natality_web_data_to_gcs.start manual__2025-03-31T01:39:09.627117+00:00 [queued]>
[2025-03-31 01:39:11,158] {taskinstance.py:1032} INFO - Dependencies all met for <TaskInstance: natality_web_data_to_gcs.start manual__2025-03-31T01:39:09.627117+00:00 [queued]>
[2025-03-31 01:39:11,158] {taskinstance.py:1238} INFO - 
--------------------------------------------------------------------------------
[2025-03-31 01:39:11,158] {taskinstance.py:1239} INFO - Starting attempt 1 of 1
[2025-03-31 01:39:11,158] {taskinstance.py:1240} INFO - 
--------------------------------------------------------------------------------
[2025-03-31 01:39:11,184] {taskinstance.py:1259} INFO - Executing <Task(BashOperator): start> on 2025-03-31 01:39:09.627117+00:00
[2025-03-31 01:39:11,196] {standard_task_runner.py:52} INFO - Started process 7393 to run task
[2025-03-31 01:39:11,203] {standard_task_runner.py:76} INFO - Running: ['***', 'tasks', 'run', 'natality_web_data_to_gcs', 'start', 'manual__2025-03-31T01:39:09.627117+00:00', '--job-id', '412', '--raw', '--subdir', 'DAGS_FOLDER/bigquery_to_gcs.py', '--cfg-path', '/tmp/tmp6k1a76_0', '--error-file', '/tmp/tmp3g9l4_fc']
[2025-03-31 01:39:11,210] {standard_task_runner.py:77} INFO - Job 412: Subtask start
[2025-03-31 01:39:11,290] {logging_mixin.py:109} INFO - Running <TaskInstance: natality_web_data_to_gcs.start manual__2025-03-31T01:39:09.627117+00:00 [running]> on host 3341a2d56eeb
[2025-03-31 01:39:11,387] {taskinstance.py:1426} INFO - Exporting the following env vars:
AIRFLOW_CTX_DAG_OWNER=***
AIRFLOW_CTX_DAG_ID=natality_web_data_to_gcs
AIRFLOW_CTX_TASK_ID=start
AIRFLOW_CTX_EXECUTION_DATE=2025-03-31T01:39:09.627117+00:00
AIRFLOW_CTX_DAG_RUN_ID=manual__2025-03-31T01:39:09.627117+00:00
[2025-03-31 01:39:11,389] {subprocess.py:62} INFO - Tmp dir root location: 
 /tmp
[2025-03-31 01:39:11,390] {subprocess.py:74} INFO - Running command: ['bash', '-c', 'echo "Started!"']
[2025-03-31 01:39:11,414] {subprocess.py:85} INFO - Output:
[2025-03-31 01:39:11,417] {subprocess.py:89} INFO - Started!
[2025-03-31 01:39:11,417] {subprocess.py:93} INFO - Command exited with return code 0
[2025-03-31 01:39:11,480] {taskinstance.py:1277} INFO - Marking task as SUCCESS. dag_id=natality_web_data_to_gcs, task_id=start, execution_date=20250331T013909, start_date=20250331T013911, end_date=20250331T013911
[2025-03-31 01:39:11,548] {local_task_job.py:154} INFO - Task exited with return code 0
[2025-03-31 01:39:11,655] {local_task_job.py:264} INFO - 2 downstream tasks scheduled from follow-on schedule check
