[2025-03-31 00:42:42,852] {taskinstance.py:1032} INFO - Dependencies all met for <TaskInstance: natality_web_data_to_gcs.create_dataproc_cluster manual__2025-03-31T00:42:09.430131+00:00 [queued]>
[2025-03-31 00:42:42,870] {taskinstance.py:1032} INFO - Dependencies all met for <TaskInstance: natality_web_data_to_gcs.create_dataproc_cluster manual__2025-03-31T00:42:09.430131+00:00 [queued]>
[2025-03-31 00:42:42,870] {taskinstance.py:1238} INFO - 
--------------------------------------------------------------------------------
[2025-03-31 00:42:42,870] {taskinstance.py:1239} INFO - Starting attempt 1 of 1
[2025-03-31 00:42:42,870] {taskinstance.py:1240} INFO - 
--------------------------------------------------------------------------------
[2025-03-31 00:42:42,893] {taskinstance.py:1259} INFO - Executing <Task(DataprocCreateClusterOperator): create_dataproc_cluster> on 2025-03-31 00:42:09.430131+00:00
[2025-03-31 00:42:42,910] {standard_task_runner.py:52} INFO - Started process 4516 to run task
[2025-03-31 00:42:42,917] {standard_task_runner.py:76} INFO - Running: ['***', 'tasks', 'run', 'natality_web_data_to_gcs', 'create_dataproc_cluster', 'manual__2025-03-31T00:42:09.430131+00:00', '--job-id', '362', '--raw', '--subdir', 'DAGS_FOLDER/bigquery_to_gcs.py', '--cfg-path', '/tmp/tmpea977vcd', '--error-file', '/tmp/tmp4j3gizpg']
[2025-03-31 00:42:42,924] {standard_task_runner.py:77} INFO - Job 362: Subtask create_dataproc_cluster
[2025-03-31 00:42:43,036] {logging_mixin.py:109} INFO - Running <TaskInstance: natality_web_data_to_gcs.create_dataproc_cluster manual__2025-03-31T00:42:09.430131+00:00 [running]> on host 3341a2d56eeb
[2025-03-31 00:42:43,195] {taskinstance.py:1426} INFO - Exporting the following env vars:
AIRFLOW_CTX_DAG_OWNER=***
AIRFLOW_CTX_DAG_ID=natality_web_data_to_gcs
AIRFLOW_CTX_TASK_ID=create_dataproc_cluster
AIRFLOW_CTX_EXECUTION_DATE=2025-03-31T00:42:09.430131+00:00
AIRFLOW_CTX_DAG_RUN_ID=manual__2025-03-31T00:42:09.430131+00:00
[2025-03-31 00:42:43,196] {dataproc.py:662} INFO - Creating cluster: us-natality-cluster
[2025-03-31 00:42:43,199] {crypto.py:82} WARNING - empty cryptography key - values will not be stored encrypted.
[2025-03-31 00:45:58,323] {dataproc.py:606} INFO - Cluster created.
[2025-03-31 00:45:58,378] {taskinstance.py:1277} INFO - Marking task as SUCCESS. dag_id=natality_web_data_to_gcs, task_id=create_dataproc_cluster, execution_date=20250331T004209, start_date=20250331T004242, end_date=20250331T004558
[2025-03-31 00:45:58,423] {local_task_job.py:154} INFO - Task exited with return code 0
[2025-03-31 00:45:58,472] {local_task_job.py:264} INFO - 1 downstream tasks scheduled from follow-on schedule check
