[2025-03-30 22:02:10,320] {taskinstance.py:1032} INFO - Dependencies all met for <TaskInstance: natality_web_data_to_gcs.joint4 manual__2025-03-30T21:58:23.756315+00:00 [queued]>
[2025-03-30 22:02:10,352] {taskinstance.py:1032} INFO - Dependencies all met for <TaskInstance: natality_web_data_to_gcs.joint4 manual__2025-03-30T21:58:23.756315+00:00 [queued]>
[2025-03-30 22:02:10,353] {taskinstance.py:1238} INFO - 
--------------------------------------------------------------------------------
[2025-03-30 22:02:10,353] {taskinstance.py:1239} INFO - Starting attempt 1 of 1
[2025-03-30 22:02:10,353] {taskinstance.py:1240} INFO - 
--------------------------------------------------------------------------------
[2025-03-30 22:02:10,378] {taskinstance.py:1259} INFO - Executing <Task(BashOperator): joint4> on 2025-03-30 21:58:23.756315+00:00
[2025-03-30 22:02:10,393] {standard_task_runner.py:52} INFO - Started process 13828 to run task
[2025-03-30 22:02:10,400] {standard_task_runner.py:76} INFO - Running: ['***', 'tasks', 'run', 'natality_web_data_to_gcs', 'joint4', 'manual__2025-03-30T21:58:23.756315+00:00', '--job-id', '75', '--raw', '--subdir', 'DAGS_FOLDER/bigquery_to_gcs.py', '--cfg-path', '/tmp/tmplb5fi087', '--error-file', '/tmp/tmpllgg6i83']
[2025-03-30 22:02:10,406] {standard_task_runner.py:77} INFO - Job 75: Subtask joint4
[2025-03-30 22:02:10,530] {logging_mixin.py:109} INFO - Running <TaskInstance: natality_web_data_to_gcs.joint4 manual__2025-03-30T21:58:23.756315+00:00 [running]> on host f5b8902f5cd8
[2025-03-30 22:02:10,651] {taskinstance.py:1426} INFO - Exporting the following env vars:
AIRFLOW_CTX_DAG_OWNER=***
AIRFLOW_CTX_DAG_ID=natality_web_data_to_gcs
AIRFLOW_CTX_TASK_ID=joint4
AIRFLOW_CTX_EXECUTION_DATE=2025-03-30T21:58:23.756315+00:00
AIRFLOW_CTX_DAG_RUN_ID=manual__2025-03-30T21:58:23.756315+00:00
[2025-03-30 22:02:10,656] {subprocess.py:62} INFO - Tmp dir root location: 
 /tmp
[2025-03-30 22:02:10,657] {subprocess.py:74} INFO - Running command: ['bash', '-c', 'echo "Joint4!"']
[2025-03-30 22:02:10,688] {subprocess.py:85} INFO - Output:
[2025-03-30 22:02:10,692] {subprocess.py:89} INFO - Joint4!
[2025-03-30 22:02:10,693] {subprocess.py:93} INFO - Command exited with return code 0
[2025-03-30 22:02:10,750] {taskinstance.py:1277} INFO - Marking task as SUCCESS. dag_id=natality_web_data_to_gcs, task_id=joint4, execution_date=20250330T215823, start_date=20250330T220210, end_date=20250330T220210
[2025-03-30 22:02:10,823] {local_task_job.py:154} INFO - Task exited with return code 0
[2025-03-30 22:02:10,877] {local_task_job.py:264} INFO - 0 downstream tasks scheduled from follow-on schedule check
