[2025-03-31 02:32:45,633] {taskinstance.py:1032} INFO - Dependencies all met for <TaskInstance: natality_web_data_to_gcs.query_and_upload_to_gcs_8 manual__2025-03-31T02:32:18.651615+00:00 [queued]>
[2025-03-31 02:32:45,679] {taskinstance.py:1032} INFO - Dependencies all met for <TaskInstance: natality_web_data_to_gcs.query_and_upload_to_gcs_8 manual__2025-03-31T02:32:18.651615+00:00 [queued]>
[2025-03-31 02:32:45,679] {taskinstance.py:1238} INFO - 
--------------------------------------------------------------------------------
[2025-03-31 02:32:45,680] {taskinstance.py:1239} INFO - Starting attempt 1 of 1
[2025-03-31 02:32:45,680] {taskinstance.py:1240} INFO - 
--------------------------------------------------------------------------------
[2025-03-31 02:32:45,722] {taskinstance.py:1259} INFO - Executing <Task(PythonOperator): query_and_upload_to_gcs_8> on 2025-03-31 02:32:18.651615+00:00
[2025-03-31 02:32:45,736] {standard_task_runner.py:52} INFO - Started process 1729 to run task
[2025-03-31 02:32:45,769] {standard_task_runner.py:76} INFO - Running: ['***', 'tasks', 'run', 'natality_web_data_to_gcs', 'query_and_upload_to_gcs_8', 'manual__2025-03-31T02:32:18.651615+00:00', '--job-id', '591', '--raw', '--subdir', 'DAGS_FOLDER/bigquery_to_gcs.py', '--cfg-path', '/tmp/tmpf9_qj2b5', '--error-file', '/tmp/tmpaueks7w0']
[2025-03-31 02:32:45,790] {standard_task_runner.py:77} INFO - Job 591: Subtask query_and_upload_to_gcs_8
[2025-03-31 02:32:45,925] {logging_mixin.py:109} INFO - Running <TaskInstance: natality_web_data_to_gcs.query_and_upload_to_gcs_8 manual__2025-03-31T02:32:18.651615+00:00 [running]> on host 65c454f46b2f
[2025-03-31 02:32:46,616] {taskinstance.py:1426} INFO - Exporting the following env vars:
AIRFLOW_CTX_DAG_OWNER=***
AIRFLOW_CTX_DAG_ID=natality_web_data_to_gcs
AIRFLOW_CTX_TASK_ID=query_and_upload_to_gcs_8
AIRFLOW_CTX_EXECUTION_DATE=2025-03-31T02:32:18.651615+00:00
AIRFLOW_CTX_DAG_RUN_ID=manual__2025-03-31T02:32:18.651615+00:00
[2025-03-31 02:32:46,619] {warnings.py:99} WARNING - /home/***/.local/lib/python3.6/site-packages/***/utils/context.py:152: AirflowContextDeprecationWarning: Accessing 'execution_date' from the template is deprecated and will be removed in a future version. Please use 'data_interval_start' or 'logical_date' instead.
  warnings.warn(_create_deprecation_warning(key, self._deprecation_replacements[key]))

[2025-03-31 02:32:46,620] {warnings.py:99} WARNING - /home/***/.local/lib/python3.6/site-packages/***/utils/context.py:152: AirflowContextDeprecationWarning: Accessing 'next_ds' from the template is deprecated and will be removed in a future version. Please use '{{ data_interval_end | ds }}' instead.
  warnings.warn(_create_deprecation_warning(key, self._deprecation_replacements[key]))

[2025-03-31 02:32:46,621] {warnings.py:99} WARNING - /home/***/.local/lib/python3.6/site-packages/***/utils/context.py:152: AirflowContextDeprecationWarning: Accessing 'next_ds_nodash' from the template is deprecated and will be removed in a future version. Please use '{{ data_interval_end | ds_nodash }}' instead.
  warnings.warn(_create_deprecation_warning(key, self._deprecation_replacements[key]))

[2025-03-31 02:32:46,622] {warnings.py:99} WARNING - /home/***/.local/lib/python3.6/site-packages/***/utils/context.py:152: AirflowContextDeprecationWarning: Accessing 'next_execution_date' from the template is deprecated and will be removed in a future version. Please use 'data_interval_end' instead.
  warnings.warn(_create_deprecation_warning(key, self._deprecation_replacements[key]))

[2025-03-31 02:32:46,622] {warnings.py:99} WARNING - /home/***/.local/lib/python3.6/site-packages/***/utils/context.py:152: AirflowContextDeprecationWarning: Accessing 'prev_ds' from the template is deprecated and will be removed in a future version.
  warnings.warn(_create_deprecation_warning(key, self._deprecation_replacements[key]))

[2025-03-31 02:32:46,622] {warnings.py:99} WARNING - /home/***/.local/lib/python3.6/site-packages/***/utils/context.py:152: AirflowContextDeprecationWarning: Accessing 'prev_ds_nodash' from the template is deprecated and will be removed in a future version.
  warnings.warn(_create_deprecation_warning(key, self._deprecation_replacements[key]))

[2025-03-31 02:32:46,625] {warnings.py:99} WARNING - /home/***/.local/lib/python3.6/site-packages/***/utils/context.py:152: AirflowContextDeprecationWarning: Accessing 'prev_execution_date' from the template is deprecated and will be removed in a future version.
  warnings.warn(_create_deprecation_warning(key, self._deprecation_replacements[key]))

[2025-03-31 02:32:46,627] {warnings.py:99} WARNING - /home/***/.local/lib/python3.6/site-packages/***/utils/context.py:152: AirflowContextDeprecationWarning: Accessing 'prev_execution_date_success' from the template is deprecated and will be removed in a future version. Please use 'prev_data_interval_start_success' instead.
  warnings.warn(_create_deprecation_warning(key, self._deprecation_replacements[key]))

[2025-03-31 02:32:46,629] {warnings.py:99} WARNING - /home/***/.local/lib/python3.6/site-packages/***/utils/context.py:152: AirflowContextDeprecationWarning: Accessing 'tomorrow_ds' from the template is deprecated and will be removed in a future version.
  warnings.warn(_create_deprecation_warning(key, self._deprecation_replacements[key]))

[2025-03-31 02:32:46,631] {warnings.py:99} WARNING - /home/***/.local/lib/python3.6/site-packages/***/utils/context.py:152: AirflowContextDeprecationWarning: Accessing 'tomorrow_ds_nodash' from the template is deprecated and will be removed in a future version.
  warnings.warn(_create_deprecation_warning(key, self._deprecation_replacements[key]))

[2025-03-31 02:32:46,632] {warnings.py:99} WARNING - /home/***/.local/lib/python3.6/site-packages/***/utils/context.py:152: AirflowContextDeprecationWarning: Accessing 'yesterday_ds' from the template is deprecated and will be removed in a future version.
  warnings.warn(_create_deprecation_warning(key, self._deprecation_replacements[key]))

[2025-03-31 02:32:46,633] {warnings.py:99} WARNING - /home/***/.local/lib/python3.6/site-packages/***/utils/context.py:152: AirflowContextDeprecationWarning: Accessing 'yesterday_ds_nodash' from the template is deprecated and will be removed in a future version.
  warnings.warn(_create_deprecation_warning(key, self._deprecation_replacements[key]))

[2025-03-31 02:32:48,575] {crypto.py:82} WARNING - empty cryptography key - values will not be stored encrypted.
[2025-03-31 02:32:48,849] {gcs.py:486} INFO - File /tmp/temp_output_8.csv uploaded to natality/data_month_8.csv in us-natality-bucket bucket
[2025-03-31 02:32:48,849] {python.py:175} INFO - Done. Returned value was: Query executed for month 8 and results uploaded to GCS.
[2025-03-31 02:32:48,947] {taskinstance.py:1277} INFO - Marking task as SUCCESS. dag_id=natality_web_data_to_gcs, task_id=query_and_upload_to_gcs_8, execution_date=20250331T023218, start_date=20250331T023245, end_date=20250331T023248
[2025-03-31 02:32:49,111] {local_task_job.py:154} INFO - Task exited with return code 0
[2025-03-31 02:32:49,234] {local_task_job.py:264} INFO - 1 downstream tasks scheduled from follow-on schedule check
