[2025-03-30 22:22:13,958] {taskinstance.py:1032} INFO - Dependencies all met for <TaskInstance: natality_web_data_to_gcs.joint1 manual__2025-03-30T22:22:07.463298+00:00 [queued]>
[2025-03-30 22:22:13,972] {taskinstance.py:1032} INFO - Dependencies all met for <TaskInstance: natality_web_data_to_gcs.joint1 manual__2025-03-30T22:22:07.463298+00:00 [queued]>
[2025-03-30 22:22:13,972] {taskinstance.py:1238} INFO - 
--------------------------------------------------------------------------------
[2025-03-30 22:22:13,972] {taskinstance.py:1239} INFO - Starting attempt 1 of 1
[2025-03-30 22:22:13,972] {taskinstance.py:1240} INFO - 
--------------------------------------------------------------------------------
[2025-03-30 22:22:13,985] {taskinstance.py:1259} INFO - Executing <Task(BashOperator): joint1> on 2025-03-30 22:22:07.463298+00:00
[2025-03-30 22:22:13,994] {standard_task_runner.py:52} INFO - Started process 398 to run task
[2025-03-30 22:22:13,999] {standard_task_runner.py:76} INFO - Running: ['***', 'tasks', 'run', 'natality_web_data_to_gcs', 'joint1', 'manual__2025-03-30T22:22:07.463298+00:00', '--job-id', '92', '--raw', '--subdir', 'DAGS_FOLDER/bigquery_to_gcs.py', '--cfg-path', '/tmp/tmprh8aj2s5', '--error-file', '/tmp/tmp7mc5ka37']
[2025-03-30 22:22:14,005] {standard_task_runner.py:77} INFO - Job 92: Subtask joint1
[2025-03-30 22:22:14,089] {logging_mixin.py:109} INFO - Running <TaskInstance: natality_web_data_to_gcs.joint1 manual__2025-03-30T22:22:07.463298+00:00 [running]> on host 6e74f7e5ce4c
[2025-03-30 22:22:14,188] {taskinstance.py:1426} INFO - Exporting the following env vars:
AIRFLOW_CTX_DAG_OWNER=***
AIRFLOW_CTX_DAG_ID=natality_web_data_to_gcs
AIRFLOW_CTX_TASK_ID=joint1
AIRFLOW_CTX_EXECUTION_DATE=2025-03-30T22:22:07.463298+00:00
AIRFLOW_CTX_DAG_RUN_ID=manual__2025-03-30T22:22:07.463298+00:00
[2025-03-30 22:22:14,192] {subprocess.py:62} INFO - Tmp dir root location: 
 /tmp
[2025-03-30 22:22:14,193] {subprocess.py:74} INFO - Running command: ['bash', '-c', 'echo "Joint!"']
[2025-03-30 22:22:14,218] {subprocess.py:85} INFO - Output:
[2025-03-30 22:22:14,221] {subprocess.py:89} INFO - Joint!
[2025-03-30 22:22:14,222] {subprocess.py:93} INFO - Command exited with return code 0
[2025-03-30 22:22:14,296] {taskinstance.py:1277} INFO - Marking task as SUCCESS. dag_id=natality_web_data_to_gcs, task_id=joint1, execution_date=20250330T222207, start_date=20250330T222213, end_date=20250330T222214
[2025-03-30 22:22:14,337] {local_task_job.py:154} INFO - Task exited with return code 0
[2025-03-30 22:22:14,414] {local_task_job.py:264} INFO - 2 downstream tasks scheduled from follow-on schedule check
