[2025-03-30 23:58:44,332] {taskinstance.py:1032} INFO - Dependencies all met for <TaskInstance: natality_web_data_to_gcs.download_race_lookup manual__2025-03-30T23:58:36.673425+00:00 [queued]>
[2025-03-30 23:58:44,348] {taskinstance.py:1032} INFO - Dependencies all met for <TaskInstance: natality_web_data_to_gcs.download_race_lookup manual__2025-03-30T23:58:36.673425+00:00 [queued]>
[2025-03-30 23:58:44,348] {taskinstance.py:1238} INFO - 
--------------------------------------------------------------------------------
[2025-03-30 23:58:44,348] {taskinstance.py:1239} INFO - Starting attempt 1 of 1
[2025-03-30 23:58:44,348] {taskinstance.py:1240} INFO - 
--------------------------------------------------------------------------------
[2025-03-30 23:58:44,372] {taskinstance.py:1259} INFO - Executing <Task(BashOperator): download_race_lookup> on 2025-03-30 23:58:36.673425+00:00
[2025-03-30 23:58:44,397] {standard_task_runner.py:76} INFO - Running: ['***', 'tasks', 'run', 'natality_web_data_to_gcs', 'download_race_lookup', 'manual__2025-03-30T23:58:36.673425+00:00', '--job-id', '189', '--raw', '--subdir', 'DAGS_FOLDER/bigquery_to_gcs.py', '--cfg-path', '/tmp/tmp8_kdww2b', '--error-file', '/tmp/tmp10qxypou']
[2025-03-30 23:58:44,383] {standard_task_runner.py:52} INFO - Started process 953 to run task
[2025-03-30 23:58:44,403] {standard_task_runner.py:77} INFO - Job 189: Subtask download_race_lookup
[2025-03-30 23:58:44,554] {logging_mixin.py:109} INFO - Running <TaskInstance: natality_web_data_to_gcs.download_race_lookup manual__2025-03-30T23:58:36.673425+00:00 [running]> on host 3341a2d56eeb
[2025-03-30 23:58:44,659] {taskinstance.py:1426} INFO - Exporting the following env vars:
AIRFLOW_CTX_DAG_OWNER=***
AIRFLOW_CTX_DAG_ID=natality_web_data_to_gcs
AIRFLOW_CTX_TASK_ID=download_race_lookup
AIRFLOW_CTX_EXECUTION_DATE=2025-03-30T23:58:36.673425+00:00
AIRFLOW_CTX_DAG_RUN_ID=manual__2025-03-30T23:58:36.673425+00:00
[2025-03-30 23:58:44,664] {subprocess.py:62} INFO - Tmp dir root location: 
 /tmp
[2025-03-30 23:58:44,665] {subprocess.py:74} INFO - Running command: ['bash', '-c', 'wget --no-check-certificate "https://docs.google.com/uc?export=download&id=17o8e1eh7XkHk61P5JuBAi2JhFvnUt4tJ" -O /tmp/race_lookup.csv']
[2025-03-30 23:58:44,697] {subprocess.py:85} INFO - Output:
[2025-03-30 23:58:44,705] {subprocess.py:89} INFO - --2025-03-30 23:58:44--  https://docs.google.com/uc?export=download&id=17o8e1eh7XkHk61P5JuBAi2JhFvnUt4tJ
[2025-03-30 23:58:44,731] {subprocess.py:89} INFO - Resolving docs.google.com (docs.google.com)... 64.233.181.139, 64.233.181.101, 64.233.181.113, ...
[2025-03-30 23:58:44,733] {subprocess.py:89} INFO - Connecting to docs.google.com (docs.google.com)|64.233.181.139|:443... connected.
[2025-03-30 23:58:44,820] {subprocess.py:89} INFO - HTTP request sent, awaiting response... 303 See Other
[2025-03-30 23:58:44,820] {subprocess.py:89} INFO - Location: https://drive.usercontent.google.com/download?id=17o8e1eh7XkHk61P5JuBAi2JhFvnUt4tJ&export=download [following]
[2025-03-30 23:58:44,820] {subprocess.py:89} INFO - --2025-03-30 23:58:44--  https://drive.usercontent.google.com/download?id=17o8e1eh7XkHk61P5JuBAi2JhFvnUt4tJ&export=download
[2025-03-30 23:58:44,822] {subprocess.py:89} INFO - Resolving drive.usercontent.google.com (drive.usercontent.google.com)... 209.85.200.132, 2607:f8b0:4001:c16::84
[2025-03-30 23:58:44,824] {subprocess.py:89} INFO - Connecting to drive.usercontent.google.com (drive.usercontent.google.com)|209.85.200.132|:443... connected.
[2025-03-30 23:58:47,392] {subprocess.py:89} INFO - HTTP request sent, awaiting response... 200 OK
[2025-03-30 23:58:47,392] {subprocess.py:89} INFO - Length: 173 [application/octet-stream]
[2025-03-30 23:58:47,393] {subprocess.py:89} INFO - Saving to: ‘/tmp/race_lookup.csv’
[2025-03-30 23:58:47,393] {subprocess.py:89} INFO - 
[2025-03-30 23:58:47,393] {subprocess.py:89} INFO -      0K                                                       100% 5.78M=0s
[2025-03-30 23:58:47,393] {subprocess.py:89} INFO - 
[2025-03-30 23:58:47,393] {subprocess.py:89} INFO - 2025-03-30 23:58:47 (5.78 MB/s) - ‘/tmp/race_lookup.csv’ saved [173/173]
[2025-03-30 23:58:47,393] {subprocess.py:89} INFO - 
[2025-03-30 23:58:47,395] {subprocess.py:93} INFO - Command exited with return code 0
[2025-03-30 23:58:47,447] {taskinstance.py:1277} INFO - Marking task as SUCCESS. dag_id=natality_web_data_to_gcs, task_id=download_race_lookup, execution_date=20250330T235836, start_date=20250330T235844, end_date=20250330T235847
[2025-03-30 23:58:47,520] {local_task_job.py:154} INFO - Task exited with return code 0
[2025-03-30 23:58:47,602] {local_task_job.py:264} INFO - 0 downstream tasks scheduled from follow-on schedule check
