[2025-03-31 00:28:22,886] {taskinstance.py:1032} INFO - Dependencies all met for <TaskInstance: natality_web_data_to_gcs.download_state_lookup manual__2025-03-31T00:28:19.416233+00:00 [queued]>
[2025-03-31 00:28:22,909] {taskinstance.py:1032} INFO - Dependencies all met for <TaskInstance: natality_web_data_to_gcs.download_state_lookup manual__2025-03-31T00:28:19.416233+00:00 [queued]>
[2025-03-31 00:28:22,909] {taskinstance.py:1238} INFO - 
--------------------------------------------------------------------------------
[2025-03-31 00:28:22,909] {taskinstance.py:1239} INFO - Starting attempt 1 of 1
[2025-03-31 00:28:22,909] {taskinstance.py:1240} INFO - 
--------------------------------------------------------------------------------
[2025-03-31 00:28:22,930] {taskinstance.py:1259} INFO - Executing <Task(BashOperator): download_state_lookup> on 2025-03-31 00:28:19.416233+00:00
[2025-03-31 00:28:22,946] {standard_task_runner.py:52} INFO - Started process 3278 to run task
[2025-03-31 00:28:22,952] {standard_task_runner.py:76} INFO - Running: ['***', 'tasks', 'run', 'natality_web_data_to_gcs', 'download_state_lookup', 'manual__2025-03-31T00:28:19.416233+00:00', '--job-id', '299', '--raw', '--subdir', 'DAGS_FOLDER/bigquery_to_gcs.py', '--cfg-path', '/tmp/tmpyemcccye', '--error-file', '/tmp/tmp4xsf4h9h']
[2025-03-31 00:28:22,961] {standard_task_runner.py:77} INFO - Job 299: Subtask download_state_lookup
[2025-03-31 00:28:23,079] {logging_mixin.py:109} INFO - Running <TaskInstance: natality_web_data_to_gcs.download_state_lookup manual__2025-03-31T00:28:19.416233+00:00 [running]> on host 3341a2d56eeb
[2025-03-31 00:28:23,165] {taskinstance.py:1426} INFO - Exporting the following env vars:
AIRFLOW_CTX_DAG_OWNER=***
AIRFLOW_CTX_DAG_ID=natality_web_data_to_gcs
AIRFLOW_CTX_TASK_ID=download_state_lookup
AIRFLOW_CTX_EXECUTION_DATE=2025-03-31T00:28:19.416233+00:00
AIRFLOW_CTX_DAG_RUN_ID=manual__2025-03-31T00:28:19.416233+00:00
[2025-03-31 00:28:23,166] {subprocess.py:62} INFO - Tmp dir root location: 
 /tmp
[2025-03-31 00:28:23,167] {subprocess.py:74} INFO - Running command: ['bash', '-c', 'wget --no-check-certificate "https://docs.google.com/uc?export=download&id=1dsVF__ZPD-40eZLVhedrGn-wWDCJX6bU" -O /tmp/state_lookup.csv']
[2025-03-31 00:28:23,194] {subprocess.py:85} INFO - Output:
[2025-03-31 00:28:23,204] {subprocess.py:89} INFO - --2025-03-31 00:28:23--  https://docs.google.com/uc?export=download&id=1dsVF__ZPD-40eZLVhedrGn-wWDCJX6bU
[2025-03-31 00:28:23,215] {subprocess.py:89} INFO - Resolving docs.google.com (docs.google.com)... 64.233.181.139, 64.233.181.138, 64.233.181.100, ...
[2025-03-31 00:28:23,217] {subprocess.py:89} INFO - Connecting to docs.google.com (docs.google.com)|64.233.181.139|:443... connected.
[2025-03-31 00:28:23,305] {subprocess.py:89} INFO - HTTP request sent, awaiting response... 303 See Other
[2025-03-31 00:28:23,306] {subprocess.py:89} INFO - Location: https://drive.usercontent.google.com/download?id=1dsVF__ZPD-40eZLVhedrGn-wWDCJX6bU&export=download [following]
[2025-03-31 00:28:23,306] {subprocess.py:89} INFO - --2025-03-31 00:28:23--  https://drive.usercontent.google.com/download?id=1dsVF__ZPD-40eZLVhedrGn-wWDCJX6bU&export=download
[2025-03-31 00:28:23,307] {subprocess.py:89} INFO - Resolving drive.usercontent.google.com (drive.usercontent.google.com)... 209.85.200.132, 2607:f8b0:4001:c16::84
[2025-03-31 00:28:23,309] {subprocess.py:89} INFO - Connecting to drive.usercontent.google.com (drive.usercontent.google.com)|209.85.200.132|:443... connected.
[2025-03-31 00:28:25,394] {subprocess.py:89} INFO - HTTP request sent, awaiting response... 200 OK
[2025-03-31 00:28:25,395] {subprocess.py:89} INFO - Length: 632 [application/octet-stream]
[2025-03-31 00:28:25,395] {subprocess.py:89} INFO - Saving to: ‘/tmp/state_lookup.csv’
[2025-03-31 00:28:25,396] {subprocess.py:89} INFO - 
[2025-03-31 00:28:25,396] {subprocess.py:89} INFO -      0K                                                       100% 17.6M=0s
[2025-03-31 00:28:25,397] {subprocess.py:89} INFO - 
[2025-03-31 00:28:25,397] {subprocess.py:89} INFO - 2025-03-31 00:28:25 (17.6 MB/s) - ‘/tmp/state_lookup.csv’ saved [632/632]
[2025-03-31 00:28:25,397] {subprocess.py:89} INFO - 
[2025-03-31 00:28:25,398] {subprocess.py:93} INFO - Command exited with return code 0
[2025-03-31 00:28:25,480] {taskinstance.py:1277} INFO - Marking task as SUCCESS. dag_id=natality_web_data_to_gcs, task_id=download_state_lookup, execution_date=20250331T002819, start_date=20250331T002822, end_date=20250331T002825
[2025-03-31 00:28:25,549] {local_task_job.py:154} INFO - Task exited with return code 0
[2025-03-31 00:28:25,643] {local_task_job.py:264} INFO - 1 downstream tasks scheduled from follow-on schedule check
