[2025-03-30 23:06:14,994] {taskinstance.py:1032} INFO - Dependencies all met for <TaskInstance: natality_web_data_to_gcs.query_and_upload_to_gcs_3 manual__2025-03-30T23:05:55.856482+00:00 [queued]>
[2025-03-30 23:06:15,038] {taskinstance.py:1032} INFO - Dependencies all met for <TaskInstance: natality_web_data_to_gcs.query_and_upload_to_gcs_3 manual__2025-03-30T23:05:55.856482+00:00 [queued]>
[2025-03-30 23:06:15,038] {taskinstance.py:1238} INFO - 
--------------------------------------------------------------------------------
[2025-03-30 23:06:15,039] {taskinstance.py:1239} INFO - Starting attempt 1 of 1
[2025-03-30 23:06:15,039] {taskinstance.py:1240} INFO - 
--------------------------------------------------------------------------------
[2025-03-30 23:06:15,092] {taskinstance.py:1259} INFO - Executing <Task(PythonOperator): query_and_upload_to_gcs_3> on 2025-03-30 23:05:55.856482+00:00
[2025-03-30 23:06:15,157] {standard_task_runner.py:52} INFO - Started process 4164 to run task
[2025-03-30 23:06:15,216] {standard_task_runner.py:76} INFO - Running: ['***', 'tasks', 'run', 'natality_web_data_to_gcs', 'query_and_upload_to_gcs_3', 'manual__2025-03-30T23:05:55.856482+00:00', '--job-id', '174', '--raw', '--subdir', 'DAGS_FOLDER/bigquery_to_gcs.py', '--cfg-path', '/tmp/tmpng3r06tw', '--error-file', '/tmp/tmp357aow2b']
[2025-03-30 23:06:15,224] {standard_task_runner.py:77} INFO - Job 174: Subtask query_and_upload_to_gcs_3
[2025-03-30 23:06:15,477] {logging_mixin.py:109} INFO - Running <TaskInstance: natality_web_data_to_gcs.query_and_upload_to_gcs_3 manual__2025-03-30T23:05:55.856482+00:00 [running]> on host 6e74f7e5ce4c
[2025-03-30 23:06:15,677] {taskinstance.py:1426} INFO - Exporting the following env vars:
AIRFLOW_CTX_DAG_OWNER=***
AIRFLOW_CTX_DAG_ID=natality_web_data_to_gcs
AIRFLOW_CTX_TASK_ID=query_and_upload_to_gcs_3
AIRFLOW_CTX_EXECUTION_DATE=2025-03-30T23:05:55.856482+00:00
AIRFLOW_CTX_DAG_RUN_ID=manual__2025-03-30T23:05:55.856482+00:00
[2025-03-30 23:06:15,682] {warnings.py:99} WARNING - /home/***/.local/lib/python3.6/site-packages/***/utils/context.py:152: AirflowContextDeprecationWarning: Accessing 'execution_date' from the template is deprecated and will be removed in a future version. Please use 'data_interval_start' or 'logical_date' instead.
  warnings.warn(_create_deprecation_warning(key, self._deprecation_replacements[key]))

[2025-03-30 23:06:15,682] {warnings.py:99} WARNING - /home/***/.local/lib/python3.6/site-packages/***/utils/context.py:152: AirflowContextDeprecationWarning: Accessing 'next_ds' from the template is deprecated and will be removed in a future version. Please use '{{ data_interval_end | ds }}' instead.
  warnings.warn(_create_deprecation_warning(key, self._deprecation_replacements[key]))

[2025-03-30 23:06:15,682] {warnings.py:99} WARNING - /home/***/.local/lib/python3.6/site-packages/***/utils/context.py:152: AirflowContextDeprecationWarning: Accessing 'next_ds_nodash' from the template is deprecated and will be removed in a future version. Please use '{{ data_interval_end | ds_nodash }}' instead.
  warnings.warn(_create_deprecation_warning(key, self._deprecation_replacements[key]))

[2025-03-30 23:06:15,683] {warnings.py:99} WARNING - /home/***/.local/lib/python3.6/site-packages/***/utils/context.py:152: AirflowContextDeprecationWarning: Accessing 'next_execution_date' from the template is deprecated and will be removed in a future version. Please use 'data_interval_end' instead.
  warnings.warn(_create_deprecation_warning(key, self._deprecation_replacements[key]))

[2025-03-30 23:06:15,683] {warnings.py:99} WARNING - /home/***/.local/lib/python3.6/site-packages/***/utils/context.py:152: AirflowContextDeprecationWarning: Accessing 'prev_ds' from the template is deprecated and will be removed in a future version.
  warnings.warn(_create_deprecation_warning(key, self._deprecation_replacements[key]))

[2025-03-30 23:06:15,690] {warnings.py:99} WARNING - /home/***/.local/lib/python3.6/site-packages/***/utils/context.py:152: AirflowContextDeprecationWarning: Accessing 'prev_ds_nodash' from the template is deprecated and will be removed in a future version.
  warnings.warn(_create_deprecation_warning(key, self._deprecation_replacements[key]))

[2025-03-30 23:06:15,690] {warnings.py:99} WARNING - /home/***/.local/lib/python3.6/site-packages/***/utils/context.py:152: AirflowContextDeprecationWarning: Accessing 'prev_execution_date' from the template is deprecated and will be removed in a future version.
  warnings.warn(_create_deprecation_warning(key, self._deprecation_replacements[key]))

[2025-03-30 23:06:15,691] {warnings.py:99} WARNING - /home/***/.local/lib/python3.6/site-packages/***/utils/context.py:152: AirflowContextDeprecationWarning: Accessing 'prev_execution_date_success' from the template is deprecated and will be removed in a future version. Please use 'prev_data_interval_start_success' instead.
  warnings.warn(_create_deprecation_warning(key, self._deprecation_replacements[key]))

[2025-03-30 23:06:15,691] {warnings.py:99} WARNING - /home/***/.local/lib/python3.6/site-packages/***/utils/context.py:152: AirflowContextDeprecationWarning: Accessing 'tomorrow_ds' from the template is deprecated and will be removed in a future version.
  warnings.warn(_create_deprecation_warning(key, self._deprecation_replacements[key]))

[2025-03-30 23:06:15,691] {warnings.py:99} WARNING - /home/***/.local/lib/python3.6/site-packages/***/utils/context.py:152: AirflowContextDeprecationWarning: Accessing 'tomorrow_ds_nodash' from the template is deprecated and will be removed in a future version.
  warnings.warn(_create_deprecation_warning(key, self._deprecation_replacements[key]))

[2025-03-30 23:06:15,691] {warnings.py:99} WARNING - /home/***/.local/lib/python3.6/site-packages/***/utils/context.py:152: AirflowContextDeprecationWarning: Accessing 'yesterday_ds' from the template is deprecated and will be removed in a future version.
  warnings.warn(_create_deprecation_warning(key, self._deprecation_replacements[key]))

[2025-03-30 23:06:15,692] {warnings.py:99} WARNING - /home/***/.local/lib/python3.6/site-packages/***/utils/context.py:152: AirflowContextDeprecationWarning: Accessing 'yesterday_ds_nodash' from the template is deprecated and will be removed in a future version.
  warnings.warn(_create_deprecation_warning(key, self._deprecation_replacements[key]))

[2025-03-30 23:08:41,915] {crypto.py:82} WARNING - empty cryptography key - values will not be stored encrypted.
[2025-03-30 23:08:47,973] {gcs.py:486} INFO - File /tmp/temp_output_3.csv uploaded to natality/data_month_3.csv in us-natality-bucket bucket
[2025-03-30 23:08:48,302] {python.py:175} INFO - Done. Returned value was: Query executed for month 3 and results uploaded to GCS.
[2025-03-30 23:08:48,406] {taskinstance.py:1277} INFO - Marking task as SUCCESS. dag_id=natality_web_data_to_gcs, task_id=query_and_upload_to_gcs_3, execution_date=20250330T230555, start_date=20250330T230614, end_date=20250330T230848
[2025-03-30 23:08:48,817] {local_task_job.py:154} INFO - Task exited with return code 0
[2025-03-30 23:08:48,899] {local_task_job.py:264} INFO - 0 downstream tasks scheduled from follow-on schedule check
