[2025-03-30 22:22:19,245] {taskinstance.py:1032} INFO - Dependencies all met for <TaskInstance: natality_web_data_to_gcs.joint2 manual__2025-03-30T22:22:07.463298+00:00 [queued]>
[2025-03-30 22:22:19,260] {taskinstance.py:1032} INFO - Dependencies all met for <TaskInstance: natality_web_data_to_gcs.joint2 manual__2025-03-30T22:22:07.463298+00:00 [queued]>
[2025-03-30 22:22:19,260] {taskinstance.py:1238} INFO - 
--------------------------------------------------------------------------------
[2025-03-30 22:22:19,260] {taskinstance.py:1239} INFO - Starting attempt 1 of 1
[2025-03-30 22:22:19,260] {taskinstance.py:1240} INFO - 
--------------------------------------------------------------------------------
[2025-03-30 22:22:19,282] {taskinstance.py:1259} INFO - Executing <Task(BashOperator): joint2> on 2025-03-30 22:22:07.463298+00:00
[2025-03-30 22:22:19,295] {standard_task_runner.py:52} INFO - Started process 415 to run task
[2025-03-30 22:22:19,300] {standard_task_runner.py:76} INFO - Running: ['***', 'tasks', 'run', 'natality_web_data_to_gcs', 'joint2', 'manual__2025-03-30T22:22:07.463298+00:00', '--job-id', '95', '--raw', '--subdir', 'DAGS_FOLDER/bigquery_to_gcs.py', '--cfg-path', '/tmp/tmp7qikjleu', '--error-file', '/tmp/tmpclka8vpe']
[2025-03-30 22:22:19,304] {standard_task_runner.py:77} INFO - Job 95: Subtask joint2
[2025-03-30 22:22:19,402] {logging_mixin.py:109} INFO - Running <TaskInstance: natality_web_data_to_gcs.joint2 manual__2025-03-30T22:22:07.463298+00:00 [running]> on host 6e74f7e5ce4c
[2025-03-30 22:22:19,479] {taskinstance.py:1426} INFO - Exporting the following env vars:
AIRFLOW_CTX_DAG_OWNER=***
AIRFLOW_CTX_DAG_ID=natality_web_data_to_gcs
AIRFLOW_CTX_TASK_ID=joint2
AIRFLOW_CTX_EXECUTION_DATE=2025-03-30T22:22:07.463298+00:00
AIRFLOW_CTX_DAG_RUN_ID=manual__2025-03-30T22:22:07.463298+00:00
[2025-03-30 22:22:19,482] {subprocess.py:62} INFO - Tmp dir root location: 
 /tmp
[2025-03-30 22:22:19,483] {subprocess.py:74} INFO - Running command: ['bash', '-c', 'echo "Joint2!"']
[2025-03-30 22:22:19,510] {subprocess.py:85} INFO - Output:
[2025-03-30 22:22:19,513] {subprocess.py:89} INFO - Joint2!
[2025-03-30 22:22:19,514] {subprocess.py:93} INFO - Command exited with return code 0
[2025-03-30 22:22:19,556] {taskinstance.py:1277} INFO - Marking task as SUCCESS. dag_id=natality_web_data_to_gcs, task_id=joint2, execution_date=20250330T222207, start_date=20250330T222219, end_date=20250330T222219
[2025-03-30 22:22:19,600] {local_task_job.py:154} INFO - Task exited with return code 0
[2025-03-30 22:22:19,690] {local_task_job.py:264} INFO - 6 downstream tasks scheduled from follow-on schedule check
