[2025-03-30 23:59:02,488] {taskinstance.py:1032} INFO - Dependencies all met for <TaskInstance: natality_web_data_to_gcs.joint3 manual__2025-03-30T23:58:36.673425+00:00 [queued]>
[2025-03-30 23:59:02,504] {taskinstance.py:1032} INFO - Dependencies all met for <TaskInstance: natality_web_data_to_gcs.joint3 manual__2025-03-30T23:58:36.673425+00:00 [queued]>
[2025-03-30 23:59:02,505] {taskinstance.py:1238} INFO - 
--------------------------------------------------------------------------------
[2025-03-30 23:59:02,505] {taskinstance.py:1239} INFO - Starting attempt 1 of 1
[2025-03-30 23:59:02,505] {taskinstance.py:1240} INFO - 
--------------------------------------------------------------------------------
[2025-03-30 23:59:02,520] {taskinstance.py:1259} INFO - Executing <Task(BashOperator): joint3> on 2025-03-30 23:58:36.673425+00:00
[2025-03-30 23:59:02,531] {standard_task_runner.py:52} INFO - Started process 1076 to run task
[2025-03-30 23:59:02,535] {standard_task_runner.py:76} INFO - Running: ['***', 'tasks', 'run', 'natality_web_data_to_gcs', 'joint3', 'manual__2025-03-30T23:58:36.673425+00:00', '--job-id', '200', '--raw', '--subdir', 'DAGS_FOLDER/bigquery_to_gcs.py', '--cfg-path', '/tmp/tmpuano9rrl', '--error-file', '/tmp/tmpf8a3o8eo']
[2025-03-30 23:59:02,539] {standard_task_runner.py:77} INFO - Job 200: Subtask joint3
[2025-03-30 23:59:02,619] {logging_mixin.py:109} INFO - Running <TaskInstance: natality_web_data_to_gcs.joint3 manual__2025-03-30T23:58:36.673425+00:00 [running]> on host 3341a2d56eeb
[2025-03-30 23:59:02,696] {taskinstance.py:1426} INFO - Exporting the following env vars:
AIRFLOW_CTX_DAG_OWNER=***
AIRFLOW_CTX_DAG_ID=natality_web_data_to_gcs
AIRFLOW_CTX_TASK_ID=joint3
AIRFLOW_CTX_EXECUTION_DATE=2025-03-30T23:58:36.673425+00:00
AIRFLOW_CTX_DAG_RUN_ID=manual__2025-03-30T23:58:36.673425+00:00
[2025-03-30 23:59:02,700] {subprocess.py:62} INFO - Tmp dir root location: 
 /tmp
[2025-03-30 23:59:02,701] {subprocess.py:74} INFO - Running command: ['bash', '-c', 'echo "Joint3!"']
[2025-03-30 23:59:02,724] {subprocess.py:85} INFO - Output:
[2025-03-30 23:59:02,726] {subprocess.py:89} INFO - Joint3!
[2025-03-30 23:59:02,727] {subprocess.py:93} INFO - Command exited with return code 0
[2025-03-30 23:59:02,768] {taskinstance.py:1277} INFO - Marking task as SUCCESS. dag_id=natality_web_data_to_gcs, task_id=joint3, execution_date=20250330T235836, start_date=20250330T235902, end_date=20250330T235902
[2025-03-30 23:59:02,835] {local_task_job.py:154} INFO - Task exited with return code 0
[2025-03-30 23:59:02,921] {local_task_job.py:264} INFO - 6 downstream tasks scheduled from follow-on schedule check
