[2025-03-31 01:24:49,124] {taskinstance.py:1032} INFO - Dependencies all met for <TaskInstance: natality_web_data_to_gcs.create_dataproc_cluster manual__2025-03-31T01:24:12.652803+00:00 [queued]>
[2025-03-31 01:24:49,147] {taskinstance.py:1032} INFO - Dependencies all met for <TaskInstance: natality_web_data_to_gcs.create_dataproc_cluster manual__2025-03-31T01:24:12.652803+00:00 [queued]>
[2025-03-31 01:24:49,148] {taskinstance.py:1238} INFO - 
--------------------------------------------------------------------------------
[2025-03-31 01:24:49,148] {taskinstance.py:1239} INFO - Starting attempt 1 of 1
[2025-03-31 01:24:49,148] {taskinstance.py:1240} INFO - 
--------------------------------------------------------------------------------
[2025-03-31 01:24:49,172] {taskinstance.py:1259} INFO - Executing <Task(DataprocCreateClusterOperator): create_dataproc_cluster> on 2025-03-31 01:24:12.652803+00:00
[2025-03-31 01:24:49,187] {standard_task_runner.py:52} INFO - Started process 6532 to run task
[2025-03-31 01:24:49,192] {standard_task_runner.py:76} INFO - Running: ['***', 'tasks', 'run', 'natality_web_data_to_gcs', 'create_dataproc_cluster', 'manual__2025-03-31T01:24:12.652803+00:00', '--job-id', '387', '--raw', '--subdir', 'DAGS_FOLDER/bigquery_to_gcs.py', '--cfg-path', '/tmp/tmpyzioy99f', '--error-file', '/tmp/tmp2mi01jvs']
[2025-03-31 01:24:49,197] {standard_task_runner.py:77} INFO - Job 387: Subtask create_dataproc_cluster
[2025-03-31 01:24:49,308] {logging_mixin.py:109} INFO - Running <TaskInstance: natality_web_data_to_gcs.create_dataproc_cluster manual__2025-03-31T01:24:12.652803+00:00 [running]> on host 3341a2d56eeb
[2025-03-31 01:24:49,421] {taskinstance.py:1426} INFO - Exporting the following env vars:
AIRFLOW_CTX_DAG_OWNER=***
AIRFLOW_CTX_DAG_ID=natality_web_data_to_gcs
AIRFLOW_CTX_TASK_ID=create_dataproc_cluster
AIRFLOW_CTX_EXECUTION_DATE=2025-03-31T01:24:12.652803+00:00
AIRFLOW_CTX_DAG_RUN_ID=manual__2025-03-31T01:24:12.652803+00:00
[2025-03-31 01:24:49,422] {dataproc.py:662} INFO - Creating cluster: us-natality-cluster
[2025-03-31 01:24:49,423] {crypto.py:82} WARNING - empty cryptography key - values will not be stored encrypted.
[2025-03-31 01:28:04,448] {dataproc.py:606} INFO - Cluster created.
[2025-03-31 01:28:04,503] {taskinstance.py:1277} INFO - Marking task as SUCCESS. dag_id=natality_web_data_to_gcs, task_id=create_dataproc_cluster, execution_date=20250331T012412, start_date=20250331T012449, end_date=20250331T012804
[2025-03-31 01:28:04,549] {local_task_job.py:154} INFO - Task exited with return code 0
[2025-03-31 01:28:04,621] {local_task_job.py:264} INFO - 1 downstream tasks scheduled from follow-on schedule check
