[2025-03-30 23:05:59,975] {taskinstance.py:1032} INFO - Dependencies all met for <TaskInstance: natality_web_data_to_gcs.download_state_lookup manual__2025-03-30T23:05:55.856482+00:00 [queued]>
[2025-03-30 23:05:59,996] {taskinstance.py:1032} INFO - Dependencies all met for <TaskInstance: natality_web_data_to_gcs.download_state_lookup manual__2025-03-30T23:05:55.856482+00:00 [queued]>
[2025-03-30 23:05:59,997] {taskinstance.py:1238} INFO - 
--------------------------------------------------------------------------------
[2025-03-30 23:05:59,997] {taskinstance.py:1239} INFO - Starting attempt 1 of 1
[2025-03-30 23:05:59,997] {taskinstance.py:1240} INFO - 
--------------------------------------------------------------------------------
[2025-03-30 23:06:00,022] {taskinstance.py:1259} INFO - Executing <Task(BashOperator): download_state_lookup> on 2025-03-30 23:05:55.856482+00:00
[2025-03-30 23:06:00,038] {standard_task_runner.py:76} INFO - Running: ['***', 'tasks', 'run', 'natality_web_data_to_gcs', 'download_state_lookup', 'manual__2025-03-30T23:05:55.856482+00:00', '--job-id', '166', '--raw', '--subdir', 'DAGS_FOLDER/bigquery_to_gcs.py', '--cfg-path', '/tmp/tmprs6qf51h', '--error-file', '/tmp/tmpdkkm7x_m']
[2025-03-30 23:06:00,032] {standard_task_runner.py:52} INFO - Started process 4120 to run task
[2025-03-30 23:06:00,049] {standard_task_runner.py:77} INFO - Job 166: Subtask download_state_lookup
[2025-03-30 23:06:00,215] {logging_mixin.py:109} INFO - Running <TaskInstance: natality_web_data_to_gcs.download_state_lookup manual__2025-03-30T23:05:55.856482+00:00 [running]> on host 6e74f7e5ce4c
[2025-03-30 23:06:00,346] {taskinstance.py:1426} INFO - Exporting the following env vars:
AIRFLOW_CTX_DAG_OWNER=***
AIRFLOW_CTX_DAG_ID=natality_web_data_to_gcs
AIRFLOW_CTX_TASK_ID=download_state_lookup
AIRFLOW_CTX_EXECUTION_DATE=2025-03-30T23:05:55.856482+00:00
AIRFLOW_CTX_DAG_RUN_ID=manual__2025-03-30T23:05:55.856482+00:00
[2025-03-30 23:06:00,351] {subprocess.py:62} INFO - Tmp dir root location: 
 /tmp
[2025-03-30 23:06:00,352] {subprocess.py:74} INFO - Running command: ['bash', '-c', 'wget --no-check-certificate "https://docs.google.com/uc?export=download&id=1dsVF__ZPD-40eZLVhedrGn-wWDCJX6bU" -O /tmp/state_lookup.csv']
[2025-03-30 23:06:00,399] {subprocess.py:85} INFO - Output:
[2025-03-30 23:06:00,444] {subprocess.py:89} INFO - --2025-03-30 23:06:00--  https://docs.google.com/uc?export=download&id=1dsVF__ZPD-40eZLVhedrGn-wWDCJX6bU
[2025-03-30 23:06:00,483] {subprocess.py:89} INFO - Resolving docs.google.com (docs.google.com)... 64.233.181.139, 64.233.181.113, 64.233.181.101, ...
[2025-03-30 23:06:00,486] {subprocess.py:89} INFO - Connecting to docs.google.com (docs.google.com)|64.233.181.139|:443... connected.
[2025-03-30 23:06:00,573] {subprocess.py:89} INFO - HTTP request sent, awaiting response... 303 See Other
[2025-03-30 23:06:00,574] {subprocess.py:89} INFO - Location: https://drive.usercontent.google.com/download?id=1dsVF__ZPD-40eZLVhedrGn-wWDCJX6bU&export=download [following]
[2025-03-30 23:06:00,574] {subprocess.py:89} INFO - --2025-03-30 23:06:00--  https://drive.usercontent.google.com/download?id=1dsVF__ZPD-40eZLVhedrGn-wWDCJX6bU&export=download
[2025-03-30 23:06:00,580] {subprocess.py:89} INFO - Resolving drive.usercontent.google.com (drive.usercontent.google.com)... 209.85.200.132, 2607:f8b0:4001:c16::84
[2025-03-30 23:06:00,581] {subprocess.py:89} INFO - Connecting to drive.usercontent.google.com (drive.usercontent.google.com)|209.85.200.132|:443... connected.
[2025-03-30 23:06:02,990] {subprocess.py:89} INFO - HTTP request sent, awaiting response... 200 OK
[2025-03-30 23:06:02,990] {subprocess.py:89} INFO - Length: 632 [application/octet-stream]
[2025-03-30 23:06:02,990] {subprocess.py:89} INFO - Saving to: ‘/tmp/state_lookup.csv’
[2025-03-30 23:06:02,990] {subprocess.py:89} INFO - 
[2025-03-30 23:06:02,990] {subprocess.py:89} INFO -      0K                                                       100% 16.8M=0s
[2025-03-30 23:06:02,991] {subprocess.py:89} INFO - 
[2025-03-30 23:06:02,991] {subprocess.py:89} INFO - 2025-03-30 23:06:02 (16.8 MB/s) - ‘/tmp/state_lookup.csv’ saved [632/632]
[2025-03-30 23:06:02,991] {subprocess.py:89} INFO - 
[2025-03-30 23:06:02,993] {subprocess.py:93} INFO - Command exited with return code 0
[2025-03-30 23:06:03,073] {taskinstance.py:1277} INFO - Marking task as SUCCESS. dag_id=natality_web_data_to_gcs, task_id=download_state_lookup, execution_date=20250330T230555, start_date=20250330T230559, end_date=20250330T230603
[2025-03-30 23:06:03,127] {local_task_job.py:154} INFO - Task exited with return code 0
[2025-03-30 23:06:03,235] {local_task_job.py:264} INFO - 0 downstream tasks scheduled from follow-on schedule check
