[2025-03-31 01:47:41,948] {taskinstance.py:1032} INFO - Dependencies all met for <TaskInstance: natality_web_data_to_gcs.upload_pyspark_script manual__2025-03-31T01:47:08.600207+00:00 [queued]>
[2025-03-31 01:47:41,969] {taskinstance.py:1032} INFO - Dependencies all met for <TaskInstance: natality_web_data_to_gcs.upload_pyspark_script manual__2025-03-31T01:47:08.600207+00:00 [queued]>
[2025-03-31 01:47:41,969] {taskinstance.py:1238} INFO - 
--------------------------------------------------------------------------------
[2025-03-31 01:47:41,969] {taskinstance.py:1239} INFO - Starting attempt 1 of 1
[2025-03-31 01:47:41,969] {taskinstance.py:1240} INFO - 
--------------------------------------------------------------------------------
[2025-03-31 01:47:41,991] {taskinstance.py:1259} INFO - Executing <Task(PythonOperator): upload_pyspark_script> on 2025-03-31 01:47:08.600207+00:00
[2025-03-31 01:47:42,001] {standard_task_runner.py:52} INFO - Started process 8618 to run task
[2025-03-31 01:47:42,006] {standard_task_runner.py:76} INFO - Running: ['***', 'tasks', 'run', 'natality_web_data_to_gcs', 'upload_pyspark_script', 'manual__2025-03-31T01:47:08.600207+00:00', '--job-id', '501', '--raw', '--subdir', 'DAGS_FOLDER/bigquery_to_gcs.py', '--cfg-path', '/tmp/tmpjbnvj7ve', '--error-file', '/tmp/tmp0f3rh_6s']
[2025-03-31 01:47:42,012] {standard_task_runner.py:77} INFO - Job 501: Subtask upload_pyspark_script
[2025-03-31 01:47:42,105] {logging_mixin.py:109} INFO - Running <TaskInstance: natality_web_data_to_gcs.upload_pyspark_script manual__2025-03-31T01:47:08.600207+00:00 [running]> on host 3341a2d56eeb
[2025-03-31 01:47:42,199] {taskinstance.py:1426} INFO - Exporting the following env vars:
AIRFLOW_CTX_DAG_OWNER=***
AIRFLOW_CTX_DAG_ID=natality_web_data_to_gcs
AIRFLOW_CTX_TASK_ID=upload_pyspark_script
AIRFLOW_CTX_EXECUTION_DATE=2025-03-31T01:47:08.600207+00:00
AIRFLOW_CTX_DAG_RUN_ID=manual__2025-03-31T01:47:08.600207+00:00
[2025-03-31 01:47:42,201] {crypto.py:82} WARNING - empty cryptography key - values will not be stored encrypted.
[2025-03-31 01:47:42,338] {gcs.py:486} INFO - File /opt/***/dags/pyspark_to_bq.py uploaded to scripts/pyspark_to_bq.py in us-natality-bucket bucket
[2025-03-31 01:47:42,338] {python.py:175} INFO - Done. Returned value was: None
[2025-03-31 01:47:42,362] {taskinstance.py:1277} INFO - Marking task as SUCCESS. dag_id=natality_web_data_to_gcs, task_id=upload_pyspark_script, execution_date=20250331T014708, start_date=20250331T014741, end_date=20250331T014742
[2025-03-31 01:47:42,425] {local_task_job.py:154} INFO - Task exited with return code 0
[2025-03-31 01:47:42,482] {local_task_job.py:264} INFO - 1 downstream tasks scheduled from follow-on schedule check
