[2025-03-31 02:32:32,452] {taskinstance.py:1032} INFO - Dependencies all met for <TaskInstance: natality_web_data_to_gcs.joint2 manual__2025-03-31T02:32:18.651615+00:00 [queued]>
[2025-03-31 02:32:32,475] {taskinstance.py:1032} INFO - Dependencies all met for <TaskInstance: natality_web_data_to_gcs.joint2 manual__2025-03-31T02:32:18.651615+00:00 [queued]>
[2025-03-31 02:32:32,476] {taskinstance.py:1238} INFO - 
--------------------------------------------------------------------------------
[2025-03-31 02:32:32,476] {taskinstance.py:1239} INFO - Starting attempt 1 of 1
[2025-03-31 02:32:32,476] {taskinstance.py:1240} INFO - 
--------------------------------------------------------------------------------
[2025-03-31 02:32:32,499] {taskinstance.py:1259} INFO - Executing <Task(BashOperator): joint2> on 2025-03-31 02:32:18.651615+00:00
[2025-03-31 02:32:32,515] {standard_task_runner.py:52} INFO - Started process 1606 to run task
[2025-03-31 02:32:32,519] {standard_task_runner.py:76} INFO - Running: ['***', 'tasks', 'run', 'natality_web_data_to_gcs', 'joint2', 'manual__2025-03-31T02:32:18.651615+00:00', '--job-id', '582', '--raw', '--subdir', 'DAGS_FOLDER/bigquery_to_gcs.py', '--cfg-path', '/tmp/tmpx4epa5gm', '--error-file', '/tmp/tmpnff_e2oy']
[2025-03-31 02:32:32,524] {standard_task_runner.py:77} INFO - Job 582: Subtask joint2
[2025-03-31 02:32:32,610] {logging_mixin.py:109} INFO - Running <TaskInstance: natality_web_data_to_gcs.joint2 manual__2025-03-31T02:32:18.651615+00:00 [running]> on host 65c454f46b2f
[2025-03-31 02:32:32,708] {taskinstance.py:1426} INFO - Exporting the following env vars:
AIRFLOW_CTX_DAG_OWNER=***
AIRFLOW_CTX_DAG_ID=natality_web_data_to_gcs
AIRFLOW_CTX_TASK_ID=joint2
AIRFLOW_CTX_EXECUTION_DATE=2025-03-31T02:32:18.651615+00:00
AIRFLOW_CTX_DAG_RUN_ID=manual__2025-03-31T02:32:18.651615+00:00
[2025-03-31 02:32:32,709] {subprocess.py:62} INFO - Tmp dir root location: 
 /tmp
[2025-03-31 02:32:32,710] {subprocess.py:74} INFO - Running command: ['bash', '-c', 'echo "Joint2!"']
[2025-03-31 02:32:32,739] {subprocess.py:85} INFO - Output:
[2025-03-31 02:32:32,742] {subprocess.py:89} INFO - Joint2!
[2025-03-31 02:32:32,743] {subprocess.py:93} INFO - Command exited with return code 0
[2025-03-31 02:32:32,793] {taskinstance.py:1277} INFO - Marking task as SUCCESS. dag_id=natality_web_data_to_gcs, task_id=joint2, execution_date=20250331T023218, start_date=20250331T023232, end_date=20250331T023232
[2025-03-31 02:32:32,860] {local_task_job.py:154} INFO - Task exited with return code 0
[2025-03-31 02:32:32,961] {local_task_job.py:264} INFO - 6 downstream tasks scheduled from follow-on schedule check
