[2025-03-30 21:58:28,912] {taskinstance.py:1032} INFO - Dependencies all met for <TaskInstance: natality_web_data_to_gcs.start manual__2025-03-30T21:58:23.756315+00:00 [queued]>
[2025-03-30 21:58:28,933] {taskinstance.py:1032} INFO - Dependencies all met for <TaskInstance: natality_web_data_to_gcs.start manual__2025-03-30T21:58:23.756315+00:00 [queued]>
[2025-03-30 21:58:28,934] {taskinstance.py:1238} INFO - 
--------------------------------------------------------------------------------
[2025-03-30 21:58:28,934] {taskinstance.py:1239} INFO - Starting attempt 1 of 1
[2025-03-30 21:58:28,934] {taskinstance.py:1240} INFO - 
--------------------------------------------------------------------------------
[2025-03-30 21:58:28,956] {taskinstance.py:1259} INFO - Executing <Task(BashOperator): start> on 2025-03-30 21:58:23.756315+00:00
[2025-03-30 21:58:28,971] {standard_task_runner.py:52} INFO - Started process 13465 to run task
[2025-03-30 21:58:29,004] {standard_task_runner.py:76} INFO - Running: ['***', 'tasks', 'run', 'natality_web_data_to_gcs', 'start', 'manual__2025-03-30T21:58:23.756315+00:00', '--job-id', '71', '--raw', '--subdir', 'DAGS_FOLDER/bigquery_to_gcs.py', '--cfg-path', '/tmp/tmpo4rve0hd', '--error-file', '/tmp/tmpjjlm5tut']
[2025-03-30 21:58:29,010] {standard_task_runner.py:77} INFO - Job 71: Subtask start
[2025-03-30 21:58:29,323] {logging_mixin.py:109} INFO - Running <TaskInstance: natality_web_data_to_gcs.start manual__2025-03-30T21:58:23.756315+00:00 [running]> on host f5b8902f5cd8
[2025-03-30 21:58:29,461] {taskinstance.py:1426} INFO - Exporting the following env vars:
AIRFLOW_CTX_DAG_OWNER=***
AIRFLOW_CTX_DAG_ID=natality_web_data_to_gcs
AIRFLOW_CTX_TASK_ID=start
AIRFLOW_CTX_EXECUTION_DATE=2025-03-30T21:58:23.756315+00:00
AIRFLOW_CTX_DAG_RUN_ID=manual__2025-03-30T21:58:23.756315+00:00
[2025-03-30 21:58:29,471] {subprocess.py:62} INFO - Tmp dir root location: 
 /tmp
[2025-03-30 21:58:29,472] {subprocess.py:74} INFO - Running command: ['bash', '-c', 'echo "Started!"']
[2025-03-30 21:58:29,504] {subprocess.py:85} INFO - Output:
[2025-03-30 21:58:29,507] {subprocess.py:89} INFO - Started!
[2025-03-30 21:58:29,508] {subprocess.py:93} INFO - Command exited with return code 0
[2025-03-30 21:58:29,569] {taskinstance.py:1277} INFO - Marking task as SUCCESS. dag_id=natality_web_data_to_gcs, task_id=start, execution_date=20250330T215823, start_date=20250330T215828, end_date=20250330T215829
[2025-03-30 21:58:29,629] {local_task_job.py:154} INFO - Task exited with return code 0
[2025-03-30 21:58:29,726] {local_task_job.py:264} INFO - 0 downstream tasks scheduled from follow-on schedule check
