[2025-03-31 01:51:07,179] {taskinstance.py:1032} INFO - Dependencies all met for <TaskInstance: natality_web_data_to_gcs.upload_pyspark_script manual__2025-03-31T01:50:32.724355+00:00 [queued]>
[2025-03-31 01:51:07,205] {taskinstance.py:1032} INFO - Dependencies all met for <TaskInstance: natality_web_data_to_gcs.upload_pyspark_script manual__2025-03-31T01:50:32.724355+00:00 [queued]>
[2025-03-31 01:51:07,206] {taskinstance.py:1238} INFO - 
--------------------------------------------------------------------------------
[2025-03-31 01:51:07,206] {taskinstance.py:1239} INFO - Starting attempt 1 of 1
[2025-03-31 01:51:07,206] {taskinstance.py:1240} INFO - 
--------------------------------------------------------------------------------
[2025-03-31 01:51:07,236] {taskinstance.py:1259} INFO - Executing <Task(PythonOperator): upload_pyspark_script> on 2025-03-31 01:50:32.724355+00:00
[2025-03-31 01:51:07,252] {standard_task_runner.py:52} INFO - Started process 8981 to run task
[2025-03-31 01:51:07,257] {standard_task_runner.py:76} INFO - Running: ['***', 'tasks', 'run', 'natality_web_data_to_gcs', 'upload_pyspark_script', 'manual__2025-03-31T01:50:32.724355+00:00', '--job-id', '524', '--raw', '--subdir', 'DAGS_FOLDER/bigquery_to_gcs.py', '--cfg-path', '/tmp/tmpa_qie7az', '--error-file', '/tmp/tmpnij1uw1z']
[2025-03-31 01:51:07,264] {standard_task_runner.py:77} INFO - Job 524: Subtask upload_pyspark_script
[2025-03-31 01:51:07,366] {logging_mixin.py:109} INFO - Running <TaskInstance: natality_web_data_to_gcs.upload_pyspark_script manual__2025-03-31T01:50:32.724355+00:00 [running]> on host 3341a2d56eeb
[2025-03-31 01:51:07,468] {taskinstance.py:1426} INFO - Exporting the following env vars:
AIRFLOW_CTX_DAG_OWNER=***
AIRFLOW_CTX_DAG_ID=natality_web_data_to_gcs
AIRFLOW_CTX_TASK_ID=upload_pyspark_script
AIRFLOW_CTX_EXECUTION_DATE=2025-03-31T01:50:32.724355+00:00
AIRFLOW_CTX_DAG_RUN_ID=manual__2025-03-31T01:50:32.724355+00:00
[2025-03-31 01:51:07,470] {crypto.py:82} WARNING - empty cryptography key - values will not be stored encrypted.
[2025-03-31 01:51:07,618] {gcs.py:486} INFO - File /opt/***/dags/pyspark_to_bq.py uploaded to scripts/pyspark_to_bq.py in us-natality-bucket bucket
[2025-03-31 01:51:07,619] {python.py:175} INFO - Done. Returned value was: None
[2025-03-31 01:51:07,642] {taskinstance.py:1277} INFO - Marking task as SUCCESS. dag_id=natality_web_data_to_gcs, task_id=upload_pyspark_script, execution_date=20250331T015032, start_date=20250331T015107, end_date=20250331T015107
[2025-03-31 01:51:07,720] {local_task_job.py:154} INFO - Task exited with return code 0
[2025-03-31 01:51:07,784] {local_task_job.py:264} INFO - 1 downstream tasks scheduled from follow-on schedule check
