[2025-03-30 20:09:55,354] {taskinstance.py:1032} INFO - Dependencies all met for <TaskInstance: bigquery_to_gcs_using_python_parquet_optimized.query_and_upload_to_gcs_parquet_6 manual__2025-03-30T20:09:45.102223+00:00 [queued]>
[2025-03-30 20:09:55,398] {taskinstance.py:1032} INFO - Dependencies all met for <TaskInstance: bigquery_to_gcs_using_python_parquet_optimized.query_and_upload_to_gcs_parquet_6 manual__2025-03-30T20:09:45.102223+00:00 [queued]>
[2025-03-30 20:09:55,398] {taskinstance.py:1238} INFO - 
--------------------------------------------------------------------------------
[2025-03-30 20:09:55,398] {taskinstance.py:1239} INFO - Starting attempt 1 of 1
[2025-03-30 20:09:55,399] {taskinstance.py:1240} INFO - 
--------------------------------------------------------------------------------
[2025-03-30 20:09:55,433] {taskinstance.py:1259} INFO - Executing <Task(PythonOperator): query_and_upload_to_gcs_parquet_6> on 2025-03-30 20:09:45.102223+00:00
[2025-03-30 20:09:55,452] {standard_task_runner.py:52} INFO - Started process 8048 to run task
[2025-03-30 20:09:55,477] {standard_task_runner.py:76} INFO - Running: ['***', 'tasks', 'run', 'bigquery_to_gcs_using_python_parquet_optimized', 'query_and_upload_to_gcs_parquet_6', 'manual__2025-03-30T20:09:45.102223+00:00', '--job-id', '49', '--raw', '--subdir', 'DAGS_FOLDER/bigquery_to_gcs.py', '--cfg-path', '/tmp/tmp5_3g6thq', '--error-file', '/tmp/tmpkeroajn9']
[2025-03-30 20:09:55,492] {standard_task_runner.py:77} INFO - Job 49: Subtask query_and_upload_to_gcs_parquet_6
[2025-03-30 20:09:55,650] {logging_mixin.py:109} INFO - Running <TaskInstance: bigquery_to_gcs_using_python_parquet_optimized.query_and_upload_to_gcs_parquet_6 manual__2025-03-30T20:09:45.102223+00:00 [running]> on host f5b8902f5cd8
[2025-03-30 20:09:55,766] {taskinstance.py:1426} INFO - Exporting the following env vars:
AIRFLOW_CTX_DAG_OWNER=***
AIRFLOW_CTX_DAG_ID=bigquery_to_gcs_using_python_parquet_optimized
AIRFLOW_CTX_TASK_ID=query_and_upload_to_gcs_parquet_6
AIRFLOW_CTX_EXECUTION_DATE=2025-03-30T20:09:45.102223+00:00
AIRFLOW_CTX_DAG_RUN_ID=manual__2025-03-30T20:09:45.102223+00:00
[2025-03-30 20:09:55,769] {warnings.py:99} WARNING - /home/***/.local/lib/python3.6/site-packages/***/utils/context.py:152: AirflowContextDeprecationWarning: Accessing 'execution_date' from the template is deprecated and will be removed in a future version. Please use 'data_interval_start' or 'logical_date' instead.
  warnings.warn(_create_deprecation_warning(key, self._deprecation_replacements[key]))

[2025-03-30 20:09:55,770] {warnings.py:99} WARNING - /home/***/.local/lib/python3.6/site-packages/***/utils/context.py:152: AirflowContextDeprecationWarning: Accessing 'next_ds' from the template is deprecated and will be removed in a future version. Please use '{{ data_interval_end | ds }}' instead.
  warnings.warn(_create_deprecation_warning(key, self._deprecation_replacements[key]))

[2025-03-30 20:09:55,770] {warnings.py:99} WARNING - /home/***/.local/lib/python3.6/site-packages/***/utils/context.py:152: AirflowContextDeprecationWarning: Accessing 'next_ds_nodash' from the template is deprecated and will be removed in a future version. Please use '{{ data_interval_end | ds_nodash }}' instead.
  warnings.warn(_create_deprecation_warning(key, self._deprecation_replacements[key]))

[2025-03-30 20:09:55,770] {warnings.py:99} WARNING - /home/***/.local/lib/python3.6/site-packages/***/utils/context.py:152: AirflowContextDeprecationWarning: Accessing 'next_execution_date' from the template is deprecated and will be removed in a future version. Please use 'data_interval_end' instead.
  warnings.warn(_create_deprecation_warning(key, self._deprecation_replacements[key]))

[2025-03-30 20:09:55,770] {warnings.py:99} WARNING - /home/***/.local/lib/python3.6/site-packages/***/utils/context.py:152: AirflowContextDeprecationWarning: Accessing 'prev_ds' from the template is deprecated and will be removed in a future version.
  warnings.warn(_create_deprecation_warning(key, self._deprecation_replacements[key]))

[2025-03-30 20:09:55,770] {warnings.py:99} WARNING - /home/***/.local/lib/python3.6/site-packages/***/utils/context.py:152: AirflowContextDeprecationWarning: Accessing 'prev_ds_nodash' from the template is deprecated and will be removed in a future version.
  warnings.warn(_create_deprecation_warning(key, self._deprecation_replacements[key]))

[2025-03-30 20:09:55,770] {warnings.py:99} WARNING - /home/***/.local/lib/python3.6/site-packages/***/utils/context.py:152: AirflowContextDeprecationWarning: Accessing 'prev_execution_date' from the template is deprecated and will be removed in a future version.
  warnings.warn(_create_deprecation_warning(key, self._deprecation_replacements[key]))

[2025-03-30 20:09:55,770] {warnings.py:99} WARNING - /home/***/.local/lib/python3.6/site-packages/***/utils/context.py:152: AirflowContextDeprecationWarning: Accessing 'prev_execution_date_success' from the template is deprecated and will be removed in a future version. Please use 'prev_data_interval_start_success' instead.
  warnings.warn(_create_deprecation_warning(key, self._deprecation_replacements[key]))

[2025-03-30 20:09:55,771] {warnings.py:99} WARNING - /home/***/.local/lib/python3.6/site-packages/***/utils/context.py:152: AirflowContextDeprecationWarning: Accessing 'tomorrow_ds' from the template is deprecated and will be removed in a future version.
  warnings.warn(_create_deprecation_warning(key, self._deprecation_replacements[key]))

[2025-03-30 20:09:55,771] {warnings.py:99} WARNING - /home/***/.local/lib/python3.6/site-packages/***/utils/context.py:152: AirflowContextDeprecationWarning: Accessing 'tomorrow_ds_nodash' from the template is deprecated and will be removed in a future version.
  warnings.warn(_create_deprecation_warning(key, self._deprecation_replacements[key]))

[2025-03-30 20:09:55,771] {warnings.py:99} WARNING - /home/***/.local/lib/python3.6/site-packages/***/utils/context.py:152: AirflowContextDeprecationWarning: Accessing 'yesterday_ds' from the template is deprecated and will be removed in a future version.
  warnings.warn(_create_deprecation_warning(key, self._deprecation_replacements[key]))

[2025-03-30 20:09:55,771] {warnings.py:99} WARNING - /home/***/.local/lib/python3.6/site-packages/***/utils/context.py:152: AirflowContextDeprecationWarning: Accessing 'yesterday_ds_nodash' from the template is deprecated and will be removed in a future version.
  warnings.warn(_create_deprecation_warning(key, self._deprecation_replacements[key]))

[2025-03-30 20:10:45,680] {local_task_job.py:154} INFO - Task exited with return code Negsignal.SIGKILL
[2025-03-30 20:12:58,241] {taskinstance.py:1277} INFO - Marking task as FAILED. dag_id=bigquery_to_gcs_using_python_parquet_optimized, task_id=query_and_upload_to_gcs_parquet_6, execution_date=20250330T200945, start_date=20250330T200955, end_date=20250330T201258
[2025-03-30 20:12:58,728] {local_task_job.py:264} INFO - 0 downstream tasks scheduled from follow-on schedule check
