[2025-03-31 00:13:27,349] {taskinstance.py:1032} INFO - Dependencies all met for <TaskInstance: natality_web_data_to_gcs.start manual__2025-03-31T00:13:25.831008+00:00 [queued]>
[2025-03-31 00:13:27,375] {taskinstance.py:1032} INFO - Dependencies all met for <TaskInstance: natality_web_data_to_gcs.start manual__2025-03-31T00:13:25.831008+00:00 [queued]>
[2025-03-31 00:13:27,375] {taskinstance.py:1238} INFO - 
--------------------------------------------------------------------------------
[2025-03-31 00:13:27,375] {taskinstance.py:1239} INFO - Starting attempt 1 of 1
[2025-03-31 00:13:27,375] {taskinstance.py:1240} INFO - 
--------------------------------------------------------------------------------
[2025-03-31 00:13:27,394] {taskinstance.py:1259} INFO - Executing <Task(BashOperator): start> on 2025-03-31 00:13:25.831008+00:00
[2025-03-31 00:13:27,409] {standard_task_runner.py:52} INFO - Started process 2218 to run task
[2025-03-31 00:13:27,413] {standard_task_runner.py:76} INFO - Running: ['***', 'tasks', 'run', 'natality_web_data_to_gcs', 'start', 'manual__2025-03-31T00:13:25.831008+00:00', '--job-id', '253', '--raw', '--subdir', 'DAGS_FOLDER/bigquery_to_gcs.py', '--cfg-path', '/tmp/tmp74cxppo5', '--error-file', '/tmp/tmpnvwv15pb']
[2025-03-31 00:13:27,418] {standard_task_runner.py:77} INFO - Job 253: Subtask start
[2025-03-31 00:13:27,525] {logging_mixin.py:109} INFO - Running <TaskInstance: natality_web_data_to_gcs.start manual__2025-03-31T00:13:25.831008+00:00 [running]> on host 3341a2d56eeb
[2025-03-31 00:13:27,622] {taskinstance.py:1426} INFO - Exporting the following env vars:
AIRFLOW_CTX_DAG_OWNER=***
AIRFLOW_CTX_DAG_ID=natality_web_data_to_gcs
AIRFLOW_CTX_TASK_ID=start
AIRFLOW_CTX_EXECUTION_DATE=2025-03-31T00:13:25.831008+00:00
AIRFLOW_CTX_DAG_RUN_ID=manual__2025-03-31T00:13:25.831008+00:00
[2025-03-31 00:13:27,624] {subprocess.py:62} INFO - Tmp dir root location: 
 /tmp
[2025-03-31 00:13:27,624] {subprocess.py:74} INFO - Running command: ['bash', '-c', 'echo "Started!"']
[2025-03-31 00:13:27,652] {subprocess.py:85} INFO - Output:
[2025-03-31 00:13:27,656] {subprocess.py:89} INFO - Started!
[2025-03-31 00:13:27,656] {subprocess.py:93} INFO - Command exited with return code 0
[2025-03-31 00:13:27,710] {taskinstance.py:1277} INFO - Marking task as SUCCESS. dag_id=natality_web_data_to_gcs, task_id=start, execution_date=20250331T001325, start_date=20250331T001327, end_date=20250331T001327
[2025-03-31 00:13:27,794] {local_task_job.py:154} INFO - Task exited with return code 0
[2025-03-31 00:13:27,880] {local_task_job.py:264} INFO - 2 downstream tasks scheduled from follow-on schedule check
