[2025-03-30 23:06:00,189] {taskinstance.py:1032} INFO - Dependencies all met for <TaskInstance: natality_web_data_to_gcs.download_race_lookup manual__2025-03-30T23:05:55.856482+00:00 [queued]>
[2025-03-30 23:06:00,209] {taskinstance.py:1032} INFO - Dependencies all met for <TaskInstance: natality_web_data_to_gcs.download_race_lookup manual__2025-03-30T23:05:55.856482+00:00 [queued]>
[2025-03-30 23:06:00,210] {taskinstance.py:1238} INFO - 
--------------------------------------------------------------------------------
[2025-03-30 23:06:00,210] {taskinstance.py:1239} INFO - Starting attempt 1 of 1
[2025-03-30 23:06:00,211] {taskinstance.py:1240} INFO - 
--------------------------------------------------------------------------------
[2025-03-30 23:06:00,230] {taskinstance.py:1259} INFO - Executing <Task(BashOperator): download_race_lookup> on 2025-03-30 23:05:55.856482+00:00
[2025-03-30 23:06:00,249] {standard_task_runner.py:76} INFO - Running: ['***', 'tasks', 'run', 'natality_web_data_to_gcs', 'download_race_lookup', 'manual__2025-03-30T23:05:55.856482+00:00', '--job-id', '167', '--raw', '--subdir', 'DAGS_FOLDER/bigquery_to_gcs.py', '--cfg-path', '/tmp/tmpncuzu7k4', '--error-file', '/tmp/tmp7mrr2hz2']
[2025-03-30 23:06:00,243] {standard_task_runner.py:52} INFO - Started process 4121 to run task
[2025-03-30 23:06:00,258] {standard_task_runner.py:77} INFO - Job 167: Subtask download_race_lookup
[2025-03-30 23:06:00,417] {logging_mixin.py:109} INFO - Running <TaskInstance: natality_web_data_to_gcs.download_race_lookup manual__2025-03-30T23:05:55.856482+00:00 [running]> on host 6e74f7e5ce4c
[2025-03-30 23:06:00,538] {taskinstance.py:1426} INFO - Exporting the following env vars:
AIRFLOW_CTX_DAG_OWNER=***
AIRFLOW_CTX_DAG_ID=natality_web_data_to_gcs
AIRFLOW_CTX_TASK_ID=download_race_lookup
AIRFLOW_CTX_EXECUTION_DATE=2025-03-30T23:05:55.856482+00:00
AIRFLOW_CTX_DAG_RUN_ID=manual__2025-03-30T23:05:55.856482+00:00
[2025-03-30 23:06:00,544] {subprocess.py:62} INFO - Tmp dir root location: 
 /tmp
[2025-03-30 23:06:00,546] {subprocess.py:74} INFO - Running command: ['bash', '-c', 'wget --no-check-certificate "https://docs.google.com/uc?export=download&id=17o8e1eh7XkHk61P5JuBAi2JhFvnUt4tJ" -O /tmp/race_lookup.csv']
[2025-03-30 23:06:00,586] {subprocess.py:85} INFO - Output:
[2025-03-30 23:06:00,596] {subprocess.py:89} INFO - --2025-03-30 23:06:00--  https://docs.google.com/uc?export=download&id=17o8e1eh7XkHk61P5JuBAi2JhFvnUt4tJ
[2025-03-30 23:06:00,625] {subprocess.py:89} INFO - Resolving docs.google.com (docs.google.com)... 64.233.181.100, 64.233.181.138, 64.233.181.102, ...
[2025-03-30 23:06:00,627] {subprocess.py:89} INFO - Connecting to docs.google.com (docs.google.com)|64.233.181.100|:443... connected.
[2025-03-30 23:06:00,713] {subprocess.py:89} INFO - HTTP request sent, awaiting response... 303 See Other
[2025-03-30 23:06:00,714] {subprocess.py:89} INFO - Location: https://drive.usercontent.google.com/download?id=17o8e1eh7XkHk61P5JuBAi2JhFvnUt4tJ&export=download [following]
[2025-03-30 23:06:00,714] {subprocess.py:89} INFO - --2025-03-30 23:06:00--  https://drive.usercontent.google.com/download?id=17o8e1eh7XkHk61P5JuBAi2JhFvnUt4tJ&export=download
[2025-03-30 23:06:00,715] {subprocess.py:89} INFO - Resolving drive.usercontent.google.com (drive.usercontent.google.com)... 209.85.200.132, 2607:f8b0:4001:c16::84
[2025-03-30 23:06:00,716] {subprocess.py:89} INFO - Connecting to drive.usercontent.google.com (drive.usercontent.google.com)|209.85.200.132|:443... connected.
[2025-03-30 23:06:02,993] {subprocess.py:89} INFO - HTTP request sent, awaiting response... 200 OK
[2025-03-30 23:06:02,994] {subprocess.py:89} INFO - Length: 173 [application/octet-stream]
[2025-03-30 23:06:02,994] {subprocess.py:89} INFO - Saving to: ‘/tmp/race_lookup.csv’
[2025-03-30 23:06:02,994] {subprocess.py:89} INFO - 
[2025-03-30 23:06:02,995] {subprocess.py:89} INFO -      0K                                                       100% 7.11M=0s
[2025-03-30 23:06:02,995] {subprocess.py:89} INFO - 
[2025-03-30 23:06:02,995] {subprocess.py:89} INFO - 2025-03-30 23:06:02 (7.11 MB/s) - ‘/tmp/race_lookup.csv’ saved [173/173]
[2025-03-30 23:06:02,995] {subprocess.py:89} INFO - 
[2025-03-30 23:06:02,996] {subprocess.py:93} INFO - Command exited with return code 0
[2025-03-30 23:06:03,049] {taskinstance.py:1277} INFO - Marking task as SUCCESS. dag_id=natality_web_data_to_gcs, task_id=download_race_lookup, execution_date=20250330T230555, start_date=20250330T230600, end_date=20250330T230603
[2025-03-30 23:06:03,105] {local_task_job.py:154} INFO - Task exited with return code 0
[2025-03-30 23:06:03,191] {local_task_job.py:264} INFO - 1 downstream tasks scheduled from follow-on schedule check
