[2025-03-30 19:58:15,064] {taskinstance.py:1032} INFO - Dependencies all met for <TaskInstance: bigquery_to_gcs_using_python_parquet_optimized.query_and_upload_to_gcs_parquet_2004 manual__2025-03-30T19:58:12.931289+00:00 [queued]>
[2025-03-30 19:58:15,082] {taskinstance.py:1032} INFO - Dependencies all met for <TaskInstance: bigquery_to_gcs_using_python_parquet_optimized.query_and_upload_to_gcs_parquet_2004 manual__2025-03-30T19:58:12.931289+00:00 [queued]>
[2025-03-30 19:58:15,083] {taskinstance.py:1238} INFO - 
--------------------------------------------------------------------------------
[2025-03-30 19:58:15,083] {taskinstance.py:1239} INFO - Starting attempt 1 of 1
[2025-03-30 19:58:15,083] {taskinstance.py:1240} INFO - 
--------------------------------------------------------------------------------
[2025-03-30 19:58:15,097] {taskinstance.py:1259} INFO - Executing <Task(PythonOperator): query_and_upload_to_gcs_parquet_2004> on 2025-03-30 19:58:12.931289+00:00
[2025-03-30 19:58:15,109] {standard_task_runner.py:52} INFO - Started process 7459 to run task
[2025-03-30 19:58:15,114] {standard_task_runner.py:76} INFO - Running: ['***', 'tasks', 'run', 'bigquery_to_gcs_using_python_parquet_optimized', 'query_and_upload_to_gcs_parquet_2004', 'manual__2025-03-30T19:58:12.931289+00:00', '--job-id', '35', '--raw', '--subdir', 'DAGS_FOLDER/bigquery_to_gcs.py', '--cfg-path', '/tmp/tmp3jc_0emq', '--error-file', '/tmp/tmp9kv2_7uy']
[2025-03-30 19:58:15,120] {standard_task_runner.py:77} INFO - Job 35: Subtask query_and_upload_to_gcs_parquet_2004
[2025-03-30 19:58:15,201] {logging_mixin.py:109} INFO - Running <TaskInstance: bigquery_to_gcs_using_python_parquet_optimized.query_and_upload_to_gcs_parquet_2004 manual__2025-03-30T19:58:12.931289+00:00 [running]> on host f5b8902f5cd8
[2025-03-30 19:58:15,291] {taskinstance.py:1426} INFO - Exporting the following env vars:
AIRFLOW_CTX_DAG_OWNER=***
AIRFLOW_CTX_DAG_ID=bigquery_to_gcs_using_python_parquet_optimized
AIRFLOW_CTX_TASK_ID=query_and_upload_to_gcs_parquet_2004
AIRFLOW_CTX_EXECUTION_DATE=2025-03-30T19:58:12.931289+00:00
AIRFLOW_CTX_DAG_RUN_ID=manual__2025-03-30T19:58:12.931289+00:00
[2025-03-30 19:58:15,300] {warnings.py:99} WARNING - /home/***/.local/lib/python3.6/site-packages/***/utils/context.py:152: AirflowContextDeprecationWarning: Accessing 'execution_date' from the template is deprecated and will be removed in a future version. Please use 'data_interval_start' or 'logical_date' instead.
  warnings.warn(_create_deprecation_warning(key, self._deprecation_replacements[key]))

[2025-03-30 19:58:15,300] {warnings.py:99} WARNING - /home/***/.local/lib/python3.6/site-packages/***/utils/context.py:152: AirflowContextDeprecationWarning: Accessing 'next_ds' from the template is deprecated and will be removed in a future version. Please use '{{ data_interval_end | ds }}' instead.
  warnings.warn(_create_deprecation_warning(key, self._deprecation_replacements[key]))

[2025-03-30 19:58:15,301] {warnings.py:99} WARNING - /home/***/.local/lib/python3.6/site-packages/***/utils/context.py:152: AirflowContextDeprecationWarning: Accessing 'next_ds_nodash' from the template is deprecated and will be removed in a future version. Please use '{{ data_interval_end | ds_nodash }}' instead.
  warnings.warn(_create_deprecation_warning(key, self._deprecation_replacements[key]))

[2025-03-30 19:58:15,301] {warnings.py:99} WARNING - /home/***/.local/lib/python3.6/site-packages/***/utils/context.py:152: AirflowContextDeprecationWarning: Accessing 'next_execution_date' from the template is deprecated and will be removed in a future version. Please use 'data_interval_end' instead.
  warnings.warn(_create_deprecation_warning(key, self._deprecation_replacements[key]))

[2025-03-30 19:58:15,302] {warnings.py:99} WARNING - /home/***/.local/lib/python3.6/site-packages/***/utils/context.py:152: AirflowContextDeprecationWarning: Accessing 'prev_ds' from the template is deprecated and will be removed in a future version.
  warnings.warn(_create_deprecation_warning(key, self._deprecation_replacements[key]))

[2025-03-30 19:58:15,302] {warnings.py:99} WARNING - /home/***/.local/lib/python3.6/site-packages/***/utils/context.py:152: AirflowContextDeprecationWarning: Accessing 'prev_ds_nodash' from the template is deprecated and will be removed in a future version.
  warnings.warn(_create_deprecation_warning(key, self._deprecation_replacements[key]))

[2025-03-30 19:58:15,303] {warnings.py:99} WARNING - /home/***/.local/lib/python3.6/site-packages/***/utils/context.py:152: AirflowContextDeprecationWarning: Accessing 'prev_execution_date' from the template is deprecated and will be removed in a future version.
  warnings.warn(_create_deprecation_warning(key, self._deprecation_replacements[key]))

[2025-03-30 19:58:15,303] {warnings.py:99} WARNING - /home/***/.local/lib/python3.6/site-packages/***/utils/context.py:152: AirflowContextDeprecationWarning: Accessing 'prev_execution_date_success' from the template is deprecated and will be removed in a future version. Please use 'prev_data_interval_start_success' instead.
  warnings.warn(_create_deprecation_warning(key, self._deprecation_replacements[key]))

[2025-03-30 19:58:15,304] {warnings.py:99} WARNING - /home/***/.local/lib/python3.6/site-packages/***/utils/context.py:152: AirflowContextDeprecationWarning: Accessing 'tomorrow_ds' from the template is deprecated and will be removed in a future version.
  warnings.warn(_create_deprecation_warning(key, self._deprecation_replacements[key]))

[2025-03-30 19:58:15,304] {warnings.py:99} WARNING - /home/***/.local/lib/python3.6/site-packages/***/utils/context.py:152: AirflowContextDeprecationWarning: Accessing 'tomorrow_ds_nodash' from the template is deprecated and will be removed in a future version.
  warnings.warn(_create_deprecation_warning(key, self._deprecation_replacements[key]))

[2025-03-30 19:58:15,304] {warnings.py:99} WARNING - /home/***/.local/lib/python3.6/site-packages/***/utils/context.py:152: AirflowContextDeprecationWarning: Accessing 'yesterday_ds' from the template is deprecated and will be removed in a future version.
  warnings.warn(_create_deprecation_warning(key, self._deprecation_replacements[key]))

[2025-03-30 19:58:15,305] {warnings.py:99} WARNING - /home/***/.local/lib/python3.6/site-packages/***/utils/context.py:152: AirflowContextDeprecationWarning: Accessing 'yesterday_ds_nodash' from the template is deprecated and will be removed in a future version.
  warnings.warn(_create_deprecation_warning(key, self._deprecation_replacements[key]))

[2025-03-30 19:58:17,155] {crypto.py:82} WARNING - empty cryptography key - values will not be stored encrypted.
[2025-03-30 19:58:17,294] {gcs.py:486} INFO - File /tmp/temp_output_2004.csv uploaded to natality/data_2004.csv in us-natality-bucket bucket
[2025-03-30 19:58:17,294] {python.py:175} INFO - Done. Returned value was: Query executed for year 2004 and results uploaded to GCS in Parquet format.
[2025-03-30 19:58:17,340] {taskinstance.py:1277} INFO - Marking task as SUCCESS. dag_id=bigquery_to_gcs_using_python_parquet_optimized, task_id=query_and_upload_to_gcs_parquet_2004, execution_date=20250330T195812, start_date=20250330T195815, end_date=20250330T195817
[2025-03-30 19:58:17,395] {local_task_job.py:154} INFO - Task exited with return code 0
[2025-03-30 19:58:17,457] {local_task_job.py:264} INFO - 0 downstream tasks scheduled from follow-on schedule check
