[2025-03-31 00:11:09,615] {taskinstance.py:1032} INFO - Dependencies all met for <TaskInstance: natality_web_data_to_gcs.joint1 manual__2025-03-31T00:11:01.097876+00:00 [queued]>
[2025-03-31 00:11:09,636] {taskinstance.py:1032} INFO - Dependencies all met for <TaskInstance: natality_web_data_to_gcs.joint1 manual__2025-03-31T00:11:01.097876+00:00 [queued]>
[2025-03-31 00:11:09,636] {taskinstance.py:1238} INFO - 
--------------------------------------------------------------------------------
[2025-03-31 00:11:09,636] {taskinstance.py:1239} INFO - Starting attempt 1 of 1
[2025-03-31 00:11:09,636] {taskinstance.py:1240} INFO - 
--------------------------------------------------------------------------------
[2025-03-31 00:11:09,656] {taskinstance.py:1259} INFO - Executing <Task(BashOperator): joint1> on 2025-03-31 00:11:01.097876+00:00
[2025-03-31 00:11:09,666] {standard_task_runner.py:52} INFO - Started process 1911 to run task
[2025-03-31 00:11:09,671] {standard_task_runner.py:76} INFO - Running: ['***', 'tasks', 'run', 'natality_web_data_to_gcs', 'joint1', 'manual__2025-03-31T00:11:01.097876+00:00', '--job-id', '234', '--raw', '--subdir', 'DAGS_FOLDER/bigquery_to_gcs.py', '--cfg-path', '/tmp/tmpsbs28zae', '--error-file', '/tmp/tmpc8n1y51i']
[2025-03-31 00:11:09,677] {standard_task_runner.py:77} INFO - Job 234: Subtask joint1
[2025-03-31 00:11:09,776] {logging_mixin.py:109} INFO - Running <TaskInstance: natality_web_data_to_gcs.joint1 manual__2025-03-31T00:11:01.097876+00:00 [running]> on host 3341a2d56eeb
[2025-03-31 00:11:09,859] {taskinstance.py:1426} INFO - Exporting the following env vars:
AIRFLOW_CTX_DAG_OWNER=***
AIRFLOW_CTX_DAG_ID=natality_web_data_to_gcs
AIRFLOW_CTX_TASK_ID=joint1
AIRFLOW_CTX_EXECUTION_DATE=2025-03-31T00:11:01.097876+00:00
AIRFLOW_CTX_DAG_RUN_ID=manual__2025-03-31T00:11:01.097876+00:00
[2025-03-31 00:11:09,861] {subprocess.py:62} INFO - Tmp dir root location: 
 /tmp
[2025-03-31 00:11:09,862] {subprocess.py:74} INFO - Running command: ['bash', '-c', 'echo "Joint!"']
[2025-03-31 00:11:09,889] {subprocess.py:85} INFO - Output:
[2025-03-31 00:11:09,892] {subprocess.py:89} INFO - Joint!
[2025-03-31 00:11:09,893] {subprocess.py:93} INFO - Command exited with return code 0
[2025-03-31 00:11:09,947] {taskinstance.py:1277} INFO - Marking task as SUCCESS. dag_id=natality_web_data_to_gcs, task_id=joint1, execution_date=20250331T001101, start_date=20250331T001109, end_date=20250331T001109
[2025-03-31 00:11:10,013] {local_task_job.py:154} INFO - Task exited with return code 0
[2025-03-31 00:11:10,094] {local_task_job.py:264} INFO - 2 downstream tasks scheduled from follow-on schedule check
