[2025-03-30 18:17:07,521] {taskinstance.py:1032} INFO - Dependencies all met for <TaskInstance: bigquery_to_gcs_using_python_parquet.query_and_upload_to_gcs_parquet manual__2025-03-30T18:17:06.159650+00:00 [queued]>
[2025-03-30 18:17:07,537] {taskinstance.py:1032} INFO - Dependencies all met for <TaskInstance: bigquery_to_gcs_using_python_parquet.query_and_upload_to_gcs_parquet manual__2025-03-30T18:17:06.159650+00:00 [queued]>
[2025-03-30 18:17:07,537] {taskinstance.py:1238} INFO - 
--------------------------------------------------------------------------------
[2025-03-30 18:17:07,538] {taskinstance.py:1239} INFO - Starting attempt 1 of 1
[2025-03-30 18:17:07,538] {taskinstance.py:1240} INFO - 
--------------------------------------------------------------------------------
[2025-03-30 18:17:07,552] {taskinstance.py:1259} INFO - Executing <Task(PythonOperator): query_and_upload_to_gcs_parquet> on 2025-03-30 18:17:06.159650+00:00
[2025-03-30 18:17:07,561] {standard_task_runner.py:52} INFO - Started process 3185 to run task
[2025-03-30 18:17:07,565] {standard_task_runner.py:76} INFO - Running: ['***', 'tasks', 'run', 'bigquery_to_gcs_using_python_parquet', 'query_and_upload_to_gcs_parquet', 'manual__2025-03-30T18:17:06.159650+00:00', '--job-id', '13', '--raw', '--subdir', 'DAGS_FOLDER/bigquery_to_gcs.py', '--cfg-path', '/tmp/tmpl2wkdvad', '--error-file', '/tmp/tmp1_pnrloz']
[2025-03-30 18:17:07,570] {standard_task_runner.py:77} INFO - Job 13: Subtask query_and_upload_to_gcs_parquet
[2025-03-30 18:17:07,653] {logging_mixin.py:109} INFO - Running <TaskInstance: bigquery_to_gcs_using_python_parquet.query_and_upload_to_gcs_parquet manual__2025-03-30T18:17:06.159650+00:00 [running]> on host f5b8902f5cd8
[2025-03-30 18:17:07,736] {taskinstance.py:1426} INFO - Exporting the following env vars:
AIRFLOW_CTX_DAG_OWNER=***
AIRFLOW_CTX_DAG_ID=bigquery_to_gcs_using_python_parquet
AIRFLOW_CTX_TASK_ID=query_and_upload_to_gcs_parquet
AIRFLOW_CTX_EXECUTION_DATE=2025-03-30T18:17:06.159650+00:00
AIRFLOW_CTX_DAG_RUN_ID=manual__2025-03-30T18:17:06.159650+00:00
[2025-03-30 18:17:07,739] {warnings.py:99} WARNING - /home/***/.local/lib/python3.6/site-packages/***/utils/context.py:152: AirflowContextDeprecationWarning: Accessing 'execution_date' from the template is deprecated and will be removed in a future version. Please use 'data_interval_start' or 'logical_date' instead.
  warnings.warn(_create_deprecation_warning(key, self._deprecation_replacements[key]))

[2025-03-30 18:17:07,739] {warnings.py:99} WARNING - /home/***/.local/lib/python3.6/site-packages/***/utils/context.py:152: AirflowContextDeprecationWarning: Accessing 'next_ds' from the template is deprecated and will be removed in a future version. Please use '{{ data_interval_end | ds }}' instead.
  warnings.warn(_create_deprecation_warning(key, self._deprecation_replacements[key]))

[2025-03-30 18:17:07,739] {warnings.py:99} WARNING - /home/***/.local/lib/python3.6/site-packages/***/utils/context.py:152: AirflowContextDeprecationWarning: Accessing 'next_ds_nodash' from the template is deprecated and will be removed in a future version. Please use '{{ data_interval_end | ds_nodash }}' instead.
  warnings.warn(_create_deprecation_warning(key, self._deprecation_replacements[key]))

[2025-03-30 18:17:07,739] {warnings.py:99} WARNING - /home/***/.local/lib/python3.6/site-packages/***/utils/context.py:152: AirflowContextDeprecationWarning: Accessing 'next_execution_date' from the template is deprecated and will be removed in a future version. Please use 'data_interval_end' instead.
  warnings.warn(_create_deprecation_warning(key, self._deprecation_replacements[key]))

[2025-03-30 18:17:07,740] {warnings.py:99} WARNING - /home/***/.local/lib/python3.6/site-packages/***/utils/context.py:152: AirflowContextDeprecationWarning: Accessing 'prev_ds' from the template is deprecated and will be removed in a future version.
  warnings.warn(_create_deprecation_warning(key, self._deprecation_replacements[key]))

[2025-03-30 18:17:07,740] {warnings.py:99} WARNING - /home/***/.local/lib/python3.6/site-packages/***/utils/context.py:152: AirflowContextDeprecationWarning: Accessing 'prev_ds_nodash' from the template is deprecated and will be removed in a future version.
  warnings.warn(_create_deprecation_warning(key, self._deprecation_replacements[key]))

[2025-03-30 18:17:07,740] {warnings.py:99} WARNING - /home/***/.local/lib/python3.6/site-packages/***/utils/context.py:152: AirflowContextDeprecationWarning: Accessing 'prev_execution_date' from the template is deprecated and will be removed in a future version.
  warnings.warn(_create_deprecation_warning(key, self._deprecation_replacements[key]))

[2025-03-30 18:17:07,740] {warnings.py:99} WARNING - /home/***/.local/lib/python3.6/site-packages/***/utils/context.py:152: AirflowContextDeprecationWarning: Accessing 'prev_execution_date_success' from the template is deprecated and will be removed in a future version. Please use 'prev_data_interval_start_success' instead.
  warnings.warn(_create_deprecation_warning(key, self._deprecation_replacements[key]))

[2025-03-30 18:17:07,740] {warnings.py:99} WARNING - /home/***/.local/lib/python3.6/site-packages/***/utils/context.py:152: AirflowContextDeprecationWarning: Accessing 'tomorrow_ds' from the template is deprecated and will be removed in a future version.
  warnings.warn(_create_deprecation_warning(key, self._deprecation_replacements[key]))

[2025-03-30 18:17:07,740] {warnings.py:99} WARNING - /home/***/.local/lib/python3.6/site-packages/***/utils/context.py:152: AirflowContextDeprecationWarning: Accessing 'tomorrow_ds_nodash' from the template is deprecated and will be removed in a future version.
  warnings.warn(_create_deprecation_warning(key, self._deprecation_replacements[key]))

[2025-03-30 18:17:07,740] {warnings.py:99} WARNING - /home/***/.local/lib/python3.6/site-packages/***/utils/context.py:152: AirflowContextDeprecationWarning: Accessing 'yesterday_ds' from the template is deprecated and will be removed in a future version.
  warnings.warn(_create_deprecation_warning(key, self._deprecation_replacements[key]))

[2025-03-30 18:17:07,740] {warnings.py:99} WARNING - /home/***/.local/lib/python3.6/site-packages/***/utils/context.py:152: AirflowContextDeprecationWarning: Accessing 'yesterday_ds_nodash' from the template is deprecated and will be removed in a future version.
  warnings.warn(_create_deprecation_warning(key, self._deprecation_replacements[key]))

[2025-03-30 18:22:42,833] {crypto.py:82} WARNING - empty cryptography key - values will not be stored encrypted.
[2025-03-30 18:22:43,146] {gcs.py:486} INFO - File /tmp/temp_output.parquet uploaded to natality/data.parquet in us-natality-bucket bucket
[2025-03-30 18:22:45,802] {python.py:175} INFO - Done. Returned value was: Query executed and results uploaded to GCS in Parquet format.
[2025-03-30 18:22:45,835] {taskinstance.py:1277} INFO - Marking task as SUCCESS. dag_id=bigquery_to_gcs_using_python_parquet, task_id=query_and_upload_to_gcs_parquet, execution_date=20250330T181706, start_date=20250330T181707, end_date=20250330T182245
[2025-03-30 18:22:45,889] {local_task_job.py:154} INFO - Task exited with return code 0
[2025-03-30 18:22:45,933] {local_task_job.py:264} INFO - 0 downstream tasks scheduled from follow-on schedule check
