[2025-03-31 00:05:54,233] {taskinstance.py:1032} INFO - Dependencies all met for <TaskInstance: natality_web_data_to_gcs.joint4 manual__2025-03-31T00:05:20.585572+00:00 [queued]>
[2025-03-31 00:05:54,249] {taskinstance.py:1032} INFO - Dependencies all met for <TaskInstance: natality_web_data_to_gcs.joint4 manual__2025-03-31T00:05:20.585572+00:00 [queued]>
[2025-03-31 00:05:54,249] {taskinstance.py:1238} INFO - 
--------------------------------------------------------------------------------
[2025-03-31 00:05:54,249] {taskinstance.py:1239} INFO - Starting attempt 1 of 1
[2025-03-31 00:05:54,249] {taskinstance.py:1240} INFO - 
--------------------------------------------------------------------------------
[2025-03-31 00:05:54,267] {taskinstance.py:1259} INFO - Executing <Task(BashOperator): joint4> on 2025-03-31 00:05:20.585572+00:00
[2025-03-31 00:05:54,277] {standard_task_runner.py:52} INFO - Started process 1671 to run task
[2025-03-31 00:05:54,282] {standard_task_runner.py:76} INFO - Running: ['***', 'tasks', 'run', 'natality_web_data_to_gcs', 'joint4', 'manual__2025-03-31T00:05:20.585572+00:00', '--job-id', '229', '--raw', '--subdir', 'DAGS_FOLDER/bigquery_to_gcs.py', '--cfg-path', '/tmp/tmpakbus0m7', '--error-file', '/tmp/tmpvra4k0li']
[2025-03-31 00:05:54,287] {standard_task_runner.py:77} INFO - Job 229: Subtask joint4
[2025-03-31 00:05:54,388] {logging_mixin.py:109} INFO - Running <TaskInstance: natality_web_data_to_gcs.joint4 manual__2025-03-31T00:05:20.585572+00:00 [running]> on host 3341a2d56eeb
[2025-03-31 00:05:54,482] {taskinstance.py:1426} INFO - Exporting the following env vars:
AIRFLOW_CTX_DAG_OWNER=***
AIRFLOW_CTX_DAG_ID=natality_web_data_to_gcs
AIRFLOW_CTX_TASK_ID=joint4
AIRFLOW_CTX_EXECUTION_DATE=2025-03-31T00:05:20.585572+00:00
AIRFLOW_CTX_DAG_RUN_ID=manual__2025-03-31T00:05:20.585572+00:00
[2025-03-31 00:05:54,483] {subprocess.py:62} INFO - Tmp dir root location: 
 /tmp
[2025-03-31 00:05:54,485] {subprocess.py:74} INFO - Running command: ['bash', '-c', 'echo "Joint4!"']
[2025-03-31 00:05:54,511] {subprocess.py:85} INFO - Output:
[2025-03-31 00:05:54,514] {subprocess.py:89} INFO - Joint4!
[2025-03-31 00:05:54,515] {subprocess.py:93} INFO - Command exited with return code 0
[2025-03-31 00:05:54,566] {taskinstance.py:1277} INFO - Marking task as SUCCESS. dag_id=natality_web_data_to_gcs, task_id=joint4, execution_date=20250331T000520, start_date=20250331T000554, end_date=20250331T000554
[2025-03-31 00:05:54,621] {local_task_job.py:154} INFO - Task exited with return code 0
[2025-03-31 00:05:54,686] {local_task_job.py:264} INFO - 1 downstream tasks scheduled from follow-on schedule check
