[2025-03-30 22:37:22,340] {taskinstance.py:1032} INFO - Dependencies all met for <TaskInstance: natality_web_data_to_gcs.joint3 manual__2025-03-30T22:34:39.104526+00:00 [queued]>
[2025-03-30 22:37:22,356] {taskinstance.py:1032} INFO - Dependencies all met for <TaskInstance: natality_web_data_to_gcs.joint3 manual__2025-03-30T22:34:39.104526+00:00 [queued]>
[2025-03-30 22:37:22,356] {taskinstance.py:1238} INFO - 
--------------------------------------------------------------------------------
[2025-03-30 22:37:22,356] {taskinstance.py:1239} INFO - Starting attempt 1 of 1
[2025-03-30 22:37:22,356] {taskinstance.py:1240} INFO - 
--------------------------------------------------------------------------------
[2025-03-30 22:37:22,373] {taskinstance.py:1259} INFO - Executing <Task(BashOperator): joint3> on 2025-03-30 22:34:39.104526+00:00
[2025-03-30 22:37:22,383] {standard_task_runner.py:52} INFO - Started process 2128 to run task
[2025-03-30 22:37:22,387] {standard_task_runner.py:76} INFO - Running: ['***', 'tasks', 'run', 'natality_web_data_to_gcs', 'joint3', 'manual__2025-03-30T22:34:39.104526+00:00', '--job-id', '136', '--raw', '--subdir', 'DAGS_FOLDER/bigquery_to_gcs.py', '--cfg-path', '/tmp/tmpotpsis_m', '--error-file', '/tmp/tmp9l6r_uuf']
[2025-03-30 22:37:22,392] {standard_task_runner.py:77} INFO - Job 136: Subtask joint3
[2025-03-30 22:37:22,491] {logging_mixin.py:109} INFO - Running <TaskInstance: natality_web_data_to_gcs.joint3 manual__2025-03-30T22:34:39.104526+00:00 [running]> on host 6e74f7e5ce4c
[2025-03-30 22:37:22,588] {taskinstance.py:1426} INFO - Exporting the following env vars:
AIRFLOW_CTX_DAG_OWNER=***
AIRFLOW_CTX_DAG_ID=natality_web_data_to_gcs
AIRFLOW_CTX_TASK_ID=joint3
AIRFLOW_CTX_EXECUTION_DATE=2025-03-30T22:34:39.104526+00:00
AIRFLOW_CTX_DAG_RUN_ID=manual__2025-03-30T22:34:39.104526+00:00
[2025-03-30 22:37:22,593] {subprocess.py:62} INFO - Tmp dir root location: 
 /tmp
[2025-03-30 22:37:22,594] {subprocess.py:74} INFO - Running command: ['bash', '-c', 'echo "Joint3!"']
[2025-03-30 22:37:22,622] {subprocess.py:85} INFO - Output:
[2025-03-30 22:37:22,625] {subprocess.py:89} INFO - Joint3!
[2025-03-30 22:37:22,626] {subprocess.py:93} INFO - Command exited with return code 0
[2025-03-30 22:37:22,666] {taskinstance.py:1277} INFO - Marking task as SUCCESS. dag_id=natality_web_data_to_gcs, task_id=joint3, execution_date=20250330T223439, start_date=20250330T223722, end_date=20250330T223722
[2025-03-30 22:37:22,728] {local_task_job.py:154} INFO - Task exited with return code 0
[2025-03-30 22:37:22,791] {local_task_job.py:264} INFO - 6 downstream tasks scheduled from follow-on schedule check
