[2025-03-30 22:34:43,047] {taskinstance.py:1032} INFO - Dependencies all met for <TaskInstance: natality_web_data_to_gcs.download_state_lookup manual__2025-03-30T22:34:39.104526+00:00 [queued]>
[2025-03-30 22:34:43,071] {taskinstance.py:1032} INFO - Dependencies all met for <TaskInstance: natality_web_data_to_gcs.download_state_lookup manual__2025-03-30T22:34:39.104526+00:00 [queued]>
[2025-03-30 22:34:43,072] {taskinstance.py:1238} INFO - 
--------------------------------------------------------------------------------
[2025-03-30 22:34:43,072] {taskinstance.py:1239} INFO - Starting attempt 1 of 1
[2025-03-30 22:34:43,072] {taskinstance.py:1240} INFO - 
--------------------------------------------------------------------------------
[2025-03-30 22:34:43,094] {taskinstance.py:1259} INFO - Executing <Task(BashOperator): download_state_lookup> on 2025-03-30 22:34:39.104526+00:00
[2025-03-30 22:34:43,105] {standard_task_runner.py:52} INFO - Started process 1737 to run task
[2025-03-30 22:34:43,112] {standard_task_runner.py:76} INFO - Running: ['***', 'tasks', 'run', 'natality_web_data_to_gcs', 'download_state_lookup', 'manual__2025-03-30T22:34:39.104526+00:00', '--job-id', '124', '--raw', '--subdir', 'DAGS_FOLDER/bigquery_to_gcs.py', '--cfg-path', '/tmp/tmptclnwf42', '--error-file', '/tmp/tmp8waopvzq']
[2025-03-30 22:34:43,119] {standard_task_runner.py:77} INFO - Job 124: Subtask download_state_lookup
[2025-03-30 22:34:43,236] {logging_mixin.py:109} INFO - Running <TaskInstance: natality_web_data_to_gcs.download_state_lookup manual__2025-03-30T22:34:39.104526+00:00 [running]> on host 6e74f7e5ce4c
[2025-03-30 22:34:43,343] {taskinstance.py:1426} INFO - Exporting the following env vars:
AIRFLOW_CTX_DAG_OWNER=***
AIRFLOW_CTX_DAG_ID=natality_web_data_to_gcs
AIRFLOW_CTX_TASK_ID=download_state_lookup
AIRFLOW_CTX_EXECUTION_DATE=2025-03-30T22:34:39.104526+00:00
AIRFLOW_CTX_DAG_RUN_ID=manual__2025-03-30T22:34:39.104526+00:00
[2025-03-30 22:34:43,347] {subprocess.py:62} INFO - Tmp dir root location: 
 /tmp
[2025-03-30 22:34:43,348] {subprocess.py:74} INFO - Running command: ['bash', '-c', 'wget --no-check-certificate "https://drive.google.com/file/d/1dsVF__ZPD-40eZLVhedrGn-wWDCJX6bU/view?usp=drive_link" -O /tmp/state_lookup.csv']
[2025-03-30 22:34:43,381] {subprocess.py:85} INFO - Output:
[2025-03-30 22:34:43,393] {subprocess.py:89} INFO - --2025-03-30 22:34:43--  https://drive.google.com/file/d/1dsVF__ZPD-40eZLVhedrGn-wWDCJX6bU/view?usp=drive_link
[2025-03-30 22:34:43,454] {subprocess.py:89} INFO - Resolving drive.google.com (drive.google.com)... 173.194.193.100, 173.194.193.102, 173.194.193.139, ...
[2025-03-30 22:34:43,455] {subprocess.py:89} INFO - Connecting to drive.google.com (drive.google.com)|173.194.193.100|:443... connected.
[2025-03-30 22:34:43,846] {subprocess.py:89} INFO - HTTP request sent, awaiting response... 200 OK
[2025-03-30 22:34:43,847] {subprocess.py:89} INFO - Length: unspecified [text/html]
[2025-03-30 22:34:43,847] {subprocess.py:89} INFO - Saving to: ‘/tmp/state_lookup.csv’
[2025-03-30 22:34:43,848] {subprocess.py:89} INFO - 
[2025-03-30 22:34:43,850] {subprocess.py:89} INFO -      0K .......... .......... .......... .......... .......... 11.1M
[2025-03-30 22:34:43,853] {subprocess.py:89} INFO -     50K .......... .......... .......... ..........            24.5M=0.006s
[2025-03-30 22:34:43,853] {subprocess.py:89} INFO - 
[2025-03-30 22:34:43,853] {subprocess.py:89} INFO - 2025-03-30 22:34:43 (14.7 MB/s) - ‘/tmp/state_lookup.csv’ saved [92940]
[2025-03-30 22:34:43,854] {subprocess.py:89} INFO - 
[2025-03-30 22:34:43,855] {subprocess.py:93} INFO - Command exited with return code 0
[2025-03-30 22:34:43,904] {taskinstance.py:1277} INFO - Marking task as SUCCESS. dag_id=natality_web_data_to_gcs, task_id=download_state_lookup, execution_date=20250330T223439, start_date=20250330T223443, end_date=20250330T223443
[2025-03-30 22:34:43,975] {local_task_job.py:154} INFO - Task exited with return code 0
[2025-03-30 22:34:44,050] {local_task_job.py:264} INFO - 1 downstream tasks scheduled from follow-on schedule check
