[2025-03-30 22:19:21,924] {taskinstance.py:1032} INFO - Dependencies all met for <TaskInstance: natality_web_data_to_gcs.download_state_lookup manual__2025-03-30T22:19:16.133079+00:00 [queued]>
[2025-03-30 22:19:21,948] {taskinstance.py:1032} INFO - Dependencies all met for <TaskInstance: natality_web_data_to_gcs.download_state_lookup manual__2025-03-30T22:19:16.133079+00:00 [queued]>
[2025-03-30 22:19:21,948] {taskinstance.py:1238} INFO - 
--------------------------------------------------------------------------------
[2025-03-30 22:19:21,949] {taskinstance.py:1239} INFO - Starting attempt 1 of 1
[2025-03-30 22:19:21,949] {taskinstance.py:1240} INFO - 
--------------------------------------------------------------------------------
[2025-03-30 22:19:21,973] {taskinstance.py:1259} INFO - Executing <Task(BashOperator): download_state_lookup> on 2025-03-30 22:19:16.133079+00:00
[2025-03-30 22:19:21,994] {standard_task_runner.py:76} INFO - Running: ['***', 'tasks', 'run', 'natality_web_data_to_gcs', 'download_state_lookup', 'manual__2025-03-30T22:19:16.133079+00:00', '--job-id', '79', '--raw', '--subdir', 'DAGS_FOLDER/bigquery_to_gcs.py', '--cfg-path', '/tmp/tmpur4m7nai', '--error-file', '/tmp/tmp0anxptlo']
[2025-03-30 22:19:21,988] {standard_task_runner.py:52} INFO - Started process 231 to run task
[2025-03-30 22:19:22,010] {standard_task_runner.py:77} INFO - Job 79: Subtask download_state_lookup
[2025-03-30 22:19:22,147] {logging_mixin.py:109} INFO - Running <TaskInstance: natality_web_data_to_gcs.download_state_lookup manual__2025-03-30T22:19:16.133079+00:00 [running]> on host 6e74f7e5ce4c
[2025-03-30 22:19:22,248] {taskinstance.py:1426} INFO - Exporting the following env vars:
AIRFLOW_CTX_DAG_OWNER=***
AIRFLOW_CTX_DAG_ID=natality_web_data_to_gcs
AIRFLOW_CTX_TASK_ID=download_state_lookup
AIRFLOW_CTX_EXECUTION_DATE=2025-03-30T22:19:16.133079+00:00
AIRFLOW_CTX_DAG_RUN_ID=manual__2025-03-30T22:19:16.133079+00:00
[2025-03-30 22:19:22,253] {subprocess.py:62} INFO - Tmp dir root location: 
 /tmp
[2025-03-30 22:19:22,254] {subprocess.py:74} INFO - Running command: ['bash', '-c', 'wget --no-check-certificate "https://drive.google.com/file/d/1dsVF__ZPD-40eZLVhedrGn-wWDCJX6bU/view?usp=drive_link" -O /tmp/state_lookup.csv']
[2025-03-30 22:19:22,282] {subprocess.py:85} INFO - Output:
[2025-03-30 22:19:22,290] {subprocess.py:89} INFO - --2025-03-30 22:19:22--  https://drive.google.com/file/d/1dsVF__ZPD-40eZLVhedrGn-wWDCJX6bU/view?usp=drive_link
[2025-03-30 22:19:22,305] {subprocess.py:89} INFO - Resolving drive.google.com (drive.google.com)... 173.194.193.139, 173.194.193.102, 173.194.193.100, ...
[2025-03-30 22:19:22,307] {subprocess.py:89} INFO - Connecting to drive.google.com (drive.google.com)|173.194.193.139|:443... connected.
[2025-03-30 22:19:22,535] {subprocess.py:89} INFO - HTTP request sent, awaiting response... 200 OK
[2025-03-30 22:19:22,535] {subprocess.py:89} INFO - Length: unspecified [text/html]
[2025-03-30 22:19:22,536] {subprocess.py:89} INFO - Saving to: ‘/tmp/state_lookup.csv’
[2025-03-30 22:19:22,536] {subprocess.py:89} INFO - 
[2025-03-30 22:19:22,536] {subprocess.py:89} INFO -      0K .......... .......... .......... ...                   36.9M=0.001s
[2025-03-30 22:19:22,536] {subprocess.py:89} INFO - 
[2025-03-30 22:19:22,537] {subprocess.py:89} INFO - 2025-03-30 22:19:22 (36.9 MB/s) - ‘/tmp/state_lookup.csv’ saved [34398]
[2025-03-30 22:19:22,537] {subprocess.py:89} INFO - 
[2025-03-30 22:19:22,538] {subprocess.py:93} INFO - Command exited with return code 0
[2025-03-30 22:19:22,595] {taskinstance.py:1277} INFO - Marking task as SUCCESS. dag_id=natality_web_data_to_gcs, task_id=download_state_lookup, execution_date=20250330T221916, start_date=20250330T221921, end_date=20250330T221922
[2025-03-30 22:19:22,631] {local_task_job.py:154} INFO - Task exited with return code 0
[2025-03-30 22:19:22,704] {local_task_job.py:264} INFO - 0 downstream tasks scheduled from follow-on schedule check
