[2025-03-31 01:47:10,767] {taskinstance.py:1032} INFO - Dependencies all met for <TaskInstance: natality_web_data_to_gcs.start manual__2025-03-31T01:47:08.600207+00:00 [queued]>
[2025-03-31 01:47:10,819] {taskinstance.py:1032} INFO - Dependencies all met for <TaskInstance: natality_web_data_to_gcs.start manual__2025-03-31T01:47:08.600207+00:00 [queued]>
[2025-03-31 01:47:10,819] {taskinstance.py:1238} INFO - 
--------------------------------------------------------------------------------
[2025-03-31 01:47:10,819] {taskinstance.py:1239} INFO - Starting attempt 1 of 1
[2025-03-31 01:47:10,819] {taskinstance.py:1240} INFO - 
--------------------------------------------------------------------------------
[2025-03-31 01:47:10,837] {taskinstance.py:1259} INFO - Executing <Task(BashOperator): start> on 2025-03-31 01:47:08.600207+00:00
[2025-03-31 01:47:10,852] {standard_task_runner.py:52} INFO - Started process 8383 to run task
[2025-03-31 01:47:10,857] {standard_task_runner.py:76} INFO - Running: ['***', 'tasks', 'run', 'natality_web_data_to_gcs', 'start', 'manual__2025-03-31T01:47:08.600207+00:00', '--job-id', '480', '--raw', '--subdir', 'DAGS_FOLDER/bigquery_to_gcs.py', '--cfg-path', '/tmp/tmp2y519c9u', '--error-file', '/tmp/tmpy1xt74te']
[2025-03-31 01:47:10,862] {standard_task_runner.py:77} INFO - Job 480: Subtask start
[2025-03-31 01:47:10,942] {logging_mixin.py:109} INFO - Running <TaskInstance: natality_web_data_to_gcs.start manual__2025-03-31T01:47:08.600207+00:00 [running]> on host 3341a2d56eeb
[2025-03-31 01:47:11,021] {taskinstance.py:1426} INFO - Exporting the following env vars:
AIRFLOW_CTX_DAG_OWNER=***
AIRFLOW_CTX_DAG_ID=natality_web_data_to_gcs
AIRFLOW_CTX_TASK_ID=start
AIRFLOW_CTX_EXECUTION_DATE=2025-03-31T01:47:08.600207+00:00
AIRFLOW_CTX_DAG_RUN_ID=manual__2025-03-31T01:47:08.600207+00:00
[2025-03-31 01:47:11,023] {subprocess.py:62} INFO - Tmp dir root location: 
 /tmp
[2025-03-31 01:47:11,024] {subprocess.py:74} INFO - Running command: ['bash', '-c', 'echo "Started!"']
[2025-03-31 01:47:11,052] {subprocess.py:85} INFO - Output:
[2025-03-31 01:47:11,055] {subprocess.py:89} INFO - Started!
[2025-03-31 01:47:11,056] {subprocess.py:93} INFO - Command exited with return code 0
[2025-03-31 01:47:11,099] {taskinstance.py:1277} INFO - Marking task as SUCCESS. dag_id=natality_web_data_to_gcs, task_id=start, execution_date=20250331T014708, start_date=20250331T014710, end_date=20250331T014711
[2025-03-31 01:47:11,158] {local_task_job.py:154} INFO - Task exited with return code 0
[2025-03-31 01:47:11,231] {local_task_job.py:264} INFO - 2 downstream tasks scheduled from follow-on schedule check
