[2025-03-31 02:12:33,495] {taskinstance.py:1032} INFO - Dependencies all met for <TaskInstance: natality_web_data_to_gcs.create_dataproc_cluster manual__2025-03-31T02:11:53.999497+00:00 [queued]>
[2025-03-31 02:12:33,523] {taskinstance.py:1032} INFO - Dependencies all met for <TaskInstance: natality_web_data_to_gcs.create_dataproc_cluster manual__2025-03-31T02:11:53.999497+00:00 [queued]>
[2025-03-31 02:12:33,523] {taskinstance.py:1238} INFO - 
--------------------------------------------------------------------------------
[2025-03-31 02:12:33,523] {taskinstance.py:1239} INFO - Starting attempt 1 of 1
[2025-03-31 02:12:33,524] {taskinstance.py:1240} INFO - 
--------------------------------------------------------------------------------
[2025-03-31 02:12:33,549] {taskinstance.py:1259} INFO - Executing <Task(DataprocCreateClusterOperator): create_dataproc_cluster> on 2025-03-31 02:11:53.999497+00:00
[2025-03-31 02:12:33,560] {standard_task_runner.py:52} INFO - Started process 449 to run task
[2025-03-31 02:12:33,566] {standard_task_runner.py:76} INFO - Running: ['***', 'tasks', 'run', 'natality_web_data_to_gcs', 'create_dataproc_cluster', 'manual__2025-03-31T02:11:53.999497+00:00', '--job-id', '550', '--raw', '--subdir', 'DAGS_FOLDER/bigquery_to_gcs.py', '--cfg-path', '/tmp/tmpgcdht_ce', '--error-file', '/tmp/tmp9t6rkncv']
[2025-03-31 02:12:33,571] {standard_task_runner.py:77} INFO - Job 550: Subtask create_dataproc_cluster
[2025-03-31 02:12:33,654] {logging_mixin.py:109} INFO - Running <TaskInstance: natality_web_data_to_gcs.create_dataproc_cluster manual__2025-03-31T02:11:53.999497+00:00 [running]> on host 65c454f46b2f
[2025-03-31 02:12:33,755] {taskinstance.py:1426} INFO - Exporting the following env vars:
AIRFLOW_CTX_DAG_OWNER=***
AIRFLOW_CTX_DAG_ID=natality_web_data_to_gcs
AIRFLOW_CTX_TASK_ID=create_dataproc_cluster
AIRFLOW_CTX_EXECUTION_DATE=2025-03-31T02:11:53.999497+00:00
AIRFLOW_CTX_DAG_RUN_ID=manual__2025-03-31T02:11:53.999497+00:00
[2025-03-31 02:12:33,756] {dataproc.py:662} INFO - Creating cluster: us-natality-cluster
[2025-03-31 02:12:33,757] {crypto.py:82} WARNING - empty cryptography key - values will not be stored encrypted.
[2025-03-31 02:17:06,891] {dataproc.py:606} INFO - Cluster created.
[2025-03-31 02:17:06,934] {taskinstance.py:1277} INFO - Marking task as SUCCESS. dag_id=natality_web_data_to_gcs, task_id=create_dataproc_cluster, execution_date=20250331T021153, start_date=20250331T021233, end_date=20250331T021706
[2025-03-31 02:17:06,998] {local_task_job.py:154} INFO - Task exited with return code 0
[2025-03-31 02:17:07,065] {local_task_job.py:264} INFO - 1 downstream tasks scheduled from follow-on schedule check
