[2025-03-31 01:44:29,117] {taskinstance.py:1032} INFO - Dependencies all met for <TaskInstance: natality_web_data_to_gcs.download_state_lookup manual__2025-03-31T01:44:25.354991+00:00 [queued]>
[2025-03-31 01:44:29,133] {taskinstance.py:1032} INFO - Dependencies all met for <TaskInstance: natality_web_data_to_gcs.download_state_lookup manual__2025-03-31T01:44:25.354991+00:00 [queued]>
[2025-03-31 01:44:29,133] {taskinstance.py:1238} INFO - 
--------------------------------------------------------------------------------
[2025-03-31 01:44:29,134] {taskinstance.py:1239} INFO - Starting attempt 1 of 1
[2025-03-31 01:44:29,134] {taskinstance.py:1240} INFO - 
--------------------------------------------------------------------------------
[2025-03-31 01:44:29,148] {taskinstance.py:1259} INFO - Executing <Task(BashOperator): download_state_lookup> on 2025-03-31 01:44:25.354991+00:00
[2025-03-31 01:44:29,161] {standard_task_runner.py:52} INFO - Started process 8054 to run task
[2025-03-31 01:44:29,166] {standard_task_runner.py:76} INFO - Running: ['***', 'tasks', 'run', 'natality_web_data_to_gcs', 'download_state_lookup', 'manual__2025-03-31T01:44:25.354991+00:00', '--job-id', '458', '--raw', '--subdir', 'DAGS_FOLDER/bigquery_to_gcs.py', '--cfg-path', '/tmp/tmpah7ac9rx', '--error-file', '/tmp/tmpc7qauh47']
[2025-03-31 01:44:29,171] {standard_task_runner.py:77} INFO - Job 458: Subtask download_state_lookup
[2025-03-31 01:44:29,270] {logging_mixin.py:109} INFO - Running <TaskInstance: natality_web_data_to_gcs.download_state_lookup manual__2025-03-31T01:44:25.354991+00:00 [running]> on host 3341a2d56eeb
[2025-03-31 01:44:29,358] {taskinstance.py:1426} INFO - Exporting the following env vars:
AIRFLOW_CTX_DAG_OWNER=***
AIRFLOW_CTX_DAG_ID=natality_web_data_to_gcs
AIRFLOW_CTX_TASK_ID=download_state_lookup
AIRFLOW_CTX_EXECUTION_DATE=2025-03-31T01:44:25.354991+00:00
AIRFLOW_CTX_DAG_RUN_ID=manual__2025-03-31T01:44:25.354991+00:00
[2025-03-31 01:44:29,360] {subprocess.py:62} INFO - Tmp dir root location: 
 /tmp
[2025-03-31 01:44:29,361] {subprocess.py:74} INFO - Running command: ['bash', '-c', 'wget --no-check-certificate "https://docs.google.com/uc?export=download&id=1dsVF__ZPD-40eZLVhedrGn-wWDCJX6bU" -O /tmp/state_lookup.csv']
[2025-03-31 01:44:29,393] {subprocess.py:85} INFO - Output:
[2025-03-31 01:44:29,404] {subprocess.py:89} INFO - --2025-03-31 01:44:29--  https://docs.google.com/uc?export=download&id=1dsVF__ZPD-40eZLVhedrGn-wWDCJX6bU
[2025-03-31 01:44:29,420] {subprocess.py:89} INFO - Resolving docs.google.com (docs.google.com)... 74.125.132.100, 74.125.132.113, 74.125.132.102, ...
[2025-03-31 01:44:29,423] {subprocess.py:89} INFO - Connecting to docs.google.com (docs.google.com)|74.125.132.100|:443... connected.
[2025-03-31 01:44:29,507] {subprocess.py:89} INFO - HTTP request sent, awaiting response... 303 See Other
[2025-03-31 01:44:29,508] {subprocess.py:89} INFO - Location: https://drive.usercontent.google.com/download?id=1dsVF__ZPD-40eZLVhedrGn-wWDCJX6bU&export=download [following]
[2025-03-31 01:44:29,508] {subprocess.py:89} INFO - --2025-03-31 01:44:29--  https://drive.usercontent.google.com/download?id=1dsVF__ZPD-40eZLVhedrGn-wWDCJX6bU&export=download
[2025-03-31 01:44:29,509] {subprocess.py:89} INFO - Resolving drive.usercontent.google.com (drive.usercontent.google.com)... 209.85.200.132, 2607:f8b0:4001:c16::84
[2025-03-31 01:44:29,510] {subprocess.py:89} INFO - Connecting to drive.usercontent.google.com (drive.usercontent.google.com)|209.85.200.132|:443... connected.
[2025-03-31 01:44:31,664] {subprocess.py:89} INFO - HTTP request sent, awaiting response... 200 OK
[2025-03-31 01:44:31,665] {subprocess.py:89} INFO - Length: 632 [application/octet-stream]
[2025-03-31 01:44:31,665] {subprocess.py:89} INFO - Saving to: ‘/tmp/state_lookup.csv’
[2025-03-31 01:44:31,666] {subprocess.py:89} INFO - 
[2025-03-31 01:44:31,666] {subprocess.py:89} INFO -      0K                                                       100% 31.7M=0s
[2025-03-31 01:44:31,666] {subprocess.py:89} INFO - 
[2025-03-31 01:44:31,666] {subprocess.py:89} INFO - 2025-03-31 01:44:31 (31.7 MB/s) - ‘/tmp/state_lookup.csv’ saved [632/632]
[2025-03-31 01:44:31,666] {subprocess.py:89} INFO - 
[2025-03-31 01:44:31,667] {subprocess.py:93} INFO - Command exited with return code 0
[2025-03-31 01:44:31,722] {taskinstance.py:1277} INFO - Marking task as SUCCESS. dag_id=natality_web_data_to_gcs, task_id=download_state_lookup, execution_date=20250331T014425, start_date=20250331T014429, end_date=20250331T014431
[2025-03-31 01:44:31,799] {local_task_job.py:154} INFO - Task exited with return code 0
[2025-03-31 01:44:31,886] {local_task_job.py:264} INFO - 0 downstream tasks scheduled from follow-on schedule check
