[2025-03-31 00:05:22,944] {taskinstance.py:1032} INFO - Dependencies all met for <TaskInstance: natality_web_data_to_gcs.start manual__2025-03-31T00:05:20.585572+00:00 [queued]>
[2025-03-31 00:05:22,958] {taskinstance.py:1032} INFO - Dependencies all met for <TaskInstance: natality_web_data_to_gcs.start manual__2025-03-31T00:05:20.585572+00:00 [queued]>
[2025-03-31 00:05:22,958] {taskinstance.py:1238} INFO - 
--------------------------------------------------------------------------------
[2025-03-31 00:05:22,958] {taskinstance.py:1239} INFO - Starting attempt 1 of 1
[2025-03-31 00:05:22,958] {taskinstance.py:1240} INFO - 
--------------------------------------------------------------------------------
[2025-03-31 00:05:22,973] {taskinstance.py:1259} INFO - Executing <Task(BashOperator): start> on 2025-03-31 00:05:20.585572+00:00
[2025-03-31 00:05:22,983] {standard_task_runner.py:52} INFO - Started process 1439 to run task
[2025-03-31 00:05:22,988] {standard_task_runner.py:76} INFO - Running: ['***', 'tasks', 'run', 'natality_web_data_to_gcs', 'start', 'manual__2025-03-31T00:05:20.585572+00:00', '--job-id', '209', '--raw', '--subdir', 'DAGS_FOLDER/bigquery_to_gcs.py', '--cfg-path', '/tmp/tmp6xdszs10', '--error-file', '/tmp/tmps8glrghq']
[2025-03-31 00:05:22,992] {standard_task_runner.py:77} INFO - Job 209: Subtask start
[2025-03-31 00:05:23,093] {logging_mixin.py:109} INFO - Running <TaskInstance: natality_web_data_to_gcs.start manual__2025-03-31T00:05:20.585572+00:00 [running]> on host 3341a2d56eeb
[2025-03-31 00:05:23,185] {taskinstance.py:1426} INFO - Exporting the following env vars:
AIRFLOW_CTX_DAG_OWNER=***
AIRFLOW_CTX_DAG_ID=natality_web_data_to_gcs
AIRFLOW_CTX_TASK_ID=start
AIRFLOW_CTX_EXECUTION_DATE=2025-03-31T00:05:20.585572+00:00
AIRFLOW_CTX_DAG_RUN_ID=manual__2025-03-31T00:05:20.585572+00:00
[2025-03-31 00:05:23,186] {subprocess.py:62} INFO - Tmp dir root location: 
 /tmp
[2025-03-31 00:05:23,187] {subprocess.py:74} INFO - Running command: ['bash', '-c', 'echo "Started!"']
[2025-03-31 00:05:23,218] {subprocess.py:85} INFO - Output:
[2025-03-31 00:05:23,222] {subprocess.py:89} INFO - Started!
[2025-03-31 00:05:23,223] {subprocess.py:93} INFO - Command exited with return code 0
[2025-03-31 00:05:23,272] {taskinstance.py:1277} INFO - Marking task as SUCCESS. dag_id=natality_web_data_to_gcs, task_id=start, execution_date=20250331T000520, start_date=20250331T000522, end_date=20250331T000523
[2025-03-31 00:05:23,327] {local_task_job.py:154} INFO - Task exited with return code 0
[2025-03-31 00:05:23,426] {local_task_job.py:264} INFO - 2 downstream tasks scheduled from follow-on schedule check
